#
# There is insufficient memory for the Java Runtime Environment to continue.
# Native memory allocation (mmap) failed to map 65011712 bytes for Failed to commit area from 0x0000000714c00000 to 0x0000000718a00000 of length 65011712.
# Possible reasons:
#   The system is out of physical RAM or swap space
#   The process is running with CompressedOops enabled, and the Java Heap may be blocking the growth of the native heap
# Possible solutions:
#   Reduce memory load on the system
#   Increase physical memory or swap space
#   Check if swap backing store is full
#   Decrease Java heap size (-Xmx/-Xms)
#   Decrease number of Java threads
#   Decrease Java thread stack sizes (-Xss)
#   Set larger code cache with -XX:ReservedCodeCacheSize=
#   JVM is running with Zero Based Compressed Oops mode in which the Java heap is
#     placed in the first 32GB address space. The Java Heap base address is the
#     maximum limit for the native heap growth. Please use -XX:HeapBaseMinAddress
#     to set the Java Heap base and to place the Java Heap above 32GB virtual address.
# This output file may be truncated or incomplete.
#
#  Out of Memory Error (./src/hotspot/os/windows/os_windows.cpp:3301), pid=6128, tid=552
#
# JRE version: OpenJDK Runtime Environment (11.0.10) (build 11.0.10+0-b96-7249189)
# Java VM: OpenJDK 64-Bit Server VM (11.0.10+0-b96-7249189, mixed mode, tiered, compressed oops, g1 gc, windows-amd64)
# No core dump will be written. Minidumps are not enabled by default on client versions of Windows
#

---------------  S U M M A R Y ------------

Command Line: org.jetbrains.kotlin.cli.jvm.K2JVMCompiler @C:\Users\leand\AndroidStudioProjects\CodeHero_OBJECTIVE\app\build\20210731_15169218463376267109.compiler.options

Host: Intel(R) Core(TM) i7-7500U CPU @ 2.70GHz, 4 cores, 15G,  Windows 10 , 64 bit Build 22000 (10.0.22000.37)
Time: Sat Jul 31 21:52:39 2021 Hora oficial do Brasil elapsed time: 33.969095 seconds (0d 0h 0m 33s)

---------------  T H R E A D  ---------------

Current thread (0x0000021c2f410800):  VMThread "VM Thread" [stack: 0x000000444bb00000,0x000000444bc00000] [id=552]

Stack: [0x000000444bb00000,0x000000444bc00000]
[error occurred during error reporting (printing stack bounds), id 0xc0000005, EXCEPTION_ACCESS_VIOLATION (0xc0000005) at pc=0x0000021c147d0f2d]

Native frames: (J=compiled Java code, j=interpreted, Vv=VM code, C=native code)
V  [jvm.dll+0x5ecfaa]
V  [jvm.dll+0x722bd5]
V  [jvm.dll+0x72412d]
V  [jvm.dll+0x724745]
V  [jvm.dll+0x7246fb]
V  [jvm.dll+0x5ec348]
V  [jvm.dll+0x5ecad8]
C  [ntdll.dll+0xa800f]
C  [ntdll.dll+0x359ca]
C  [ntdll.dll+0xa701e]
C  0x0000021c147d0f2d

VM_Operation (0x000000444b5fc500): CollectForMetadataAllocation, mode: safepoint, requested by thread 0x0000021c10cef800


---------------  P R O C E S S  ---------------

Threads class SMR info:
_java_thread_list=0x0000021c32f87090, length=11, elements={
0x0000021c10cef800, 0x0000021c2f41a800, 0x0000021c2f41c000, 0x0000021c2f438800,
0x0000021c2f43a800, 0x0000021c2f43d800, 0x0000021c2fce9000, 0x0000021c2fced800,
0x0000021c2fd46800, 0x0000021c2fd4c000, 0x0000021c2fd4d000
}

Java Threads: ( => current thread )
  0x0000021c10cef800 JavaThread "main" [_thread_blocked, id=10216, stack(0x000000444b500000,0x000000444b600000)]
  0x0000021c2f41a800 JavaThread "Reference Handler" daemon [_thread_blocked, id=12248, stack(0x000000444bc00000,0x000000444bd00000)]
  0x0000021c2f41c000 JavaThread "Finalizer" daemon [_thread_blocked, id=24932, stack(0x000000444bd00000,0x000000444be00000)]
  0x0000021c2f438800 JavaThread "Signal Dispatcher" daemon [_thread_blocked, id=9968, stack(0x000000444be00000,0x000000444bf00000)]
  0x0000021c2f43a800 JavaThread "Attach Listener" daemon [_thread_blocked, id=17488, stack(0x000000444bf00000,0x000000444c000000)]
  0x0000021c2f43d800 JavaThread "Service Thread" daemon [_thread_blocked, id=13572, stack(0x000000444c000000,0x000000444c100000)]
  0x0000021c2fce9000 JavaThread "C2 CompilerThread0" daemon [_thread_blocked, id=13852, stack(0x000000444c100000,0x000000444c200000)]
  0x0000021c2fced800 JavaThread "C1 CompilerThread0" daemon [_thread_blocked, id=3204, stack(0x000000444c200000,0x000000444c300000)]
  0x0000021c2fd46800 JavaThread "Sweeper thread" daemon [_thread_blocked, id=17620, stack(0x000000444c300000,0x000000444c400000)]
  0x0000021c2fd4c000 JavaThread "Common-Cleaner" daemon [_thread_blocked, id=15840, stack(0x000000444c500000,0x000000444c600000)]
  0x0000021c2fd4d000 JavaThread "C2 CompilerThread1" daemon [_thread_blocked, id=16736, stack(0x000000444c600000,0x000000444c700000)]

Other Threads:
=>0x0000021c2f410800 VMThread "VM Thread" [stack: 0x000000444bb00000,0x000000444bc00000] [id=552]
  0x0000021c2fe90800 WatcherThread [stack: 0x000000444c400000,0x000000444c500000] [id=20640]
  0x0000021c10d05800 GCTaskThread "GC Thread#0" [stack: 0x000000444b600000,0x000000444b700000] [id=22108]
  0x0000021c305a6000 GCTaskThread "GC Thread#1" [stack: 0x000000444c700000,0x000000444c800000] [id=12212]
  0x0000021c305f5000 GCTaskThread "GC Thread#2" [stack: 0x000000444c800000,0x000000444c900000] [id=20440]
  0x0000021c30467000 GCTaskThread "GC Thread#3" [stack: 0x000000444c900000,0x000000444ca00000] [id=16480]
  0x0000021c10d62000 ConcurrentGCThread "G1 Main Marker" [stack: 0x000000444b700000,0x000000444b800000] [id=15020]
  0x0000021c10d64800 ConcurrentGCThread "G1 Conc#0" [stack: 0x000000444b800000,0x000000444b900000] [id=25476]
  0x0000021c2f2fb800 ConcurrentGCThread "G1 Refine#0" [stack: 0x000000444b900000,0x000000444ba00000] [id=11812]
  0x0000021c2f2fc800 ConcurrentGCThread "G1 Young RemSet Sampling" [stack: 0x000000444ba00000,0x000000444bb00000] [id=4848]

Threads with active compile tasks:

VM state:at safepoint (normal execution)

VM Mutex/Monitor currently owned by a thread:  ([mutex/lock_event])
[0x0000021c10cedf90] Threads_lock - owner thread: 0x0000021c2f410800
[0x0000021c10cee5c0] Heap_lock - owner thread: 0x0000021c10cef800

Heap address: 0x0000000701800000, size: 4072 MB, Compressed Oops mode: Zero based, Oop shift amount: 3
Narrow klass base: 0x0000000800000000, Narrow klass shift: 0
Compressed class space size: 1073741824 Address: 0x0000000800000000

Heap:
 garbage-first heap   total 378880K, used 68485K [0x0000000701800000, 0x0000000800000000)
  region size 1024K, 6 young (6144K), 6 survivors (6144K)
 Metaspace       used 72569K, capacity 73336K, committed 73500K, reserved 1124352K
  class space    used 8082K, capacity 8389K, committed 8524K, reserved 1048576K
Heap Regions: E=young(eden), S=young(survivor), O=old, HS=humongous(starts), HC=humongous(continues), CS=collection set, F=free, A=archive, TAMS=top-at-mark-start (previous, next)
|   0|0x0000000701800000, 0x0000000701900000, 0x0000000701900000|100%|HS|  |TAMS 0x0000000701900000, 0x0000000701900000| Complete 
|   1|0x0000000701900000, 0x0000000701a00000, 0x0000000701a00000|100%|HC|  |TAMS 0x0000000701a00000, 0x0000000701a00000| Complete 
|   2|0x0000000701a00000, 0x0000000701b00000, 0x0000000701b00000|100%|HC|  |TAMS 0x0000000701b00000, 0x0000000701b00000| Complete 
|   3|0x0000000701b00000, 0x0000000701c00000, 0x0000000701c00000|100%| O|  |TAMS 0x0000000701c00000, 0x0000000701c00000| Untracked 
|   4|0x0000000701c00000, 0x0000000701d00000, 0x0000000701d00000|100%| O|  |TAMS 0x0000000701d00000, 0x0000000701d00000| Untracked 
|   5|0x0000000701d00000, 0x0000000701e00000, 0x0000000701e00000|100%|HS|  |TAMS 0x0000000701e00000, 0x0000000701e00000| Complete 
|   6|0x0000000701e00000, 0x0000000701f00000, 0x0000000701f00000|100%|HC|  |TAMS 0x0000000701f00000, 0x0000000701f00000| Complete 
|   7|0x0000000701f00000, 0x0000000702000000, 0x0000000702000000|100%|HC|  |TAMS 0x0000000702000000, 0x0000000702000000| Complete 
|   8|0x0000000702000000, 0x0000000702100000, 0x0000000702100000|100%|HS|  |TAMS 0x0000000702100000, 0x0000000702100000| Complete 
|   9|0x0000000702100000, 0x0000000702200000, 0x0000000702200000|100%|HC|  |TAMS 0x0000000702200000, 0x0000000702200000| Complete 
|  10|0x0000000702200000, 0x0000000702300000, 0x0000000702300000|100%|HC|  |TAMS 0x0000000702300000, 0x0000000702300000| Complete 
|  11|0x0000000702300000, 0x0000000702400000, 0x0000000702400000|100%|HS|  |TAMS 0x0000000702400000, 0x0000000702400000| Complete 
|  12|0x0000000702400000, 0x0000000702500000, 0x0000000702500000|100%|HC|  |TAMS 0x0000000702500000, 0x0000000702500000| Complete 
|  13|0x0000000702500000, 0x0000000702600000, 0x0000000702600000|100%| O|  |TAMS 0x0000000702600000, 0x0000000702600000| Untracked 
|  14|0x0000000702600000, 0x0000000702700000, 0x0000000702700000|100%| O|  |TAMS 0x0000000702700000, 0x0000000702700000| Untracked 
|  15|0x0000000702700000, 0x0000000702800000, 0x0000000702800000|100%| O|  |TAMS 0x0000000702800000, 0x0000000702800000| Untracked 
|  16|0x0000000702800000, 0x0000000702900000, 0x0000000702900000|100%| O|  |TAMS 0x0000000702900000, 0x0000000702900000| Untracked 
|  17|0x0000000702900000, 0x0000000702a00000, 0x0000000702a00000|100%| O|  |TAMS 0x0000000702a00000, 0x0000000702a00000| Untracked 
|  18|0x0000000702a00000, 0x0000000702b00000, 0x0000000702b00000|100%| O|  |TAMS 0x0000000702b00000, 0x0000000702b00000| Untracked 
|  19|0x0000000702b00000, 0x0000000702c00000, 0x0000000702c00000|100%| O|  |TAMS 0x0000000702b00000, 0x0000000702c00000| Untracked 
|  20|0x0000000702c00000, 0x0000000702d00000, 0x0000000702d00000|100%| O|  |TAMS 0x0000000702c00000, 0x0000000702d00000| Untracked 
|  21|0x0000000702d00000, 0x0000000702e00000, 0x0000000702e00000|100%| O|  |TAMS 0x0000000702d00000, 0x0000000702e00000| Untracked 
|  22|0x0000000702e00000, 0x0000000702f00000, 0x0000000702f00000|100%| O|  |TAMS 0x0000000702f00000, 0x0000000702f00000| Untracked 
|  23|0x0000000702f00000, 0x0000000703000000, 0x0000000703000000|100%| O|  |TAMS 0x0000000703000000, 0x0000000703000000| Untracked 
|  24|0x0000000703000000, 0x0000000703100000, 0x0000000703100000|100%| O|  |TAMS 0x0000000703100000, 0x0000000703100000| Untracked 
|  25|0x0000000703100000, 0x0000000703200000, 0x0000000703200000|100%| O|  |TAMS 0x0000000703200000, 0x0000000703200000| Untracked 
|  26|0x0000000703200000, 0x0000000703300000, 0x0000000703300000|100%| O|  |TAMS 0x0000000703300000, 0x0000000703300000| Untracked 
|  27|0x0000000703300000, 0x0000000703400000, 0x0000000703400000|100%| O|  |TAMS 0x0000000703400000, 0x0000000703400000| Untracked 
|  28|0x0000000703400000, 0x0000000703500000, 0x0000000703500000|100%| O|  |TAMS 0x0000000703400000, 0x0000000703500000| Untracked 
|  29|0x0000000703500000, 0x0000000703600000, 0x0000000703600000|100%| O|  |TAMS 0x0000000703500000, 0x0000000703600000| Untracked 
|  30|0x0000000703600000, 0x0000000703700000, 0x0000000703700000|100%| O|  |TAMS 0x0000000703600000, 0x0000000703700000| Untracked 
|  31|0x0000000703700000, 0x0000000703800000, 0x0000000703800000|100%| O|  |TAMS 0x0000000703700000, 0x0000000703800000| Untracked 
|  32|0x0000000703800000, 0x0000000703900000, 0x0000000703900000|100%| O|  |TAMS 0x0000000703800000, 0x0000000703900000| Untracked 
|  33|0x0000000703900000, 0x0000000703a00000, 0x0000000703a00000|100%| O|  |TAMS 0x0000000703900000, 0x0000000703a00000| Untracked 
|  34|0x0000000703a00000, 0x0000000703b00000, 0x0000000703b00000|100%| O|  |TAMS 0x0000000703a00000, 0x0000000703b00000| Untracked 
|  35|0x0000000703b00000, 0x0000000703c00000, 0x0000000703c00000|100%| O|  |TAMS 0x0000000703b00000, 0x0000000703c00000| Untracked 
|  36|0x0000000703c00000, 0x0000000703d00000, 0x0000000703d00000|100%| O|  |TAMS 0x0000000703c00000, 0x0000000703d00000| Untracked 
|  37|0x0000000703d00000, 0x0000000703e00000, 0x0000000703e00000|100%| O|  |TAMS 0x0000000703d00000, 0x0000000703e00000| Untracked 
|  38|0x0000000703e00000, 0x0000000703f00000, 0x0000000703f00000|100%| O|  |TAMS 0x0000000703e00000, 0x0000000703f00000| Untracked 
|  39|0x0000000703f00000, 0x0000000704000000, 0x0000000704000000|100%| O|  |TAMS 0x0000000703f00000, 0x0000000704000000| Untracked 
|  40|0x0000000704000000, 0x0000000704100000, 0x0000000704100000|100%| O|  |TAMS 0x0000000704000000, 0x0000000704100000| Untracked 
|  41|0x0000000704100000, 0x0000000704200000, 0x0000000704200000|100%| O|  |TAMS 0x0000000704100000, 0x0000000704200000| Untracked 
|  42|0x0000000704200000, 0x0000000704300000, 0x0000000704300000|100%| O|  |TAMS 0x0000000704200000, 0x0000000704300000| Untracked 
|  43|0x0000000704300000, 0x0000000704400000, 0x0000000704400000|100%| O|  |TAMS 0x0000000704300000, 0x0000000704400000| Untracked 
|  44|0x0000000704400000, 0x0000000704500000, 0x0000000704500000|100%| O|  |TAMS 0x0000000704400000, 0x0000000704500000| Untracked 
|  45|0x0000000704500000, 0x0000000704600000, 0x0000000704600000|100%| O|  |TAMS 0x0000000704500000, 0x0000000704600000| Untracked 
|  46|0x0000000704600000, 0x0000000704700000, 0x0000000704700000|100%| O|  |TAMS 0x0000000704600000, 0x0000000704700000| Untracked 
|  47|0x0000000704700000, 0x0000000704800000, 0x0000000704800000|100%| O|  |TAMS 0x0000000704700000, 0x0000000704800000| Untracked 
|  48|0x0000000704800000, 0x0000000704900000, 0x0000000704900000|100%| O|  |TAMS 0x0000000704800000, 0x0000000704900000| Untracked 
|  49|0x0000000704900000, 0x0000000704a00000, 0x0000000704a00000|100%| O|  |TAMS 0x0000000704900000, 0x0000000704a00000| Untracked 
|  50|0x0000000704a00000, 0x0000000704b00000, 0x0000000704b00000|100%| O|  |TAMS 0x0000000704a00000, 0x0000000704b00000| Untracked 
|  51|0x0000000704b00000, 0x0000000704c00000, 0x0000000704c00000|100%| O|  |TAMS 0x0000000704b00000, 0x0000000704c00000| Untracked 
|  52|0x0000000704c00000, 0x0000000704d00000, 0x0000000704d00000|100%| O|  |TAMS 0x0000000704c00000, 0x0000000704d00000| Untracked 
|  53|0x0000000704d00000, 0x0000000704e00000, 0x0000000704e00000|100%| O|  |TAMS 0x0000000704d00000, 0x0000000704e00000| Untracked 
|  54|0x0000000704e00000, 0x0000000704f00000, 0x0000000704f00000|100%| O|  |TAMS 0x0000000704e00000, 0x0000000704f00000| Untracked 
|  55|0x0000000704f00000, 0x0000000705000000, 0x0000000705000000|100%| O|  |TAMS 0x0000000704f00000, 0x0000000705000000| Untracked 
|  56|0x0000000705000000, 0x0000000705100000, 0x0000000705100000|100%| O|  |TAMS 0x0000000705000000, 0x0000000705100000| Untracked 
|  57|0x0000000705100000, 0x0000000705200000, 0x0000000705200000|100%| O|  |TAMS 0x0000000705100000, 0x0000000705200000| Untracked 
|  58|0x0000000705200000, 0x0000000705300000, 0x0000000705300000|100%| O|  |TAMS 0x0000000705200000, 0x0000000705300000| Untracked 
|  59|0x0000000705300000, 0x0000000705400000, 0x0000000705400000|100%| O|  |TAMS 0x0000000705300000, 0x0000000705400000| Untracked 
|  60|0x0000000705400000, 0x00000007054eb000, 0x0000000705500000| 91%| O|  |TAMS 0x0000000705400000, 0x00000007054eb000| Untracked 
|  61|0x0000000705500000, 0x0000000705500000, 0x0000000705600000|  0%| F|  |TAMS 0x0000000705500000, 0x0000000705500000| Untracked 
|  62|0x0000000705600000, 0x0000000705600000, 0x0000000705700000|  0%| F|  |TAMS 0x0000000705600000, 0x0000000705600000| Untracked 
|  63|0x0000000705700000, 0x0000000705700000, 0x0000000705800000|  0%| F|  |TAMS 0x0000000705700000, 0x0000000705700000| Untracked 
|  64|0x0000000705800000, 0x0000000705800000, 0x0000000705900000|  0%| F|  |TAMS 0x0000000705800000, 0x0000000705800000| Untracked 
|  65|0x0000000705900000, 0x0000000705900000, 0x0000000705a00000|  0%| F|  |TAMS 0x0000000705900000, 0x0000000705900000| Untracked 
|  66|0x0000000705a00000, 0x0000000705a00000, 0x0000000705b00000|  0%| F|  |TAMS 0x0000000705a00000, 0x0000000705a00000| Untracked 
|  67|0x0000000705b00000, 0x0000000705b00000, 0x0000000705c00000|  0%| F|  |TAMS 0x0000000705b00000, 0x0000000705b00000| Untracked 
|  68|0x0000000705c00000, 0x0000000705c00000, 0x0000000705d00000|  0%| F|  |TAMS 0x0000000705c00000, 0x0000000705c00000| Untracked 
|  69|0x0000000705d00000, 0x0000000705d00000, 0x0000000705e00000|  0%| F|  |TAMS 0x0000000705d00000, 0x0000000705d00000| Untracked 
|  70|0x0000000705e00000, 0x0000000705e00000, 0x0000000705f00000|  0%| F|  |TAMS 0x0000000705e00000, 0x0000000705e00000| Untracked 
|  71|0x0000000705f00000, 0x0000000705f00000, 0x0000000706000000|  0%| F|  |TAMS 0x0000000705f00000, 0x0000000705f00000| Untracked 
|  72|0x0000000706000000, 0x0000000706000000, 0x0000000706100000|  0%| F|  |TAMS 0x0000000706000000, 0x0000000706000000| Untracked 
|  73|0x0000000706100000, 0x0000000706100000, 0x0000000706200000|  0%| F|  |TAMS 0x0000000706100000, 0x0000000706100000| Untracked 
|  74|0x0000000706200000, 0x0000000706200000, 0x0000000706300000|  0%| F|  |TAMS 0x0000000706200000, 0x0000000706200000| Untracked 
|  75|0x0000000706300000, 0x0000000706300000, 0x0000000706400000|  0%| F|  |TAMS 0x0000000706300000, 0x0000000706300000| Untracked 
|  76|0x0000000706400000, 0x0000000706400000, 0x0000000706500000|  0%| F|  |TAMS 0x0000000706400000, 0x0000000706400000| Untracked 
|  77|0x0000000706500000, 0x0000000706500000, 0x0000000706600000|  0%| F|  |TAMS 0x0000000706500000, 0x0000000706500000| Untracked 
|  78|0x0000000706600000, 0x0000000706600000, 0x0000000706700000|  0%| F|  |TAMS 0x0000000706600000, 0x0000000706600000| Untracked 
|  79|0x0000000706700000, 0x0000000706700000, 0x0000000706800000|  0%| F|  |TAMS 0x0000000706700000, 0x0000000706700000| Untracked 
|  80|0x0000000706800000, 0x0000000706800000, 0x0000000706900000|  0%| F|  |TAMS 0x0000000706800000, 0x0000000706800000| Untracked 
|  81|0x0000000706900000, 0x0000000706900000, 0x0000000706a00000|  0%| F|  |TAMS 0x0000000706900000, 0x0000000706900000| Untracked 
|  82|0x0000000706a00000, 0x0000000706a00000, 0x0000000706b00000|  0%| F|  |TAMS 0x0000000706a00000, 0x0000000706a00000| Untracked 
|  83|0x0000000706b00000, 0x0000000706b00000, 0x0000000706c00000|  0%| F|  |TAMS 0x0000000706b00000, 0x0000000706b00000| Untracked 
|  84|0x0000000706c00000, 0x0000000706c00000, 0x0000000706d00000|  0%| F|  |TAMS 0x0000000706c00000, 0x0000000706c00000| Untracked 
|  85|0x0000000706d00000, 0x0000000706d00000, 0x0000000706e00000|  0%| F|  |TAMS 0x0000000706d00000, 0x0000000706d00000| Untracked 
|  86|0x0000000706e00000, 0x0000000706e00000, 0x0000000706f00000|  0%| F|  |TAMS 0x0000000706e00000, 0x0000000706e00000| Untracked 
|  87|0x0000000706f00000, 0x0000000706f00000, 0x0000000707000000|  0%| F|  |TAMS 0x0000000706f00000, 0x0000000706f00000| Untracked 
|  88|0x0000000707000000, 0x0000000707000000, 0x0000000707100000|  0%| F|  |TAMS 0x0000000707000000, 0x0000000707000000| Untracked 
|  89|0x0000000707100000, 0x0000000707100000, 0x0000000707200000|  0%| F|  |TAMS 0x0000000707100000, 0x0000000707100000| Untracked 
|  90|0x0000000707200000, 0x0000000707200000, 0x0000000707300000|  0%| F|  |TAMS 0x0000000707200000, 0x0000000707200000| Untracked 
|  91|0x0000000707300000, 0x0000000707300000, 0x0000000707400000|  0%| F|  |TAMS 0x0000000707300000, 0x0000000707300000| Untracked 
|  92|0x0000000707400000, 0x0000000707400000, 0x0000000707500000|  0%| F|  |TAMS 0x0000000707400000, 0x0000000707400000| Untracked 
|  93|0x0000000707500000, 0x0000000707500000, 0x0000000707600000|  0%| F|  |TAMS 0x0000000707500000, 0x0000000707500000| Untracked 
|  94|0x0000000707600000, 0x0000000707600000, 0x0000000707700000|  0%| F|  |TAMS 0x0000000707600000, 0x0000000707600000| Untracked 
|  95|0x0000000707700000, 0x0000000707700000, 0x0000000707800000|  0%| F|  |TAMS 0x0000000707700000, 0x0000000707700000| Untracked 
|  96|0x0000000707800000, 0x0000000707800000, 0x0000000707900000|  0%| F|  |TAMS 0x0000000707800000, 0x0000000707800000| Untracked 
|  97|0x0000000707900000, 0x0000000707900000, 0x0000000707a00000|  0%| F|  |TAMS 0x0000000707900000, 0x0000000707900000| Untracked 
|  98|0x0000000707a00000, 0x0000000707a00000, 0x0000000707b00000|  0%| F|  |TAMS 0x0000000707a00000, 0x0000000707a00000| Untracked 
|  99|0x0000000707b00000, 0x0000000707b00000, 0x0000000707c00000|  0%| F|  |TAMS 0x0000000707b00000, 0x0000000707b00000| Untracked 
| 100|0x0000000707c00000, 0x0000000707c00000, 0x0000000707d00000|  0%| F|  |TAMS 0x0000000707c00000, 0x0000000707c00000| Untracked 
| 101|0x0000000707d00000, 0x0000000707d00000, 0x0000000707e00000|  0%| F|  |TAMS 0x0000000707d00000, 0x0000000707d00000| Untracked 
| 102|0x0000000707e00000, 0x0000000707e00000, 0x0000000707f00000|  0%| F|  |TAMS 0x0000000707e00000, 0x0000000707e00000| Untracked 
| 103|0x0000000707f00000, 0x0000000707f00000, 0x0000000708000000|  0%| F|  |TAMS 0x0000000707f00000, 0x0000000707f00000| Untracked 
| 104|0x0000000708000000, 0x0000000708000000, 0x0000000708100000|  0%| F|  |TAMS 0x0000000708000000, 0x0000000708000000| Untracked 
| 105|0x0000000708100000, 0x0000000708100000, 0x0000000708200000|  0%| F|  |TAMS 0x0000000708100000, 0x0000000708100000| Untracked 
| 106|0x0000000708200000, 0x0000000708200000, 0x0000000708300000|  0%| F|  |TAMS 0x0000000708200000, 0x0000000708200000| Untracked 
| 107|0x0000000708300000, 0x0000000708300000, 0x0000000708400000|  0%| F|  |TAMS 0x0000000708300000, 0x0000000708300000| Untracked 
| 108|0x0000000708400000, 0x0000000708400000, 0x0000000708500000|  0%| F|  |TAMS 0x0000000708400000, 0x0000000708400000| Untracked 
| 109|0x0000000708500000, 0x0000000708500000, 0x0000000708600000|  0%| F|  |TAMS 0x0000000708500000, 0x0000000708500000| Untracked 
| 110|0x0000000708600000, 0x0000000708600000, 0x0000000708700000|  0%| F|  |TAMS 0x0000000708600000, 0x0000000708600000| Untracked 
| 111|0x0000000708700000, 0x0000000708700000, 0x0000000708800000|  0%| F|  |TAMS 0x0000000708700000, 0x0000000708700000| Untracked 
| 112|0x0000000708800000, 0x0000000708800000, 0x0000000708900000|  0%| F|  |TAMS 0x0000000708800000, 0x0000000708800000| Untracked 
| 113|0x0000000708900000, 0x0000000708900000, 0x0000000708a00000|  0%| F|  |TAMS 0x0000000708900000, 0x0000000708900000| Untracked 
| 114|0x0000000708a00000, 0x0000000708a00000, 0x0000000708b00000|  0%| F|  |TAMS 0x0000000708a00000, 0x0000000708a00000| Untracked 
| 115|0x0000000708b00000, 0x0000000708b00000, 0x0000000708c00000|  0%| F|  |TAMS 0x0000000708b00000, 0x0000000708b00000| Untracked 
| 116|0x0000000708c00000, 0x0000000708c00000, 0x0000000708d00000|  0%| F|  |TAMS 0x0000000708c00000, 0x0000000708c00000| Untracked 
| 117|0x0000000708d00000, 0x0000000708d00000, 0x0000000708e00000|  0%| F|  |TAMS 0x0000000708d00000, 0x0000000708d00000| Untracked 
| 118|0x0000000708e00000, 0x0000000708e00000, 0x0000000708f00000|  0%| F|  |TAMS 0x0000000708e00000, 0x0000000708e00000| Untracked 
| 119|0x0000000708f00000, 0x0000000708f00000, 0x0000000709000000|  0%| F|  |TAMS 0x0000000708f00000, 0x0000000708f00000| Untracked 
| 120|0x0000000709000000, 0x0000000709000000, 0x0000000709100000|  0%| F|  |TAMS 0x0000000709000000, 0x0000000709000000| Untracked 
| 121|0x0000000709100000, 0x0000000709100000, 0x0000000709200000|  0%| F|  |TAMS 0x0000000709100000, 0x0000000709100000| Untracked 
| 122|0x0000000709200000, 0x0000000709200000, 0x0000000709300000|  0%| F|  |TAMS 0x0000000709200000, 0x0000000709200000| Untracked 
| 123|0x0000000709300000, 0x0000000709300000, 0x0000000709400000|  0%| F|  |TAMS 0x0000000709300000, 0x0000000709300000| Untracked 
| 124|0x0000000709400000, 0x0000000709400000, 0x0000000709500000|  0%| F|  |TAMS 0x0000000709400000, 0x0000000709400000| Untracked 
| 125|0x0000000709500000, 0x0000000709500000, 0x0000000709600000|  0%| F|  |TAMS 0x0000000709500000, 0x0000000709500000| Untracked 
| 126|0x0000000709600000, 0x0000000709600000, 0x0000000709700000|  0%| F|  |TAMS 0x0000000709600000, 0x0000000709600000| Untracked 
| 127|0x0000000709700000, 0x0000000709700000, 0x0000000709800000|  0%| F|  |TAMS 0x0000000709700000, 0x0000000709700000| Untracked 
| 128|0x0000000709800000, 0x0000000709800000, 0x0000000709900000|  0%| F|  |TAMS 0x0000000709800000, 0x0000000709800000| Untracked 
| 129|0x0000000709900000, 0x0000000709900000, 0x0000000709a00000|  0%| F|  |TAMS 0x0000000709900000, 0x0000000709900000| Untracked 
| 130|0x0000000709a00000, 0x0000000709a00000, 0x0000000709b00000|  0%| F|  |TAMS 0x0000000709a00000, 0x0000000709a00000| Untracked 
| 131|0x0000000709b00000, 0x0000000709b00000, 0x0000000709c00000|  0%| F|  |TAMS 0x0000000709b00000, 0x0000000709b00000| Untracked 
| 132|0x0000000709c00000, 0x0000000709c00000, 0x0000000709d00000|  0%| F|  |TAMS 0x0000000709c00000, 0x0000000709c00000| Untracked 
| 133|0x0000000709d00000, 0x0000000709d00000, 0x0000000709e00000|  0%| F|  |TAMS 0x0000000709d00000, 0x0000000709d00000| Untracked 
| 134|0x0000000709e00000, 0x0000000709e00000, 0x0000000709f00000|  0%| F|  |TAMS 0x0000000709e00000, 0x0000000709e00000| Untracked 
| 135|0x0000000709f00000, 0x0000000709f00000, 0x000000070a000000|  0%| F|  |TAMS 0x0000000709f00000, 0x0000000709f00000| Untracked 
| 136|0x000000070a000000, 0x000000070a000000, 0x000000070a100000|  0%| F|  |TAMS 0x000000070a000000, 0x000000070a000000| Untracked 
| 137|0x000000070a100000, 0x000000070a100000, 0x000000070a200000|  0%| F|  |TAMS 0x000000070a100000, 0x000000070a100000| Untracked 
| 138|0x000000070a200000, 0x000000070a200000, 0x000000070a300000|  0%| F|  |TAMS 0x000000070a200000, 0x000000070a200000| Untracked 
| 139|0x000000070a300000, 0x000000070a300000, 0x000000070a400000|  0%| F|  |TAMS 0x000000070a300000, 0x000000070a300000| Untracked 
| 140|0x000000070a400000, 0x000000070a400000, 0x000000070a500000|  0%| F|  |TAMS 0x000000070a400000, 0x000000070a400000| Untracked 
| 141|0x000000070a500000, 0x000000070a500000, 0x000000070a600000|  0%| F|  |TAMS 0x000000070a500000, 0x000000070a500000| Untracked 
| 142|0x000000070a600000, 0x000000070a600000, 0x000000070a700000|  0%| F|  |TAMS 0x000000070a600000, 0x000000070a600000| Untracked 
| 143|0x000000070a700000, 0x000000070a700000, 0x000000070a800000|  0%| F|  |TAMS 0x000000070a700000, 0x000000070a700000| Untracked 
| 144|0x000000070a800000, 0x000000070a800000, 0x000000070a900000|  0%| F|  |TAMS 0x000000070a800000, 0x000000070a800000| Untracked 
| 145|0x000000070a900000, 0x000000070a900000, 0x000000070aa00000|  0%| F|  |TAMS 0x000000070a900000, 0x000000070a900000| Untracked 
| 146|0x000000070aa00000, 0x000000070aa00000, 0x000000070ab00000|  0%| F|  |TAMS 0x000000070aa00000, 0x000000070aa00000| Untracked 
| 147|0x000000070ab00000, 0x000000070ab00000, 0x000000070ac00000|  0%| F|  |TAMS 0x000000070ab00000, 0x000000070ab00000| Untracked 
| 148|0x000000070ac00000, 0x000000070ac00000, 0x000000070ad00000|  0%| F|  |TAMS 0x000000070ac00000, 0x000000070ac00000| Untracked 
| 149|0x000000070ad00000, 0x000000070ad00000, 0x000000070ae00000|  0%| F|  |TAMS 0x000000070ad00000, 0x000000070ad00000| Untracked 
| 150|0x000000070ae00000, 0x000000070ae00000, 0x000000070af00000|  0%| F|  |TAMS 0x000000070ae00000, 0x000000070ae00000| Untracked 
| 151|0x000000070af00000, 0x000000070af00000, 0x000000070b000000|  0%| F|  |TAMS 0x000000070af00000, 0x000000070af00000| Untracked 
| 152|0x000000070b000000, 0x000000070b000000, 0x000000070b100000|  0%| F|  |TAMS 0x000000070b000000, 0x000000070b000000| Untracked 
| 153|0x000000070b100000, 0x000000070b100000, 0x000000070b200000|  0%| F|  |TAMS 0x000000070b100000, 0x000000070b100000| Untracked 
| 154|0x000000070b200000, 0x000000070b200000, 0x000000070b300000|  0%| F|  |TAMS 0x000000070b200000, 0x000000070b200000| Untracked 
| 155|0x000000070b300000, 0x000000070b300000, 0x000000070b400000|  0%| F|  |TAMS 0x000000070b300000, 0x000000070b300000| Untracked 
| 156|0x000000070b400000, 0x000000070b400000, 0x000000070b500000|  0%| F|  |TAMS 0x000000070b400000, 0x000000070b400000| Untracked 
| 157|0x000000070b500000, 0x000000070b500000, 0x000000070b600000|  0%| F|  |TAMS 0x000000070b500000, 0x000000070b500000| Untracked 
| 158|0x000000070b600000, 0x000000070b600000, 0x000000070b700000|  0%| F|  |TAMS 0x000000070b600000, 0x000000070b600000| Untracked 
| 159|0x000000070b700000, 0x000000070b700000, 0x000000070b800000|  0%| F|  |TAMS 0x000000070b700000, 0x000000070b700000| Untracked 
| 160|0x000000070b800000, 0x000000070b800000, 0x000000070b900000|  0%| F|  |TAMS 0x000000070b800000, 0x000000070b800000| Untracked 
| 161|0x000000070b900000, 0x000000070b900000, 0x000000070ba00000|  0%| F|  |TAMS 0x000000070b900000, 0x000000070b900000| Untracked 
| 162|0x000000070ba00000, 0x000000070ba00000, 0x000000070bb00000|  0%| F|  |TAMS 0x000000070ba00000, 0x000000070ba00000| Untracked 
| 163|0x000000070bb00000, 0x000000070bb00000, 0x000000070bc00000|  0%| F|  |TAMS 0x000000070bb00000, 0x000000070bb00000| Untracked 
| 164|0x000000070bc00000, 0x000000070bc00000, 0x000000070bd00000|  0%| F|  |TAMS 0x000000070bc00000, 0x000000070bc00000| Untracked 
| 165|0x000000070bd00000, 0x000000070bd00000, 0x000000070be00000|  0%| F|  |TAMS 0x000000070bd00000, 0x000000070bd00000| Untracked 
| 166|0x000000070be00000, 0x000000070be00000, 0x000000070bf00000|  0%| F|  |TAMS 0x000000070be00000, 0x000000070be00000| Untracked 
| 167|0x000000070bf00000, 0x000000070bf00000, 0x000000070c000000|  0%| F|  |TAMS 0x000000070bf00000, 0x000000070bf00000| Untracked 
| 168|0x000000070c000000, 0x000000070c000000, 0x000000070c100000|  0%| F|  |TAMS 0x000000070c000000, 0x000000070c000000| Untracked 
| 169|0x000000070c100000, 0x000000070c100000, 0x000000070c200000|  0%| F|  |TAMS 0x000000070c100000, 0x000000070c100000| Untracked 
| 170|0x000000070c200000, 0x000000070c200000, 0x000000070c300000|  0%| F|  |TAMS 0x000000070c200000, 0x000000070c200000| Untracked 
| 171|0x000000070c300000, 0x000000070c300000, 0x000000070c400000|  0%| F|  |TAMS 0x000000070c300000, 0x000000070c300000| Untracked 
| 172|0x000000070c400000, 0x000000070c400000, 0x000000070c500000|  0%| F|  |TAMS 0x000000070c400000, 0x000000070c400000| Untracked 
| 173|0x000000070c500000, 0x000000070c500000, 0x000000070c600000|  0%| F|  |TAMS 0x000000070c500000, 0x000000070c500000| Untracked 
| 174|0x000000070c600000, 0x000000070c600000, 0x000000070c700000|  0%| F|  |TAMS 0x000000070c600000, 0x000000070c600000| Untracked 
| 175|0x000000070c700000, 0x000000070c700000, 0x000000070c800000|  0%| F|  |TAMS 0x000000070c700000, 0x000000070c700000| Untracked 
| 176|0x000000070c800000, 0x000000070c800000, 0x000000070c900000|  0%| F|  |TAMS 0x000000070c800000, 0x000000070c800000| Untracked 
| 177|0x000000070c900000, 0x000000070c900000, 0x000000070ca00000|  0%| F|  |TAMS 0x000000070c900000, 0x000000070c900000| Untracked 
| 178|0x000000070ca00000, 0x000000070ca00000, 0x000000070cb00000|  0%| F|  |TAMS 0x000000070ca00000, 0x000000070ca00000| Untracked 
| 179|0x000000070cb00000, 0x000000070cb00000, 0x000000070cc00000|  0%| F|  |TAMS 0x000000070cb00000, 0x000000070cb00000| Untracked 
| 180|0x000000070cc00000, 0x000000070cc00000, 0x000000070cd00000|  0%| F|  |TAMS 0x000000070cc00000, 0x000000070cc00000| Untracked 
| 181|0x000000070cd00000, 0x000000070cd00000, 0x000000070ce00000|  0%| F|  |TAMS 0x000000070cd00000, 0x000000070cd00000| Untracked 
| 182|0x000000070ce00000, 0x000000070ce00000, 0x000000070cf00000|  0%| F|  |TAMS 0x000000070ce00000, 0x000000070ce00000| Untracked 
| 183|0x000000070cf00000, 0x000000070cf00000, 0x000000070d000000|  0%| F|  |TAMS 0x000000070cf00000, 0x000000070cf00000| Untracked 
| 184|0x000000070d000000, 0x000000070d000000, 0x000000070d100000|  0%| F|  |TAMS 0x000000070d000000, 0x000000070d000000| Untracked 
| 185|0x000000070d100000, 0x000000070d100000, 0x000000070d200000|  0%| F|  |TAMS 0x000000070d100000, 0x000000070d100000| Untracked 
| 186|0x000000070d200000, 0x000000070d200000, 0x000000070d300000|  0%| F|  |TAMS 0x000000070d200000, 0x000000070d200000| Untracked 
| 187|0x000000070d300000, 0x000000070d300000, 0x000000070d400000|  0%| F|  |TAMS 0x000000070d300000, 0x000000070d300000| Untracked 
| 188|0x000000070d400000, 0x000000070d400000, 0x000000070d500000|  0%| F|  |TAMS 0x000000070d400000, 0x000000070d400000| Untracked 
| 189|0x000000070d500000, 0x000000070d500000, 0x000000070d600000|  0%| F|  |TAMS 0x000000070d500000, 0x000000070d500000| Untracked 
| 190|0x000000070d600000, 0x000000070d600000, 0x000000070d700000|  0%| F|  |TAMS 0x000000070d600000, 0x000000070d600000| Untracked 
| 191|0x000000070d700000, 0x000000070d700000, 0x000000070d800000|  0%| F|  |TAMS 0x000000070d700000, 0x000000070d700000| Untracked 
| 192|0x000000070d800000, 0x000000070d800000, 0x000000070d900000|  0%| F|  |TAMS 0x000000070d800000, 0x000000070d800000| Untracked 
| 193|0x000000070d900000, 0x000000070d900000, 0x000000070da00000|  0%| F|  |TAMS 0x000000070d900000, 0x000000070d900000| Untracked 
| 194|0x000000070da00000, 0x000000070da00000, 0x000000070db00000|  0%| F|  |TAMS 0x000000070da00000, 0x000000070da00000| Untracked 
| 195|0x000000070db00000, 0x000000070db00000, 0x000000070dc00000|  0%| F|  |TAMS 0x000000070db00000, 0x000000070db00000| Untracked 
| 196|0x000000070dc00000, 0x000000070dc00000, 0x000000070dd00000|  0%| F|  |TAMS 0x000000070dc00000, 0x000000070dc00000| Untracked 
| 197|0x000000070dd00000, 0x000000070dd00000, 0x000000070de00000|  0%| F|  |TAMS 0x000000070dd00000, 0x000000070dd00000| Untracked 
| 198|0x000000070de00000, 0x000000070de00000, 0x000000070df00000|  0%| F|  |TAMS 0x000000070de00000, 0x000000070de00000| Untracked 
| 199|0x000000070df00000, 0x000000070df00000, 0x000000070e000000|  0%| F|  |TAMS 0x000000070df00000, 0x000000070df00000| Untracked 
| 200|0x000000070e000000, 0x000000070e000000, 0x000000070e100000|  0%| F|  |TAMS 0x000000070e000000, 0x000000070e000000| Untracked 
| 201|0x000000070e100000, 0x000000070e100000, 0x000000070e200000|  0%| F|  |TAMS 0x000000070e100000, 0x000000070e100000| Untracked 
| 202|0x000000070e200000, 0x000000070e200000, 0x000000070e300000|  0%| F|  |TAMS 0x000000070e200000, 0x000000070e200000| Untracked 
| 203|0x000000070e300000, 0x000000070e300000, 0x000000070e400000|  0%| F|  |TAMS 0x000000070e300000, 0x000000070e300000| Untracked 
| 204|0x000000070e400000, 0x000000070e400000, 0x000000070e500000|  0%| F|  |TAMS 0x000000070e400000, 0x000000070e400000| Untracked 
| 205|0x000000070e500000, 0x000000070e500000, 0x000000070e600000|  0%| F|  |TAMS 0x000000070e500000, 0x000000070e500000| Untracked 
| 206|0x000000070e600000, 0x000000070e600000, 0x000000070e700000|  0%| F|  |TAMS 0x000000070e600000, 0x000000070e600000| Untracked 
| 207|0x000000070e700000, 0x000000070e700000, 0x000000070e800000|  0%| F|  |TAMS 0x000000070e700000, 0x000000070e700000| Untracked 
| 208|0x000000070e800000, 0x000000070e800000, 0x000000070e900000|  0%| F|  |TAMS 0x000000070e800000, 0x000000070e800000| Untracked 
| 209|0x000000070e900000, 0x000000070e900000, 0x000000070ea00000|  0%| F|  |TAMS 0x000000070e900000, 0x000000070e900000| Untracked 
| 210|0x000000070ea00000, 0x000000070ea00000, 0x000000070eb00000|  0%| F|  |TAMS 0x000000070ea00000, 0x000000070ea00000| Untracked 
| 211|0x000000070eb00000, 0x000000070eb00000, 0x000000070ec00000|  0%| F|  |TAMS 0x000000070eb00000, 0x000000070eb00000| Untracked 
| 212|0x000000070ec00000, 0x000000070ec00000, 0x000000070ed00000|  0%| F|  |TAMS 0x000000070ec00000, 0x000000070ec00000| Untracked 
| 213|0x000000070ed00000, 0x000000070ed00000, 0x000000070ee00000|  0%| F|  |TAMS 0x000000070ed00000, 0x000000070ed00000| Untracked 
| 214|0x000000070ee00000, 0x000000070ee00000, 0x000000070ef00000|  0%| F|  |TAMS 0x000000070ee00000, 0x000000070ee00000| Untracked 
| 215|0x000000070ef00000, 0x000000070ef00000, 0x000000070f000000|  0%| F|  |TAMS 0x000000070ef00000, 0x000000070ef00000| Untracked 
| 216|0x000000070f000000, 0x000000070f000000, 0x000000070f100000|  0%| F|  |TAMS 0x000000070f000000, 0x000000070f000000| Untracked 
| 217|0x000000070f100000, 0x000000070f100000, 0x000000070f200000|  0%| F|  |TAMS 0x000000070f100000, 0x000000070f100000| Untracked 
| 218|0x000000070f200000, 0x000000070f200000, 0x000000070f300000|  0%| F|  |TAMS 0x000000070f200000, 0x000000070f200000| Untracked 
| 219|0x000000070f300000, 0x000000070f300000, 0x000000070f400000|  0%| F|  |TAMS 0x000000070f300000, 0x000000070f300000| Untracked 
| 220|0x000000070f400000, 0x000000070f400000, 0x000000070f500000|  0%| F|  |TAMS 0x000000070f400000, 0x000000070f400000| Untracked 
| 221|0x000000070f500000, 0x000000070f500000, 0x000000070f600000|  0%| F|  |TAMS 0x000000070f500000, 0x000000070f500000| Untracked 
| 222|0x000000070f600000, 0x000000070f600000, 0x000000070f700000|  0%| F|  |TAMS 0x000000070f600000, 0x000000070f600000| Untracked 
| 223|0x000000070f700000, 0x000000070f700000, 0x000000070f800000|  0%| F|  |TAMS 0x000000070f700000, 0x000000070f700000| Untracked 
| 224|0x000000070f800000, 0x000000070f800000, 0x000000070f900000|  0%| F|  |TAMS 0x000000070f800000, 0x000000070f800000| Untracked 
| 225|0x000000070f900000, 0x000000070f900000, 0x000000070fa00000|  0%| F|  |TAMS 0x000000070f900000, 0x000000070f900000| Untracked 
| 226|0x000000070fa00000, 0x000000070fa00000, 0x000000070fb00000|  0%| F|  |TAMS 0x000000070fa00000, 0x000000070fa00000| Untracked 
| 227|0x000000070fb00000, 0x000000070fb00000, 0x000000070fc00000|  0%| F|  |TAMS 0x000000070fb00000, 0x000000070fb00000| Untracked 
| 228|0x000000070fc00000, 0x000000070fc00000, 0x000000070fd00000|  0%| F|  |TAMS 0x000000070fc00000, 0x000000070fc00000| Untracked 
| 229|0x000000070fd00000, 0x000000070fd00000, 0x000000070fe00000|  0%| F|  |TAMS 0x000000070fd00000, 0x000000070fd00000| Untracked 
| 230|0x000000070fe00000, 0x000000070fe00000, 0x000000070ff00000|  0%| F|  |TAMS 0x000000070fe00000, 0x000000070fe00000| Untracked 
| 231|0x000000070ff00000, 0x000000070ff00000, 0x0000000710000000|  0%| F|  |TAMS 0x000000070ff00000, 0x000000070ff00000| Untracked 
| 232|0x0000000710000000, 0x0000000710000000, 0x0000000710100000|  0%| F|  |TAMS 0x0000000710000000, 0x0000000710000000| Untracked 
| 233|0x0000000710100000, 0x0000000710100000, 0x0000000710200000|  0%| F|  |TAMS 0x0000000710100000, 0x0000000710100000| Untracked 
| 234|0x0000000710200000, 0x0000000710200000, 0x0000000710300000|  0%| F|  |TAMS 0x0000000710200000, 0x0000000710200000| Untracked 
| 235|0x0000000710300000, 0x0000000710300000, 0x0000000710400000|  0%| F|  |TAMS 0x0000000710300000, 0x0000000710300000| Untracked 
| 236|0x0000000710400000, 0x0000000710400000, 0x0000000710500000|  0%| F|  |TAMS 0x0000000710400000, 0x0000000710400000| Untracked 
| 237|0x0000000710500000, 0x0000000710500000, 0x0000000710600000|  0%| F|  |TAMS 0x0000000710500000, 0x0000000710500000| Untracked 
| 238|0x0000000710600000, 0x0000000710600000, 0x0000000710700000|  0%| F|  |TAMS 0x0000000710600000, 0x0000000710600000| Untracked 
| 239|0x0000000710700000, 0x0000000710700000, 0x0000000710800000|  0%| F|  |TAMS 0x0000000710700000, 0x0000000710700000| Untracked 
| 240|0x0000000710800000, 0x0000000710800000, 0x0000000710900000|  0%| F|  |TAMS 0x0000000710800000, 0x0000000710800000| Untracked 
| 241|0x0000000710900000, 0x0000000710900000, 0x0000000710a00000|  0%| F|  |TAMS 0x0000000710900000, 0x0000000710900000| Untracked 
| 242|0x0000000710a00000, 0x0000000710a00000, 0x0000000710b00000|  0%| F|  |TAMS 0x0000000710a00000, 0x0000000710a00000| Untracked 
| 243|0x0000000710b00000, 0x0000000710b00000, 0x0000000710c00000|  0%| F|  |TAMS 0x0000000710b00000, 0x0000000710b00000| Untracked 
| 244|0x0000000710c00000, 0x0000000710c00000, 0x0000000710d00000|  0%| F|  |TAMS 0x0000000710c00000, 0x0000000710c00000| Untracked 
| 245|0x0000000710d00000, 0x0000000710d00000, 0x0000000710e00000|  0%| F|  |TAMS 0x0000000710d00000, 0x0000000710d00000| Untracked 
| 246|0x0000000710e00000, 0x0000000710e00000, 0x0000000710f00000|  0%| F|  |TAMS 0x0000000710e00000, 0x0000000710e00000| Untracked 
| 247|0x0000000710f00000, 0x0000000710f00000, 0x0000000711000000|  0%| F|  |TAMS 0x0000000710f00000, 0x0000000710f00000| Untracked 
| 248|0x0000000711000000, 0x0000000711000000, 0x0000000711100000|  0%| F|  |TAMS 0x0000000711000000, 0x0000000711000000| Untracked 
| 249|0x0000000711100000, 0x0000000711100000, 0x0000000711200000|  0%| F|  |TAMS 0x0000000711100000, 0x0000000711100000| Untracked 
| 250|0x0000000711200000, 0x0000000711200000, 0x0000000711300000|  0%| F|  |TAMS 0x0000000711200000, 0x0000000711200000| Untracked 
| 251|0x0000000711300000, 0x0000000711300000, 0x0000000711400000|  0%| F|  |TAMS 0x0000000711300000, 0x0000000711300000| Untracked 
| 252|0x0000000711400000, 0x0000000711400000, 0x0000000711500000|  0%| F|  |TAMS 0x0000000711400000, 0x0000000711400000| Untracked 
| 253|0x0000000711500000, 0x0000000711500000, 0x0000000711600000|  0%| F|  |TAMS 0x0000000711500000, 0x0000000711500000| Untracked 
| 254|0x0000000711600000, 0x0000000711600000, 0x0000000711700000|  0%| F|  |TAMS 0x0000000711600000, 0x0000000711600000| Untracked 
| 255|0x0000000711700000, 0x0000000711700000, 0x0000000711800000|  0%| F|  |TAMS 0x0000000711700000, 0x0000000711700000| Untracked 
| 256|0x0000000711800000, 0x0000000711800000, 0x0000000711900000|  0%| F|  |TAMS 0x0000000711800000, 0x0000000711800000| Untracked 
| 257|0x0000000711900000, 0x0000000711900000, 0x0000000711a00000|  0%| F|  |TAMS 0x0000000711900000, 0x0000000711900000| Untracked 
| 258|0x0000000711a00000, 0x0000000711a00000, 0x0000000711b00000|  0%| F|  |TAMS 0x0000000711a00000, 0x0000000711a00000| Untracked 
| 259|0x0000000711b00000, 0x0000000711b00000, 0x0000000711c00000|  0%| F|  |TAMS 0x0000000711b00000, 0x0000000711b00000| Untracked 
| 260|0x0000000711c00000, 0x0000000711c00000, 0x0000000711d00000|  0%| F|  |TAMS 0x0000000711c00000, 0x0000000711c00000| Untracked 
| 261|0x0000000711d00000, 0x0000000711d00000, 0x0000000711e00000|  0%| F|  |TAMS 0x0000000711d00000, 0x0000000711d00000| Untracked 
| 262|0x0000000711e00000, 0x0000000711e00000, 0x0000000711f00000|  0%| F|  |TAMS 0x0000000711e00000, 0x0000000711e00000| Untracked 
| 263|0x0000000711f00000, 0x0000000711f00000, 0x0000000712000000|  0%| F|  |TAMS 0x0000000711f00000, 0x0000000711f00000| Untracked 
| 264|0x0000000712000000, 0x0000000712000000, 0x0000000712100000|  0%| F|  |TAMS 0x0000000712000000, 0x0000000712000000| Untracked 
| 265|0x0000000712100000, 0x0000000712100000, 0x0000000712200000|  0%| F|  |TAMS 0x0000000712100000, 0x0000000712100000| Untracked 
| 266|0x0000000712200000, 0x00000007122f6720, 0x0000000712300000| 96%| S|CS|TAMS 0x0000000712200000, 0x0000000712200000| Complete 
| 267|0x0000000712300000, 0x0000000712400000, 0x0000000712400000|100%| S|CS|TAMS 0x0000000712300000, 0x0000000712300000| Complete 
| 268|0x0000000712400000, 0x0000000712500000, 0x0000000712500000|100%| S|CS|TAMS 0x0000000712400000, 0x0000000712400000| Complete 
| 269|0x0000000712500000, 0x0000000712600000, 0x0000000712600000|100%| S|CS|TAMS 0x0000000712500000, 0x0000000712500000| Complete 
| 270|0x0000000712600000, 0x0000000712700000, 0x0000000712700000|100%| S|CS|TAMS 0x0000000712600000, 0x0000000712600000| Complete 
| 271|0x0000000712700000, 0x0000000712800000, 0x0000000712800000|100%| S|CS|TAMS 0x0000000712700000, 0x0000000712700000| Complete 
| 272|0x0000000712800000, 0x0000000712800000, 0x0000000712900000|  0%| F|  |TAMS 0x0000000712800000, 0x0000000712800000| Untracked 
| 273|0x0000000712900000, 0x0000000712900000, 0x0000000712a00000|  0%| F|  |TAMS 0x0000000712900000, 0x0000000712900000| Untracked 
| 274|0x0000000712a00000, 0x0000000712a00000, 0x0000000712b00000|  0%| F|  |TAMS 0x0000000712a00000, 0x0000000712a00000| Untracked 
| 275|0x0000000712b00000, 0x0000000712b00000, 0x0000000712c00000|  0%| F|  |TAMS 0x0000000712b00000, 0x0000000712b00000| Untracked 
| 276|0x0000000712c00000, 0x0000000712c00000, 0x0000000712d00000|  0%| F|  |TAMS 0x0000000712c00000, 0x0000000712c00000| Untracked 
| 277|0x0000000712d00000, 0x0000000712d00000, 0x0000000712e00000|  0%| F|  |TAMS 0x0000000712d00000, 0x0000000712d00000| Untracked 
| 278|0x0000000712e00000, 0x0000000712e00000, 0x0000000712f00000|  0%| F|  |TAMS 0x0000000712e00000, 0x0000000712e00000| Untracked 
| 279|0x0000000712f00000, 0x0000000712f00000, 0x0000000713000000|  0%| F|  |TAMS 0x0000000712f00000, 0x0000000712f00000| Untracked 
| 280|0x0000000713000000, 0x0000000713000000, 0x0000000713100000|  0%| F|  |TAMS 0x0000000713000000, 0x0000000713000000| Untracked 
| 281|0x0000000713100000, 0x0000000713100000, 0x0000000713200000|  0%| F|  |TAMS 0x0000000713100000, 0x0000000713100000| Untracked 
| 282|0x0000000713200000, 0x0000000713200000, 0x0000000713300000|  0%| F|  |TAMS 0x0000000713200000, 0x0000000713200000| Untracked 
| 283|0x0000000713300000, 0x0000000713300000, 0x0000000713400000|  0%| F|  |TAMS 0x0000000713300000, 0x0000000713300000| Untracked 
| 284|0x0000000713400000, 0x0000000713400000, 0x0000000713500000|  0%| F|  |TAMS 0x0000000713400000, 0x0000000713400000| Untracked 
| 285|0x0000000713500000, 0x0000000713500000, 0x0000000713600000|  0%| F|  |TAMS 0x0000000713500000, 0x0000000713500000| Untracked 
| 286|0x0000000713600000, 0x0000000713600000, 0x0000000713700000|  0%| F|  |TAMS 0x0000000713600000, 0x0000000713600000| Untracked 
| 287|0x0000000713700000, 0x0000000713700000, 0x0000000713800000|  0%| F|  |TAMS 0x0000000713700000, 0x0000000713700000| Untracked 
| 288|0x0000000713800000, 0x0000000713800000, 0x0000000713900000|  0%| F|  |TAMS 0x0000000713800000, 0x0000000713800000| Untracked 
| 289|0x0000000713900000, 0x0000000713900000, 0x0000000713a00000|  0%| F|  |TAMS 0x0000000713900000, 0x0000000713900000| Untracked 
| 290|0x0000000713a00000, 0x0000000713a00000, 0x0000000713b00000|  0%| F|  |TAMS 0x0000000713a00000, 0x0000000713a00000| Untracked 
| 291|0x0000000713b00000, 0x0000000713b00000, 0x0000000713c00000|  0%| F|  |TAMS 0x0000000713b00000, 0x0000000713b00000| Untracked 
| 292|0x0000000713c00000, 0x0000000713c00000, 0x0000000713d00000|  0%| F|  |TAMS 0x0000000713c00000, 0x0000000713c00000| Untracked 
| 293|0x0000000713d00000, 0x0000000713d00000, 0x0000000713e00000|  0%| F|  |TAMS 0x0000000713d00000, 0x0000000713d00000| Untracked 
| 294|0x0000000713e00000, 0x0000000713e00000, 0x0000000713f00000|  0%| F|  |TAMS 0x0000000713e00000, 0x0000000713e00000| Untracked 
| 295|0x0000000713f00000, 0x0000000713f00000, 0x0000000714000000|  0%| F|  |TAMS 0x0000000713f00000, 0x0000000713f00000| Untracked 
| 296|0x0000000714000000, 0x0000000714000000, 0x0000000714100000|  0%| F|  |TAMS 0x0000000714000000, 0x0000000714000000| Untracked 
| 297|0x0000000714100000, 0x0000000714100000, 0x0000000714200000|  0%| F|  |TAMS 0x0000000714100000, 0x0000000714100000| Untracked 
| 298|0x0000000714200000, 0x0000000714200000, 0x0000000714300000|  0%| F|  |TAMS 0x0000000714200000, 0x0000000714200000| Untracked 
| 299|0x0000000714300000, 0x0000000714300000, 0x0000000714400000|  0%| F|  |TAMS 0x0000000714300000, 0x0000000714300000| Untracked 
| 300|0x0000000714400000, 0x0000000714400000, 0x0000000714500000|  0%| F|  |TAMS 0x0000000714400000, 0x0000000714400000| Untracked 
| 301|0x0000000714500000, 0x0000000714500000, 0x0000000714600000|  0%| F|  |TAMS 0x0000000714500000, 0x0000000714500000| Untracked 
| 302|0x0000000714600000, 0x0000000714600000, 0x0000000714700000|  0%| F|  |TAMS 0x0000000714600000, 0x0000000714600000| Untracked 
| 303|0x0000000714700000, 0x0000000714700000, 0x0000000714800000|  0%| F|  |TAMS 0x0000000714700000, 0x0000000714700000| Untracked 
| 304|0x0000000714800000, 0x0000000714800000, 0x0000000714900000|  0%| F|  |TAMS 0x0000000714800000, 0x0000000714800000| Untracked 
| 305|0x0000000714900000, 0x0000000714900000, 0x0000000714a00000|  0%| F|  |TAMS 0x0000000714900000, 0x0000000714900000| Untracked 
| 306|0x0000000714a00000, 0x0000000714a00000, 0x0000000714b00000|  0%| F|  |TAMS 0x0000000714a00000, 0x0000000714a00000| Untracked 
| 307|0x0000000714b00000, 0x0000000714b00000, 0x0000000714c00000|  0%| F|  |TAMS 0x0000000714b00000, 0x0000000714b00000| Untracked 

Card table byte_map: [0x0000021c23fd0000,0x0000021c247d0000] _byte_map_base: 0x0000021c207c4000

Marking Bits (Prev, Next): (CMBitMap*) 0x0000021c10d515e0, (CMBitMap*) 0x0000021c10d515a8
 Prev Bits: [0x0000021c28f70000, 0x0000021c2cf10000)
 Next Bits: [0x0000021c24fd0000, 0x0000021c28f70000)

Polling page: 0x0000021c0ec90000

Metaspace:

Usage:
  Non-class:     63.42 MB capacity,    62.98 MB (>99%) used,   346.34 KB ( <1%) free+waste,   113.81 KB ( <1%) overhead. 
      Class:      8.19 MB capacity,     7.89 MB ( 96%) used,   258.70 KB (  3%) free+waste,    47.94 KB ( <1%) overhead. 
       Both:     71.62 MB capacity,    70.87 MB ( 99%) used,   605.03 KB ( <1%) free+waste,   161.75 KB ( <1%) overhead. 

Virtual space:
  Non-class space:       74.00 MB reserved,      63.45 MB ( 86%) committed 
      Class space:        1.00 GB reserved,       8.32 MB ( <1%) committed 
             Both:        1.07 GB reserved,      71.78 MB (  7%) committed 

Chunk freelists:
   Non-Class:  29.00 KB
       Class:  59.00 KB
        Both:  88.00 KB

MaxMetaspaceSize: 17179869184.00 GB
CompressedClassSpaceSize: 1.00 GB

CodeHeap 'non-profiled nmethods': size=120064Kb used=5709Kb max_used=5709Kb free=114354Kb
 bounds [0x0000021c1c290000, 0x0000021c1c830000, 0x0000021c237d0000]
CodeHeap 'profiled nmethods': size=120000Kb used=30194Kb max_used=30194Kb free=89805Kb
 bounds [0x0000021c14d60000, 0x0000021c16ae0000, 0x0000021c1c290000]
CodeHeap 'non-nmethods': size=5696Kb used=1279Kb max_used=1304Kb free=4416Kb
 bounds [0x0000021c147d0000, 0x0000021c14a40000, 0x0000021c14d60000]
 total_blobs=11065 nmethods=10422 adapters=551
 compilation: enabled
              stopped_count=0, restarted_count=0
 full_count=0

Compilation events (20 events):
Event: 33.841 Thread 0x0000021c2fced800 10477       1       org.jetbrains.kotlin.ir.builders.IrElementBuilder::setEndOffset (6 bytes)
Event: 33.841 Thread 0x0000021c2fced800 nmethod 10477 0x0000021c1c822390 code [0x0000021c1c822540, 0x0000021c1c8225f8]
Event: 33.841 Thread 0x0000021c2fced800 10479       1       org.jetbrains.kotlin.ir.builders.declarations.IrFunctionBuilder::setSuspend (6 bytes)
Event: 33.841 Thread 0x0000021c2fced800 nmethod 10479 0x0000021c1c822690 code [0x0000021c1c822840, 0x0000021c1c8228f8]
Event: 33.841 Thread 0x0000021c2fced800 10480       1       org.jetbrains.kotlin.ir.builders.declarations.IrFunctionBuilder::setFakeOverride (6 bytes)
Event: 33.841 Thread 0x0000021c2fced800 nmethod 10480 0x0000021c1c822990 code [0x0000021c1c822b40, 0x0000021c1c822bf8]
Event: 33.842 Thread 0x0000021c2fced800 10481       3       org.jetbrains.kotlin.ir.builders.declarations.DeclarationBuildersKt::buildFunction (123 bytes)
Event: 33.845 Thread 0x0000021c2fced800 nmethod 10481 0x0000021c16ad8490 code [0x0000021c16ad8860, 0x0000021c16ad9f98]
Event: 33.845 Thread 0x0000021c2fced800 10483       3       org.jetbrains.kotlin.ir.builders.declarations.IrFunctionBuilder::<init> (22 bytes)
Event: 33.846 Thread 0x0000021c2fced800 nmethod 10483 0x0000021c16ada810 code [0x0000021c16adaa00, 0x0000021c16adae48]
Event: 33.846 Thread 0x0000021c2fced800 10484       3       org.jetbrains.kotlin.ir.builders.declarations.IrFunctionBuilder::setReturnType (12 bytes)
Event: 33.847 Thread 0x0000021c2fced800 nmethod 10484 0x0000021c16adaf90 code [0x0000021c16adb1c0, 0x0000021c16adb7d8]
Event: 33.847 Thread 0x0000021c2fced800 10482       3       org.jetbrains.kotlin.descriptors.impl.AbstractReceiverParameterDescriptor::<init> (17 bytes)
Event: 33.848 Thread 0x0000021c2fced800 nmethod 10482 0x0000021c16adba10 code [0x0000021c16adbc20, 0x0000021c16adc088]
Event: 33.852 Thread 0x0000021c2fce9000 10485       4       java.lang.Boolean::hashCode (14 bytes)
Event: 33.852 Thread 0x0000021c2fce9000 nmethod 10485 0x0000021c1c822c90 code [0x0000021c1c822e20, 0x0000021c1c822e78]
Event: 33.875 Thread 0x0000021c2fced800 10486       3       java.util.HashSet::<init> (17 bytes)
Event: 33.876 Thread 0x0000021c2fced800 nmethod 10486 0x0000021c16adc210 code [0x0000021c16adc420, 0x0000021c16adc7c8]
Event: 33.881 Thread 0x0000021c2fd4d000 10487       4       java.util.jar.Attributes::getValue (9 bytes)
Event: 33.890 Thread 0x0000021c2fd4d000 nmethod 10487 0x0000021c1c822f10 code [0x0000021c1c8230e0, 0x0000021c1c8233e8]

GC Heap History (17 events):
Event: 0.784 GC heap before
{Heap before GC invocations=0 (full 0):
 garbage-first heap   total 262144K, used 17408K [0x0000000701800000, 0x0000000800000000)
  region size 1024K, 14 young (14336K), 0 survivors (0K)
 Metaspace       used 9769K, capacity 9871K, committed 10112K, reserved 1058816K
  class space    used 828K, capacity 884K, committed 896K, reserved 1048576K
}
Event: 0.790 GC heap after
{Heap after GC invocations=1 (full 0):
 garbage-first heap   total 262144K, used 5597K [0x0000000701800000, 0x0000000800000000)
  region size 1024K, 2 young (2048K), 2 survivors (2048K)
 Metaspace       used 9769K, capacity 9871K, committed 10112K, reserved 1058816K
  class space    used 828K, capacity 884K, committed 896K, reserved 1048576K
}
Event: 2.238 GC heap before
{Heap before GC invocations=1 (full 0):
 garbage-first heap   total 262144K, used 51677K [0x0000000701800000, 0x0000000800000000)
  region size 1024K, 48 young (49152K), 2 survivors (2048K)
 Metaspace       used 20993K, capacity 21187K, committed 21248K, reserved 1069056K
  class space    used 2228K, capacity 2291K, committed 2304K, reserved 1048576K
}
Event: 2.256 GC heap after
{Heap after GC invocations=2 (full 0):
 garbage-first heap   total 262144K, used 9340K [0x0000000701800000, 0x0000000800000000)
  region size 1024K, 6 young (6144K), 6 survivors (6144K)
 Metaspace       used 20993K, capacity 21187K, committed 21248K, reserved 1069056K
  class space    used 2228K, capacity 2291K, committed 2304K, reserved 1048576K
}
Event: 4.358 GC heap before
{Heap before GC invocations=3 (full 0):
 garbage-first heap   total 262144K, used 63612K [0x0000000701800000, 0x0000000800000000)
  region size 1024K, 51 young (52224K), 6 survivors (6144K)
 Metaspace       used 29542K, capacity 30006K, committed 30076K, reserved 1075200K
  class space    used 3482K, capacity 3670K, committed 3712K, reserved 1048576K
}
Event: 4.388 GC heap after
{Heap after GC invocations=4 (full 0):
 garbage-first heap   total 262144K, used 24654K [0x0000000701800000, 0x0000000800000000)
  region size 1024K, 7 young (7168K), 7 survivors (7168K)
 Metaspace       used 29542K, capacity 30006K, committed 30076K, reserved 1075200K
  class space    used 3482K, capacity 3670K, committed 3712K, reserved 1048576K
}
Event: 6.109 GC heap before
{Heap before GC invocations=4 (full 0):
 garbage-first heap   total 262144K, used 61518K [0x0000000701800000, 0x0000000800000000)
  region size 1024K, 40 young (40960K), 7 survivors (7168K)
 Metaspace       used 35535K, capacity 35912K, committed 36048K, reserved 1081344K
  class space    used 4141K, capacity 4291K, committed 4352K, reserved 1048576K
}
Event: 6.151 GC heap after
{Heap after GC invocations=5 (full 0):
 garbage-first heap   total 262144K, used 25906K [0x0000000701800000, 0x0000000800000000)
  region size 1024K, 4 young (4096K), 4 survivors (4096K)
 Metaspace       used 35535K, capacity 35912K, committed 36048K, reserved 1081344K
  class space    used 4141K, capacity 4291K, committed 4352K, reserved 1048576K
}
Event: 8.574 GC heap before
{Heap before GC invocations=6 (full 0):
 garbage-first heap   total 262144K, used 81202K [0x0000000701800000, 0x0000000800000000)
  region size 1024K, 56 young (57344K), 4 survivors (4096K)
 Metaspace       used 47276K, capacity 47846K, committed 48028K, reserved 1091584K
  class space    used 5572K, capacity 5813K, committed 5836K, reserved 1048576K
}
Event: 8.619 GC heap after
{Heap after GC invocations=7 (full 0):
 garbage-first heap   total 315392K, used 32768K [0x0000000701800000, 0x0000000800000000)
  region size 1024K, 7 young (7168K), 7 survivors (7168K)
 Metaspace       used 47276K, capacity 47846K, committed 48028K, reserved 1091584K
  class space    used 5572K, capacity 5813K, committed 5836K, reserved 1048576K
}
Event: 13.185 GC heap before
{Heap before GC invocations=8 (full 0):
 garbage-first heap   total 315392K, used 96256K [0x0000000701800000, 0x0000000800000000)
  region size 1024K, 68 young (69632K), 7 survivors (7168K)
 Metaspace       used 52168K, capacity 52849K, committed 53148K, reserved 1095680K
  class space    used 6025K, capacity 6298K, committed 6348K, reserved 1048576K
}
Event: 13.229 GC heap after
{Heap after GC invocations=9 (full 0):
 garbage-first heap   total 315392K, used 40035K [0x0000000701800000, 0x0000000800000000)
  region size 1024K, 7 young (7168K), 7 survivors (7168K)
 Metaspace       used 52168K, capacity 52849K, committed 53148K, reserved 1095680K
  class space    used 6025K, capacity 6298K, committed 6348K, reserved 1048576K
}
Event: 22.187 GC heap before
{Heap before GC invocations=9 (full 0):
 garbage-first heap   total 315392K, used 117859K [0x0000000701800000, 0x0000000800000000)
  region size 1024K, 83 young (84992K), 7 survivors (7168K)
 Metaspace       used 59314K, capacity 60089K, committed 60188K, reserved 1101824K
  class space    used 6877K, capacity 7196K, committed 7244K, reserved 1048576K
}
Event: 22.269 GC heap after
{Heap after GC invocations=10 (full 0):
 garbage-first heap   total 315392K, used 51003K [0x0000000701800000, 0x0000000800000000)
  region size 1024K, 11 young (11264K), 11 survivors (11264K)
 Metaspace       used 59314K, capacity 60089K, committed 60188K, reserved 1101824K
  class space    used 6877K, capacity 7196K, committed 7244K, reserved 1048576K
}
Event: 31.255 GC heap before
{Heap before GC invocations=10 (full 0):
 garbage-first heap   total 315392K, used 138043K [0x0000000701800000, 0x0000000800000000)
  region size 1024K, 96 young (98304K), 11 survivors (11264K)
 Metaspace       used 68662K, capacity 69461K, committed 69788K, reserved 1112064K
  class space    used 7714K, capacity 8036K, committed 8140K, reserved 1048576K
}
Event: 31.316 GC heap after
{Heap after GC invocations=11 (full 0):
 garbage-first heap   total 315392K, used 61819K [0x0000000701800000, 0x0000000800000000)
  region size 1024K, 11 young (11264K), 11 survivors (11264K)
 Metaspace       used 68662K, capacity 69461K, committed 69788K, reserved 1112064K
  class space    used 7714K, capacity 8036K, committed 8140K, reserved 1048576K
}
Event: 33.896 GC heap before
{Heap before GC invocations=11 (full 0):
 garbage-first heap   total 315392K, used 97659K [0x0000000701800000, 0x0000000800000000)
  region size 1024K, 47 young (48128K), 11 survivors (11264K)
 Metaspace       used 72569K, capacity 73336K, committed 73500K, reserved 1124352K
  class space    used 8082K, capacity 8389K, committed 8524K, reserved 1048576K
}

Deoptimization events (20 events):
Event: 32.890 Thread 0x0000021c10cef800 Uncommon trap: trap_request=0x0000012e fr.pc=0x0000021c1c7e5a28 relative=0x00000000000003e8
Event: 32.890 Thread 0x0000021c10cef800 Uncommon trap: reason=unloaded action=reinterpret pc=0x0000021c1c7e5a28 method=androidx.compose.compiler.plugins.kotlin.lower.ComposerTypeRemapper.remapType(Lorg/jetbrains/kotlin/ir/types/IrType;)Lorg/jetbrains/kotlin/ir/types/IrType; @ 121 c2
Event: 32.890 Thread 0x0000021c10cef800 DEOPT PACKING pc=0x0000021c1c7e5a28 sp=0x000000444b5fd590
Event: 32.890 Thread 0x0000021c10cef800 DEOPT UNPACKING pc=0x0000021c147f7b2f sp=0x000000444b5fd450 mode 2
Event: 33.044 Thread 0x0000021c10cef800 Uncommon trap: trap_request=0xffffff4d fr.pc=0x0000021c1c73d744 relative=0x0000000000000224
Event: 33.044 Thread 0x0000021c10cef800 Uncommon trap: reason=unstable_if action=reinterpret pc=0x0000021c1c73d744 method=java.lang.StringLatin1.compareTo([B[BII)I @ 14 c2
Event: 33.044 Thread 0x0000021c10cef800 DEOPT PACKING pc=0x0000021c1c73d744 sp=0x000000444b5fd780
Event: 33.044 Thread 0x0000021c10cef800 DEOPT UNPACKING pc=0x0000021c147f7b2f sp=0x000000444b5fd708 mode 2
Event: 33.511 Thread 0x0000021c10cef800 Uncommon trap: trap_request=0xffffff4d fr.pc=0x0000021c1c76d950 relative=0x0000000000000910
Event: 33.511 Thread 0x0000021c10cef800 Uncommon trap: reason=unstable_if action=reinterpret pc=0x0000021c1c76d950 method=org.jetbrains.kotlin.descriptors.impl.FunctionDescriptorImpl.isInfix()Z @ 4 c2
Event: 33.511 Thread 0x0000021c10cef800 DEOPT PACKING pc=0x0000021c1c76d950 sp=0x000000444b5fc5a0
Event: 33.511 Thread 0x0000021c10cef800 DEOPT UNPACKING pc=0x0000021c147f7b2f sp=0x000000444b5fc558 mode 2
Event: 33.542 Thread 0x0000021c10cef800 Uncommon trap: trap_request=0xffffff4d fr.pc=0x0000021c1c2f1830 relative=0x0000000000000270
Event: 33.542 Thread 0x0000021c10cef800 Uncommon trap: reason=unstable_if action=reinterpret pc=0x0000021c1c2f1830 method=java.util.HashMap.hash(Ljava/lang/Object;)I @ 1 c2
Event: 33.542 Thread 0x0000021c10cef800 DEOPT PACKING pc=0x0000021c1c2f1830 sp=0x000000444b5fd720
Event: 33.542 Thread 0x0000021c10cef800 DEOPT UNPACKING pc=0x0000021c147f7b2f sp=0x000000444b5fd658 mode 2
Event: 33.557 Thread 0x0000021c10cef800 Uncommon trap: trap_request=0xffffff7e fr.pc=0x0000021c1c7acb8c relative=0x000000000000218c
Event: 33.557 Thread 0x0000021c10cef800 Uncommon trap: reason=predicate action=maybe_recompile pc=0x0000021c1c7acb8c method=org.jetbrains.kotlin.descriptors.impl.FunctionDescriptorImpl.initialize(Lorg/jetbrains/kotlin/descriptors/ReceiverParameterDescriptor;Lorg/jetbrains/kotlin/descriptors/Rec
Event: 33.557 Thread 0x0000021c10cef800 DEOPT PACKING pc=0x0000021c1c7acb8c sp=0x000000444b5fd4c0
Event: 33.557 Thread 0x0000021c10cef800 DEOPT UNPACKING pc=0x0000021c147f7b2f sp=0x000000444b5fd3e0 mode 2

Classes redefined (0 events):
No events

Internal exceptions (20 events):
Event: 17.976 Thread 0x0000021c10cef800 Exception <a 'java/lang/NoSuchMethodError'{0x00000007122565d8}: 'java.lang.Object java.lang.invoke.Invokers$Holder.linkToTargetMethod(java.lang.Object, java.lang.Object, java.lang.Object, int, int, java.lang.Object)'> (0x00000007122565d8) thrown at [./src/hotspot/share/interpreter/linkResolver.cpp, line 773]
Event: 18.140 Thread 0x0000021c10cef800 Exception <a 'java/lang/NoSuchMethodError'{0x0000000712035958}: 'int java.lang.invoke.DirectMethodHandle$Holder.invokeVirtual(java.lang.Object, java.lang.Object, java.lang.Object)'> (0x0000000712035958) thrown at [./src/hotspot/share/interpreter/linkResolver.cpp, line 773]
Event: 18.490 Thread 0x0000021c10cef800 Exception <a 'java/lang/NoSuchMethodError'{0x0000000711c0a470}: 'java.lang.Object java.lang.invoke.DirectMethodHandle$Holder.invokeSpecial(java.lang.Object, java.lang.Object, java.lang.Object, java.lang.Object, java.lang.Object, int)'> (0x0000000711c0a470) thrown at [./src/hotspot/share/interpreter/linkResolver.cpp, line 773]
Event: 18.490 Thread 0x0000021c10cef800 Exception <a 'java/lang/NoSuchMethodError'{0x0000000711c0e2b8}: 'java.lang.Object java.lang.invoke.Invokers$Holder.linkToTargetMethod(java.lang.Object, java.lang.Object, java.lang.Object, int, java.lang.Object)'> (0x0000000711c0e2b8) thrown at [./src/hotspot/share/interpreter/linkResolver.cpp, line 773]
Event: 18.710 Thread 0x0000021c10cef800 Exception <a 'java/lang/NoSuchMethodError'{0x0000000711cddc38}: 'int java.lang.invoke.DirectMethodHandle$Holder.invokeStaticInit(java.lang.Object, int)'> (0x0000000711cddc38) thrown at [./src/hotspot/share/interpreter/linkResolver.cpp, line 773]
Event: 18.976 Thread 0x0000021c10cef800 Exception <a 'java/lang/IncompatibleClassChangeError'{0x000000071195ecc8}: Found class java.lang.Object, but interface was expected> (0x000000071195ecc8) thrown at [./src/hotspot/share/interpreter/linkResolver.cpp, line 839]
Event: 20.186 Thread 0x0000021c10cef800 Implicit null exception at 0x0000021c1c4ebb84 to 0x0000021c1c4ec650
Event: 20.223 Thread 0x0000021c10cef800 Exception <a 'java/lang/NoSuchMethodError'{0x00000007106ddcc0}: 'java.lang.Object java.lang.invoke.DirectMethodHandle$Holder.invokeInterface(java.lang.Object, java.lang.Object, java.lang.Object)'> (0x00000007106ddcc0) thrown at [./src/hotspot/share/interpreter/linkResolver.cpp, line 773]
Event: 20.224 Thread 0x0000021c10cef800 Exception <a 'java/lang/IncompatibleClassChangeError'{0x00000007106e0ef0}: Found class java.lang.Object, but interface was expected> (0x00000007106e0ef0) thrown at [./src/hotspot/share/interpreter/linkResolver.cpp, line 839]
Event: 20.247 Thread 0x0000021c10cef800 Implicit null exception at 0x0000021c1c2a98f7 to 0x0000021c1c2a9e04
Event: 20.460 Thread 0x0000021c10cef800 Implicit null exception at 0x0000021c1c2aa8f4 to 0x0000021c1c2aae1c
Event: 28.059 Thread 0x0000021c10cef800 Exception <a 'java/lang/NoSuchMethodError'{0x0000000712916d08}: 'java.lang.Object java.lang.invoke.Invokers$Holder.linkToTargetMethod(java.lang.Object, java.lang.Object, java.lang.Object, java.lang.Object, java.lang.Object, java.lang.Object, java.lang.Object)'> (0x0000000712916d08) thrown at [./src/hotspot/share/interpreter/linkResolver.cpp, line 773]
Event: 28.168 Thread 0x0000021c10cef800 Implicit null exception at 0x0000021c1c2e68f5 to 0x0000021c1c2e6ae4
Event: 28.168 Thread 0x0000021c10cef800 Implicit null exception at 0x0000021c1c3a86af to 0x0000021c1c3a8729
Event: 28.356 Thread 0x0000021c10cef800 Implicit null exception at 0x0000021c1c6e619f to 0x0000021c1c6e6664
Event: 28.356 Thread 0x0000021c10cef800 Implicit null exception at 0x0000021c1c6e573d to 0x0000021c1c6e5a1c
Event: 28.357 Thread 0x0000021c10cef800 Implicit null exception at 0x0000021c1c61fef5 to 0x0000021c1c6200d0
Event: 28.408 Thread 0x0000021c10cef800 Implicit null exception at 0x0000021c1c521379 to 0x0000021c1c521660
Event: 29.004 Thread 0x0000021c10cef800 Implicit null exception at 0x0000021c1c488852 to 0x0000021c1c488b23
Event: 33.542 Thread 0x0000021c10cef800 Implicit null exception at 0x0000021c1c2f15f4 to 0x0000021c1c2f1824

Events (20 events):
Event: 33.885 loading class org/jetbrains/kotlin/backend/jvm/lower/inlineclasses/MemoizedInlineClassReplacements$getBoxFunction$1 done
Event: 33.886 loading class org/jetbrains/kotlin/backend/jvm/lower/inlineclasses/MemoizedInlineClassReplacements$getUnboxFunction$1
Event: 33.886 loading class org/jetbrains/kotlin/backend/jvm/lower/inlineclasses/MemoizedInlineClassReplacements$getUnboxFunction$1 done
Event: 33.886 loading class org/jetbrains/kotlin/backend/jvm/JvmIrCodegenFactory$doGenerateFilesInternal$1
Event: 33.886 loading class org/jetbrains/kotlin/backend/jvm/JvmIrCodegenFactory$doGenerateFilesInternal$1 done
Event: 33.888 loading class org/jetbrains/kotlin/backend/jvm/JvmLower
Event: 33.888 loading class org/jetbrains/kotlin/backend/jvm/JvmLower done
Event: 33.890 loading class org/jetbrains/kotlin/backend/common/phaser/PhaserState
Event: 33.890 loading class org/jetbrains/kotlin/backend/common/phaser/PhaserState done
Event: 33.890 loading class org/jetbrains/kotlin/backend/common/phaser/ActionState
Event: 33.890 loading class org/jetbrains/kotlin/backend/common/phaser/ActionState done
Event: 33.891 loading class org/jetbrains/kotlin/backend/common/phaser/BeforeOrAfter
Event: 33.891 loading class org/jetbrains/kotlin/backend/common/phaser/BeforeOrAfter done
Event: 33.892 loading class org/jetbrains/kotlin/backend/common/phaser/DumperVerifierKt$WhenMappings
Event: 33.892 loading class org/jetbrains/kotlin/backend/common/phaser/DumperVerifierKt$WhenMappings done
Event: 33.893 loading class org/jetbrains/kotlin/backend/common/IrValidatorConfig
Event: 33.893 loading class org/jetbrains/kotlin/backend/common/IrValidatorConfig done
Event: 33.893 loading class org/jetbrains/kotlin/backend/common/IrValidator
Event: 33.893 loading class org/jetbrains/kotlin/backend/common/IrValidator done
Event: 33.895 Executing VM operation: CollectForMetadataAllocation


Dynamic libraries:
0x00007ff798c30000 - 0x00007ff798c3a000 	C:\Program Files\Android\Android Studio\jre\bin\java.exe
0x00007ffaa9240000 - 0x00007ffaa9447000 	C:\WINDOWS\SYSTEM32\ntdll.dll
0x00007ffaa75d0000 - 0x00007ffaa768d000 	C:\WINDOWS\System32\KERNEL32.DLL
0x00007ffaa67c0000 - 0x00007ffaa6b34000 	C:\WINDOWS\System32\KERNELBASE.dll
0x00007ffaa36c0000 - 0x00007ffaa3751000 	C:\WINDOWS\SYSTEM32\apphelp.dll
0x00007ffaa6bf0000 - 0x00007ffaa6d01000 	C:\WINDOWS\System32\ucrtbase.dll
0x00007ffa79e70000 - 0x00007ffa79e87000 	C:\Program Files\Android\Android Studio\jre\bin\VCRUNTIME140.dll
0x00007ffa7a750000 - 0x00007ffa7a769000 	C:\Program Files\Android\Android Studio\jre\bin\jli.dll
0x00007ffaa8d50000 - 0x00007ffaa8efc000 	C:\WINDOWS\System32\USER32.dll
0x00007ffa95380000 - 0x00007ffa95625000 	C:\WINDOWS\WinSxS\amd64_microsoft.windows.common-controls_6595b64144ccf1df_6.0.22000.51_none_25c0e06ad7789dba\COMCTL32.dll
0x00007ffaa73a0000 - 0x00007ffaa7443000 	C:\WINDOWS\System32\msvcrt.dll
0x00007ffaa6bc0000 - 0x00007ffaa6be6000 	C:\WINDOWS\System32\win32u.dll
0x00007ffaa8d20000 - 0x00007ffaa8d49000 	C:\WINDOWS\System32\GDI32.dll
0x00007ffaa6d10000 - 0x00007ffaa6e22000 	C:\WINDOWS\System32\gdi32full.dll
0x00007ffaa6720000 - 0x00007ffaa67bd000 	C:\WINDOWS\System32\msvcp_win.dll
0x00007ffaa7130000 - 0x00007ffaa7161000 	C:\WINDOWS\System32\IMM32.DLL
0x00007ffa683a0000 - 0x00007ffa6843d000 	C:\Program Files\Android\Android Studio\jre\bin\msvcp140.dll
0x00007ffa5ab30000 - 0x00007ffa5b5ff000 	C:\Program Files\Android\Android Studio\jre\bin\server\jvm.dll
0x00007ffaa8ff0000 - 0x00007ffaa909c000 	C:\WINDOWS\System32\ADVAPI32.dll
0x00007ffaa74c0000 - 0x00007ffaa755d000 	C:\WINDOWS\System32\sechost.dll
0x00007ffaa7690000 - 0x00007ffaa77b1000 	C:\WINDOWS\System32\RPCRT4.dll
0x00007ffaa8cf0000 - 0x00007ffaa8cf8000 	C:\WINDOWS\System32\PSAPI.DLL
0x00007ffa8f790000 - 0x00007ffa8f799000 	C:\WINDOWS\SYSTEM32\WSOCK32.dll
0x00007ffa95b30000 - 0x00007ffa95b3a000 	C:\WINDOWS\SYSTEM32\VERSION.dll
0x00007ffaa7560000 - 0x00007ffaa75cf000 	C:\WINDOWS\System32\WS2_32.dll
0x00007ffa96c60000 - 0x00007ffa96c93000 	C:\WINDOWS\SYSTEM32\WINMM.dll
0x00007ffaa5940000 - 0x00007ffaa5958000 	C:\WINDOWS\SYSTEM32\kernel.appcore.dll
0x00007ffa9d410000 - 0x00007ffa9d421000 	C:\Program Files\Android\Android Studio\jre\bin\verify.dll
0x00007ffaa4430000 - 0x00007ffaa4651000 	C:\WINDOWS\SYSTEM32\DBGHELP.DLL
0x00007ffa8b200000 - 0x00007ffa8b231000 	C:\WINDOWS\SYSTEM32\dbgcore.DLL
0x00007ffaa6b40000 - 0x00007ffaa6bc0000 	C:\WINDOWS\System32\bcryptPrimitives.dll
0x00007ffa75c20000 - 0x00007ffa75c49000 	C:\Program Files\Android\Android Studio\jre\bin\java.dll
0x00007ffa8d090000 - 0x00007ffa8d09b000 	C:\Program Files\Android\Android Studio\jre\bin\jimage.dll
0x00007ffa7de40000 - 0x00007ffa7de58000 	C:\Program Files\Android\Android Studio\jre\bin\zip.dll
0x00007ffaa7bb0000 - 0x00007ffaa8358000 	C:\WINDOWS\System32\SHELL32.dll
0x00007ffaa48d0000 - 0x00007ffaa5132000 	C:\WINDOWS\SYSTEM32\windows.storage.dll
0x00007ffaa8970000 - 0x00007ffaa8ce8000 	C:\WINDOWS\System32\combase.dll
0x00007ffaa4760000 - 0x00007ffaa48c6000 	C:\WINDOWS\SYSTEM32\wintypes.dll
0x00007ffaa8410000 - 0x00007ffaa84fa000 	C:\WINDOWS\System32\SHCORE.dll
0x00007ffaa9190000 - 0x00007ffaa91ed000 	C:\WINDOWS\System32\shlwapi.dll
0x00007ffaa6650000 - 0x00007ffaa6671000 	C:\WINDOWS\SYSTEM32\profapi.dll
0x00007ffa74010000 - 0x00007ffa7402a000 	C:\Program Files\Android\Android Studio\jre\bin\net.dll
0x00007ffa96340000 - 0x00007ffa9644c000 	C:\WINDOWS\SYSTEM32\WINHTTP.dll
0x00007ffaa5d50000 - 0x00007ffaa5db7000 	C:\WINDOWS\system32\mswsock.dll
0x00007ffa73ff0000 - 0x00007ffa74004000 	C:\Program Files\Android\Android Studio\jre\bin\nio.dll

dbghelp: loaded successfully - version: 4.0.5 - missing functions: none
symbol engine: initialized successfully - sym options: 0x614 - pdb path: .;C:\Program Files\Android\Android Studio\jre\bin;C:\WINDOWS\SYSTEM32;C:\WINDOWS\WinSxS\amd64_microsoft.windows.common-controls_6595b64144ccf1df_6.0.22000.51_none_25c0e06ad7789dba;C:\Program Files\Android\Android Studio\jre\bin\server

VM Arguments:
java_command: org.jetbrains.kotlin.cli.jvm.K2JVMCompiler @C:\Users\leand\AndroidStudioProjects\CodeHero_OBJECTIVE\app\build\20210731_15169218463376267109.compiler.options
java_class_path (initial): C:\Users\leand\.gradle\caches\modules-2\files-2.1\org.jetbrains.kotlin\kotlin-compiler-embeddable\1.5.10\9c35134a025cab7a1e6eee0d87d241c2f30c1218\kotlin-compiler-embeddable-1.5.10.jar;C:\Users\leand\.gradle\caches\modules-2\files-2.1\org.jetbrains.kotlin\kotlin-reflect\1.5.10\d6c70f3c0df2457ea0095c61c1fc1188017dc3bc\kotlin-reflect-1.5.10.jar;C:\Users\leand\.gradle\caches\modules-2\files-2.1\org.jetbrains.kotlin\kotlin-stdlib\1.5.10\da6a904b132f0402fa4d79169a3c1770598d4702\kotlin-stdlib-1.5.10.jar;C:\Users\leand\.gradle\caches\modules-2\files-2.1\org.jetbrains.kotlin\kotlin-script-runtime\1.5.10\69bad0ece91b0797055aeadbd44dc742c458398b\kotlin-script-runtime-1.5.10.jar;C:\Users\leand\.gradle\caches\modules-2\files-2.1\org.jetbrains.kotlin\kotlin-daemon-embeddable\1.5.10\d06ad33b62b041dae0609f830c3b48135d53b8bc\kotlin-daemon-embeddable-1.5.10.jar;C:\Users\leand\.gradle\caches\modules-2\files-2.1\org.jetbrains.intellij.deps\trove4j\1.0.20181211\216c2e14b070f334479d800987affe4054cd563f\trove4j-1.0.20181211.jar;C:\Users\leand\.gradle\caches\modules-2\files-2.1\org.jetbrains\annotations\13.0\919f0dfe192fb4e063e7dacadee7f8bb9a2672a9\annotations-13.0.jar;C:\Users\leand\.gradle\caches\modules-2\files-2.1\org.jetbrains.kotlin\kotlin-stdlib-common\1.5.10\6b84d926e28493be69daf673e40076f89492ef7\kotlin-stdlib-common-1.5.10.jar
Launcher Type: SUN_STANDARD

[Global flags]
     intx CICompilerCount                          = 3                                         {product} {ergonomic}
     uint ConcGCThreads                            = 1                                         {product} {ergonomic}
     uint G1ConcRefinementThreads                  = 4                                         {product} {ergonomic}
   size_t G1HeapRegionSize                         = 1048576                                   {product} {ergonomic}
    uintx GCDrainStackTargetSize                   = 64                                        {product} {ergonomic}
   size_t InitialHeapSize                          = 268435456                                 {product} {ergonomic}
   size_t MarkStackSize                            = 4194304                                   {product} {ergonomic}
   size_t MaxHeapSize                              = 4269801472                                {product} {ergonomic}
   size_t MaxNewSize                               = 2561671168                                {product} {ergonomic}
   size_t MinHeapDeltaBytes                        = 1048576                                   {product} {ergonomic}
    uintx NonNMethodCodeHeapSize                   = 5830732                                {pd product} {ergonomic}
    uintx NonProfiledCodeHeapSize                  = 122913754                              {pd product} {ergonomic}
    uintx ProfiledCodeHeapSize                     = 122913754                              {pd product} {ergonomic}
    uintx ReservedCodeCacheSize                    = 251658240                              {pd product} {ergonomic}
     bool SegmentedCodeCache                       = true                                      {product} {ergonomic}
     bool UseCompressedClassPointers               = true                                 {lp64_product} {ergonomic}
     bool UseCompressedOops                        = true                                 {lp64_product} {ergonomic}
     bool UseG1GC                                  = true                                      {product} {ergonomic}
     bool UseLargePagesIndividualAllocation        = false                                  {pd product} {ergonomic}

Logging:
Log output configuration:
 #0: stdout all=warning uptime,level,tags
 #1: stderr all=off uptime,level,tags

Environment Variables:
PATH=C:\WINDOWS\system32;C:\WINDOWS;C:\WINDOWS\System32\Wbem;C:\WINDOWS\System32\WindowsPowerShell\v1.0\;C:\WINDOWS\System32\OpenSSH\;C:\Program Files\NVIDIA Corporation\NVIDIA NvDLISR;C:\Program Files\Git\cmd;C:\WINDOWS\system32;C:\WINDOWS;C:\WINDOWS\System32\Wbem;C:\WINDOWS\System32\WindowsPowerShell\v1.0\;C:\WINDOWS\System32\OpenSSH\;C:\Program Files (x86)\Intel\Intel(R) Management Engine Components\DAL;C:\Program Files\Intel\Intel(R) Management Engine Components\DAL;C:\Program Files (x86)\NVIDIA Corporation\PhysX\Common;C:\Users\leand\AppData\Local\Microsoft\WindowsApps;C:\Users\leand\AppData\Local\Programs\Microsoft VS Code\bin;
USERNAME=leand
OS=Windows_NT
PROCESSOR_IDENTIFIER=Intel64 Family 6 Model 142 Stepping 9, GenuineIntel



---------------  S Y S T E M  ---------------

OS: Windows 10 , 64 bit Build 22000 (10.0.22000.37)
OS uptime: 5 days 12:01 hours

CPU:total 4 (initial active 4) (2 cores per cpu, 2 threads per core) family 6 model 142 stepping 9 microcode 0xde, cmov, cx8, fxsr, mmx, sse, sse2, sse3, ssse3, sse4.1, sse4.2, popcnt, avx, avx2, aes, clmul, erms, 3dnowpref, lzcnt, ht, tsc, tscinvbit, bmi1, bmi2, adx, fma

Memory: 4k page, system-wide physical 16282M (3239M free)
TotalPageFile size 31456M (AvailPageFile size 5M)
current process WorkingSet (physical memory assigned to process): 378M, peak: 378M
current process commit charge ("private bytes"): 539M, peak: 601M

vm_info: OpenJDK 64-Bit Server VM (11.0.10+0-b96-7249189) for windows-amd64 JRE (11.0.10+0-b96-7249189), built on Mar 31 2021 21:44:00 by "builder" with MS VC++ 14.0 (VS2015)

END.
