#
# There is insufficient memory for the Java Runtime Environment to continue.
# Native memory allocation (malloc) failed to allocate 1414576 bytes for Chunk::new
# Possible reasons:
#   The system is out of physical RAM or swap space
#   The process is running with CompressedOops enabled, and the Java Heap may be blocking the growth of the native heap
# Possible solutions:
#   Reduce memory load on the system
#   Increase physical memory or swap space
#   Check if swap backing store is full
#   Decrease Java heap size (-Xmx/-Xms)
#   Decrease number of Java threads
#   Decrease Java thread stack sizes (-Xss)
#   Set larger code cache with -XX:ReservedCodeCacheSize=
#   JVM is running with Unscaled Compressed Oops mode in which the Java heap is
#     placed in the first 4GB address space. The Java Heap base address is the
#     maximum limit for the native heap growth. Please use -XX:HeapBaseMinAddress
#     to set the Java Heap base and to place the Java Heap above 4GB virtual address.
# This output file may be truncated or incomplete.
#
#  Out of Memory Error (./src/hotspot/share/memory/arena.cpp:197), pid=3224, tid=19968
#
# JRE version: OpenJDK Runtime Environment (11.0.10) (build 11.0.10+0-b96-7249189)
# Java VM: OpenJDK 64-Bit Server VM (11.0.10+0-b96-7249189, mixed mode, tiered, compressed oops, g1 gc, windows-amd64)
# No core dump will be written. Minidumps are not enabled by default on client versions of Windows
#

---------------  S U M M A R Y ------------

Command Line: --add-opens=java.base/java.util=ALL-UNNAMED --add-opens=java.base/java.lang=ALL-UNNAMED --add-opens=java.base/java.lang.invoke=ALL-UNNAMED --add-opens=java.prefs/java.util.prefs=ALL-UNNAMED -Xmx2048m -Dfile.encoding=UTF-8 -Duser.country=BR -Duser.language=pt -Duser.variant org.gradle.launcher.daemon.bootstrap.GradleDaemon 6.7.1

Host: Intel(R) Core(TM) i7-7500U CPU @ 2.70GHz, 4 cores, 15G,  Windows 10 , 64 bit Build 22000 (10.0.22000.37)
Time: Sat Jul 31 23:22:33 2021 Hora oficial do Brasil elapsed time: 58.473516 seconds (0d 0h 0m 58s)

---------------  T H R E A D  ---------------

Current thread (0x000001eddfca6000):  JavaThread "C2 CompilerThread0" daemon [_thread_in_native, id=19968, stack(0x0000008769800000,0x0000008769900000)]


Current CompileTask:
C2:  58473 10135       4       com.android.tools.r8.dex.n::m (2054 bytes)

Stack: [0x0000008769800000,0x0000008769900000]
Native frames: (J=compiled Java code, j=interpreted, Vv=VM code, C=native code)
V  [jvm.dll+0x5ecfaa]
V  [jvm.dll+0x722bd5]
V  [jvm.dll+0x72412d]
V  [jvm.dll+0x7247e3]
V  [jvm.dll+0x242928]
V  [jvm.dll+0xbc4fc]
V  [jvm.dll+0xbca0c]
V  [jvm.dll+0x352d3b]
V  [jvm.dll+0x320ad3]
V  [jvm.dll+0x31ffca]
V  [jvm.dll+0x1fb602]
V  [jvm.dll+0x1fa7f4]
V  [jvm.dll+0x18354c]
V  [jvm.dll+0x208ee7]
V  [jvm.dll+0x207731]
V  [jvm.dll+0x6eb1cf]
V  [jvm.dll+0x6e3d45]
V  [jvm.dll+0x5ebe96]
C  [ucrtbase.dll+0x26c0c]
C  [KERNEL32.DLL+0x154e0]
C  [ntdll.dll+0x485b]


---------------  P R O C E S S  ---------------

Threads class SMR info:
_java_thread_list=0x000001ede5acf240, length=173, elements={
0x000001edc581d800, 0x000001eddfc3f000, 0x000001eddfc40000, 0x000001eddfca0800,
0x000001eddfca2000, 0x000001eddfca3000, 0x000001eddfca6000, 0x000001eddfca7800,
0x000001eddfd0f000, 0x000001eddfdff000, 0x000001ede317e000, 0x000001ede357c800,
0x000001ede2cae800, 0x000001ede1a71800, 0x000001ede1a70800, 0x000001ede116f000,
0x000001ede1170000, 0x000001ede1172000, 0x000001ede168e800, 0x000001ede2040000,
0x000001ede2042800, 0x000001ede2043800, 0x000001ede2041800, 0x000001ede2046800,
0x000001ede2044000, 0x000001ede2045000, 0x000001ede2041000, 0x000001ede2046000,
0x000001ede2bca000, 0x000001ede2bcb800, 0x000001ede2bc8800, 0x000001ede2bca800,
0x000001ede2bc6800, 0x000001ede2bcf000, 0x000001ede2bc9000, 0x000001ede2bcf800,
0x000001ede2bd3000, 0x000001ede2bcd000, 0x000001ede2bd0800, 0x000001ede2bd3800,
0x000001ede2bd1800, 0x000001ede2bd2000, 0x000001ede2bce000, 0x000001ede2bd4800,
0x000001ede2bd5800, 0x000001ede51da800, 0x000001ede51de800, 0x000001ede51db000,
0x000001ede51d8800, 0x000001ede51d9800, 0x000001ede51df000, 0x000001ede51e1000,
0x000001ede51e1800, 0x000001ede51dc000, 0x000001ede51dd800, 0x000001ede51e2800,
0x000001ede51e0000, 0x000001ede51dc800, 0x000001ede51e3000, 0x000001ede51e4000,
0x000001ede51e7800, 0x000001ede51e5000, 0x000001ede51e5800, 0x000001ede51e6800,
0x000001ede3197800, 0x000001ede3192000, 0x000001ede3198800, 0x000001ede3195000,
0x000001ede3193000, 0x000001ede3193800, 0x000001ede319a000, 0x000001ede3199800,
0x000001ede3194800, 0x000001ede3196000, 0x000001ede319c000, 0x000001ede319b000,
0x000001ede319c800, 0x000001ede3197000, 0x000001ede319d800, 0x000001ede319e000,
0x000001ede319f000, 0x000001ede31a0000, 0x000001ede31a0800, 0x000001ede1f9f800,
0x000001ede1fa1000, 0x000001ede1fa0000, 0x000001ede1f9b800, 0x000001ede1fa2000,
0x000001ede1f9c000, 0x000001ede1fa2800, 0x000001ede1f9d000, 0x000001ede1fa3800,
0x000001ede1f9d800, 0x000001ede1fa4800, 0x000001ede1f9e800, 0x000001ede1fa5000,
0x000001ede1fa8800, 0x000001ede1fa6000, 0x000001ede1fa6800, 0x000001ede1fa9000,
0x000001ede1fa7800, 0x000001ede1faa000, 0x000001ede517a000, 0x000001ede5177000,
0x000001ede5178800, 0x000001ede517b800, 0x000001ede5179800, 0x000001ede517b000,
0x000001ede517c800, 0x000001ede517d800, 0x000001ede5177800, 0x000001ede5183000,
0x000001ede5181800, 0x000001ede5184000, 0x000001ede517e000, 0x000001ede5180800,
0x000001ede5184800, 0x000001ede517f000, 0x000001ede5182800, 0x000001ede5180000,
0x000001ede5185800, 0x000001ede1078800, 0x000001ede1077000, 0x000001ede1079000,
0x000001ede1077800, 0x000001ede107a000, 0x000001ede1076000, 0x000001ede107f000,
0x000001ede107d800, 0x000001ede1080800, 0x000001ede107e000, 0x000001ede1080000,
0x000001ede107c800, 0x000001ede107b000, 0x000001ede1081800, 0x000001ede107b800,
0x000001ede1082000, 0x000001ede1083000, 0x000001ede1084000, 0x000001ede1084800,
0x000001ede2c4b800, 0x000001ede2c50800, 0x000001ede2c4a800, 0x000001ede2c4e800,
0x000001ede2c4f800, 0x000001ede2c4e000, 0x000001ede2c51000, 0x000001ede2c4c000,
0x000001ede2c52000, 0x000001ede2c52800, 0x000001ede2c4d000, 0x000001ede2c58800,
0x000001ede2c56000, 0x000001ede2c53800, 0x000001ede82c4000, 0x000001ede2c59800,
0x000001ede2c54800, 0x000001ede2c55000, 0x000001ede2c57000, 0x000001ede9b30000,
0x000001ede9b30800, 0x000001ede9b2c800, 0x000001ede9b2f000, 0x000001ede9b33000,
0x000001ede9b31800, 0x000001ede9b2d800, 0x000001ede9b32800, 0x000001ede9b34000,
0x000001ede9b2e800, 0x000001ede9b3a800, 0x000001ede9b37800, 0x000001ede9b39000,
0x000001ede9b38000
}

Java Threads: ( => current thread )
  0x000001edc581d800 JavaThread "main" [_thread_blocked, id=23744, stack(0x0000008768b00000,0x0000008768c00000)]
  0x000001eddfc3f000 JavaThread "Reference Handler" daemon [_thread_blocked, id=16376, stack(0x0000008769200000,0x0000008769300000)]
  0x000001eddfc40000 JavaThread "Finalizer" daemon [_thread_blocked, id=9992, stack(0x0000008769300000,0x0000008769400000)]
  0x000001eddfca0800 JavaThread "Signal Dispatcher" daemon [_thread_blocked, id=25364, stack(0x0000008769500000,0x0000008769600000)]
  0x000001eddfca2000 JavaThread "Attach Listener" daemon [_thread_blocked, id=15608, stack(0x0000008769600000,0x0000008769700000)]
  0x000001eddfca3000 JavaThread "Service Thread" daemon [_thread_blocked, id=24484, stack(0x0000008769700000,0x0000008769800000)]
=>0x000001eddfca6000 JavaThread "C2 CompilerThread0" daemon [_thread_in_native, id=19968, stack(0x0000008769800000,0x0000008769900000)]
  0x000001eddfca7800 JavaThread "C1 CompilerThread0" daemon [_thread_blocked, id=25064, stack(0x0000008769900000,0x0000008769a00000)]
  0x000001eddfd0f000 JavaThread "Sweeper thread" daemon [_thread_blocked, id=16676, stack(0x0000008769a00000,0x0000008769b00000)]
  0x000001eddfdff000 JavaThread "Common-Cleaner" daemon [_thread_blocked, id=19360, stack(0x0000008769b00000,0x0000008769c00000)]
  0x000001ede317e000 JavaThread "Daemon health stats" [_thread_blocked, id=18504, stack(0x000000876a100000,0x000000876a200000)]
  0x000001ede357c800 JavaThread "Incoming local TCP Connector on port 49689" [_thread_in_native, id=7940, stack(0x000000876a300000,0x000000876a400000)]
  0x000001ede2cae800 JavaThread "Daemon" [_thread_blocked, id=11812, stack(0x000000876a400000,0x000000876a500000)]
  0x000001ede1a71800 JavaThread "Handler for socket connection from /127.0.0.1:49689 to /127.0.0.1:49690" [_thread_in_native, id=2676, stack(0x000000876a500000,0x000000876a600000)]
  0x000001ede1a70800 JavaThread "Daemon periodic checks" [_thread_blocked, id=25140, stack(0x000000876a600000,0x000000876a700000)]
  0x000001ede116f000 JavaThread "Cancel handler" [_thread_blocked, id=12332, stack(0x000000876a700000,0x000000876a800000)]
  0x000001ede1170000 JavaThread "Daemon worker" [_thread_blocked, id=14800, stack(0x000000876a800000,0x000000876a900000)]
  0x000001ede1172000 JavaThread "Asynchronous log dispatcher for DefaultDaemonConnection: socket connection from /127.0.0.1:49689 to /127.0.0.1:49690" [_thread_blocked, id=6812, stack(0x000000876a900000,0x000000876aa00000)]
  0x000001ede168e800 JavaThread "Stdin handler" [_thread_blocked, id=19608, stack(0x000000876aa00000,0x000000876ab00000)]
  0x000001ede2040000 JavaThread "Thread-8" [_thread_blocked, id=24920, stack(0x000000876ab00000,0x000000876ac00000)]
  0x000001ede2042800 JavaThread "Cache worker for file hash cache (C:\Users\leand\.gradle\caches\6.7.1\fileHashes)" [_thread_blocked, id=18468, stack(0x000000876ac00000,0x000000876ad00000)]
  0x000001ede2043800 JavaThread "File lock request listener" [_thread_in_native, id=23324, stack(0x000000876ad00000,0x000000876ae00000)]
  0x000001ede2041800 JavaThread "Cache worker for journal cache (C:\Users\leand\.gradle\caches\journal-1)" [_thread_blocked, id=7988, stack(0x000000876ae00000,0x000000876af00000)]
  0x000001ede2046800 JavaThread "Cache worker for file hash cache (C:\Users\leand\AndroidStudioProjects\CodeHero_OBJECTIVE\.gradle\6.7.1\fileHashes)" [_thread_blocked, id=17196, stack(0x000000876af00000,0x000000876b000000)]
  0x000001ede2044000 JavaThread "Cache worker for checksums cache (C:\Users\leand\AndroidStudioProjects\CodeHero_OBJECTIVE\.gradle\checksums)" [_thread_blocked, id=20388, stack(0x000000876b100000,0x000000876b200000)]
  0x000001ede2045000 JavaThread "Cache worker for cache directory md-supplier (C:\Users\leand\.gradle\caches\6.7.1\md-supplier)" [_thread_blocked, id=3824, stack(0x000000876b200000,0x000000876b300000)]
  0x000001ede2041000 JavaThread "Cache worker for cache directory md-rule (C:\Users\leand\.gradle\caches\6.7.1\md-rule)" [_thread_blocked, id=18876, stack(0x000000876b000000,0x000000876b100000)]
  0x000001ede2046000 JavaThread "Cache worker for execution history cache (C:\Users\leand\.gradle\caches\6.7.1\executionHistory)" [_thread_blocked, id=10964, stack(0x000000876b300000,0x000000876b400000)]
  0x000001ede2bca000 JavaThread "jar transforms" [_thread_blocked, id=17912, stack(0x000000876b400000,0x000000876b500000)]
  0x000001ede2bcb800 JavaThread "Cache worker for file content cache (C:\Users\leand\.gradle\caches\6.7.1\fileContent)" [_thread_blocked, id=10432, stack(0x000000876b500000,0x000000876b600000)]
  0x000001ede2bc8800 JavaThread "Cache worker for Build Output Cleanup Cache (C:\Users\leand\AndroidStudioProjects\CodeHero_OBJECTIVE\.gradle\buildOutputCleanup)" [_thread_blocked, id=20408, stack(0x000000876b600000,0x000000876b700000)]
  0x000001ede2bca800 JavaThread "Build operations" [_thread_blocked, id=1900, stack(0x000000876b700000,0x000000876b800000)]
  0x000001ede2bc6800 JavaThread "Build operations Thread 2" [_thread_blocked, id=6128, stack(0x000000876b800000,0x000000876b900000)]
  0x000001ede2bcf000 JavaThread "Build operations Thread 3" [_thread_blocked, id=3608, stack(0x000000876b900000,0x000000876ba00000)]
  0x000001ede2bc9000 JavaThread "Build operations Thread 4" [_thread_blocked, id=25248, stack(0x000000876ba00000,0x000000876bb00000)]
  0x000001ede2bcf800 JavaThread "jar transforms Thread 2" [_thread_blocked, id=11752, stack(0x000000876bb00000,0x000000876bc00000)]
  0x000001ede2bd3000 JavaThread "jar transforms Thread 3" [_thread_blocked, id=22352, stack(0x000000876bc00000,0x000000876bd00000)]
  0x000001ede2bcd000 JavaThread "jar transforms Thread 4" [_thread_blocked, id=24464, stack(0x000000876bd00000,0x000000876be00000)]
  0x000001ede2bd0800 JavaThread "jar transforms Thread 5" [_thread_blocked, id=11076, stack(0x000000876be00000,0x000000876bf00000)]
  0x000001ede2bd3800 JavaThread "jar transforms Thread 6" [_thread_blocked, id=24648, stack(0x000000876bf00000,0x000000876c000000)]
  0x000001ede2bd1800 JavaThread "jar transforms Thread 7" [_thread_blocked, id=13172, stack(0x000000876c000000,0x000000876c100000)]
  0x000001ede2bd2000 JavaThread "jar transforms Thread 8" [_thread_blocked, id=25168, stack(0x000000876c100000,0x000000876c200000)]
  0x000001ede2bce000 JavaThread "jar transforms Thread 9" [_thread_blocked, id=13780, stack(0x000000876c200000,0x000000876c300000)]
  0x000001ede2bd4800 JavaThread "jar transforms Thread 10" [_thread_blocked, id=22888, stack(0x000000876c300000,0x000000876c400000)]
  0x000001ede2bd5800 JavaThread "jar transforms Thread 11" [_thread_blocked, id=8960, stack(0x000000876c400000,0x000000876c500000)]
  0x000001ede51da800 JavaThread "jar transforms Thread 12" [_thread_blocked, id=19668, stack(0x000000876c500000,0x000000876c600000)]
  0x000001ede51de800 JavaThread "jar transforms Thread 13" [_thread_blocked, id=20432, stack(0x000000876c600000,0x000000876c700000)]
  0x000001ede51db000 JavaThread "jar transforms Thread 14" [_thread_blocked, id=22428, stack(0x000000876c700000,0x000000876c800000)]
  0x000001ede51d8800 JavaThread "jar transforms Thread 15" [_thread_blocked, id=24448, stack(0x000000876c800000,0x000000876c900000)]
  0x000001ede51d9800 JavaThread "jar transforms Thread 16" [_thread_blocked, id=11736, stack(0x000000876c900000,0x000000876ca00000)]
  0x000001ede51df000 JavaThread "jar transforms Thread 17" [_thread_blocked, id=6556, stack(0x000000876ca00000,0x000000876cb00000)]
  0x000001ede51e1000 JavaThread "jar transforms Thread 18" [_thread_blocked, id=18748, stack(0x000000876cb00000,0x000000876cc00000)]
  0x000001ede51e1800 JavaThread "jar transforms Thread 19" [_thread_blocked, id=24008, stack(0x000000876cc00000,0x000000876cd00000)]
  0x000001ede51dc000 JavaThread "jar transforms Thread 20" [_thread_blocked, id=12100, stack(0x000000876cd00000,0x000000876ce00000)]
  0x000001ede51dd800 JavaThread "jar transforms Thread 21" [_thread_blocked, id=15600, stack(0x000000876ce00000,0x000000876cf00000)]
  0x000001ede51e2800 JavaThread "jar transforms Thread 22" [_thread_blocked, id=17764, stack(0x000000876cf00000,0x000000876d000000)]
  0x000001ede51e0000 JavaThread "jar transforms Thread 23" [_thread_blocked, id=21652, stack(0x000000876d000000,0x000000876d100000)]
  0x000001ede51dc800 JavaThread "jar transforms Thread 24" [_thread_blocked, id=23604, stack(0x000000876d100000,0x000000876d200000)]
  0x000001ede51e3000 JavaThread "jar transforms Thread 25" [_thread_blocked, id=13412, stack(0x000000876d200000,0x000000876d300000)]
  0x000001ede51e4000 JavaThread "jar transforms Thread 26" [_thread_blocked, id=24340, stack(0x000000876d300000,0x000000876d400000)]
  0x000001ede51e7800 JavaThread "jar transforms Thread 27" [_thread_blocked, id=13124, stack(0x000000876d400000,0x000000876d500000)]
  0x000001ede51e5000 JavaThread "jar transforms Thread 28" [_thread_blocked, id=22968, stack(0x000000876d500000,0x000000876d600000)]
  0x000001ede51e5800 JavaThread "jar transforms Thread 29" [_thread_blocked, id=22548, stack(0x000000876d600000,0x000000876d700000)]
  0x000001ede51e6800 JavaThread "jar transforms Thread 30" [_thread_blocked, id=8212, stack(0x000000876d700000,0x000000876d800000)]
  0x000001ede3197800 JavaThread "jar transforms Thread 31" [_thread_blocked, id=2128, stack(0x000000876d800000,0x000000876d900000)]
  0x000001ede3192000 JavaThread "jar transforms Thread 32" [_thread_blocked, id=10628, stack(0x000000876d900000,0x000000876da00000)]
  0x000001ede3198800 JavaThread "jar transforms Thread 33" [_thread_blocked, id=8824, stack(0x000000876da00000,0x000000876db00000)]
  0x000001ede3195000 JavaThread "jar transforms Thread 34" [_thread_blocked, id=19272, stack(0x000000876db00000,0x000000876dc00000)]
  0x000001ede3193000 JavaThread "jar transforms Thread 35" [_thread_blocked, id=18360, stack(0x000000876dc00000,0x000000876dd00000)]
  0x000001ede3193800 JavaThread "jar transforms Thread 36" [_thread_blocked, id=3972, stack(0x000000876dd00000,0x000000876de00000)]
  0x000001ede319a000 JavaThread "jar transforms Thread 37" [_thread_blocked, id=8940, stack(0x000000876de00000,0x000000876df00000)]
  0x000001ede3199800 JavaThread "jar transforms Thread 38" [_thread_blocked, id=8620, stack(0x000000876df00000,0x000000876e000000)]
  0x000001ede3194800 JavaThread "jar transforms Thread 39" [_thread_blocked, id=11888, stack(0x000000876e000000,0x000000876e100000)]
  0x000001ede3196000 JavaThread "jar transforms Thread 40" [_thread_blocked, id=20864, stack(0x000000876e100000,0x000000876e200000)]
  0x000001ede319c000 JavaThread "jar transforms Thread 41" [_thread_blocked, id=6748, stack(0x000000876e200000,0x000000876e300000)]
  0x000001ede319b000 JavaThread "jar transforms Thread 42" [_thread_blocked, id=7676, stack(0x000000876e300000,0x000000876e400000)]
  0x000001ede319c800 JavaThread "jar transforms Thread 43" [_thread_blocked, id=10192, stack(0x000000876e400000,0x000000876e500000)]
  0x000001ede3197000 JavaThread "jar transforms Thread 44" [_thread_blocked, id=5156, stack(0x000000876e500000,0x000000876e600000)]
  0x000001ede319d800 JavaThread "jar transforms Thread 45" [_thread_blocked, id=25448, stack(0x000000876e600000,0x000000876e700000)]
  0x000001ede319e000 JavaThread "jar transforms Thread 46" [_thread_blocked, id=12124, stack(0x000000876e700000,0x000000876e800000)]
  0x000001ede319f000 JavaThread "jar transforms Thread 47" [_thread_blocked, id=7652, stack(0x000000876e800000,0x000000876e900000)]
  0x000001ede31a0000 JavaThread "jar transforms Thread 48" [_thread_blocked, id=6532, stack(0x000000876e900000,0x000000876ea00000)]
  0x000001ede31a0800 JavaThread "jar transforms Thread 49" [_thread_blocked, id=21176, stack(0x000000876ea00000,0x000000876eb00000)]
  0x000001ede1f9f800 JavaThread "jar transforms Thread 50" [_thread_blocked, id=1000, stack(0x000000876eb00000,0x000000876ec00000)]
  0x000001ede1fa1000 JavaThread "jar transforms Thread 51" [_thread_blocked, id=15832, stack(0x000000876ec00000,0x000000876ed00000)]
  0x000001ede1fa0000 JavaThread "jar transforms Thread 52" [_thread_blocked, id=4536, stack(0x000000876ed00000,0x000000876ee00000)]
  0x000001ede1f9b800 JavaThread "jar transforms Thread 53" [_thread_blocked, id=20176, stack(0x000000876ee00000,0x000000876ef00000)]
  0x000001ede1fa2000 JavaThread "jar transforms Thread 54" [_thread_blocked, id=12044, stack(0x000000876ef00000,0x000000876f000000)]
  0x000001ede1f9c000 JavaThread "jar transforms Thread 55" [_thread_blocked, id=21544, stack(0x000000876f000000,0x000000876f100000)]
  0x000001ede1fa2800 JavaThread "jar transforms Thread 56" [_thread_blocked, id=17404, stack(0x000000876f100000,0x000000876f200000)]
  0x000001ede1f9d000 JavaThread "jar transforms Thread 57" [_thread_blocked, id=13076, stack(0x000000876f200000,0x000000876f300000)]
  0x000001ede1fa3800 JavaThread "jar transforms Thread 58" [_thread_blocked, id=25068, stack(0x000000876f300000,0x000000876f400000)]
  0x000001ede1f9d800 JavaThread "jar transforms Thread 59" [_thread_blocked, id=12120, stack(0x000000876f400000,0x000000876f500000)]
  0x000001ede1fa4800 JavaThread "jar transforms Thread 60" [_thread_blocked, id=24736, stack(0x000000876f500000,0x000000876f600000)]
  0x000001ede1f9e800 JavaThread "jar transforms Thread 61" [_thread_blocked, id=20244, stack(0x000000876f600000,0x000000876f700000)]
  0x000001ede1fa5000 JavaThread "jar transforms Thread 62" [_thread_blocked, id=16908, stack(0x000000876f700000,0x000000876f800000)]
  0x000001ede1fa8800 JavaThread "jar transforms Thread 63" [_thread_blocked, id=19936, stack(0x000000876f800000,0x000000876f900000)]
  0x000001ede1fa6000 JavaThread "jar transforms Thread 64" [_thread_blocked, id=18296, stack(0x000000876f900000,0x000000876fa00000)]
  0x000001ede1fa6800 JavaThread "jar transforms Thread 65" [_thread_blocked, id=15376, stack(0x000000876fa00000,0x000000876fb00000)]
  0x000001ede1fa9000 JavaThread "jar transforms Thread 66" [_thread_blocked, id=17016, stack(0x000000876fb00000,0x000000876fc00000)]
  0x000001ede1fa7800 JavaThread "jar transforms Thread 67" [_thread_blocked, id=24048, stack(0x000000876fc00000,0x000000876fd00000)]
  0x000001ede1faa000 JavaThread "jar transforms Thread 68" [_thread_blocked, id=15772, stack(0x000000876fd00000,0x000000876fe00000)]
  0x000001ede517a000 JavaThread "jar transforms Thread 69" [_thread_blocked, id=5692, stack(0x000000876fe00000,0x000000876ff00000)]
  0x000001ede5177000 JavaThread "jar transforms Thread 70" [_thread_blocked, id=7604, stack(0x000000876ff00000,0x0000008770000000)]
  0x000001ede5178800 JavaThread "jar transforms Thread 71" [_thread_blocked, id=10524, stack(0x0000008770000000,0x0000008770100000)]
  0x000001ede517b800 JavaThread "jar transforms Thread 72" [_thread_blocked, id=9748, stack(0x0000008770100000,0x0000008770200000)]
  0x000001ede5179800 JavaThread "jar transforms Thread 73" [_thread_blocked, id=13936, stack(0x0000008770200000,0x0000008770300000)]
  0x000001ede517b000 JavaThread "jar transforms Thread 74" [_thread_blocked, id=4084, stack(0x0000008770300000,0x0000008770400000)]
  0x000001ede517c800 JavaThread "jar transforms Thread 75" [_thread_blocked, id=20316, stack(0x0000008770400000,0x0000008770500000)]
  0x000001ede517d800 JavaThread "jar transforms Thread 76" [_thread_blocked, id=11900, stack(0x0000008770500000,0x0000008770600000)]
  0x000001ede5177800 JavaThread "jar transforms Thread 77" [_thread_blocked, id=14324, stack(0x0000008770600000,0x0000008770700000)]
  0x000001ede5183000 JavaThread "jar transforms Thread 78" [_thread_blocked, id=3328, stack(0x0000008770700000,0x0000008770800000)]
  0x000001ede5181800 JavaThread "jar transforms Thread 79" [_thread_blocked, id=14128, stack(0x0000008770800000,0x0000008770900000)]
  0x000001ede5184000 JavaThread "jar transforms Thread 80" [_thread_blocked, id=10064, stack(0x0000008770900000,0x0000008770a00000)]
  0x000001ede517e000 JavaThread "jar transforms Thread 81" [_thread_blocked, id=6504, stack(0x0000008770a00000,0x0000008770b00000)]
  0x000001ede5180800 JavaThread "jar transforms Thread 82" [_thread_blocked, id=17620, stack(0x0000008770b00000,0x0000008770c00000)]
  0x000001ede5184800 JavaThread "jar transforms Thread 83" [_thread_blocked, id=6948, stack(0x0000008770c00000,0x0000008770d00000)]
  0x000001ede517f000 JavaThread "jar transforms Thread 84" [_thread_blocked, id=17328, stack(0x0000008770d00000,0x0000008770e00000)]
  0x000001ede5182800 JavaThread "jar transforms Thread 85" [_thread_blocked, id=1240, stack(0x0000008770e00000,0x0000008770f00000)]
  0x000001ede5180000 JavaThread "jar transforms Thread 86" [_thread_blocked, id=14424, stack(0x0000008770f00000,0x0000008771000000)]
  0x000001ede5185800 JavaThread "jar transforms Thread 87" [_thread_blocked, id=7276, stack(0x0000008771000000,0x0000008771100000)]
  0x000001ede1078800 JavaThread "jar transforms Thread 88" [_thread_blocked, id=23696, stack(0x0000008771100000,0x0000008771200000)]
  0x000001ede1077000 JavaThread "jar transforms Thread 89" [_thread_blocked, id=23256, stack(0x0000008771200000,0x0000008771300000)]
  0x000001ede1079000 JavaThread "jar transforms Thread 90" [_thread_blocked, id=1936, stack(0x0000008771300000,0x0000008771400000)]
  0x000001ede1077800 JavaThread "jar transforms Thread 91" [_thread_blocked, id=2564, stack(0x0000008771400000,0x0000008771500000)]
  0x000001ede107a000 JavaThread "jar transforms Thread 92" [_thread_blocked, id=17756, stack(0x0000008771500000,0x0000008771600000)]
  0x000001ede1076000 JavaThread "jar transforms Thread 93" [_thread_blocked, id=15468, stack(0x0000008771600000,0x0000008771700000)]
  0x000001ede107f000 JavaThread "jar transforms Thread 94" [_thread_blocked, id=15484, stack(0x0000008771700000,0x0000008771800000)]
  0x000001ede107d800 JavaThread "jar transforms Thread 95" [_thread_blocked, id=15892, stack(0x0000008771800000,0x0000008771900000)]
  0x000001ede1080800 JavaThread "jar transforms Thread 96" [_thread_blocked, id=11860, stack(0x0000008771900000,0x0000008771a00000)]
  0x000001ede107e000 JavaThread "jar transforms Thread 97" [_thread_blocked, id=13996, stack(0x0000008771a00000,0x0000008771b00000)]
  0x000001ede1080000 JavaThread "jar transforms Thread 98" [_thread_blocked, id=9872, stack(0x0000008771b00000,0x0000008771c00000)]
  0x000001ede107c800 JavaThread "jar transforms Thread 99" [_thread_blocked, id=21144, stack(0x0000008771c00000,0x0000008771d00000)]
  0x000001ede107b000 JavaThread "jar transforms Thread 100" [_thread_blocked, id=8932, stack(0x0000008771d00000,0x0000008771e00000)]
  0x000001ede1081800 JavaThread "jar transforms Thread 101" [_thread_blocked, id=14344, stack(0x0000008771e00000,0x0000008771f00000)]
  0x000001ede107b800 JavaThread "jar transforms Thread 102" [_thread_blocked, id=19208, stack(0x0000008771f00000,0x0000008772000000)]
  0x000001ede1082000 JavaThread "jar transforms Thread 103" [_thread_blocked, id=6012, stack(0x0000008772000000,0x0000008772100000)]
  0x000001ede1083000 JavaThread "jar transforms Thread 104" [_thread_blocked, id=6100, stack(0x0000008772100000,0x0000008772200000)]
  0x000001ede1084000 JavaThread "jar transforms Thread 105" [_thread_blocked, id=14932, stack(0x0000008772200000,0x0000008772300000)]
  0x000001ede1084800 JavaThread "jar transforms Thread 106" [_thread_blocked, id=10724, stack(0x0000008772300000,0x0000008772400000)]
  0x000001ede2c4b800 JavaThread "jar transforms Thread 107" [_thread_blocked, id=8652, stack(0x0000008772400000,0x0000008772500000)]
  0x000001ede2c50800 JavaThread "jar transforms Thread 108" [_thread_blocked, id=20264, stack(0x0000008772500000,0x0000008772600000)]
  0x000001ede2c4a800 JavaThread "jar transforms Thread 109" [_thread_blocked, id=16128, stack(0x0000008772600000,0x0000008772700000)]
  0x000001ede2c4e800 JavaThread "jar transforms Thread 110" [_thread_blocked, id=15808, stack(0x0000008772700000,0x0000008772800000)]
  0x000001ede2c4f800 JavaThread "jar transforms Thread 111" [_thread_blocked, id=22436, stack(0x0000008772800000,0x0000008772900000)]
  0x000001ede2c4e000 JavaThread "jar transforms Thread 112" [_thread_blocked, id=4792, stack(0x0000008772900000,0x0000008772a00000)]
  0x000001ede2c51000 JavaThread "jar transforms Thread 113" [_thread_blocked, id=10020, stack(0x0000008772a00000,0x0000008772b00000)]
  0x000001ede2c4c000 JavaThread "jar transforms Thread 114" [_thread_blocked, id=15664, stack(0x0000008772b00000,0x0000008772c00000)]
  0x000001ede2c52000 JavaThread "jar transforms Thread 115" [_thread_blocked, id=19940, stack(0x0000008772c00000,0x0000008772d00000)]
  0x000001ede2c52800 JavaThread "jar transforms Thread 116" [_thread_blocked, id=16124, stack(0x0000008772d00000,0x0000008772e00000)]
  0x000001ede2c4d000 JavaThread "jar transforms Thread 117" [_thread_blocked, id=1232, stack(0x0000008772e00000,0x0000008772f00000)]
  0x000001ede2c58800 JavaThread "jar transforms Thread 118" [_thread_blocked, id=14992, stack(0x0000008772f00000,0x0000008773000000)]
  0x000001ede2c56000 JavaThread "jar transforms Thread 119" [_thread_blocked, id=3784, stack(0x0000008773000000,0x0000008773100000)]
  0x000001ede2c53800 JavaThread "Memory manager" [_thread_blocked, id=25528, stack(0x0000008773200000,0x0000008773300000)]
  0x000001ede82c4000 JavaThread "C2 CompilerThread1" daemon [_thread_in_native, id=1296, stack(0x0000008773100000,0x0000008773200000)]
  0x000001ede2c59800 JavaThread "build event listener" [_thread_blocked, id=14544, stack(0x0000008773300000,0x0000008773400000)]
  0x000001ede2c54800 JavaThread "pool-3-thread-1" [_thread_blocked, id=19204, stack(0x0000008773400000,0x0000008773500000)]
  0x000001ede2c55000 JavaThread "build event listener" [_thread_blocked, id=24296, stack(0x0000008773500000,0x0000008773600000)]
  0x000001ede2c57000 JavaThread "Execution worker for ':'" [_thread_blocked, id=20676, stack(0x0000008773600000,0x0000008773700000)]
  0x000001ede9b30000 JavaThread "Execution worker for ':' Thread 2" [_thread_blocked, id=1044, stack(0x0000008773700000,0x0000008773800000)]
  0x000001ede9b30800 JavaThread "Execution worker for ':' Thread 3" [_thread_blocked, id=13868, stack(0x0000008773800000,0x0000008773900000)]
  0x000001ede9b2c800 JavaThread "Cache worker for execution history cache (C:\Users\leand\AndroidStudioProjects\CodeHero_OBJECTIVE\.gradle\6.7.1\executionHistory)" [_thread_blocked, id=6560, stack(0x0000008773900000,0x0000008773a00000)]
  0x000001ede9b2f000 JavaThread "WorkerExecutor Queue" [_thread_blocked, id=19588, stack(0x0000008773a00000,0x0000008773b00000)]
  0x000001ede9b33000 JavaThread "WorkerExecutor Queue Thread 2" [_thread_blocked, id=8244, stack(0x0000008773b00000,0x0000008773c00000)]
  0x000001ede9b31800 JavaThread "WorkerExecutor Queue Thread 3" [_thread_blocked, id=14936, stack(0x0000008773c00000,0x0000008773d00000)]
  0x000001ede9b2d800 JavaThread "WorkerExecutor Queue Thread 4" [_thread_blocked, id=2528, stack(0x0000008773d00000,0x0000008773e00000)]
  0x000001ede9b32800 JavaThread "pool-4-thread-1" [_thread_blocked, id=14740, stack(0x0000008773e00000,0x0000008773f00000)]
  0x000001ede9b34000 JavaThread "stderr" [_thread_in_native, id=11372, stack(0x0000008773f00000,0x0000008774000000)]
  0x000001ede9b2e800 JavaThread "stdout" [_thread_in_native, id=9492, stack(0x0000008774000000,0x0000008774100000)]
  0x000001ede9b3a800 JavaThread "ForkJoinPool-1-worker-3" daemon [_thread_in_vm, id=9224, stack(0x0000008774100000,0x0000008774200000)]
  0x000001ede9b37800 JavaThread "ForkJoinPool-1-worker-5" daemon [_thread_in_vm, id=1556, stack(0x0000008774200000,0x0000008774300000)]
  0x000001ede9b39000 JavaThread "ForkJoinPool-1-worker-7" daemon [_thread_blocked, id=22236, stack(0x0000008774300000,0x0000008774400000)]
  0x000001ede9b38000 JavaThread "ForkJoinPool-1-worker-1" daemon [_thread_blocked, id=18372, stack(0x0000008774400000,0x0000008774500000)]

Other Threads:
  0x000001eddfc3c000 VMThread "VM Thread" [stack: 0x0000008769100000,0x0000008769200000] [id=8120]
  0x000001eddfe2b000 WatcherThread [stack: 0x0000008769c00000,0x0000008769d00000] [id=9072]
  0x000001edc5835800 GCTaskThread "GC Thread#0" [stack: 0x0000008768c00000,0x0000008768d00000] [id=21212]
  0x000001ede03f7800 GCTaskThread "GC Thread#1" [stack: 0x0000008769d00000,0x0000008769e00000] [id=9680]
  0x000001ede071d800 GCTaskThread "GC Thread#2" [stack: 0x0000008769e00000,0x0000008769f00000] [id=19912]
  0x000001ede01f3000 GCTaskThread "GC Thread#3" [stack: 0x0000008769f00000,0x000000876a000000] [id=14492]
  0x000001edc5855800 ConcurrentGCThread "G1 Main Marker" [stack: 0x0000008768d00000,0x0000008768e00000] [id=14796]
  0x000001edc5858000 ConcurrentGCThread "G1 Conc#0" [stack: 0x0000008768e00000,0x0000008768f00000] [id=18924]
  0x000001eddf287800 ConcurrentGCThread "G1 Refine#0" [stack: 0x0000008768f00000,0x0000008769000000] [id=17360]
  0x000001eddf288000 ConcurrentGCThread "G1 Young RemSet Sampling" [stack: 0x0000008769000000,0x0000008769100000] [id=10408]

Threads with active compile tasks:
C2 CompilerThread0  58535 10135       4       com.android.tools.r8.dex.n::m (2054 bytes)
C2 CompilerThread1  58535 10163   !   4       org.gradle.internal.classloader.FilteringClassLoader::loadClass (62 bytes)

VM state:not at safepoint (normal execution)

VM Mutex/Monitor currently owned by a thread: None

Heap address: 0x0000000080000000, size: 2048 MB, Compressed Oops mode: 32-bit
Narrow klass base: 0x0000000000000000, Narrow klass shift: 3
Compressed class space size: 1073741824 Address: 0x0000000100000000

Heap:
 garbage-first heap   total 275456K, used 217429K [0x0000000080000000, 0x0000000100000000)
  region size 1024K, 98 young (100352K), 16 survivors (16384K)
 Metaspace       used 88239K, capacity 90279K, committed 90492K, reserved 1136640K
  class space    used 11520K, capacity 12262K, committed 12288K, reserved 1048576K
Heap Regions: E=young(eden), S=young(survivor), O=old, HS=humongous(starts), HC=humongous(continues), CS=collection set, F=free, A=archive, TAMS=top-at-mark-start (previous, next)
|   0|0x0000000080000000, 0x0000000080100000, 0x0000000080100000|100%| O|  |TAMS 0x0000000080100000, 0x0000000080000000| Untracked 
|   1|0x0000000080100000, 0x0000000080200000, 0x0000000080200000|100%| O|  |TAMS 0x0000000080200000, 0x0000000080100000| Untracked 
|   2|0x0000000080200000, 0x0000000080300000, 0x0000000080300000|100%| O|  |TAMS 0x0000000080300000, 0x0000000080200000| Untracked 
|   3|0x0000000080300000, 0x0000000080400000, 0x0000000080400000|100%|HS|  |TAMS 0x0000000080400000, 0x0000000080300000| Complete 
|   4|0x0000000080400000, 0x0000000080500000, 0x0000000080500000|100%|HC|  |TAMS 0x0000000080500000, 0x0000000080400000| Complete 
|   5|0x0000000080500000, 0x0000000080600000, 0x0000000080600000|100%|HC|  |TAMS 0x0000000080600000, 0x0000000080500000| Complete 
|   6|0x0000000080600000, 0x0000000080700000, 0x0000000080700000|100%| O|  |TAMS 0x0000000080700000, 0x0000000080600000| Untracked 
|   7|0x0000000080700000, 0x0000000080800000, 0x0000000080800000|100%| O|  |TAMS 0x0000000080800000, 0x0000000080700000| Untracked 
|   8|0x0000000080800000, 0x0000000080900000, 0x0000000080900000|100%| O|  |TAMS 0x0000000080900000, 0x0000000080800000| Untracked 
|   9|0x0000000080900000, 0x0000000080a00000, 0x0000000080a00000|100%| O|  |TAMS 0x0000000080a00000, 0x0000000080900000| Untracked 
|  10|0x0000000080a00000, 0x0000000080b00000, 0x0000000080b00000|100%| O|  |TAMS 0x0000000080b00000, 0x0000000080a00000| Untracked 
|  11|0x0000000080b00000, 0x0000000080c00000, 0x0000000080c00000|100%| O|  |TAMS 0x0000000080c00000, 0x0000000080b00000| Untracked 
|  12|0x0000000080c00000, 0x0000000080d00000, 0x0000000080d00000|100%|HS|  |TAMS 0x0000000080d00000, 0x0000000080c00000| Complete 
|  13|0x0000000080d00000, 0x0000000080e00000, 0x0000000080e00000|100%|HS|  |TAMS 0x0000000080e00000, 0x0000000080d00000| Complete 
|  14|0x0000000080e00000, 0x0000000080f00000, 0x0000000080f00000|100%|HS|  |TAMS 0x0000000080f00000, 0x0000000080e00000| Complete 
|  15|0x0000000080f00000, 0x0000000081000000, 0x0000000081000000|100%|HC|  |TAMS 0x0000000081000000, 0x0000000080f00000| Complete 
|  16|0x0000000081000000, 0x0000000081100000, 0x0000000081100000|100%| O|  |TAMS 0x0000000081100000, 0x0000000081000000| Untracked 
|  17|0x0000000081100000, 0x0000000081200000, 0x0000000081200000|100%| O|  |TAMS 0x0000000081200000, 0x0000000081100000| Untracked 
|  18|0x0000000081200000, 0x00000000812ffff8, 0x0000000081300000| 99%| O|  |TAMS 0x00000000812ffff8, 0x0000000081200000| Untracked 
|  19|0x0000000081300000, 0x0000000081400000, 0x0000000081400000|100%| O|  |TAMS 0x0000000081400000, 0x0000000081300000| Untracked 
|  20|0x0000000081400000, 0x0000000081500000, 0x0000000081500000|100%|HS|  |TAMS 0x0000000081500000, 0x0000000081400000| Complete 
|  21|0x0000000081500000, 0x0000000081600000, 0x0000000081600000|100%|HC|  |TAMS 0x0000000081600000, 0x0000000081500000| Complete 
|  22|0x0000000081600000, 0x0000000081700000, 0x0000000081700000|100%|HC|  |TAMS 0x0000000081700000, 0x0000000081600000| Complete 
|  23|0x0000000081700000, 0x0000000081800000, 0x0000000081800000|100%| O|  |TAMS 0x0000000081800000, 0x0000000081700000| Untracked 
|  24|0x0000000081800000, 0x0000000081900000, 0x0000000081900000|100%| O|  |TAMS 0x0000000081900000, 0x0000000081800000| Untracked 
|  25|0x0000000081900000, 0x0000000081a00000, 0x0000000081a00000|100%| O|  |TAMS 0x0000000081a00000, 0x0000000081900000| Untracked 
|  26|0x0000000081a00000, 0x0000000081b00000, 0x0000000081b00000|100%| O|  |TAMS 0x0000000081b00000, 0x0000000081a00000| Untracked 
|  27|0x0000000081b00000, 0x0000000081c00000, 0x0000000081c00000|100%| O|  |TAMS 0x0000000081c00000, 0x0000000081b00000| Untracked 
|  28|0x0000000081c00000, 0x0000000081d00000, 0x0000000081d00000|100%| O|  |TAMS 0x0000000081d00000, 0x0000000081c00000| Untracked 
|  29|0x0000000081d00000, 0x0000000081e00000, 0x0000000081e00000|100%| O|  |TAMS 0x0000000081e00000, 0x0000000081d00000| Untracked 
|  30|0x0000000081e00000, 0x0000000081f00000, 0x0000000081f00000|100%| O|  |TAMS 0x0000000081f00000, 0x0000000081e00000| Untracked 
|  31|0x0000000081f00000, 0x0000000082000000, 0x0000000082000000|100%| O|  |TAMS 0x0000000082000000, 0x0000000081f00000| Untracked 
|  32|0x0000000082000000, 0x0000000082100000, 0x0000000082100000|100%| O|  |TAMS 0x000000008204c400, 0x0000000082000000| Untracked 
|  33|0x0000000082100000, 0x0000000082200000, 0x0000000082200000|100%| O|  |TAMS 0x0000000082100000, 0x0000000082100000| Untracked 
|  34|0x0000000082200000, 0x0000000082300000, 0x0000000082300000|100%| O|  |TAMS 0x0000000082200000, 0x0000000082200000| Untracked 
|  35|0x0000000082300000, 0x0000000082400000, 0x0000000082400000|100%| O|  |TAMS 0x0000000082300000, 0x0000000082300000| Untracked 
|  36|0x0000000082400000, 0x0000000082500000, 0x0000000082500000|100%| O|  |TAMS 0x0000000082400000, 0x0000000082400000| Untracked 
|  37|0x0000000082500000, 0x0000000082600000, 0x0000000082600000|100%| O|  |TAMS 0x0000000082500000, 0x0000000082500000| Untracked 
|  38|0x0000000082600000, 0x0000000082700000, 0x0000000082700000|100%| O|  |TAMS 0x0000000082600000, 0x0000000082600000| Untracked 
|  39|0x0000000082700000, 0x0000000082800000, 0x0000000082800000|100%| O|  |TAMS 0x0000000082700000, 0x0000000082700000| Untracked 
|  40|0x0000000082800000, 0x0000000082900000, 0x0000000082900000|100%| O|  |TAMS 0x0000000082800000, 0x0000000082800000| Untracked 
|  41|0x0000000082900000, 0x0000000082a00000, 0x0000000082a00000|100%| O|  |TAMS 0x0000000082900000, 0x0000000082900000| Untracked 
|  42|0x0000000082a00000, 0x0000000082b00000, 0x0000000082b00000|100%| O|  |TAMS 0x0000000082a00000, 0x0000000082a00000| Untracked 
|  43|0x0000000082b00000, 0x0000000082c00000, 0x0000000082c00000|100%| O|  |TAMS 0x0000000082b00000, 0x0000000082b00000| Untracked 
|  44|0x0000000082c00000, 0x0000000082d00000, 0x0000000082d00000|100%| O|  |TAMS 0x0000000082c00000, 0x0000000082c00000| Untracked 
|  45|0x0000000082d00000, 0x0000000082e00000, 0x0000000082e00000|100%| O|  |TAMS 0x0000000082d00000, 0x0000000082d00000| Untracked 
|  46|0x0000000082e00000, 0x0000000082f00000, 0x0000000082f00000|100%| O|  |TAMS 0x0000000082e00000, 0x0000000082e00000| Untracked 
|  47|0x0000000082f00000, 0x0000000083000000, 0x0000000083000000|100%| O|  |TAMS 0x0000000082f00000, 0x0000000082f00000| Untracked 
|  48|0x0000000083000000, 0x0000000083100000, 0x0000000083100000|100%| O|  |TAMS 0x0000000083000000, 0x0000000083000000| Untracked 
|  49|0x0000000083100000, 0x0000000083200000, 0x0000000083200000|100%| O|  |TAMS 0x0000000083100000, 0x0000000083100000| Untracked 
|  50|0x0000000083200000, 0x0000000083300000, 0x0000000083300000|100%| O|  |TAMS 0x0000000083200000, 0x0000000083200000| Untracked 
|  51|0x0000000083300000, 0x0000000083400000, 0x0000000083400000|100%| O|  |TAMS 0x0000000083300000, 0x0000000083300000| Untracked 
|  52|0x0000000083400000, 0x0000000083500000, 0x0000000083500000|100%| O|  |TAMS 0x0000000083400000, 0x0000000083400000| Untracked 
|  53|0x0000000083500000, 0x0000000083600000, 0x0000000083600000|100%| O|  |TAMS 0x0000000083500000, 0x0000000083500000| Untracked 
|  54|0x0000000083600000, 0x0000000083700000, 0x0000000083700000|100%| O|  |TAMS 0x0000000083600000, 0x0000000083600000| Untracked 
|  55|0x0000000083700000, 0x0000000083800000, 0x0000000083800000|100%| O|  |TAMS 0x0000000083700000, 0x0000000083700000| Untracked 
|  56|0x0000000083800000, 0x0000000083900000, 0x0000000083900000|100%| O|  |TAMS 0x0000000083800000, 0x0000000083800000| Untracked 
|  57|0x0000000083900000, 0x0000000083a00000, 0x0000000083a00000|100%| O|  |TAMS 0x0000000083900000, 0x0000000083900000| Untracked 
|  58|0x0000000083a00000, 0x0000000083b00000, 0x0000000083b00000|100%| O|  |TAMS 0x0000000083a00000, 0x0000000083a00000| Untracked 
|  59|0x0000000083b00000, 0x0000000083c00000, 0x0000000083c00000|100%| O|  |TAMS 0x0000000083b00000, 0x0000000083b00000| Untracked 
|  60|0x0000000083c00000, 0x0000000083d00000, 0x0000000083d00000|100%| O|  |TAMS 0x0000000083c00000, 0x0000000083c00000| Untracked 
|  61|0x0000000083d00000, 0x0000000083e00000, 0x0000000083e00000|100%| O|  |TAMS 0x0000000083d00000, 0x0000000083d00000| Untracked 
|  62|0x0000000083e00000, 0x0000000083f00000, 0x0000000083f00000|100%| O|  |TAMS 0x0000000083e00000, 0x0000000083e00000| Untracked 
|  63|0x0000000083f00000, 0x0000000084000000, 0x0000000084000000|100%|HS|  |TAMS 0x0000000083f00000, 0x0000000083f00000| Complete 
|  64|0x0000000084000000, 0x0000000084100000, 0x0000000084100000|100%|HC|  |TAMS 0x0000000084000000, 0x0000000084000000| Complete 
|  65|0x0000000084100000, 0x0000000084200000, 0x0000000084200000|100%|HS|  |TAMS 0x0000000084100000, 0x0000000084100000| Complete 
|  66|0x0000000084200000, 0x0000000084300000, 0x0000000084300000|100%|HC|  |TAMS 0x0000000084200000, 0x0000000084200000| Complete 
|  67|0x0000000084300000, 0x0000000084400000, 0x0000000084400000|100%|HS|  |TAMS 0x0000000084300000, 0x0000000084300000| Complete 
|  68|0x0000000084400000, 0x0000000084500000, 0x0000000084500000|100%|HS|  |TAMS 0x0000000084400000, 0x0000000084400000| Complete 
|  69|0x0000000084500000, 0x0000000084600000, 0x0000000084600000|100%|HC|  |TAMS 0x0000000084500000, 0x0000000084500000| Complete 
|  70|0x0000000084600000, 0x0000000084700000, 0x0000000084700000|100%|HS|  |TAMS 0x0000000084600000, 0x0000000084600000| Complete 
|  71|0x0000000084700000, 0x0000000084800000, 0x0000000084800000|100%|HS|  |TAMS 0x0000000084700000, 0x0000000084700000| Complete 
|  72|0x0000000084800000, 0x0000000084900000, 0x0000000084900000|100%|HS|  |TAMS 0x0000000084800000, 0x0000000084800000| Complete 
|  73|0x0000000084900000, 0x0000000084a00000, 0x0000000084a00000|100%|HC|  |TAMS 0x0000000084900000, 0x0000000084900000| Complete 
|  74|0x0000000084a00000, 0x0000000084b00000, 0x0000000084b00000|100%|HS|  |TAMS 0x0000000084a00000, 0x0000000084a00000| Complete 
|  75|0x0000000084b00000, 0x0000000084c00000, 0x0000000084c00000|100%|HC|  |TAMS 0x0000000084b00000, 0x0000000084b00000| Complete 
|  76|0x0000000084c00000, 0x0000000084d00000, 0x0000000084d00000|100%|HC|  |TAMS 0x0000000084c00000, 0x0000000084c00000| Complete 
|  77|0x0000000084d00000, 0x0000000084e00000, 0x0000000084e00000|100%|HS|  |TAMS 0x0000000084d00000, 0x0000000084d00000| Complete 
|  78|0x0000000084e00000, 0x0000000084f00000, 0x0000000084f00000|100%|HC|  |TAMS 0x0000000084e00000, 0x0000000084e00000| Complete 
|  79|0x0000000084f00000, 0x0000000085000000, 0x0000000085000000|100%|HS|  |TAMS 0x0000000084f00000, 0x0000000084f00000| Complete 
|  80|0x0000000085000000, 0x0000000085100000, 0x0000000085100000|100%|HS|  |TAMS 0x0000000085000000, 0x0000000085000000| Complete 
|  81|0x0000000085100000, 0x0000000085200000, 0x0000000085200000|100%|HS|  |TAMS 0x0000000085100000, 0x0000000085100000| Complete 
|  82|0x0000000085200000, 0x0000000085300000, 0x0000000085300000|100%|HS|  |TAMS 0x0000000085200000, 0x0000000085200000| Complete 
|  83|0x0000000085300000, 0x0000000085400000, 0x0000000085400000|100%|HS|  |TAMS 0x0000000085300000, 0x0000000085300000| Complete 
|  84|0x0000000085400000, 0x0000000085500000, 0x0000000085500000|100%|HC|  |TAMS 0x0000000085400000, 0x0000000085400000| Complete 
|  85|0x0000000085500000, 0x0000000085600000, 0x0000000085600000|100%|HS|  |TAMS 0x0000000085500000, 0x0000000085500000| Complete 
|  86|0x0000000085600000, 0x0000000085700000, 0x0000000085700000|100%|HS|  |TAMS 0x0000000085600000, 0x0000000085600000| Complete 
|  87|0x0000000085700000, 0x0000000085800000, 0x0000000085800000|100%|HS|  |TAMS 0x0000000085700000, 0x0000000085700000| Complete 
|  88|0x0000000085800000, 0x0000000085900000, 0x0000000085900000|100%|HC|  |TAMS 0x0000000085800000, 0x0000000085800000| Complete 
|  89|0x0000000085900000, 0x0000000085900000, 0x0000000085a00000|  0%| F|  |TAMS 0x0000000085900000, 0x0000000085900000| Untracked 
|  90|0x0000000085a00000, 0x0000000085b00000, 0x0000000085b00000|100%|HS|  |TAMS 0x0000000085a00000, 0x0000000085a00000| Complete 
|  91|0x0000000085b00000, 0x0000000085c00000, 0x0000000085c00000|100%|HS|  |TAMS 0x0000000085b00000, 0x0000000085b00000| Complete 
|  92|0x0000000085c00000, 0x0000000085d00000, 0x0000000085d00000|100%|HC|  |TAMS 0x0000000085c00000, 0x0000000085c00000| Complete 
|  93|0x0000000085d00000, 0x0000000085e00000, 0x0000000085e00000|100%|HS|  |TAMS 0x0000000085d00000, 0x0000000085d00000| Complete 
|  94|0x0000000085e00000, 0x0000000085f00000, 0x0000000085f00000|100%|HC|  |TAMS 0x0000000085e00000, 0x0000000085e00000| Complete 
|  95|0x0000000085f00000, 0x0000000085f00000, 0x0000000086000000|  0%| F|  |TAMS 0x0000000085f00000, 0x0000000085f00000| Untracked 
|  96|0x0000000086000000, 0x0000000086100000, 0x0000000086100000|100%|HS|  |TAMS 0x0000000086000000, 0x0000000086000000| Complete 
|  97|0x0000000086100000, 0x0000000086100000, 0x0000000086200000|  0%| F|  |TAMS 0x0000000086100000, 0x0000000086100000| Untracked 
|  98|0x0000000086200000, 0x0000000086300000, 0x0000000086300000|100%|HS|  |TAMS 0x0000000086200000, 0x0000000086200000| Complete 
|  99|0x0000000086300000, 0x0000000086300000, 0x0000000086400000|  0%| F|  |TAMS 0x0000000086300000, 0x0000000086300000| Untracked 
| 100|0x0000000086400000, 0x0000000086400000, 0x0000000086500000|  0%| F|  |TAMS 0x0000000086400000, 0x0000000086400000| Untracked 
| 101|0x0000000086500000, 0x0000000086600000, 0x0000000086600000|100%|HS|  |TAMS 0x0000000086500000, 0x0000000086500000| Complete 
| 102|0x0000000086600000, 0x0000000086700000, 0x0000000086700000|100%|HC|  |TAMS 0x0000000086600000, 0x0000000086600000| Complete 
| 103|0x0000000086700000, 0x0000000086700000, 0x0000000086800000|  0%| F|  |TAMS 0x0000000086700000, 0x0000000086700000| Untracked 
| 104|0x0000000086800000, 0x0000000086800000, 0x0000000086900000|  0%| F|  |TAMS 0x0000000086800000, 0x0000000086800000| Untracked 
| 105|0x0000000086900000, 0x0000000086900000, 0x0000000086a00000|  0%| F|  |TAMS 0x0000000086900000, 0x0000000086900000| Untracked 
| 106|0x0000000086a00000, 0x0000000086b00000, 0x0000000086b00000|100%|HS|  |TAMS 0x0000000086a00000, 0x0000000086a00000| Complete 
| 107|0x0000000086b00000, 0x0000000086c00000, 0x0000000086c00000|100%|HC|  |TAMS 0x0000000086b00000, 0x0000000086b00000| Complete 
| 108|0x0000000086c00000, 0x0000000086d00000, 0x0000000086d00000|100%|HC|  |TAMS 0x0000000086c00000, 0x0000000086c00000| Complete 
| 109|0x0000000086d00000, 0x0000000086d00000, 0x0000000086e00000|  0%| F|  |TAMS 0x0000000086d00000, 0x0000000086d00000| Untracked 
| 110|0x0000000086e00000, 0x0000000086e00000, 0x0000000086f00000|  0%| F|  |TAMS 0x0000000086e00000, 0x0000000086e00000| Untracked 
| 111|0x0000000086f00000, 0x0000000087000000, 0x0000000087000000|100%|HS|  |TAMS 0x0000000086f00000, 0x0000000086f00000| Complete 
| 112|0x0000000087000000, 0x0000000087100000, 0x0000000087100000|100%|HC|  |TAMS 0x0000000087000000, 0x0000000087000000| Complete 
| 113|0x0000000087100000, 0x0000000087100000, 0x0000000087200000|  0%| F|  |TAMS 0x0000000087100000, 0x0000000087100000| Untracked 
| 114|0x0000000087200000, 0x0000000087300000, 0x0000000087300000|100%|HS|  |TAMS 0x0000000087200000, 0x0000000087200000| Complete 
| 115|0x0000000087300000, 0x0000000087400000, 0x0000000087400000|100%| O|  |TAMS 0x0000000087300000, 0x0000000087300000| Untracked 
| 116|0x0000000087400000, 0x0000000087500000, 0x0000000087500000|100%| S|CS|TAMS 0x0000000087400000, 0x0000000087400000| Complete 
| 117|0x0000000087500000, 0x0000000087600000, 0x0000000087600000|100%| S|CS|TAMS 0x0000000087500000, 0x0000000087500000| Complete 
| 118|0x0000000087600000, 0x0000000087700000, 0x0000000087700000|100%| S|CS|TAMS 0x0000000087600000, 0x0000000087600000| Complete 
| 119|0x0000000087700000, 0x0000000087800000, 0x0000000087800000|100%| S|CS|TAMS 0x0000000087700000, 0x0000000087700000| Complete 
| 120|0x0000000087800000, 0x0000000087900000, 0x0000000087900000|100%| S|CS|TAMS 0x0000000087800000, 0x0000000087800000| Complete 
| 121|0x0000000087900000, 0x0000000087a00000, 0x0000000087a00000|100%| S|CS|TAMS 0x0000000087900000, 0x0000000087900000| Complete 
| 122|0x0000000087a00000, 0x0000000087a00000, 0x0000000087b00000|  0%| F|  |TAMS 0x0000000087a00000, 0x0000000087a00000| Untracked 
| 123|0x0000000087b00000, 0x0000000087c00000, 0x0000000087c00000|100%| S|CS|TAMS 0x0000000087b00000, 0x0000000087b00000| Complete 
| 124|0x0000000087c00000, 0x0000000087d00000, 0x0000000087d00000|100%| S|CS|TAMS 0x0000000087c00000, 0x0000000087c00000| Complete 
| 125|0x0000000087d00000, 0x0000000087e00000, 0x0000000087e00000|100%| S|CS|TAMS 0x0000000087d00000, 0x0000000087d00000| Complete 
| 126|0x0000000087e00000, 0x0000000087f00000, 0x0000000087f00000|100%| S|CS|TAMS 0x0000000087e00000, 0x0000000087e00000| Complete 
| 127|0x0000000087f00000, 0x0000000088000000, 0x0000000088000000|100%| S|CS|TAMS 0x0000000087f00000, 0x0000000087f00000| Complete 
| 128|0x0000000088000000, 0x0000000088100000, 0x0000000088100000|100%| S|CS|TAMS 0x0000000088000000, 0x0000000088000000| Complete 
| 129|0x0000000088100000, 0x0000000088200000, 0x0000000088200000|100%| S|CS|TAMS 0x0000000088100000, 0x0000000088100000| Complete 
| 130|0x0000000088200000, 0x0000000088300000, 0x0000000088300000|100%| S|CS|TAMS 0x0000000088200000, 0x0000000088200000| Complete 
| 131|0x0000000088300000, 0x0000000088400000, 0x0000000088400000|100%| S|CS|TAMS 0x0000000088300000, 0x0000000088300000| Complete 
| 132|0x0000000088400000, 0x0000000088400000, 0x0000000088500000|  0%| F|  |TAMS 0x0000000088400000, 0x0000000088400000| Untracked 
| 133|0x0000000088500000, 0x0000000088500000, 0x0000000088600000|  0%| F|  |TAMS 0x0000000088500000, 0x0000000088500000| Untracked 
| 134|0x0000000088600000, 0x0000000088600000, 0x0000000088700000|  0%| F|  |TAMS 0x0000000088600000, 0x0000000088600000| Untracked 
| 135|0x0000000088700000, 0x0000000088700000, 0x0000000088800000|  0%| F|  |TAMS 0x0000000088700000, 0x0000000088700000| Untracked 
| 136|0x0000000088800000, 0x0000000088800000, 0x0000000088900000|  0%| F|  |TAMS 0x0000000088800000, 0x0000000088800000| Untracked 
| 137|0x0000000088900000, 0x0000000088900000, 0x0000000088a00000|  0%| F|  |TAMS 0x0000000088900000, 0x0000000088900000| Untracked 
| 138|0x0000000088a00000, 0x0000000088a00000, 0x0000000088b00000|  0%| F|  |TAMS 0x0000000088a00000, 0x0000000088a00000| Untracked 
| 139|0x0000000088b00000, 0x0000000088b00000, 0x0000000088c00000|  0%| F|  |TAMS 0x0000000088b00000, 0x0000000088b00000| Untracked 
| 140|0x0000000088c00000, 0x0000000088c00000, 0x0000000088d00000|  0%| F|  |TAMS 0x0000000088c00000, 0x0000000088c00000| Untracked 
| 141|0x0000000088d00000, 0x0000000088d00000, 0x0000000088e00000|  0%| F|  |TAMS 0x0000000088d00000, 0x0000000088d00000| Untracked 
| 142|0x0000000088e00000, 0x0000000088e00000, 0x0000000088f00000|  0%| F|  |TAMS 0x0000000088e00000, 0x0000000088e00000| Untracked 
| 143|0x0000000088f00000, 0x0000000088f00000, 0x0000000089000000|  0%| F|  |TAMS 0x0000000088f00000, 0x0000000088f00000| Untracked 
| 144|0x0000000089000000, 0x0000000089000000, 0x0000000089100000|  0%| F|  |TAMS 0x0000000089000000, 0x0000000089000000| Untracked 
| 145|0x0000000089100000, 0x0000000089100000, 0x0000000089200000|  0%| F|  |TAMS 0x0000000089100000, 0x0000000089100000| Untracked 
| 146|0x0000000089200000, 0x0000000089200000, 0x0000000089300000|  0%| F|  |TAMS 0x0000000089200000, 0x0000000089200000| Untracked 
| 147|0x0000000089300000, 0x0000000089300000, 0x0000000089400000|  0%| F|  |TAMS 0x0000000089300000, 0x0000000089300000| Untracked 
| 148|0x0000000089400000, 0x0000000089400000, 0x0000000089500000|  0%| F|  |TAMS 0x0000000089400000, 0x0000000089400000| Untracked 
| 149|0x0000000089500000, 0x0000000089500000, 0x0000000089600000|  0%| F|  |TAMS 0x0000000089500000, 0x0000000089500000| Untracked 
| 150|0x0000000089600000, 0x0000000089600000, 0x0000000089700000|  0%| F|  |TAMS 0x0000000089600000, 0x0000000089600000| Untracked 
| 151|0x0000000089700000, 0x0000000089700000, 0x0000000089800000|  0%| F|  |TAMS 0x0000000089700000, 0x0000000089700000| Untracked 
| 152|0x0000000089800000, 0x0000000089800000, 0x0000000089900000|  0%| F|  |TAMS 0x0000000089800000, 0x0000000089800000| Untracked 
| 153|0x0000000089900000, 0x0000000089900000, 0x0000000089a00000|  0%| F|  |TAMS 0x0000000089900000, 0x0000000089900000| Untracked 
| 154|0x0000000089a00000, 0x0000000089a00000, 0x0000000089b00000|  0%| F|  |TAMS 0x0000000089a00000, 0x0000000089a00000| Untracked 
| 155|0x0000000089b00000, 0x0000000089b00000, 0x0000000089c00000|  0%| F|  |TAMS 0x0000000089b00000, 0x0000000089b00000| Untracked 
| 156|0x0000000089c00000, 0x0000000089c00000, 0x0000000089d00000|  0%| F|  |TAMS 0x0000000089c00000, 0x0000000089c00000| Untracked 
| 157|0x0000000089d00000, 0x0000000089d00000, 0x0000000089e00000|  0%| F|  |TAMS 0x0000000089d00000, 0x0000000089d00000| Untracked 
| 158|0x0000000089e00000, 0x0000000089e00000, 0x0000000089f00000|  0%| F|  |TAMS 0x0000000089e00000, 0x0000000089e00000| Untracked 
| 159|0x0000000089f00000, 0x0000000089f00000, 0x000000008a000000|  0%| F|  |TAMS 0x0000000089f00000, 0x0000000089f00000| Untracked 
| 160|0x000000008a000000, 0x000000008a000000, 0x000000008a100000|  0%| F|  |TAMS 0x000000008a000000, 0x000000008a000000| Untracked 
| 161|0x000000008a100000, 0x000000008a100000, 0x000000008a200000|  0%| F|  |TAMS 0x000000008a100000, 0x000000008a100000| Untracked 
| 162|0x000000008a200000, 0x000000008a200000, 0x000000008a300000|  0%| F|  |TAMS 0x000000008a200000, 0x000000008a200000| Untracked 
| 163|0x000000008a300000, 0x000000008a300000, 0x000000008a400000|  0%| F|  |TAMS 0x000000008a300000, 0x000000008a300000| Untracked 
| 164|0x000000008a400000, 0x000000008a400000, 0x000000008a500000|  0%| F|  |TAMS 0x000000008a400000, 0x000000008a400000| Untracked 
| 165|0x000000008a500000, 0x000000008a500000, 0x000000008a600000|  0%| F|  |TAMS 0x000000008a500000, 0x000000008a500000| Untracked 
| 166|0x000000008a600000, 0x000000008a600000, 0x000000008a700000|  0%| F|  |TAMS 0x000000008a600000, 0x000000008a600000| Untracked 
| 167|0x000000008a700000, 0x000000008a700000, 0x000000008a800000|  0%| F|  |TAMS 0x000000008a700000, 0x000000008a700000| Untracked 
| 168|0x000000008a800000, 0x000000008a800000, 0x000000008a900000|  0%| F|  |TAMS 0x000000008a800000, 0x000000008a800000| Untracked 
| 169|0x000000008a900000, 0x000000008a900000, 0x000000008aa00000|  0%| F|  |TAMS 0x000000008a900000, 0x000000008a900000| Untracked 
| 170|0x000000008aa00000, 0x000000008aa00000, 0x000000008ab00000|  0%| F|  |TAMS 0x000000008aa00000, 0x000000008aa00000| Untracked 
| 171|0x000000008ab00000, 0x000000008ab00000, 0x000000008ac00000|  0%| F|  |TAMS 0x000000008ab00000, 0x000000008ab00000| Untracked 
| 172|0x000000008ac00000, 0x000000008ac00000, 0x000000008ad00000|  0%| F|  |TAMS 0x000000008ac00000, 0x000000008ac00000| Untracked 
| 173|0x000000008ad00000, 0x000000008ad00000, 0x000000008ae00000|  0%| F|  |TAMS 0x000000008ad00000, 0x000000008ad00000| Untracked 
| 174|0x000000008ae00000, 0x000000008ae488b8, 0x000000008af00000| 28%| E|  |TAMS 0x000000008ae00000, 0x000000008ae00000| Complete 
| 175|0x000000008af00000, 0x000000008b000000, 0x000000008b000000|100%| E|CS|TAMS 0x000000008af00000, 0x000000008af00000| Complete 
| 176|0x000000008b000000, 0x000000008b100000, 0x000000008b100000|100%| E|CS|TAMS 0x000000008b000000, 0x000000008b000000| Complete 
| 177|0x000000008b100000, 0x000000008b200000, 0x000000008b200000|100%| E|CS|TAMS 0x000000008b100000, 0x000000008b100000| Complete 
| 178|0x000000008b200000, 0x000000008b300000, 0x000000008b300000|100%| E|CS|TAMS 0x000000008b200000, 0x000000008b200000| Complete 
| 179|0x000000008b300000, 0x000000008b400000, 0x000000008b400000|100%| E|CS|TAMS 0x000000008b300000, 0x000000008b300000| Complete 
| 180|0x000000008b400000, 0x000000008b500000, 0x000000008b500000|100%| E|CS|TAMS 0x000000008b400000, 0x000000008b400000| Complete 
| 181|0x000000008b500000, 0x000000008b600000, 0x000000008b600000|100%| E|CS|TAMS 0x000000008b500000, 0x000000008b500000| Complete 
| 182|0x000000008b600000, 0x000000008b700000, 0x000000008b700000|100%| E|CS|TAMS 0x000000008b600000, 0x000000008b600000| Complete 
| 183|0x000000008b700000, 0x000000008b800000, 0x000000008b800000|100%| E|CS|TAMS 0x000000008b700000, 0x000000008b700000| Complete 
| 184|0x000000008b800000, 0x000000008b900000, 0x000000008b900000|100%| E|CS|TAMS 0x000000008b800000, 0x000000008b800000| Complete 
| 185|0x000000008b900000, 0x000000008ba00000, 0x000000008ba00000|100%| E|CS|TAMS 0x000000008b900000, 0x000000008b900000| Complete 
| 186|0x000000008ba00000, 0x000000008bb00000, 0x000000008bb00000|100%| E|CS|TAMS 0x000000008ba00000, 0x000000008ba00000| Complete 
| 187|0x000000008bb00000, 0x000000008bc00000, 0x000000008bc00000|100%| E|CS|TAMS 0x000000008bb00000, 0x000000008bb00000| Complete 
| 188|0x000000008bc00000, 0x000000008bd00000, 0x000000008bd00000|100%| E|CS|TAMS 0x000000008bc00000, 0x000000008bc00000| Complete 
| 189|0x000000008bd00000, 0x000000008be00000, 0x000000008be00000|100%| E|CS|TAMS 0x000000008bd00000, 0x000000008bd00000| Complete 
| 190|0x000000008be00000, 0x000000008bf00000, 0x000000008bf00000|100%| E|CS|TAMS 0x000000008be00000, 0x000000008be00000| Complete 
| 191|0x000000008bf00000, 0x000000008c000000, 0x000000008c000000|100%| E|CS|TAMS 0x000000008bf00000, 0x000000008bf00000| Complete 
| 192|0x000000008c000000, 0x000000008c100000, 0x000000008c100000|100%| E|CS|TAMS 0x000000008c000000, 0x000000008c000000| Complete 
| 193|0x000000008c100000, 0x000000008c200000, 0x000000008c200000|100%| E|CS|TAMS 0x000000008c100000, 0x000000008c100000| Complete 
| 194|0x000000008c200000, 0x000000008c300000, 0x000000008c300000|100%| E|CS|TAMS 0x000000008c200000, 0x000000008c200000| Complete 
| 195|0x000000008c300000, 0x000000008c400000, 0x000000008c400000|100%| E|CS|TAMS 0x000000008c300000, 0x000000008c300000| Complete 
| 196|0x000000008c400000, 0x000000008c500000, 0x000000008c500000|100%| E|CS|TAMS 0x000000008c400000, 0x000000008c400000| Complete 
| 197|0x000000008c500000, 0x000000008c600000, 0x000000008c600000|100%| E|CS|TAMS 0x000000008c500000, 0x000000008c500000| Complete 
| 198|0x000000008c600000, 0x000000008c700000, 0x000000008c700000|100%| E|CS|TAMS 0x000000008c600000, 0x000000008c600000| Complete 
| 199|0x000000008c700000, 0x000000008c800000, 0x000000008c800000|100%| E|CS|TAMS 0x000000008c700000, 0x000000008c700000| Complete 
| 200|0x000000008c800000, 0x000000008c900000, 0x000000008c900000|100%| E|CS|TAMS 0x000000008c800000, 0x000000008c800000| Complete 
| 201|0x000000008c900000, 0x000000008ca00000, 0x000000008ca00000|100%| E|CS|TAMS 0x000000008c900000, 0x000000008c900000| Complete 
| 202|0x000000008ca00000, 0x000000008cb00000, 0x000000008cb00000|100%| E|  |TAMS 0x000000008ca00000, 0x000000008ca00000| Complete 
| 203|0x000000008cb00000, 0x000000008cc00000, 0x000000008cc00000|100%| E|CS|TAMS 0x000000008cb00000, 0x000000008cb00000| Complete 
| 204|0x000000008cc00000, 0x000000008cd00000, 0x000000008cd00000|100%| E|CS|TAMS 0x000000008cc00000, 0x000000008cc00000| Complete 
| 205|0x000000008cd00000, 0x000000008ce00000, 0x000000008ce00000|100%| E|CS|TAMS 0x000000008cd00000, 0x000000008cd00000| Complete 
| 206|0x000000008ce00000, 0x000000008cf00000, 0x000000008cf00000|100%| E|CS|TAMS 0x000000008ce00000, 0x000000008ce00000| Complete 
| 207|0x000000008cf00000, 0x000000008d000000, 0x000000008d000000|100%| E|CS|TAMS 0x000000008cf00000, 0x000000008cf00000| Complete 
| 208|0x000000008d000000, 0x000000008d100000, 0x000000008d100000|100%| E|CS|TAMS 0x000000008d000000, 0x000000008d000000| Complete 
| 209|0x000000008d100000, 0x000000008d200000, 0x000000008d200000|100%| E|CS|TAMS 0x000000008d100000, 0x000000008d100000| Complete 
| 210|0x000000008d200000, 0x000000008d300000, 0x000000008d300000|100%| E|CS|TAMS 0x000000008d200000, 0x000000008d200000| Complete 
| 211|0x000000008d300000, 0x000000008d400000, 0x000000008d400000|100%| E|CS|TAMS 0x000000008d300000, 0x000000008d300000| Complete 
| 212|0x000000008d400000, 0x000000008d500000, 0x000000008d500000|100%| E|CS|TAMS 0x000000008d400000, 0x000000008d400000| Complete 
| 213|0x000000008d500000, 0x000000008d600000, 0x000000008d600000|100%| E|CS|TAMS 0x000000008d500000, 0x000000008d500000| Complete 
| 214|0x000000008d600000, 0x000000008d700000, 0x000000008d700000|100%| E|CS|TAMS 0x000000008d600000, 0x000000008d600000| Complete 
| 215|0x000000008d700000, 0x000000008d800000, 0x000000008d800000|100%| E|CS|TAMS 0x000000008d700000, 0x000000008d700000| Complete 
| 216|0x000000008d800000, 0x000000008d900000, 0x000000008d900000|100%| E|CS|TAMS 0x000000008d800000, 0x000000008d800000| Complete 
| 217|0x000000008d900000, 0x000000008da00000, 0x000000008da00000|100%| E|CS|TAMS 0x000000008d900000, 0x000000008d900000| Complete 
| 218|0x000000008da00000, 0x000000008db00000, 0x000000008db00000|100%| E|CS|TAMS 0x000000008da00000, 0x000000008da00000| Complete 
| 219|0x000000008db00000, 0x000000008dc00000, 0x000000008dc00000|100%| E|CS|TAMS 0x000000008db00000, 0x000000008db00000| Complete 
| 220|0x000000008dc00000, 0x000000008dd00000, 0x000000008dd00000|100%| E|CS|TAMS 0x000000008dc00000, 0x000000008dc00000| Complete 
| 221|0x000000008dd00000, 0x000000008de00000, 0x000000008de00000|100%| E|CS|TAMS 0x000000008dd00000, 0x000000008dd00000| Complete 
| 222|0x000000008de00000, 0x000000008df00000, 0x000000008df00000|100%| E|CS|TAMS 0x000000008de00000, 0x000000008de00000| Complete 
| 223|0x000000008df00000, 0x000000008e000000, 0x000000008e000000|100%| E|CS|TAMS 0x000000008df00000, 0x000000008df00000| Complete 
| 224|0x000000008e000000, 0x000000008e100000, 0x000000008e100000|100%| E|CS|TAMS 0x000000008e000000, 0x000000008e000000| Complete 
| 225|0x000000008e100000, 0x000000008e200000, 0x000000008e200000|100%| E|CS|TAMS 0x000000008e100000, 0x000000008e100000| Complete 
| 226|0x000000008e200000, 0x000000008e300000, 0x000000008e300000|100%| E|CS|TAMS 0x000000008e200000, 0x000000008e200000| Complete 
| 227|0x000000008e300000, 0x000000008e400000, 0x000000008e400000|100%| E|CS|TAMS 0x000000008e300000, 0x000000008e300000| Complete 
| 228|0x000000008e400000, 0x000000008e500000, 0x000000008e500000|100%| E|CS|TAMS 0x000000008e400000, 0x000000008e400000| Complete 
| 229|0x000000008e500000, 0x000000008e600000, 0x000000008e600000|100%| E|CS|TAMS 0x000000008e500000, 0x000000008e500000| Complete 
| 230|0x000000008e600000, 0x000000008e700000, 0x000000008e700000|100%| E|CS|TAMS 0x000000008e600000, 0x000000008e600000| Complete 
| 231|0x000000008e700000, 0x000000008e800000, 0x000000008e800000|100%| E|CS|TAMS 0x000000008e700000, 0x000000008e700000| Complete 
| 232|0x000000008e800000, 0x000000008e900000, 0x000000008e900000|100%| E|CS|TAMS 0x000000008e800000, 0x000000008e800000| Complete 
| 233|0x000000008e900000, 0x000000008ea00000, 0x000000008ea00000|100%| E|CS|TAMS 0x000000008e900000, 0x000000008e900000| Complete 
| 234|0x000000008ea00000, 0x000000008eb00000, 0x000000008eb00000|100%| E|CS|TAMS 0x000000008ea00000, 0x000000008ea00000| Complete 
| 235|0x000000008eb00000, 0x000000008ec00000, 0x000000008ec00000|100%| E|CS|TAMS 0x000000008eb00000, 0x000000008eb00000| Complete 
| 236|0x000000008ec00000, 0x000000008ed00000, 0x000000008ed00000|100%| E|CS|TAMS 0x000000008ec00000, 0x000000008ec00000| Complete 
| 237|0x000000008ed00000, 0x000000008ee00000, 0x000000008ee00000|100%| E|CS|TAMS 0x000000008ed00000, 0x000000008ed00000| Complete 
| 238|0x000000008ee00000, 0x000000008ef00000, 0x000000008ef00000|100%| E|CS|TAMS 0x000000008ee00000, 0x000000008ee00000| Complete 
| 239|0x000000008ef00000, 0x000000008f000000, 0x000000008f000000|100%| E|CS|TAMS 0x000000008ef00000, 0x000000008ef00000| Complete 
| 240|0x000000008f000000, 0x000000008f100000, 0x000000008f100000|100%| E|CS|TAMS 0x000000008f000000, 0x000000008f000000| Complete 
| 241|0x000000008f100000, 0x000000008f200000, 0x000000008f200000|100%| E|CS|TAMS 0x000000008f100000, 0x000000008f100000| Complete 
| 242|0x000000008f200000, 0x000000008f300000, 0x000000008f300000|100%| E|CS|TAMS 0x000000008f200000, 0x000000008f200000| Complete 
| 243|0x000000008f300000, 0x000000008f400000, 0x000000008f400000|100%| E|CS|TAMS 0x000000008f300000, 0x000000008f300000| Complete 
| 244|0x000000008f400000, 0x000000008f500000, 0x000000008f500000|100%| E|CS|TAMS 0x000000008f400000, 0x000000008f400000| Complete 
| 245|0x000000008f500000, 0x000000008f600000, 0x000000008f600000|100%| E|CS|TAMS 0x000000008f500000, 0x000000008f500000| Complete 
| 246|0x000000008f600000, 0x000000008f700000, 0x000000008f700000|100%| E|CS|TAMS 0x000000008f600000, 0x000000008f600000| Complete 
| 247|0x000000008f700000, 0x000000008f800000, 0x000000008f800000|100%| E|CS|TAMS 0x000000008f700000, 0x000000008f700000| Complete 
| 248|0x000000008f800000, 0x000000008f900000, 0x000000008f900000|100%| E|CS|TAMS 0x000000008f800000, 0x000000008f800000| Complete 
| 249|0x000000008f900000, 0x000000008fa00000, 0x000000008fa00000|100%| E|CS|TAMS 0x000000008f900000, 0x000000008f900000| Complete 
| 250|0x000000008fa00000, 0x000000008fb00000, 0x000000008fb00000|100%| E|CS|TAMS 0x000000008fa00000, 0x000000008fa00000| Complete 
| 251|0x000000008fb00000, 0x000000008fc00000, 0x000000008fc00000|100%| E|CS|TAMS 0x000000008fb00000, 0x000000008fb00000| Complete 
| 252|0x000000008fc00000, 0x000000008fd00000, 0x000000008fd00000|100%| E|CS|TAMS 0x000000008fc00000, 0x000000008fc00000| Complete 
| 253|0x000000008fd00000, 0x000000008fe00000, 0x000000008fe00000|100%| E|CS|TAMS 0x000000008fd00000, 0x000000008fd00000| Complete 
| 254|0x000000008fe00000, 0x000000008ff00000, 0x000000008ff00000|100%| E|CS|TAMS 0x000000008fe00000, 0x000000008fe00000| Complete 
| 255|0x000000008ff00000, 0x0000000090000000, 0x0000000090000000|100%| E|CS|TAMS 0x000000008ff00000, 0x000000008ff00000| Complete 
| 256|0x0000000090000000, 0x0000000090100000, 0x0000000090100000|100%| S|CS|TAMS 0x0000000090000000, 0x0000000090000000| Complete 
| 257|0x0000000090100000, 0x0000000090200000, 0x0000000090200000|100%| O|  |TAMS 0x0000000090100000, 0x0000000090100000| Untracked 
| 258|0x0000000090200000, 0x0000000090300000, 0x0000000090300000|100%| O|  |TAMS 0x0000000090200000, 0x0000000090200000| Untracked 
| 259|0x0000000090300000, 0x0000000090400000, 0x0000000090400000|100%| O|  |TAMS 0x0000000090300000, 0x0000000090300000| Untracked 
| 260|0x0000000090400000, 0x0000000090500000, 0x0000000090500000|100%| O|  |TAMS 0x0000000090400000, 0x0000000090400000| Untracked 
| 261|0x0000000090500000, 0x0000000090600000, 0x0000000090600000|100%| O|  |TAMS 0x0000000090500000, 0x0000000090500000| Untracked 
| 262|0x0000000090600000, 0x0000000090700000, 0x0000000090700000|100%| O|  |TAMS 0x0000000090600000, 0x0000000090600000| Untracked 
| 263|0x0000000090700000, 0x0000000090800000, 0x0000000090800000|100%| O|  |TAMS 0x0000000090700000, 0x0000000090700000| Untracked 
| 264|0x0000000090800000, 0x0000000090900000, 0x0000000090900000|100%| O|  |TAMS 0x0000000090800000, 0x0000000090800000| Untracked 
| 265|0x0000000090900000, 0x0000000090a00000, 0x0000000090a00000|100%| O|  |TAMS 0x0000000090900000, 0x0000000090900000| Untracked 
| 266|0x0000000090a00000, 0x0000000090b00000, 0x0000000090b00000|100%| O|  |TAMS 0x0000000090a00000, 0x0000000090a00000| Untracked 
| 267|0x0000000090b00000, 0x0000000090c00000, 0x0000000090c00000|100%| O|  |TAMS 0x0000000090b00000, 0x0000000090b00000| Untracked 
| 268|0x0000000090c00000, 0x0000000090c55800, 0x0000000090d00000| 33%| O|  |TAMS 0x0000000090c00000, 0x0000000090c00000| Untracked 

Card table byte_map: [0x000001edd86c0000,0x000001edd8ac0000] _byte_map_base: 0x000001edd82c0000

Marking Bits (Prev, Next): (CMBitMap*) 0x000001edc5854e20, (CMBitMap*) 0x000001edc5854de8
 Prev Bits: [0x000001eddaec0000, 0x000001eddcec0000)
 Next Bits: [0x000001edd8ec0000, 0x000001eddaec0000)

Polling page: 0x000001edc3740000

Metaspace:

Usage:
  Non-class:     76.33 MB capacity,    75.05 MB ( 98%) used,     1.06 MB (  1%) free+waste,   223.00 KB ( <1%) overhead. 
      Class:     12.01 MB capacity,    11.27 MB ( 94%) used,   662.00 KB (  5%) free+waste,   100.50 KB ( <1%) overhead. 
       Both:     88.34 MB capacity,    86.31 MB ( 98%) used,     1.71 MB (  2%) free+waste,   323.50 KB ( <1%) overhead. 

Virtual space:
  Non-class space:       86.00 MB reserved,      76.37 MB ( 89%) committed 
      Class space:        1.00 GB reserved,      12.13 MB (  1%) committed 
             Both:        1.08 GB reserved,      88.50 MB (  8%) committed 

Chunk freelists:
   Non-Class:  47.00 KB
       Class:  21.00 KB
        Both:  68.00 KB

MaxMetaspaceSize: 17179869184.00 GB
CompressedClassSpaceSize: 1.00 GB

CodeHeap 'non-profiled nmethods': size=120064Kb used=6355Kb max_used=6355Kb free=113708Kb
 bounds [0x000001edd0d80000, 0x000001edd13c0000, 0x000001edd82c0000]
CodeHeap 'profiled nmethods': size=120000Kb used=22333Kb max_used=22333Kb free=97667Kb
 bounds [0x000001edc9850000, 0x000001edcae20000, 0x000001edd0d80000]
CodeHeap 'non-nmethods': size=5696Kb used=2272Kb max_used=2323Kb free=3423Kb
 bounds [0x000001edc92c0000, 0x000001edc9530000, 0x000001edc9850000]
 total_blobs=10974 nmethods=10108 adapters=777
 compilation: enabled
              stopped_count=0, restarted_count=0
 full_count=0

Compilation events (20 events):
Event: 58.404 Thread 0x000001ede82c4000 nmethod 10144 0x000001edd13aef10 code [0x000001edd13af0a0, 0x000001edd13af258]
Event: 58.404 Thread 0x000001ede82c4000 10147  s    4       java.io.ByteArrayOutputStream::toByteArray (12 bytes)
Event: 58.412 Thread 0x000001ede82c4000 nmethod 10147 0x000001edd13af510 code [0x000001edd13af6c0, 0x000001edd13afb98]
Event: 58.412 Thread 0x000001ede82c4000 10154       4       com.android.tools.r8.graph.D1::e (33 bytes)
Event: 58.413 Thread 0x000001ede82c4000 nmethod 10154 0x000001edd13afd10 code [0x000001edd13afea0, 0x000001edd13aff38]
Event: 58.413 Thread 0x000001ede82c4000 10143       4       com.android.tools.r8.graph.h0::a (20 bytes)
Event: 58.420 Thread 0x000001ede82c4000 nmethod 10143 0x000001edd13b0010 code [0x000001edd13b01c0, 0x000001edd13b0448]
Event: 58.420 Thread 0x000001ede82c4000 10148       4       com.android.tools.r8.graph.D1::a (34 bytes)
Event: 58.424 Thread 0x000001ede82c4000 nmethod 10148 0x000001edd13b0610 code [0x000001edd13b07a0, 0x000001edd13b0918]
Event: 58.424 Thread 0x000001ede82c4000 10139       4       com.android.tools.r8.graph.h0::a (35 bytes)
Event: 58.437 Thread 0x000001ede82c4000 nmethod 10139 0x000001edd13b0a10 code [0x000001edd13b0be0, 0x000001edd13b10b8]
Event: 58.437 Thread 0x000001ede82c4000 10141       4       com.android.tools.r8.graph.D1::d (33 bytes)
Event: 58.438 Thread 0x000001ede82c4000 nmethod 10141 0x000001edd13b1310 code [0x000001edd13b14a0, 0x000001edd13b1538]
Event: 58.439 Thread 0x000001ede82c4000 10142       4       com.android.tools.r8.graph.D1::a (34 bytes)
Event: 58.442 Thread 0x000001ede82c4000 nmethod 10142 0x000001edd13b1610 code [0x000001edd13b17a0, 0x000001edd13b1918]
Event: 58.443 Thread 0x000001ede82c4000 10158       4       com.android.tools.r8.graph.g0::<init> (5 bytes)
Event: 58.444 Thread 0x000001ede82c4000 nmethod 10158 0x000001edd13b1a10 code [0x000001edd13b1ba0, 0x000001edd13b1bf8]
Event: 58.455 Thread 0x000001ede82c4000 10160       4       com.google.common.collect.MapMakerInternalMap::putIfAbsent (29 bytes)
Event: 58.459 Thread 0x000001ede82c4000 nmethod 10160 0x000001edd13b1e90 code [0x000001edd13b2040, 0x000001edd13b2208]
Event: 58.464 Thread 0x000001ede82c4000 10161   !   4       com.google.common.collect.MapMakerInternalMap$Segment::get (58 bytes)

GC Heap History (20 events):
Event: 14.236 GC heap before
{Heap before GC invocations=6 (full 0):
 garbage-first heap   total 262144K, used 74623K [0x0000000080000000, 0x0000000100000000)
  region size 1024K, 61 young (62464K), 4 survivors (4096K)
 Metaspace       used 26867K, capacity 27468K, committed 27568K, reserved 1073152K
  class space    used 3526K, capacity 3754K, committed 3840K, reserved 1048576K
}
Event: 14.249 GC heap after
{Heap after GC invocations=7 (full 0):
 garbage-first heap   total 262144K, used 18431K [0x0000000080000000, 0x0000000100000000)
  region size 1024K, 6 young (6144K), 6 survivors (6144K)
 Metaspace       used 26867K, capacity 27468K, committed 27568K, reserved 1073152K
  class space    used 3526K, capacity 3754K, committed 3840K, reserved 1048576K
}
Event: 17.433 GC heap before
{Heap before GC invocations=7 (full 0):
 garbage-first heap   total 262144K, used 58367K [0x0000000080000000, 0x0000000100000000)
  region size 1024K, 46 young (47104K), 6 survivors (6144K)
 Metaspace       used 34947K, capacity 35638K, committed 35708K, reserved 1081344K
  class space    used 4524K, capacity 4817K, committed 4864K, reserved 1048576K
}
Event: 17.464 GC heap after
{Heap after GC invocations=8 (full 0):
 garbage-first heap   total 262144K, used 21232K [0x0000000080000000, 0x0000000100000000)
  region size 1024K, 9 young (9216K), 9 survivors (9216K)
 Metaspace       used 34947K, capacity 35638K, committed 35708K, reserved 1081344K
  class space    used 4524K, capacity 4817K, committed 4864K, reserved 1048576K
}
Event: 27.244 GC heap before
{Heap before GC invocations=9 (full 0):
 garbage-first heap   total 262144K, used 109296K [0x0000000080000000, 0x0000000100000000)
  region size 1024K, 92 young (94208K), 9 survivors (9216K)
 Metaspace       used 42903K, capacity 43887K, committed 44156K, reserved 1087488K
  class space    used 5503K, capacity 5859K, committed 5888K, reserved 1048576K
}
Event: 27.280 GC heap after
{Heap after GC invocations=10 (full 0):
 garbage-first heap   total 262144K, used 26001K [0x0000000080000000, 0x0000000100000000)
  region size 1024K, 11 young (11264K), 11 survivors (11264K)
 Metaspace       used 42903K, capacity 43887K, committed 44156K, reserved 1087488K
  class space    used 5503K, capacity 5859K, committed 5888K, reserved 1048576K
}
Event: 34.345 GC heap before
{Heap before GC invocations=10 (full 0):
 garbage-first heap   total 262144K, used 147857K [0x0000000080000000, 0x0000000100000000)
  region size 1024K, 124 young (126976K), 11 survivors (11264K)
 Metaspace       used 50678K, capacity 51917K, committed 52092K, reserved 1095680K
  class space    used 6417K, capacity 6833K, committed 6912K, reserved 1048576K
}
Event: 34.385 GC heap after
{Heap after GC invocations=11 (full 0):
 garbage-first heap   total 262144K, used 42685K [0x0000000080000000, 0x0000000100000000)
  region size 1024K, 16 young (16384K), 16 survivors (16384K)
 Metaspace       used 50678K, capacity 51917K, committed 52092K, reserved 1095680K
  class space    used 6417K, capacity 6833K, committed 6912K, reserved 1048576K
}
Event: 42.267 GC heap before
{Heap before GC invocations=11 (full 0):
 garbage-first heap   total 262144K, used 105149K [0x0000000080000000, 0x0000000100000000)
  region size 1024K, 78 young (79872K), 16 survivors (16384K)
 Metaspace       used 58379K, capacity 59771K, committed 59900K, reserved 1101824K
  class space    used 7403K, capacity 7942K, committed 8064K, reserved 1048576K
}
Event: 42.393 GC heap after
{Heap after GC invocations=12 (full 0):
 garbage-first heap   total 262144K, used 48432K [0x0000000080000000, 0x0000000100000000)
  region size 1024K, 15 young (15360K), 15 survivors (15360K)
 Metaspace       used 58379K, capacity 59771K, committed 59900K, reserved 1101824K
  class space    used 7403K, capacity 7942K, committed 8064K, reserved 1048576K
}
Event: 47.565 GC heap before
{Heap before GC invocations=13 (full 0):
 garbage-first heap   total 262144K, used 156976K [0x0000000080000000, 0x0000000100000000)
  region size 1024K, 120 young (122880K), 15 survivors (15360K)
 Metaspace       used 67388K, capacity 68944K, committed 69116K, reserved 1110016K
  class space    used 8707K, capacity 9262K, committed 9344K, reserved 1048576K
}
Event: 47.612 GC heap after
{Heap after GC invocations=14 (full 0):
 garbage-first heap   total 262144K, used 56603K [0x0000000080000000, 0x0000000100000000)
  region size 1024K, 13 young (13312K), 13 survivors (13312K)
 Metaspace       used 67388K, capacity 68944K, committed 69116K, reserved 1110016K
  class space    used 8707K, capacity 9262K, committed 9344K, reserved 1048576K
}
Event: 50.877 GC heap before
{Heap before GC invocations=14 (full 0):
 garbage-first heap   total 262144K, used 167195K [0x0000000080000000, 0x0000000100000000)
  region size 1024K, 122 young (124928K), 13 survivors (13312K)
 Metaspace       used 78421K, capacity 80244K, committed 80380K, reserved 1118208K
  class space    used 10160K, capacity 10797K, committed 10880K, reserved 1048576K
}
Event: 50.942 GC heap after
{Heap after GC invocations=15 (full 0):
 garbage-first heap   total 262144K, used 62975K [0x0000000080000000, 0x0000000100000000)
  region size 1024K, 15 young (15360K), 15 survivors (15360K)
 Metaspace       used 78421K, capacity 80244K, committed 80380K, reserved 1118208K
  class space    used 10160K, capacity 10797K, committed 10880K, reserved 1048576K
}
Event: 53.471 GC heap before
{Heap before GC invocations=15 (full 0):
 garbage-first heap   total 262144K, used 176639K [0x0000000080000000, 0x0000000100000000)
  region size 1024K, 127 young (130048K), 15 survivors (15360K)
 Metaspace       used 79712K, capacity 81584K, committed 81788K, reserved 1120256K
  class space    used 10259K, capacity 10935K, committed 11008K, reserved 1048576K
}
Event: 53.537 GC heap after
{Heap after GC invocations=16 (full 0):
 garbage-first heap   total 262144K, used 70046K [0x0000000080000000, 0x0000000100000000)
  region size 1024K, 14 young (14336K), 14 survivors (14336K)
 Metaspace       used 79712K, capacity 81584K, committed 81788K, reserved 1120256K
  class space    used 10259K, capacity 10935K, committed 11008K, reserved 1048576K
}
Event: 55.255 GC heap before
{Heap before GC invocations=16 (full 0):
 garbage-first heap   total 262144K, used 184734K [0x0000000080000000, 0x0000000100000000)
  region size 1024K, 127 young (130048K), 14 survivors (14336K)
 Metaspace       used 81845K, capacity 83808K, committed 83964K, reserved 1122304K
  class space    used 10555K, capacity 11273K, committed 11392K, reserved 1048576K
}
Event: 55.300 GC heap after
{Heap after GC invocations=17 (full 0):
 garbage-first heap   total 262144K, used 75090K [0x0000000080000000, 0x0000000100000000)
  region size 1024K, 11 young (11264K), 11 survivors (11264K)
 Metaspace       used 81845K, capacity 83808K, committed 83964K, reserved 1122304K
  class space    used 10555K, capacity 11273K, committed 11392K, reserved 1048576K
}
Event: 57.028 GC heap before
{Heap before GC invocations=17 (full 0):
 garbage-first heap   total 262144K, used 244050K [0x0000000080000000, 0x0000000100000000)
  region size 1024K, 125 young (128000K), 11 survivors (11264K)
 Metaspace       used 86459K, capacity 88515K, committed 88700K, reserved 1126400K
  class space    used 11150K, capacity 11906K, committed 12032K, reserved 1048576K
}
Event: 57.075 GC heap after
{Heap after GC invocations=18 (full 0):
 garbage-first heap   total 275456K, used 129365K [0x0000000080000000, 0x0000000100000000)
  region size 1024K, 16 young (16384K), 16 survivors (16384K)
 Metaspace       used 86459K, capacity 88515K, committed 88700K, reserved 1126400K
  class space    used 11150K, capacity 11906K, committed 12032K, reserved 1048576K
}

Deoptimization events (20 events):
Event: 58.354 Thread 0x000001ede9b31800 DEOPT PACKING pc=0x000001edcada5936 sp=0x0000008773cfd910
Event: 58.354 Thread 0x000001ede9b31800 DEOPT UNPACKING pc=0x000001edc92e76ce sp=0x0000008773cfcfc0 mode 0
Event: 58.356 Thread 0x000001ede9b31800 DEOPT PACKING pc=0x000001edcada5936 sp=0x0000008773cfd910
Event: 58.356 Thread 0x000001ede9b31800 DEOPT UNPACKING pc=0x000001edc92e76ce sp=0x0000008773cfcfc0 mode 0
Event: 58.359 Thread 0x000001ede9b31800 DEOPT PACKING pc=0x000001edcada5936 sp=0x0000008773cfd910
Event: 58.359 Thread 0x000001ede9b31800 DEOPT UNPACKING pc=0x000001edc92e76ce sp=0x0000008773cfcfc0 mode 0
Event: 58.361 Thread 0x000001ede9b31800 DEOPT PACKING pc=0x000001edcada5936 sp=0x0000008773cfd910
Event: 58.361 Thread 0x000001ede9b31800 DEOPT UNPACKING pc=0x000001edc92e76ce sp=0x0000008773cfcfc0 mode 0
Event: 58.366 Thread 0x000001ede9b31800 DEOPT PACKING pc=0x000001edcada5936 sp=0x0000008773cfd910
Event: 58.366 Thread 0x000001ede9b31800 DEOPT UNPACKING pc=0x000001edc92e76ce sp=0x0000008773cfcfc0 mode 0
Event: 58.367 Thread 0x000001ede9b31800 DEOPT PACKING pc=0x000001edcada5936 sp=0x0000008773cfd910
Event: 58.367 Thread 0x000001ede9b31800 DEOPT UNPACKING pc=0x000001edc92e76ce sp=0x0000008773cfcfc0 mode 0
Event: 58.374 Thread 0x000001ede9b31800 DEOPT PACKING pc=0x000001edcada5936 sp=0x0000008773cfd910
Event: 58.374 Thread 0x000001ede9b31800 DEOPT UNPACKING pc=0x000001edc92e76ce sp=0x0000008773cfcfc0 mode 0
Event: 58.376 Thread 0x000001ede9b31800 DEOPT PACKING pc=0x000001edcada5936 sp=0x0000008773cfd910
Event: 58.376 Thread 0x000001ede9b31800 DEOPT UNPACKING pc=0x000001edc92e76ce sp=0x0000008773cfcfc0 mode 0
Event: 58.377 Thread 0x000001ede9b31800 DEOPT PACKING pc=0x000001edcada5936 sp=0x0000008773cfd910
Event: 58.377 Thread 0x000001ede9b31800 DEOPT UNPACKING pc=0x000001edc92e76ce sp=0x0000008773cfcfc0 mode 0
Event: 58.384 Thread 0x000001ede9b31800 DEOPT PACKING pc=0x000001edcada5936 sp=0x0000008773cfd910
Event: 58.384 Thread 0x000001ede9b31800 DEOPT UNPACKING pc=0x000001edc92e76ce sp=0x0000008773cfcfc0 mode 0

Classes redefined (0 events):
No events

Internal exceptions (20 events):
Event: 54.211 Thread 0x000001ede2c57000 Exception <a 'sun/nio/fs/WindowsException'{0x000000008d2346e8}> (0x000000008d2346e8) thrown at [./src/hotspot/share/prims/jni.cpp, line 615]
Event: 54.211 Thread 0x000001ede2c57000 Exception <a 'sun/nio/fs/WindowsException'{0x000000008d2352d8}> (0x000000008d2352d8) thrown at [./src/hotspot/share/prims/jni.cpp, line 615]
Event: 54.244 Thread 0x000001ede2c57000 Exception <a 'java/lang/NoSuchMethodError'{0x000000008d19a520}: <clinit>> (0x000000008d19a520) thrown at [./src/hotspot/share/prims/jni.cpp, line 1362]
Event: 54.249 Thread 0x000001ede2c57000 Exception <a 'java/lang/NoSuchMethodError'{0x000000008d1cd978}: <clinit>> (0x000000008d1cd978) thrown at [./src/hotspot/share/prims/jni.cpp, line 1362]
Event: 54.255 Thread 0x000001ede2c57000 Exception <a 'java/lang/NoSuchMethodError'{0x000000008d002d08}: <clinit>> (0x000000008d002d08) thrown at [./src/hotspot/share/prims/jni.cpp, line 1362]
Event: 54.641 Thread 0x000001ede9b30800 Exception <a 'java/lang/NoSuchMethodError'{0x000000008be3ff60}: 'void java.lang.invoke.DirectMethodHandle$Holder.invokeStatic(java.lang.Object, java.lang.Object, java.lang.Object, java.lang.Object, int, java.lang.Object)'> (0x000000008be3ff60) thrown at [./src/hotspot/share/interpreter/linkResolver.cpp, line 773]
Event: 55.047 Thread 0x000001ede2bc6800 Implicit null exception at 0x000001edd12c49ab to 0x000001edd12c4be0
Event: 56.439 Thread 0x000001ede9b30000 Exception <a 'java/lang/NoSuchMethodError'{0x000000008a846bc8}: 'int java.lang.invoke.DirectMethodHandle$Holder.invokeSpecial(java.lang.Object, java.lang.Object, java.lang.Object, java.lang.Object, java.lang.Object)'> (0x000000008a846bc8) thrown at [./src/hotspot/share/interpreter/linkResolver.cpp, line 773]
Event: 56.607 Thread 0x000001ede9b31800 Exception <a 'sun/nio/fs/WindowsException'{0x000000008a077430}> (0x000000008a077430) thrown at [./src/hotspot/share/prims/jni.cpp, line 615]
Event: 56.678 Thread 0x000001ede9b2f000 Exception <a 'java/lang/NoSuchMethodError'{0x0000000089fb1d90}: 'void java.lang.invoke.DirectMethodHandle$Holder.invokeStatic(java.lang.Object, long)'> (0x0000000089fb1d90) thrown at [./src/hotspot/share/interpreter/linkResolver.cpp, line 773]
Event: 56.679 Thread 0x000001ede9b2f000 Exception <a 'java/lang/NoSuchMethodError'{0x0000000089eaa0f0}: 'java.lang.Object java.lang.invoke.DirectMethodHandle$Holder.invokeStatic(java.lang.Object, long)'> (0x0000000089eaa0f0) thrown at [./src/hotspot/share/interpreter/linkResolver.cpp, line 773]
Event: 56.686 Thread 0x000001ede9b2f000 Exception <a 'java/lang/NoSuchMethodError'{0x0000000089eb8458}: 'java.lang.Object java.lang.invoke.DirectMethodHandle$Holder.invokeStaticInit(java.lang.Object, java.lang.Object, long, java.lang.Object)'> (0x0000000089eb8458) thrown at [./src/hotspot/share/interpreter/linkResolver.cpp, line 773]
Event: 56.713 Thread 0x000001ede9b2f000 Exception <a 'java/lang/NoSuchMethodError'{0x0000000089ebe5f0}: 'java.lang.Object java.lang.invoke.DirectMethodHandle$Holder.invokeStatic(java.lang.Object, java.lang.Object, long)'> (0x0000000089ebe5f0) thrown at [./src/hotspot/share/interpreter/linkResolver.cpp, line 773]
Event: 56.715 Thread 0x000001ede9b2f000 Exception <a 'java/lang/NoSuchMethodError'{0x0000000089ec4b68}: 'java.lang.Object java.lang.invoke.Invokers$Holder.linkToTargetMethod(java.lang.Object, long, java.lang.Object)'> (0x0000000089ec4b68) thrown at [./src/hotspot/share/interpreter/linkResolver.cpp, line 773]
Event: 56.765 Thread 0x000001ede9b31800 Exception <a 'java/lang/NoSuchMethodError'{0x0000000089c33bf8}: 'int java.lang.invoke.DirectMethodHandle$Holder.invokeVirtual(java.lang.Object, java.lang.Object, java.lang.Object)'> (0x0000000089c33bf8) thrown at [./src/hotspot/share/interpreter/linkResolver.cpp, line 773]
Event: 56.885 Thread 0x000001ede9b31800 Exception <a 'java/lang/NoSuchMethodError'{0x0000000089a541e0}: 'int java.lang.invoke.DirectMethodHandle$Holder.invokeVirtual(java.lang.Object, java.lang.Object)'> (0x0000000089a541e0) thrown at [./src/hotspot/share/interpreter/linkResolver.cpp, line 773]
Event: 56.886 Thread 0x000001ede9b31800 Exception <a 'java/lang/NoSuchMethodError'{0x0000000089a59910}: 'java.lang.Object java.lang.invoke.DirectMethodHandle$Holder.invokeStatic(java.lang.Object, java.lang.Object, java.lang.Object, java.lang.Object, java.lang.Object, java.lang.Object, java.lang.Object, java.lang.Object, java.lang.Object, java.lang.Object, java.lang.Object, java.lang.Object, java.lang.Object, java.lang.Object, java.lang.Object, java.lang.Object, java.lang.Object, int, java.lang.Object)'> (0x0000000089a59910) thrown at [./src/hots
Event: 56.887 Thread 0x000001ede9b31800 Exception <a 'java/lang/NoSuchMethodError'{0x0000000089a5ef60}: 'java.lang.Object java.lang.invoke.DirectMethodHandle$Holder.invokeStaticInit(java.lang.Object, java.lang.Object, java.lang.Object, java.lang.Object, java.lang.Object, java.lang.Object, java.lang.Object, java.lang.Object, java.lang.Object, java.lang.Object, java.lang.Object, java.lang.Object, java.lang.Object, java.lang.Object, java.lang.Object, java.lang.Object, java.lang.Object, int, java.lang.Object)'> (0x0000000089a5ef60) thrown at [./src/
Event: 57.228 Thread 0x000001ede9b2f000 Exception <a 'java/lang/NoSuchMethodError'{0x000000008fb9ae58}: 'int java.lang.invoke.DirectMethodHandle$Holder.invokeSpecialIFC(java.lang.Object, java.lang.Object, java.lang.Object)'> (0x000000008fb9ae58) thrown at [./src/hotspot/share/interpreter/linkResolver.cpp, line 773]
Event: 58.448 Thread 0x000001ede9b38000 Exception <a 'java/lang/NoSuchMethodError'{0x000000008b136268}: 'java.lang.Object java.lang.invoke.DirectMethodHandle$Holder.newInvokeSpecial(java.lang.Object, int)'> (0x000000008b136268) thrown at [./src/hotspot/share/interpreter/linkResolver.cpp, line 773]

Events (20 events):
Event: 58.467 loading class com/android/tools/r8/code/c0
Event: 58.467 loading class com/android/tools/r8/code/c0 done
Event: 58.468 loading class com/android/tools/r8/code/J0
Event: 58.468 loading class com/android/tools/r8/code/J0 done
Event: 58.469 loading class com/android/tools/r8/code/X
Event: 58.469 loading class com/android/tools/r8/code/X done
Event: 58.469 loading class com/android/tools/r8/v/b/g1
Event: 58.469 loading class com/android/tools/r8/v/b/g1 done
Event: 58.469 loading class com/android/tools/r8/code/V
Event: 58.469 loading class com/android/tools/r8/code/V done
Event: 58.470 loading class com/android/tools/r8/code/T
Event: 58.470 loading class com/android/tools/r8/code/T done
Event: 58.470 loading class com/android/tools/r8/code/U
Event: 58.470 loading class com/android/tools/r8/code/U done
Event: 58.470 loading class com/android/tools/r8/code/E0
Event: 58.470 loading class com/android/tools/r8/code/E0 done
Event: 58.471 loading class com/android/tools/r8/code/f3
Event: 58.471 loading class com/android/tools/r8/code/f3 done
Event: 58.471 loading class com/android/tools/r8/code/h3
Event: 58.471 loading class com/android/tools/r8/code/h3 done


Dynamic libraries:
0x00007ff798c30000 - 0x00007ff798c3a000 	C:\Program Files\Android\Android Studio\jre\bin\java.exe
0x00007ffaa9240000 - 0x00007ffaa9447000 	C:\WINDOWS\SYSTEM32\ntdll.dll
0x00007ffaa75d0000 - 0x00007ffaa768d000 	C:\WINDOWS\System32\KERNEL32.DLL
0x00007ffaa67c0000 - 0x00007ffaa6b34000 	C:\WINDOWS\System32\KERNELBASE.dll
0x00007ffaa36c0000 - 0x00007ffaa3751000 	C:\WINDOWS\SYSTEM32\apphelp.dll
0x00007ffaa6bf0000 - 0x00007ffaa6d01000 	C:\WINDOWS\System32\ucrtbase.dll
0x00007ffa805a0000 - 0x00007ffa805b9000 	C:\Program Files\Android\Android Studio\jre\bin\jli.dll
0x00007ffaa8d50000 - 0x00007ffaa8efc000 	C:\WINDOWS\System32\USER32.dll
0x00007ffaa6bc0000 - 0x00007ffaa6be6000 	C:\WINDOWS\System32\win32u.dll
0x00007ffaa8d20000 - 0x00007ffaa8d49000 	C:\WINDOWS\System32\GDI32.dll
0x00007ffaa6d10000 - 0x00007ffaa6e22000 	C:\WINDOWS\System32\gdi32full.dll
0x00007ffaa6720000 - 0x00007ffaa67bd000 	C:\WINDOWS\System32\msvcp_win.dll
0x00007ffa7ea50000 - 0x00007ffa7ea67000 	C:\Program Files\Android\Android Studio\jre\bin\VCRUNTIME140.dll
0x00007ffa95380000 - 0x00007ffa95625000 	C:\WINDOWS\WinSxS\amd64_microsoft.windows.common-controls_6595b64144ccf1df_6.0.22000.51_none_25c0e06ad7789dba\COMCTL32.dll
0x00007ffaa73a0000 - 0x00007ffaa7443000 	C:\WINDOWS\System32\msvcrt.dll
0x00007ffaa7130000 - 0x00007ffaa7161000 	C:\WINDOWS\System32\IMM32.DLL
0x00007ffa68660000 - 0x00007ffa686fd000 	C:\Program Files\Android\Android Studio\jre\bin\msvcp140.dll
0x00007ffa5ab30000 - 0x00007ffa5b5ff000 	C:\Program Files\Android\Android Studio\jre\bin\server\jvm.dll
0x00007ffaa8ff0000 - 0x00007ffaa909c000 	C:\WINDOWS\System32\ADVAPI32.dll
0x00007ffaa74c0000 - 0x00007ffaa755d000 	C:\WINDOWS\System32\sechost.dll
0x00007ffaa7690000 - 0x00007ffaa77b1000 	C:\WINDOWS\System32\RPCRT4.dll
0x00007ffa8f790000 - 0x00007ffa8f799000 	C:\WINDOWS\SYSTEM32\WSOCK32.dll
0x00007ffaa7560000 - 0x00007ffaa75cf000 	C:\WINDOWS\System32\WS2_32.dll
0x00007ffa96c60000 - 0x00007ffa96c93000 	C:\WINDOWS\SYSTEM32\WINMM.dll
0x00007ffa95b30000 - 0x00007ffa95b3a000 	C:\WINDOWS\SYSTEM32\VERSION.dll
0x00007ffaa8cf0000 - 0x00007ffaa8cf8000 	C:\WINDOWS\System32\PSAPI.DLL
0x00007ffaa5940000 - 0x00007ffaa5958000 	C:\WINDOWS\SYSTEM32\kernel.appcore.dll
0x00007ffa9d410000 - 0x00007ffa9d421000 	C:\Program Files\Android\Android Studio\jre\bin\verify.dll
0x00007ffaa4430000 - 0x00007ffaa4651000 	C:\WINDOWS\SYSTEM32\DBGHELP.DLL
0x00007ffa8b200000 - 0x00007ffa8b231000 	C:\WINDOWS\SYSTEM32\dbgcore.DLL
0x00007ffaa6b40000 - 0x00007ffaa6bc0000 	C:\WINDOWS\System32\bcryptPrimitives.dll
0x00007ffa75c20000 - 0x00007ffa75c49000 	C:\Program Files\Android\Android Studio\jre\bin\java.dll
0x00007ffa8d090000 - 0x00007ffa8d09b000 	C:\Program Files\Android\Android Studio\jre\bin\jimage.dll
0x00007ffa7de40000 - 0x00007ffa7de58000 	C:\Program Files\Android\Android Studio\jre\bin\zip.dll
0x00007ffaa7bb0000 - 0x00007ffaa8358000 	C:\WINDOWS\System32\SHELL32.dll
0x00007ffaa48d0000 - 0x00007ffaa5132000 	C:\WINDOWS\SYSTEM32\windows.storage.dll
0x00007ffaa8970000 - 0x00007ffaa8ce8000 	C:\WINDOWS\System32\combase.dll
0x00007ffaa4760000 - 0x00007ffaa48c6000 	C:\WINDOWS\SYSTEM32\wintypes.dll
0x00007ffaa8410000 - 0x00007ffaa84fa000 	C:\WINDOWS\System32\SHCORE.dll
0x00007ffaa9190000 - 0x00007ffaa91ed000 	C:\WINDOWS\System32\shlwapi.dll
0x00007ffaa6650000 - 0x00007ffaa6671000 	C:\WINDOWS\SYSTEM32\profapi.dll
0x00007ffa74010000 - 0x00007ffa7402a000 	C:\Program Files\Android\Android Studio\jre\bin\net.dll
0x00007ffa96340000 - 0x00007ffa9644c000 	C:\WINDOWS\SYSTEM32\WINHTTP.dll
0x00007ffaa5d50000 - 0x00007ffaa5db7000 	C:\WINDOWS\system32\mswsock.dll
0x00007ffa73ff0000 - 0x00007ffa74004000 	C:\Program Files\Android\Android Studio\jre\bin\nio.dll
0x00007ffa6c1f0000 - 0x00007ffa6c217000 	C:\Users\leand\.gradle\native\fdc75f09e3144964f2cf3f50f0aa648679c211496f362492102eb8c894070792\windows-amd64\native-platform.dll
0x00007ffa597b0000 - 0x00007ffa59946000 	C:\Users\leand\.gradle\native\12488b8bf47d2d4c9fbf2f6322a914ad602e24e48041cd04a747c6da556b65c4\windows-amd64\native-platform-file-events.dll
0x00007ffa8b3b0000 - 0x00007ffa8b3ba000 	C:\Program Files\Android\Android Studio\jre\bin\management.dll
0x00007ffa8b390000 - 0x00007ffa8b39c000 	C:\Program Files\Android\Android Studio\jre\bin\management_ext.dll
0x00007ffaa5fa0000 - 0x00007ffaa5fb8000 	C:\WINDOWS\SYSTEM32\CRYPTSP.dll
0x00007ffaa58a0000 - 0x00007ffaa58d5000 	C:\WINDOWS\system32\rsaenh.dll
0x00007ffaa5e40000 - 0x00007ffaa5e69000 	C:\WINDOWS\SYSTEM32\USERENV.dll
0x00007ffaa6110000 - 0x00007ffaa6137000 	C:\WINDOWS\SYSTEM32\bcrypt.dll
0x00007ffaa5f90000 - 0x00007ffaa5f9c000 	C:\WINDOWS\SYSTEM32\CRYPTBASE.dll
0x00007ffaa54c0000 - 0x00007ffaa54ed000 	C:\WINDOWS\SYSTEM32\IPHLPAPI.DLL
0x00007ffaa8f00000 - 0x00007ffaa8f09000 	C:\WINDOWS\System32\NSI.dll
0x00007ffa96090000 - 0x00007ffa960a9000 	C:\WINDOWS\SYSTEM32\dhcpcsvc6.DLL
0x00007ffa966f0000 - 0x00007ffa9670e000 	C:\WINDOWS\SYSTEM32\dhcpcsvc.DLL
0x00007ffaa54f0000 - 0x00007ffaa55d7000 	C:\WINDOWS\SYSTEM32\DNSAPI.dll
0x00007ffa95d60000 - 0x00007ffa95d6c000 	C:\WINDOWS\SYSTEM32\WINNSI.DLL

dbghelp: loaded successfully - version: 4.0.5 - missing functions: none
symbol engine: initialized successfully - sym options: 0x614 - pdb path: .;C:\Program Files\Android\Android Studio\jre\bin;C:\WINDOWS\SYSTEM32;C:\WINDOWS\WinSxS\amd64_microsoft.windows.common-controls_6595b64144ccf1df_6.0.22000.51_none_25c0e06ad7789dba;C:\Program Files\Android\Android Studio\jre\bin\server;C:\Users\leand\.gradle\native\fdc75f09e3144964f2cf3f50f0aa648679c211496f362492102eb8c894070792\windows-amd64;C:\Users\leand\.gradle\native\12488b8bf47d2d4c9fbf2f6322a914ad602e24e48041cd04a747c6da556b65c4\windows-amd64

VM Arguments:
jvm_args: --add-opens=java.base/java.util=ALL-UNNAMED --add-opens=java.base/java.lang=ALL-UNNAMED --add-opens=java.base/java.lang.invoke=ALL-UNNAMED --add-opens=java.prefs/java.util.prefs=ALL-UNNAMED -Xmx2048m -Dfile.encoding=UTF-8 -Duser.country=BR -Duser.language=pt -Duser.variant 
java_command: org.gradle.launcher.daemon.bootstrap.GradleDaemon 6.7.1
java_class_path (initial): C:\Users\leand\.gradle\wrapper\dists\gradle-6.7.1-bin\bwlcbys1h7rz3272sye1xwiv6\gradle-6.7.1\lib\gradle-launcher-6.7.1.jar
Launcher Type: SUN_STANDARD

[Global flags]
     intx CICompilerCount                          = 3                                         {product} {ergonomic}
     uint ConcGCThreads                            = 1                                         {product} {ergonomic}
     uint G1ConcRefinementThreads                  = 4                                         {product} {ergonomic}
   size_t G1HeapRegionSize                         = 1048576                                   {product} {ergonomic}
    uintx GCDrainStackTargetSize                   = 64                                        {product} {ergonomic}
   size_t InitialHeapSize                          = 268435456                                 {product} {ergonomic}
   size_t MarkStackSize                            = 4194304                                   {product} {ergonomic}
   size_t MaxHeapSize                              = 2147483648                                {product} {command line}
   size_t MaxNewSize                               = 1287651328                                {product} {ergonomic}
   size_t MinHeapDeltaBytes                        = 1048576                                   {product} {ergonomic}
    uintx NonNMethodCodeHeapSize                   = 5830732                                {pd product} {ergonomic}
    uintx NonProfiledCodeHeapSize                  = 122913754                              {pd product} {ergonomic}
    uintx ProfiledCodeHeapSize                     = 122913754                              {pd product} {ergonomic}
    uintx ReservedCodeCacheSize                    = 251658240                              {pd product} {ergonomic}
     bool SegmentedCodeCache                       = true                                      {product} {ergonomic}
     bool UseCompressedClassPointers               = true                                 {lp64_product} {ergonomic}
     bool UseCompressedOops                        = true                                 {lp64_product} {ergonomic}
     bool UseG1GC                                  = true                                      {product} {ergonomic}
     bool UseLargePagesIndividualAllocation        = false                                  {pd product} {ergonomic}

Logging:
Log output configuration:
 #0: stdout all=warning uptime,level,tags
 #1: stderr all=off uptime,level,tags

Environment Variables:
PATH=C:\WINDOWS\system32;C:\WINDOWS;C:\WINDOWS\System32\Wbem;C:\WINDOWS\System32\WindowsPowerShell\v1.0\;C:\WINDOWS\System32\OpenSSH\;C:\Program Files\NVIDIA Corporation\NVIDIA NvDLISR;C:\Program Files\Git\cmd;C:\WINDOWS\system32;C:\WINDOWS;C:\WINDOWS\System32\Wbem;C:\WINDOWS\System32\WindowsPowerShell\v1.0\;C:\WINDOWS\System32\OpenSSH\;C:\Program Files (x86)\Intel\Intel(R) Management Engine Components\DAL;C:\Program Files\Intel\Intel(R) Management Engine Components\DAL;C:\Program Files (x86)\NVIDIA Corporation\PhysX\Common;C:\Users\leand\AppData\Local\Microsoft\WindowsApps;C:\Users\leand\AppData\Local\Programs\Microsoft VS Code\bin;
USERNAME=leand
OS=Windows_NT
PROCESSOR_IDENTIFIER=Intel64 Family 6 Model 142 Stepping 9, GenuineIntel



---------------  S Y S T E M  ---------------

OS: Windows 10 , 64 bit Build 22000 (10.0.22000.37)
OS uptime: 5 days 13:30 hours

CPU:total 4 (initial active 4) (2 cores per cpu, 2 threads per core) family 6 model 142 stepping 9 microcode 0xde, cmov, cx8, fxsr, mmx, sse, sse2, sse3, ssse3, sse4.1, sse4.2, popcnt, avx, avx2, aes, clmul, erms, 3dnowpref, lzcnt, ht, tsc, tscinvbit, bmi1, bmi2, adx, fma

Memory: 4k page, system-wide physical 16282M (3642M free)
TotalPageFile size 31456M (AvailPageFile size 5M)
current process WorkingSet (physical memory assigned to process): 506M, peak: 507M
current process commit charge ("private bytes"): 559M, peak: 561M

vm_info: OpenJDK 64-Bit Server VM (11.0.10+0-b96-7249189) for windows-amd64 JRE (11.0.10+0-b96-7249189), built on Mar 31 2021 21:44:00 by "builder" with MS VC++ 14.0 (VS2015)

END.
