#
# There is insufficient memory for the Java Runtime Environment to continue.
# Native memory allocation (malloc) failed to allocate 670416 bytes for Chunk::new
# Possible reasons:
#   The system is out of physical RAM or swap space
#   The process is running with CompressedOops enabled, and the Java Heap may be blocking the growth of the native heap
# Possible solutions:
#   Reduce memory load on the system
#   Increase physical memory or swap space
#   Check if swap backing store is full
#   Decrease Java heap size (-Xmx/-Xms)
#   Decrease number of Java threads
#   Decrease Java thread stack sizes (-Xss)
#   Set larger code cache with -XX:ReservedCodeCacheSize=
#   JVM is running with Unscaled Compressed Oops mode in which the Java heap is
#     placed in the first 4GB address space. The Java Heap base address is the
#     maximum limit for the native heap growth. Please use -XX:HeapBaseMinAddress
#     to set the Java Heap base and to place the Java Heap above 4GB virtual address.
# This output file may be truncated or incomplete.
#
#  Out of Memory Error (./src/hotspot/share/memory/arena.cpp:197), pid=19928, tid=9524
#
# JRE version: OpenJDK Runtime Environment (11.0.10) (build 11.0.10+0-b96-7249189)
# Java VM: OpenJDK 64-Bit Server VM (11.0.10+0-b96-7249189, mixed mode, tiered, compressed oops, g1 gc, windows-amd64)
# No core dump will be written. Minidumps are not enabled by default on client versions of Windows
#

---------------  S U M M A R Y ------------

Command Line: --add-opens=java.base/java.util=ALL-UNNAMED --add-opens=java.base/java.lang=ALL-UNNAMED --add-opens=java.base/java.lang.invoke=ALL-UNNAMED --add-opens=java.prefs/java.util.prefs=ALL-UNNAMED -Xmx2048m -Dfile.encoding=UTF-8 -Duser.country=BR -Duser.language=pt -Duser.variant org.gradle.launcher.daemon.bootstrap.GradleDaemon 6.7.1

Host: Intel(R) Core(TM) i7-7500U CPU @ 2.70GHz, 4 cores, 15G,  Windows 10 , 64 bit Build 22000 (10.0.22000.37)
Time: Sat Jul 31 23:22:52 2021 Hora oficial do Brasil elapsed time: 11.196835 seconds (0d 0h 0m 11s)

---------------  T H R E A D  ---------------

Current thread (0x0000024cc2ff8000):  JavaThread "C2 CompilerThread1" daemon [_thread_in_native, id=9524, stack(0x000000eeb2f00000,0x000000eeb3000000)]


Current CompileTask:
C2:  11196 2889       4       sun.net.util.URLUtil::urlNoFragString (114 bytes)

Stack: [0x000000eeb2f00000,0x000000eeb3000000]
Native frames: (J=compiled Java code, j=interpreted, Vv=VM code, C=native code)
V  [jvm.dll+0x5ecfaa]
V  [jvm.dll+0x722bd5]
V  [jvm.dll+0x72412d]
V  [jvm.dll+0x7247e3]
V  [jvm.dll+0x242928]
V  [jvm.dll+0xbc4fc]
V  [jvm.dll+0xbca0c]
V  [jvm.dll+0x352d7d]
V  [jvm.dll+0x320ad3]
V  [jvm.dll+0x31ffca]
V  [jvm.dll+0x1fb602]
V  [jvm.dll+0x1fa7f4]
V  [jvm.dll+0x18354c]
V  [jvm.dll+0x208ee7]
V  [jvm.dll+0x207731]
V  [jvm.dll+0x6eb1cf]
V  [jvm.dll+0x6e3d45]
V  [jvm.dll+0x5ebe96]
C  [ucrtbase.dll+0x26c0c]
C  [KERNEL32.DLL+0x154e0]
C  [ntdll.dll+0x485b]


---------------  P R O C E S S  ---------------

Threads class SMR info:
_java_thread_list=0x0000024cc095e820, length=31, elements={
0x0000024ca290c000, 0x0000024cbcd52800, 0x0000024cbcd53800, 0x0000024cbc51e800,
0x0000024cbcdb0800, 0x0000024cbcdb1800, 0x0000024cbcdb5000, 0x0000024cbcdbb000,
0x0000024cbcdc4000, 0x0000024cbcf2e000, 0x0000024cbf001000, 0x0000024cbda5c000,
0x0000024cbe198800, 0x0000024cbf000000, 0x0000024cbe9f8000, 0x0000024cc000a800,
0x0000024cbefd5000, 0x0000024cbee12000, 0x0000024cbdc73000, 0x0000024cbce99000,
0x0000024cbce9b000, 0x0000024cbce97800, 0x0000024cbce9b800, 0x0000024cbce9e000,
0x0000024cbce9c800, 0x0000024cbce98800, 0x0000024cbce9d000, 0x0000024cbce9a000,
0x0000024cc26ed000, 0x0000024cc26ee000, 0x0000024cc2ff8000
}

Java Threads: ( => current thread )
  0x0000024ca290c000 JavaThread "main" [_thread_blocked, id=7832, stack(0x000000eeb0900000,0x000000eeb0a00000)]
  0x0000024cbcd52800 JavaThread "Reference Handler" daemon [_thread_blocked, id=1988, stack(0x000000eeb1000000,0x000000eeb1100000)]
  0x0000024cbcd53800 JavaThread "Finalizer" daemon [_thread_blocked, id=9000, stack(0x000000eeb1100000,0x000000eeb1200000)]
  0x0000024cbc51e800 JavaThread "Signal Dispatcher" daemon [_thread_blocked, id=14152, stack(0x000000eeb1200000,0x000000eeb1300000)]
  0x0000024cbcdb0800 JavaThread "Attach Listener" daemon [_thread_blocked, id=11056, stack(0x000000eeb1300000,0x000000eeb1400000)]
  0x0000024cbcdb1800 JavaThread "Service Thread" daemon [_thread_blocked, id=21996, stack(0x000000eeb1400000,0x000000eeb1500000)]
  0x0000024cbcdb5000 JavaThread "C2 CompilerThread0" daemon [_thread_in_native, id=18848, stack(0x000000eeb1500000,0x000000eeb1600000)]
  0x0000024cbcdbb000 JavaThread "C1 CompilerThread0" daemon [_thread_blocked, id=8468, stack(0x000000eeb1600000,0x000000eeb1700000)]
  0x0000024cbcdc4000 JavaThread "Sweeper thread" daemon [_thread_blocked, id=16284, stack(0x000000eeb1700000,0x000000eeb1800000)]
  0x0000024cbcf2e000 JavaThread "Common-Cleaner" daemon [_thread_blocked, id=21148, stack(0x000000eeb1800000,0x000000eeb1900000)]
  0x0000024cbf001000 JavaThread "Daemon health stats" [_thread_blocked, id=24872, stack(0x000000eeb1e00000,0x000000eeb1f00000)]
  0x0000024cbda5c000 JavaThread "Incoming local TCP Connector on port 61692" [_thread_in_native, id=276, stack(0x000000eeb2000000,0x000000eeb2100000)]
  0x0000024cbe198800 JavaThread "Daemon periodic checks" [_thread_blocked, id=19328, stack(0x000000eeb2100000,0x000000eeb2200000)]
  0x0000024cbf000000 JavaThread "Daemon" [_thread_blocked, id=19316, stack(0x000000eeb2200000,0x000000eeb2300000)]
  0x0000024cbe9f8000 JavaThread "Handler for socket connection from /127.0.0.1:61692 to /127.0.0.1:61693" [_thread_in_native, id=1956, stack(0x000000eeb2300000,0x000000eeb2400000)]
  0x0000024cc000a800 JavaThread "Cancel handler" [_thread_blocked, id=12072, stack(0x000000eeb2400000,0x000000eeb2500000)]
  0x0000024cbefd5000 JavaThread "Daemon worker" [_thread_in_vm, id=19300, stack(0x000000eeb2500000,0x000000eeb2600000)]
  0x0000024cbee12000 JavaThread "Asynchronous log dispatcher for DefaultDaemonConnection: socket connection from /127.0.0.1:61692 to /127.0.0.1:61693" [_thread_blocked, id=24720, stack(0x000000eeb2700000,0x000000eeb2800000)]
  0x0000024cbdc73000 JavaThread "Stdin handler" [_thread_blocked, id=2216, stack(0x000000eeb2800000,0x000000eeb2900000)]
  0x0000024cbce99000 JavaThread "Thread-8" [_thread_blocked, id=16772, stack(0x000000eeb2900000,0x000000eeb2a00000)]
  0x0000024cbce9b000 JavaThread "Cache worker for file hash cache (C:\Users\leand\.gradle\caches\6.7.1\fileHashes)" [_thread_blocked, id=12212, stack(0x000000eeb2600000,0x000000eeb2700000)]
  0x0000024cbce97800 JavaThread "File lock request listener" [_thread_in_native, id=7976, stack(0x000000eeb2a00000,0x000000eeb2b00000)]
  0x0000024cbce9b800 JavaThread "Cache worker for journal cache (C:\Users\leand\.gradle\caches\journal-1)" [_thread_blocked, id=17224, stack(0x000000eeb2b00000,0x000000eeb2c00000)]
  0x0000024cbce9e000 JavaThread "Cache worker for file hash cache (C:\Users\leand\AndroidStudioProjects\CodeHero_OBJECTIVE\.gradle\6.7.1\fileHashes)" [_thread_blocked, id=18160, stack(0x000000eeb2c00000,0x000000eeb2d00000)]
  0x0000024cbce9c800 JavaThread "Cache worker for checksums cache (C:\Users\leand\AndroidStudioProjects\CodeHero_OBJECTIVE\.gradle\checksums)" [_thread_blocked, id=13052, stack(0x000000eeb2d00000,0x000000eeb2e00000)]
  0x0000024cbce98800 JavaThread "Cache worker for cache directory md-supplier (C:\Users\leand\.gradle\caches\6.7.1\md-supplier)" [_thread_blocked, id=19492, stack(0x000000eeb2e00000,0x000000eeb2f00000)]
  0x0000024cbce9d000 JavaThread "Cache worker for cache directory md-rule (C:\Users\leand\.gradle\caches\6.7.1\md-rule)" [_thread_blocked, id=7664, stack(0x000000eeb3000000,0x000000eeb3100000)]
  0x0000024cbce9a000 JavaThread "Cache worker for execution history cache (C:\Users\leand\.gradle\caches\6.7.1\executionHistory)" [_thread_blocked, id=14308, stack(0x000000eeb3100000,0x000000eeb3200000)]
  0x0000024cc26ed000 JavaThread "jar transforms" [_thread_blocked, id=18368, stack(0x000000eeb3200000,0x000000eeb3300000)]
  0x0000024cc26ee000 JavaThread "Cache worker for file content cache (C:\Users\leand\.gradle\caches\6.7.1\fileContent)" [_thread_blocked, id=16728, stack(0x000000eeb3300000,0x000000eeb3400000)]
=>0x0000024cc2ff8000 JavaThread "C2 CompilerThread1" daemon [_thread_in_native, id=9524, stack(0x000000eeb2f00000,0x000000eeb3000000)]

Other Threads:
  0x0000024cbcd50000 VMThread "VM Thread" [stack: 0x000000eeb0f00000,0x000000eeb1000000] [id=9516]
  0x0000024cbcf92800 WatcherThread [stack: 0x000000eeb1900000,0x000000eeb1a00000] [id=24692]
  0x0000024ca2924000 GCTaskThread "GC Thread#0" [stack: 0x000000eeb0a00000,0x000000eeb0b00000] [id=8912]
  0x0000024cbd097800 GCTaskThread "GC Thread#1" [stack: 0x000000eeb1a00000,0x000000eeb1b00000] [id=17368]
  0x0000024cbda40800 GCTaskThread "GC Thread#2" [stack: 0x000000eeb1b00000,0x000000eeb1c00000] [id=10904]
  0x0000024cbd3a6000 GCTaskThread "GC Thread#3" [stack: 0x000000eeb1c00000,0x000000eeb1d00000] [id=12208]
  0x0000024ca2954800 ConcurrentGCThread "G1 Main Marker" [stack: 0x000000eeb0b00000,0x000000eeb0c00000] [id=9452]
  0x0000024ca2956800 ConcurrentGCThread "G1 Conc#0" [stack: 0x000000eeb0c00000,0x000000eeb0d00000] [id=4020]
  0x0000024cbc396800 ConcurrentGCThread "G1 Refine#0" [stack: 0x000000eeb0d00000,0x000000eeb0e00000] [id=15816]
  0x0000024cbc397000 ConcurrentGCThread "G1 Young RemSet Sampling" [stack: 0x000000eeb0e00000,0x000000eeb0f00000] [id=11144]

Threads with active compile tasks:
C2 CompilerThread0  11247 2913       4       java.lang.reflect.ProxyGenerator$ConstantPool::getIndirect (63 bytes)
C2 CompilerThread1  11247 2889       4       sun.net.util.URLUtil::urlNoFragString (114 bytes)

VM state:not at safepoint (normal execution)

VM Mutex/Monitor currently owned by a thread: None

Heap address: 0x0000000080000000, size: 2048 MB, Compressed Oops mode: 32-bit
Narrow klass base: 0x0000000000000000, Narrow klass shift: 3
Compressed class space size: 1073741824 Address: 0x0000000100000000

Heap:
 garbage-first heap   total 262144K, used 39335K [0x0000000080000000, 0x0000000100000000)
  region size 1024K, 23 young (23552K), 7 survivors (7168K)
 Metaspace       used 37264K, capacity 38039K, committed 38352K, reserved 1087488K
  class space    used 4761K, capacity 5062K, committed 5120K, reserved 1048576K
Heap Regions: E=young(eden), S=young(survivor), O=old, HS=humongous(starts), HC=humongous(continues), CS=collection set, F=free, A=archive, TAMS=top-at-mark-start (previous, next)
|   0|0x0000000080000000, 0x0000000080100000, 0x0000000080100000|100%| O|  |TAMS 0x0000000080100000, 0x0000000080000000| Untracked 
|   1|0x0000000080100000, 0x0000000080200000, 0x0000000080200000|100%| O|  |TAMS 0x0000000080200000, 0x0000000080100000| Untracked 
|   2|0x0000000080200000, 0x0000000080300000, 0x0000000080300000|100%| O|  |TAMS 0x0000000080300000, 0x0000000080200000| Untracked 
|   3|0x0000000080300000, 0x0000000080400000, 0x0000000080400000|100%|HS|  |TAMS 0x0000000080400000, 0x0000000080300000| Complete 
|   4|0x0000000080400000, 0x0000000080500000, 0x0000000080500000|100%|HC|  |TAMS 0x0000000080500000, 0x0000000080400000| Complete 
|   5|0x0000000080500000, 0x0000000080600000, 0x0000000080600000|100%|HC|  |TAMS 0x0000000080600000, 0x0000000080500000| Complete 
|   6|0x0000000080600000, 0x0000000080700000, 0x0000000080700000|100%| O|  |TAMS 0x0000000080700000, 0x0000000080600000| Untracked 
|   7|0x0000000080700000, 0x0000000080800000, 0x0000000080800000|100%| O|  |TAMS 0x0000000080800000, 0x0000000080700000| Untracked 
|   8|0x0000000080800000, 0x0000000080900000, 0x0000000080900000|100%| O|  |TAMS 0x0000000080900000, 0x0000000080800000| Untracked 
|   9|0x0000000080900000, 0x0000000080a00000, 0x0000000080a00000|100%| O|  |TAMS 0x0000000080a00000, 0x0000000080900000| Untracked 
|  10|0x0000000080a00000, 0x0000000080b00000, 0x0000000080b00000|100%| O|  |TAMS 0x0000000080b00000, 0x0000000080a00000| Untracked 
|  11|0x0000000080b00000, 0x0000000080c00000, 0x0000000080c00000|100%| O|  |TAMS 0x0000000080c00000, 0x0000000080b00000| Untracked 
|  12|0x0000000080c00000, 0x0000000080d00000, 0x0000000080d00000|100%| O|  |TAMS 0x0000000080d00000, 0x0000000080c00000| Untracked 
|  13|0x0000000080d00000, 0x0000000080e00000, 0x0000000080e00000|100%| O|  |TAMS 0x0000000080e00000, 0x0000000080d00000| Untracked 
|  14|0x0000000080e00000, 0x0000000080f00000, 0x0000000080f00000|100%| O|  |TAMS 0x0000000080f00000, 0x0000000080e00000| Untracked 
|  15|0x0000000080f00000, 0x0000000080f2c600, 0x0000000081000000| 17%| O|  |TAMS 0x0000000080f2c600, 0x0000000080f00000| Untracked 
|  16|0x0000000081000000, 0x0000000081100000, 0x0000000081100000|100%|HS|  |TAMS 0x0000000081000000, 0x0000000081000000| Complete 
|  17|0x0000000081100000, 0x0000000081200000, 0x0000000081200000|100%|HS|  |TAMS 0x0000000081100000, 0x0000000081100000| Complete 
|  18|0x0000000081200000, 0x0000000081300000, 0x0000000081300000|100%|HC|  |TAMS 0x0000000081200000, 0x0000000081200000| Complete 
|  19|0x0000000081300000, 0x0000000081300000, 0x0000000081400000|  0%| F|  |TAMS 0x0000000081300000, 0x0000000081300000| Untracked 
|  20|0x0000000081400000, 0x0000000081400000, 0x0000000081500000|  0%| F|  |TAMS 0x0000000081400000, 0x0000000081400000| Untracked 
|  21|0x0000000081500000, 0x0000000081500000, 0x0000000081600000|  0%| F|  |TAMS 0x0000000081500000, 0x0000000081500000| Untracked 
|  22|0x0000000081600000, 0x0000000081600000, 0x0000000081700000|  0%| F|  |TAMS 0x0000000081600000, 0x0000000081600000| Untracked 
|  23|0x0000000081700000, 0x0000000081700000, 0x0000000081800000|  0%| F|  |TAMS 0x0000000081700000, 0x0000000081700000| Untracked 
|  24|0x0000000081800000, 0x0000000081800000, 0x0000000081900000|  0%| F|  |TAMS 0x0000000081800000, 0x0000000081800000| Untracked 
|  25|0x0000000081900000, 0x0000000081900000, 0x0000000081a00000|  0%| F|  |TAMS 0x0000000081900000, 0x0000000081900000| Untracked 
|  26|0x0000000081a00000, 0x0000000081a00000, 0x0000000081b00000|  0%| F|  |TAMS 0x0000000081a00000, 0x0000000081a00000| Untracked 
|  27|0x0000000081b00000, 0x0000000081b00000, 0x0000000081c00000|  0%| F|  |TAMS 0x0000000081b00000, 0x0000000081b00000| Untracked 
|  28|0x0000000081c00000, 0x0000000081c00000, 0x0000000081d00000|  0%| F|  |TAMS 0x0000000081c00000, 0x0000000081c00000| Untracked 
|  29|0x0000000081d00000, 0x0000000081d00000, 0x0000000081e00000|  0%| F|  |TAMS 0x0000000081d00000, 0x0000000081d00000| Untracked 
|  30|0x0000000081e00000, 0x0000000081e00000, 0x0000000081f00000|  0%| F|  |TAMS 0x0000000081e00000, 0x0000000081e00000| Untracked 
|  31|0x0000000081f00000, 0x0000000081f00000, 0x0000000082000000|  0%| F|  |TAMS 0x0000000081f00000, 0x0000000081f00000| Untracked 
|  32|0x0000000082000000, 0x0000000082000000, 0x0000000082100000|  0%| F|  |TAMS 0x0000000082000000, 0x0000000082000000| Untracked 
|  33|0x0000000082100000, 0x0000000082100000, 0x0000000082200000|  0%| F|  |TAMS 0x0000000082100000, 0x0000000082100000| Untracked 
|  34|0x0000000082200000, 0x0000000082200000, 0x0000000082300000|  0%| F|  |TAMS 0x0000000082200000, 0x0000000082200000| Untracked 
|  35|0x0000000082300000, 0x0000000082300000, 0x0000000082400000|  0%| F|  |TAMS 0x0000000082300000, 0x0000000082300000| Untracked 
|  36|0x0000000082400000, 0x0000000082400000, 0x0000000082500000|  0%| F|  |TAMS 0x0000000082400000, 0x0000000082400000| Untracked 
|  37|0x0000000082500000, 0x0000000082500000, 0x0000000082600000|  0%| F|  |TAMS 0x0000000082500000, 0x0000000082500000| Untracked 
|  38|0x0000000082600000, 0x0000000082600000, 0x0000000082700000|  0%| F|  |TAMS 0x0000000082600000, 0x0000000082600000| Untracked 
|  39|0x0000000082700000, 0x0000000082700000, 0x0000000082800000|  0%| F|  |TAMS 0x0000000082700000, 0x0000000082700000| Untracked 
|  40|0x0000000082800000, 0x0000000082800000, 0x0000000082900000|  0%| F|  |TAMS 0x0000000082800000, 0x0000000082800000| Untracked 
|  41|0x0000000082900000, 0x0000000082900000, 0x0000000082a00000|  0%| F|  |TAMS 0x0000000082900000, 0x0000000082900000| Untracked 
|  42|0x0000000082a00000, 0x0000000082a00000, 0x0000000082b00000|  0%| F|  |TAMS 0x0000000082a00000, 0x0000000082a00000| Untracked 
|  43|0x0000000082b00000, 0x0000000082b00000, 0x0000000082c00000|  0%| F|  |TAMS 0x0000000082b00000, 0x0000000082b00000| Untracked 
|  44|0x0000000082c00000, 0x0000000082c00000, 0x0000000082d00000|  0%| F|  |TAMS 0x0000000082c00000, 0x0000000082c00000| Untracked 
|  45|0x0000000082d00000, 0x0000000082d00000, 0x0000000082e00000|  0%| F|  |TAMS 0x0000000082d00000, 0x0000000082d00000| Untracked 
|  46|0x0000000082e00000, 0x0000000082e00000, 0x0000000082f00000|  0%| F|  |TAMS 0x0000000082e00000, 0x0000000082e00000| Untracked 
|  47|0x0000000082f00000, 0x0000000082f00000, 0x0000000083000000|  0%| F|  |TAMS 0x0000000082f00000, 0x0000000082f00000| Untracked 
|  48|0x0000000083000000, 0x0000000083000000, 0x0000000083100000|  0%| F|  |TAMS 0x0000000083000000, 0x0000000083000000| Untracked 
|  49|0x0000000083100000, 0x0000000083100000, 0x0000000083200000|  0%| F|  |TAMS 0x0000000083100000, 0x0000000083100000| Untracked 
|  50|0x0000000083200000, 0x0000000083200000, 0x0000000083300000|  0%| F|  |TAMS 0x0000000083200000, 0x0000000083200000| Untracked 
|  51|0x0000000083300000, 0x0000000083300000, 0x0000000083400000|  0%| F|  |TAMS 0x0000000083300000, 0x0000000083300000| Untracked 
|  52|0x0000000083400000, 0x0000000083400000, 0x0000000083500000|  0%| F|  |TAMS 0x0000000083400000, 0x0000000083400000| Untracked 
|  53|0x0000000083500000, 0x0000000083500000, 0x0000000083600000|  0%| F|  |TAMS 0x0000000083500000, 0x0000000083500000| Untracked 
|  54|0x0000000083600000, 0x0000000083600000, 0x0000000083700000|  0%| F|  |TAMS 0x0000000083600000, 0x0000000083600000| Untracked 
|  55|0x0000000083700000, 0x0000000083700000, 0x0000000083800000|  0%| F|  |TAMS 0x0000000083700000, 0x0000000083700000| Untracked 
|  56|0x0000000083800000, 0x0000000083800000, 0x0000000083900000|  0%| F|  |TAMS 0x0000000083800000, 0x0000000083800000| Untracked 
|  57|0x0000000083900000, 0x0000000083900000, 0x0000000083a00000|  0%| F|  |TAMS 0x0000000083900000, 0x0000000083900000| Untracked 
|  58|0x0000000083a00000, 0x0000000083a00000, 0x0000000083b00000|  0%| F|  |TAMS 0x0000000083a00000, 0x0000000083a00000| Untracked 
|  59|0x0000000083b00000, 0x0000000083b00000, 0x0000000083c00000|  0%| F|  |TAMS 0x0000000083b00000, 0x0000000083b00000| Untracked 
|  60|0x0000000083c00000, 0x0000000083c00000, 0x0000000083d00000|  0%| F|  |TAMS 0x0000000083c00000, 0x0000000083c00000| Untracked 
|  61|0x0000000083d00000, 0x0000000083d00000, 0x0000000083e00000|  0%| F|  |TAMS 0x0000000083d00000, 0x0000000083d00000| Untracked 
|  62|0x0000000083e00000, 0x0000000083e00000, 0x0000000083f00000|  0%| F|  |TAMS 0x0000000083e00000, 0x0000000083e00000| Untracked 
|  63|0x0000000083f00000, 0x0000000083f00000, 0x0000000084000000|  0%| F|  |TAMS 0x0000000083f00000, 0x0000000083f00000| Untracked 
|  64|0x0000000084000000, 0x0000000084000000, 0x0000000084100000|  0%| F|  |TAMS 0x0000000084000000, 0x0000000084000000| Untracked 
|  65|0x0000000084100000, 0x0000000084100000, 0x0000000084200000|  0%| F|  |TAMS 0x0000000084100000, 0x0000000084100000| Untracked 
|  66|0x0000000084200000, 0x0000000084200000, 0x0000000084300000|  0%| F|  |TAMS 0x0000000084200000, 0x0000000084200000| Untracked 
|  67|0x0000000084300000, 0x0000000084300000, 0x0000000084400000|  0%| F|  |TAMS 0x0000000084300000, 0x0000000084300000| Untracked 
|  68|0x0000000084400000, 0x0000000084400000, 0x0000000084500000|  0%| F|  |TAMS 0x0000000084400000, 0x0000000084400000| Untracked 
|  69|0x0000000084500000, 0x0000000084500000, 0x0000000084600000|  0%| F|  |TAMS 0x0000000084500000, 0x0000000084500000| Untracked 
|  70|0x0000000084600000, 0x0000000084600000, 0x0000000084700000|  0%| F|  |TAMS 0x0000000084600000, 0x0000000084600000| Untracked 
|  71|0x0000000084700000, 0x0000000084700000, 0x0000000084800000|  0%| F|  |TAMS 0x0000000084700000, 0x0000000084700000| Untracked 
|  72|0x0000000084800000, 0x0000000084800000, 0x0000000084900000|  0%| F|  |TAMS 0x0000000084800000, 0x0000000084800000| Untracked 
|  73|0x0000000084900000, 0x0000000084900000, 0x0000000084a00000|  0%| F|  |TAMS 0x0000000084900000, 0x0000000084900000| Untracked 
|  74|0x0000000084a00000, 0x0000000084a00000, 0x0000000084b00000|  0%| F|  |TAMS 0x0000000084a00000, 0x0000000084a00000| Untracked 
|  75|0x0000000084b00000, 0x0000000084b00000, 0x0000000084c00000|  0%| F|  |TAMS 0x0000000084b00000, 0x0000000084b00000| Untracked 
|  76|0x0000000084c00000, 0x0000000084c00000, 0x0000000084d00000|  0%| F|  |TAMS 0x0000000084c00000, 0x0000000084c00000| Untracked 
|  77|0x0000000084d00000, 0x0000000084d00000, 0x0000000084e00000|  0%| F|  |TAMS 0x0000000084d00000, 0x0000000084d00000| Untracked 
|  78|0x0000000084e00000, 0x0000000084e00000, 0x0000000084f00000|  0%| F|  |TAMS 0x0000000084e00000, 0x0000000084e00000| Untracked 
|  79|0x0000000084f00000, 0x0000000084f00000, 0x0000000085000000|  0%| F|  |TAMS 0x0000000084f00000, 0x0000000084f00000| Untracked 
|  80|0x0000000085000000, 0x0000000085000000, 0x0000000085100000|  0%| F|  |TAMS 0x0000000085000000, 0x0000000085000000| Untracked 
|  81|0x0000000085100000, 0x0000000085100000, 0x0000000085200000|  0%| F|  |TAMS 0x0000000085100000, 0x0000000085100000| Untracked 
|  82|0x0000000085200000, 0x0000000085200000, 0x0000000085300000|  0%| F|  |TAMS 0x0000000085200000, 0x0000000085200000| Untracked 
|  83|0x0000000085300000, 0x0000000085300000, 0x0000000085400000|  0%| F|  |TAMS 0x0000000085300000, 0x0000000085300000| Untracked 
|  84|0x0000000085400000, 0x0000000085400000, 0x0000000085500000|  0%| F|  |TAMS 0x0000000085400000, 0x0000000085400000| Untracked 
|  85|0x0000000085500000, 0x0000000085500000, 0x0000000085600000|  0%| F|  |TAMS 0x0000000085500000, 0x0000000085500000| Untracked 
|  86|0x0000000085600000, 0x0000000085600000, 0x0000000085700000|  0%| F|  |TAMS 0x0000000085600000, 0x0000000085600000| Untracked 
|  87|0x0000000085700000, 0x0000000085700000, 0x0000000085800000|  0%| F|  |TAMS 0x0000000085700000, 0x0000000085700000| Untracked 
|  88|0x0000000085800000, 0x0000000085800000, 0x0000000085900000|  0%| F|  |TAMS 0x0000000085800000, 0x0000000085800000| Untracked 
|  89|0x0000000085900000, 0x0000000085900000, 0x0000000085a00000|  0%| F|  |TAMS 0x0000000085900000, 0x0000000085900000| Untracked 
|  90|0x0000000085a00000, 0x0000000085a00000, 0x0000000085b00000|  0%| F|  |TAMS 0x0000000085a00000, 0x0000000085a00000| Untracked 
|  91|0x0000000085b00000, 0x0000000085b00000, 0x0000000085c00000|  0%| F|  |TAMS 0x0000000085b00000, 0x0000000085b00000| Untracked 
|  92|0x0000000085c00000, 0x0000000085c00000, 0x0000000085d00000|  0%| F|  |TAMS 0x0000000085c00000, 0x0000000085c00000| Untracked 
|  93|0x0000000085d00000, 0x0000000085d00000, 0x0000000085e00000|  0%| F|  |TAMS 0x0000000085d00000, 0x0000000085d00000| Untracked 
|  94|0x0000000085e00000, 0x0000000085e00000, 0x0000000085f00000|  0%| F|  |TAMS 0x0000000085e00000, 0x0000000085e00000| Untracked 
|  95|0x0000000085f00000, 0x0000000085f00000, 0x0000000086000000|  0%| F|  |TAMS 0x0000000085f00000, 0x0000000085f00000| Untracked 
|  96|0x0000000086000000, 0x0000000086000000, 0x0000000086100000|  0%| F|  |TAMS 0x0000000086000000, 0x0000000086000000| Untracked 
|  97|0x0000000086100000, 0x0000000086100000, 0x0000000086200000|  0%| F|  |TAMS 0x0000000086100000, 0x0000000086100000| Untracked 
|  98|0x0000000086200000, 0x0000000086200000, 0x0000000086300000|  0%| F|  |TAMS 0x0000000086200000, 0x0000000086200000| Untracked 
|  99|0x0000000086300000, 0x0000000086300000, 0x0000000086400000|  0%| F|  |TAMS 0x0000000086300000, 0x0000000086300000| Untracked 
| 100|0x0000000086400000, 0x0000000086400000, 0x0000000086500000|  0%| F|  |TAMS 0x0000000086400000, 0x0000000086400000| Untracked 
| 101|0x0000000086500000, 0x0000000086500000, 0x0000000086600000|  0%| F|  |TAMS 0x0000000086500000, 0x0000000086500000| Untracked 
| 102|0x0000000086600000, 0x0000000086600000, 0x0000000086700000|  0%| F|  |TAMS 0x0000000086600000, 0x0000000086600000| Untracked 
| 103|0x0000000086700000, 0x0000000086700000, 0x0000000086800000|  0%| F|  |TAMS 0x0000000086700000, 0x0000000086700000| Untracked 
| 104|0x0000000086800000, 0x0000000086800000, 0x0000000086900000|  0%| F|  |TAMS 0x0000000086800000, 0x0000000086800000| Untracked 
| 105|0x0000000086900000, 0x0000000086900000, 0x0000000086a00000|  0%| F|  |TAMS 0x0000000086900000, 0x0000000086900000| Untracked 
| 106|0x0000000086a00000, 0x0000000086a00000, 0x0000000086b00000|  0%| F|  |TAMS 0x0000000086a00000, 0x0000000086a00000| Untracked 
| 107|0x0000000086b00000, 0x0000000086b00000, 0x0000000086c00000|  0%| F|  |TAMS 0x0000000086b00000, 0x0000000086b00000| Untracked 
| 108|0x0000000086c00000, 0x0000000086c00000, 0x0000000086d00000|  0%| F|  |TAMS 0x0000000086c00000, 0x0000000086c00000| Untracked 
| 109|0x0000000086d00000, 0x0000000086d00000, 0x0000000086e00000|  0%| F|  |TAMS 0x0000000086d00000, 0x0000000086d00000| Untracked 
| 110|0x0000000086e00000, 0x0000000086e00000, 0x0000000086f00000|  0%| F|  |TAMS 0x0000000086e00000, 0x0000000086e00000| Untracked 
| 111|0x0000000086f00000, 0x0000000086f00000, 0x0000000087000000|  0%| F|  |TAMS 0x0000000086f00000, 0x0000000086f00000| Untracked 
| 112|0x0000000087000000, 0x0000000087000000, 0x0000000087100000|  0%| F|  |TAMS 0x0000000087000000, 0x0000000087000000| Untracked 
| 113|0x0000000087100000, 0x0000000087100000, 0x0000000087200000|  0%| F|  |TAMS 0x0000000087100000, 0x0000000087100000| Untracked 
| 114|0x0000000087200000, 0x0000000087200000, 0x0000000087300000|  0%| F|  |TAMS 0x0000000087200000, 0x0000000087200000| Untracked 
| 115|0x0000000087300000, 0x0000000087300000, 0x0000000087400000|  0%| F|  |TAMS 0x0000000087300000, 0x0000000087300000| Untracked 
| 116|0x0000000087400000, 0x0000000087400000, 0x0000000087500000|  0%| F|  |TAMS 0x0000000087400000, 0x0000000087400000| Untracked 
| 117|0x0000000087500000, 0x0000000087500000, 0x0000000087600000|  0%| F|  |TAMS 0x0000000087500000, 0x0000000087500000| Untracked 
| 118|0x0000000087600000, 0x0000000087600000, 0x0000000087700000|  0%| F|  |TAMS 0x0000000087600000, 0x0000000087600000| Untracked 
| 119|0x0000000087700000, 0x0000000087700000, 0x0000000087800000|  0%| F|  |TAMS 0x0000000087700000, 0x0000000087700000| Untracked 
| 120|0x0000000087800000, 0x0000000087800000, 0x0000000087900000|  0%| F|  |TAMS 0x0000000087800000, 0x0000000087800000| Untracked 
| 121|0x0000000087900000, 0x0000000087900000, 0x0000000087a00000|  0%| F|  |TAMS 0x0000000087900000, 0x0000000087900000| Untracked 
| 122|0x0000000087a00000, 0x0000000087a00000, 0x0000000087b00000|  0%| F|  |TAMS 0x0000000087a00000, 0x0000000087a00000| Untracked 
| 123|0x0000000087b00000, 0x0000000087b00000, 0x0000000087c00000|  0%| F|  |TAMS 0x0000000087b00000, 0x0000000087b00000| Untracked 
| 124|0x0000000087c00000, 0x0000000087c00000, 0x0000000087d00000|  0%| F|  |TAMS 0x0000000087c00000, 0x0000000087c00000| Untracked 
| 125|0x0000000087d00000, 0x0000000087d00000, 0x0000000087e00000|  0%| F|  |TAMS 0x0000000087d00000, 0x0000000087d00000| Untracked 
| 126|0x0000000087e00000, 0x0000000087e00000, 0x0000000087f00000|  0%| F|  |TAMS 0x0000000087e00000, 0x0000000087e00000| Untracked 
| 127|0x0000000087f00000, 0x0000000087f00000, 0x0000000088000000|  0%| F|  |TAMS 0x0000000087f00000, 0x0000000087f00000| Untracked 
| 128|0x0000000088000000, 0x0000000088000000, 0x0000000088100000|  0%| F|  |TAMS 0x0000000088000000, 0x0000000088000000| Untracked 
| 129|0x0000000088100000, 0x0000000088100000, 0x0000000088200000|  0%| F|  |TAMS 0x0000000088100000, 0x0000000088100000| Untracked 
| 130|0x0000000088200000, 0x0000000088200000, 0x0000000088300000|  0%| F|  |TAMS 0x0000000088200000, 0x0000000088200000| Untracked 
| 131|0x0000000088300000, 0x0000000088300000, 0x0000000088400000|  0%| F|  |TAMS 0x0000000088300000, 0x0000000088300000| Untracked 
| 132|0x0000000088400000, 0x0000000088400000, 0x0000000088500000|  0%| F|  |TAMS 0x0000000088400000, 0x0000000088400000| Untracked 
| 133|0x0000000088500000, 0x0000000088500000, 0x0000000088600000|  0%| F|  |TAMS 0x0000000088500000, 0x0000000088500000| Untracked 
| 134|0x0000000088600000, 0x0000000088600000, 0x0000000088700000|  0%| F|  |TAMS 0x0000000088600000, 0x0000000088600000| Untracked 
| 135|0x0000000088700000, 0x0000000088700000, 0x0000000088800000|  0%| F|  |TAMS 0x0000000088700000, 0x0000000088700000| Untracked 
| 136|0x0000000088800000, 0x0000000088800000, 0x0000000088900000|  0%| F|  |TAMS 0x0000000088800000, 0x0000000088800000| Untracked 
| 137|0x0000000088900000, 0x0000000088900000, 0x0000000088a00000|  0%| F|  |TAMS 0x0000000088900000, 0x0000000088900000| Untracked 
| 138|0x0000000088a00000, 0x0000000088a00000, 0x0000000088b00000|  0%| F|  |TAMS 0x0000000088a00000, 0x0000000088a00000| Untracked 
| 139|0x0000000088b00000, 0x0000000088b00000, 0x0000000088c00000|  0%| F|  |TAMS 0x0000000088b00000, 0x0000000088b00000| Untracked 
| 140|0x0000000088c00000, 0x0000000088c00000, 0x0000000088d00000|  0%| F|  |TAMS 0x0000000088c00000, 0x0000000088c00000| Untracked 
| 141|0x0000000088d00000, 0x0000000088d00000, 0x0000000088e00000|  0%| F|  |TAMS 0x0000000088d00000, 0x0000000088d00000| Untracked 
| 142|0x0000000088e00000, 0x0000000088e00000, 0x0000000088f00000|  0%| F|  |TAMS 0x0000000088e00000, 0x0000000088e00000| Untracked 
| 143|0x0000000088f00000, 0x0000000088f00000, 0x0000000089000000|  0%| F|  |TAMS 0x0000000088f00000, 0x0000000088f00000| Untracked 
| 144|0x0000000089000000, 0x0000000089000000, 0x0000000089100000|  0%| F|  |TAMS 0x0000000089000000, 0x0000000089000000| Untracked 
| 145|0x0000000089100000, 0x0000000089100000, 0x0000000089200000|  0%| F|  |TAMS 0x0000000089100000, 0x0000000089100000| Untracked 
| 146|0x0000000089200000, 0x0000000089200000, 0x0000000089300000|  0%| F|  |TAMS 0x0000000089200000, 0x0000000089200000| Untracked 
| 147|0x0000000089300000, 0x0000000089300000, 0x0000000089400000|  0%| F|  |TAMS 0x0000000089300000, 0x0000000089300000| Untracked 
| 148|0x0000000089400000, 0x0000000089400000, 0x0000000089500000|  0%| F|  |TAMS 0x0000000089400000, 0x0000000089400000| Untracked 
| 149|0x0000000089500000, 0x0000000089500000, 0x0000000089600000|  0%| F|  |TAMS 0x0000000089500000, 0x0000000089500000| Untracked 
| 150|0x0000000089600000, 0x0000000089600000, 0x0000000089700000|  0%| F|  |TAMS 0x0000000089600000, 0x0000000089600000| Untracked 
| 151|0x0000000089700000, 0x0000000089700000, 0x0000000089800000|  0%| F|  |TAMS 0x0000000089700000, 0x0000000089700000| Untracked 
| 152|0x0000000089800000, 0x0000000089800000, 0x0000000089900000|  0%| F|  |TAMS 0x0000000089800000, 0x0000000089800000| Untracked 
| 153|0x0000000089900000, 0x0000000089900000, 0x0000000089a00000|  0%| F|  |TAMS 0x0000000089900000, 0x0000000089900000| Untracked 
| 154|0x0000000089a00000, 0x0000000089a00000, 0x0000000089b00000|  0%| F|  |TAMS 0x0000000089a00000, 0x0000000089a00000| Untracked 
| 155|0x0000000089b00000, 0x0000000089b00000, 0x0000000089c00000|  0%| F|  |TAMS 0x0000000089b00000, 0x0000000089b00000| Untracked 
| 156|0x0000000089c00000, 0x0000000089c00000, 0x0000000089d00000|  0%| F|  |TAMS 0x0000000089c00000, 0x0000000089c00000| Untracked 
| 157|0x0000000089d00000, 0x0000000089d00000, 0x0000000089e00000|  0%| F|  |TAMS 0x0000000089d00000, 0x0000000089d00000| Untracked 
| 158|0x0000000089e00000, 0x0000000089e00000, 0x0000000089f00000|  0%| F|  |TAMS 0x0000000089e00000, 0x0000000089e00000| Untracked 
| 159|0x0000000089f00000, 0x0000000089f00000, 0x000000008a000000|  0%| F|  |TAMS 0x0000000089f00000, 0x0000000089f00000| Untracked 
| 160|0x000000008a000000, 0x000000008a000000, 0x000000008a100000|  0%| F|  |TAMS 0x000000008a000000, 0x000000008a000000| Untracked 
| 161|0x000000008a100000, 0x000000008a100000, 0x000000008a200000|  0%| F|  |TAMS 0x000000008a100000, 0x000000008a100000| Untracked 
| 162|0x000000008a200000, 0x000000008a200000, 0x000000008a300000|  0%| F|  |TAMS 0x000000008a200000, 0x000000008a200000| Untracked 
| 163|0x000000008a300000, 0x000000008a300000, 0x000000008a400000|  0%| F|  |TAMS 0x000000008a300000, 0x000000008a300000| Untracked 
| 164|0x000000008a400000, 0x000000008a400000, 0x000000008a500000|  0%| F|  |TAMS 0x000000008a400000, 0x000000008a400000| Untracked 
| 165|0x000000008a500000, 0x000000008a500000, 0x000000008a600000|  0%| F|  |TAMS 0x000000008a500000, 0x000000008a500000| Untracked 
| 166|0x000000008a600000, 0x000000008a600000, 0x000000008a700000|  0%| F|  |TAMS 0x000000008a600000, 0x000000008a600000| Untracked 
| 167|0x000000008a700000, 0x000000008a700000, 0x000000008a800000|  0%| F|  |TAMS 0x000000008a700000, 0x000000008a700000| Untracked 
| 168|0x000000008a800000, 0x000000008a800000, 0x000000008a900000|  0%| F|  |TAMS 0x000000008a800000, 0x000000008a800000| Untracked 
| 169|0x000000008a900000, 0x000000008a900000, 0x000000008aa00000|  0%| F|  |TAMS 0x000000008a900000, 0x000000008a900000| Untracked 
| 170|0x000000008aa00000, 0x000000008aa00000, 0x000000008ab00000|  0%| F|  |TAMS 0x000000008aa00000, 0x000000008aa00000| Untracked 
| 171|0x000000008ab00000, 0x000000008ab00000, 0x000000008ac00000|  0%| F|  |TAMS 0x000000008ab00000, 0x000000008ab00000| Untracked 
| 172|0x000000008ac00000, 0x000000008ac00000, 0x000000008ad00000|  0%| F|  |TAMS 0x000000008ac00000, 0x000000008ac00000| Untracked 
| 173|0x000000008ad00000, 0x000000008ad00000, 0x000000008ae00000|  0%| F|  |TAMS 0x000000008ad00000, 0x000000008ad00000| Untracked 
| 174|0x000000008ae00000, 0x000000008ae00000, 0x000000008af00000|  0%| F|  |TAMS 0x000000008ae00000, 0x000000008ae00000| Untracked 
| 175|0x000000008af00000, 0x000000008af00000, 0x000000008b000000|  0%| F|  |TAMS 0x000000008af00000, 0x000000008af00000| Untracked 
| 176|0x000000008b000000, 0x000000008b000000, 0x000000008b100000|  0%| F|  |TAMS 0x000000008b000000, 0x000000008b000000| Untracked 
| 177|0x000000008b100000, 0x000000008b100000, 0x000000008b200000|  0%| F|  |TAMS 0x000000008b100000, 0x000000008b100000| Untracked 
| 178|0x000000008b200000, 0x000000008b200000, 0x000000008b300000|  0%| F|  |TAMS 0x000000008b200000, 0x000000008b200000| Untracked 
| 179|0x000000008b300000, 0x000000008b300000, 0x000000008b400000|  0%| F|  |TAMS 0x000000008b300000, 0x000000008b300000| Untracked 
| 180|0x000000008b400000, 0x000000008b400000, 0x000000008b500000|  0%| F|  |TAMS 0x000000008b400000, 0x000000008b400000| Untracked 
| 181|0x000000008b500000, 0x000000008b500000, 0x000000008b600000|  0%| F|  |TAMS 0x000000008b500000, 0x000000008b500000| Untracked 
| 182|0x000000008b600000, 0x000000008b600000, 0x000000008b700000|  0%| F|  |TAMS 0x000000008b600000, 0x000000008b600000| Untracked 
| 183|0x000000008b700000, 0x000000008b700000, 0x000000008b800000|  0%| F|  |TAMS 0x000000008b700000, 0x000000008b700000| Untracked 
| 184|0x000000008b800000, 0x000000008b800000, 0x000000008b900000|  0%| F|  |TAMS 0x000000008b800000, 0x000000008b800000| Untracked 
| 185|0x000000008b900000, 0x000000008b900000, 0x000000008ba00000|  0%| F|  |TAMS 0x000000008b900000, 0x000000008b900000| Untracked 
| 186|0x000000008ba00000, 0x000000008ba00000, 0x000000008bb00000|  0%| F|  |TAMS 0x000000008ba00000, 0x000000008ba00000| Untracked 
| 187|0x000000008bb00000, 0x000000008bb00000, 0x000000008bc00000|  0%| F|  |TAMS 0x000000008bb00000, 0x000000008bb00000| Untracked 
| 188|0x000000008bc00000, 0x000000008bc00000, 0x000000008bd00000|  0%| F|  |TAMS 0x000000008bc00000, 0x000000008bc00000| Untracked 
| 189|0x000000008bd00000, 0x000000008bd00000, 0x000000008be00000|  0%| F|  |TAMS 0x000000008bd00000, 0x000000008bd00000| Untracked 
| 190|0x000000008be00000, 0x000000008be00000, 0x000000008bf00000|  0%| F|  |TAMS 0x000000008be00000, 0x000000008be00000| Untracked 
| 191|0x000000008bf00000, 0x000000008bf00000, 0x000000008c000000|  0%| F|  |TAMS 0x000000008bf00000, 0x000000008bf00000| Untracked 
| 192|0x000000008c000000, 0x000000008c000000, 0x000000008c100000|  0%| F|  |TAMS 0x000000008c000000, 0x000000008c000000| Untracked 
| 193|0x000000008c100000, 0x000000008c100000, 0x000000008c200000|  0%| F|  |TAMS 0x000000008c100000, 0x000000008c100000| Untracked 
| 194|0x000000008c200000, 0x000000008c200000, 0x000000008c300000|  0%| F|  |TAMS 0x000000008c200000, 0x000000008c200000| Untracked 
| 195|0x000000008c300000, 0x000000008c300000, 0x000000008c400000|  0%| F|  |TAMS 0x000000008c300000, 0x000000008c300000| Untracked 
| 196|0x000000008c400000, 0x000000008c400000, 0x000000008c500000|  0%| F|  |TAMS 0x000000008c400000, 0x000000008c400000| Untracked 
| 197|0x000000008c500000, 0x000000008c500000, 0x000000008c600000|  0%| F|  |TAMS 0x000000008c500000, 0x000000008c500000| Untracked 
| 198|0x000000008c600000, 0x000000008c600000, 0x000000008c700000|  0%| F|  |TAMS 0x000000008c600000, 0x000000008c600000| Untracked 
| 199|0x000000008c700000, 0x000000008c700000, 0x000000008c800000|  0%| F|  |TAMS 0x000000008c700000, 0x000000008c700000| Untracked 
| 200|0x000000008c800000, 0x000000008c800000, 0x000000008c900000|  0%| F|  |TAMS 0x000000008c800000, 0x000000008c800000| Untracked 
| 201|0x000000008c900000, 0x000000008c900000, 0x000000008ca00000|  0%| F|  |TAMS 0x000000008c900000, 0x000000008c900000| Untracked 
| 202|0x000000008ca00000, 0x000000008ca3d7b0, 0x000000008cb00000| 24%| S|CS|TAMS 0x000000008ca00000, 0x000000008ca00000| Complete 
| 203|0x000000008cb00000, 0x000000008cc00000, 0x000000008cc00000|100%| S|CS|TAMS 0x000000008cb00000, 0x000000008cb00000| Complete 
| 204|0x000000008cc00000, 0x000000008cd00000, 0x000000008cd00000|100%| S|CS|TAMS 0x000000008cc00000, 0x000000008cc00000| Complete 
| 205|0x000000008cd00000, 0x000000008ce00000, 0x000000008ce00000|100%| S|CS|TAMS 0x000000008cd00000, 0x000000008cd00000| Complete 
| 206|0x000000008ce00000, 0x000000008cf00000, 0x000000008cf00000|100%| S|CS|TAMS 0x000000008ce00000, 0x000000008ce00000| Complete 
| 207|0x000000008cf00000, 0x000000008d000000, 0x000000008d000000|100%| S|CS|TAMS 0x000000008cf00000, 0x000000008cf00000| Complete 
| 208|0x000000008d000000, 0x000000008d100000, 0x000000008d100000|100%| S|CS|TAMS 0x000000008d000000, 0x000000008d000000| Complete 
| 209|0x000000008d100000, 0x000000008d100000, 0x000000008d200000|  0%| F|  |TAMS 0x000000008d100000, 0x000000008d100000| Untracked 
| 210|0x000000008d200000, 0x000000008d200000, 0x000000008d300000|  0%| F|  |TAMS 0x000000008d200000, 0x000000008d200000| Untracked 
| 211|0x000000008d300000, 0x000000008d300000, 0x000000008d400000|  0%| F|  |TAMS 0x000000008d300000, 0x000000008d300000| Untracked 
| 212|0x000000008d400000, 0x000000008d400000, 0x000000008d500000|  0%| F|  |TAMS 0x000000008d400000, 0x000000008d400000| Untracked 
| 213|0x000000008d500000, 0x000000008d500000, 0x000000008d600000|  0%| F|  |TAMS 0x000000008d500000, 0x000000008d500000| Untracked 
| 214|0x000000008d600000, 0x000000008d600000, 0x000000008d700000|  0%| F|  |TAMS 0x000000008d600000, 0x000000008d600000| Untracked 
| 215|0x000000008d700000, 0x000000008d700000, 0x000000008d800000|  0%| F|  |TAMS 0x000000008d700000, 0x000000008d700000| Untracked 
| 216|0x000000008d800000, 0x000000008d800000, 0x000000008d900000|  0%| F|  |TAMS 0x000000008d800000, 0x000000008d800000| Untracked 
| 217|0x000000008d900000, 0x000000008d900000, 0x000000008da00000|  0%| F|  |TAMS 0x000000008d900000, 0x000000008d900000| Untracked 
| 218|0x000000008da00000, 0x000000008da00000, 0x000000008db00000|  0%| F|  |TAMS 0x000000008da00000, 0x000000008da00000| Untracked 
| 219|0x000000008db00000, 0x000000008db00000, 0x000000008dc00000|  0%| F|  |TAMS 0x000000008db00000, 0x000000008db00000| Untracked 
| 220|0x000000008dc00000, 0x000000008dc00000, 0x000000008dd00000|  0%| F|  |TAMS 0x000000008dc00000, 0x000000008dc00000| Untracked 
| 221|0x000000008dd00000, 0x000000008dd00000, 0x000000008de00000|  0%| F|  |TAMS 0x000000008dd00000, 0x000000008dd00000| Untracked 
| 222|0x000000008de00000, 0x000000008de00000, 0x000000008df00000|  0%| F|  |TAMS 0x000000008de00000, 0x000000008de00000| Untracked 
| 223|0x000000008df00000, 0x000000008df00000, 0x000000008e000000|  0%| F|  |TAMS 0x000000008df00000, 0x000000008df00000| Untracked 
| 224|0x000000008e000000, 0x000000008e000000, 0x000000008e100000|  0%| F|  |TAMS 0x000000008e000000, 0x000000008e000000| Untracked 
| 225|0x000000008e100000, 0x000000008e100000, 0x000000008e200000|  0%| F|  |TAMS 0x000000008e100000, 0x000000008e100000| Untracked 
| 226|0x000000008e200000, 0x000000008e200000, 0x000000008e300000|  0%| F|  |TAMS 0x000000008e200000, 0x000000008e200000| Untracked 
| 227|0x000000008e300000, 0x000000008e300000, 0x000000008e400000|  0%| F|  |TAMS 0x000000008e300000, 0x000000008e300000| Untracked 
| 228|0x000000008e400000, 0x000000008e400000, 0x000000008e500000|  0%| F|  |TAMS 0x000000008e400000, 0x000000008e400000| Untracked 
| 229|0x000000008e500000, 0x000000008e500000, 0x000000008e600000|  0%| F|  |TAMS 0x000000008e500000, 0x000000008e500000| Untracked 
| 230|0x000000008e600000, 0x000000008e600000, 0x000000008e700000|  0%| F|  |TAMS 0x000000008e600000, 0x000000008e600000| Untracked 
| 231|0x000000008e700000, 0x000000008e700000, 0x000000008e800000|  0%| F|  |TAMS 0x000000008e700000, 0x000000008e700000| Untracked 
| 232|0x000000008e800000, 0x000000008e800000, 0x000000008e900000|  0%| F|  |TAMS 0x000000008e800000, 0x000000008e800000| Untracked 
| 233|0x000000008e900000, 0x000000008e900000, 0x000000008ea00000|  0%| F|  |TAMS 0x000000008e900000, 0x000000008e900000| Untracked 
| 234|0x000000008ea00000, 0x000000008ea00000, 0x000000008eb00000|  0%| F|  |TAMS 0x000000008ea00000, 0x000000008ea00000| Untracked 
| 235|0x000000008eb00000, 0x000000008eb00000, 0x000000008ec00000|  0%| F|  |TAMS 0x000000008eb00000, 0x000000008eb00000| Untracked 
| 236|0x000000008ec00000, 0x000000008ec00000, 0x000000008ed00000|  0%| F|  |TAMS 0x000000008ec00000, 0x000000008ec00000| Untracked 
| 237|0x000000008ed00000, 0x000000008ed00000, 0x000000008ee00000|  0%| F|  |TAMS 0x000000008ed00000, 0x000000008ed00000| Untracked 
| 238|0x000000008ee00000, 0x000000008ee00000, 0x000000008ef00000|  0%| F|  |TAMS 0x000000008ee00000, 0x000000008ee00000| Untracked 
| 239|0x000000008ef00000, 0x000000008ef00000, 0x000000008f000000|  0%| F|  |TAMS 0x000000008ef00000, 0x000000008ef00000| Untracked 
| 240|0x000000008f000000, 0x000000008f080800, 0x000000008f100000| 50%| E|  |TAMS 0x000000008f000000, 0x000000008f000000| Complete 
| 241|0x000000008f100000, 0x000000008f200000, 0x000000008f200000|100%| E|CS|TAMS 0x000000008f100000, 0x000000008f100000| Complete 
| 242|0x000000008f200000, 0x000000008f300000, 0x000000008f300000|100%| E|CS|TAMS 0x000000008f200000, 0x000000008f200000| Complete 
| 243|0x000000008f300000, 0x000000008f400000, 0x000000008f400000|100%| E|CS|TAMS 0x000000008f300000, 0x000000008f300000| Complete 
| 244|0x000000008f400000, 0x000000008f500000, 0x000000008f500000|100%| E|CS|TAMS 0x000000008f400000, 0x000000008f400000| Complete 
| 245|0x000000008f500000, 0x000000008f600000, 0x000000008f600000|100%| E|CS|TAMS 0x000000008f500000, 0x000000008f500000| Complete 
| 246|0x000000008f600000, 0x000000008f700000, 0x000000008f700000|100%| E|CS|TAMS 0x000000008f600000, 0x000000008f600000| Complete 
| 247|0x000000008f700000, 0x000000008f800000, 0x000000008f800000|100%| E|CS|TAMS 0x000000008f700000, 0x000000008f700000| Complete 
| 248|0x000000008f800000, 0x000000008f900000, 0x000000008f900000|100%| E|CS|TAMS 0x000000008f800000, 0x000000008f800000| Complete 
| 249|0x000000008f900000, 0x000000008fa00000, 0x000000008fa00000|100%| E|CS|TAMS 0x000000008f900000, 0x000000008f900000| Complete 
| 250|0x000000008fa00000, 0x000000008fb00000, 0x000000008fb00000|100%| E|CS|TAMS 0x000000008fa00000, 0x000000008fa00000| Complete 
| 251|0x000000008fb00000, 0x000000008fc00000, 0x000000008fc00000|100%| E|  |TAMS 0x000000008fb00000, 0x000000008fb00000| Complete 
| 252|0x000000008fc00000, 0x000000008fd00000, 0x000000008fd00000|100%| E|CS|TAMS 0x000000008fc00000, 0x000000008fc00000| Complete 
| 253|0x000000008fd00000, 0x000000008fe00000, 0x000000008fe00000|100%| E|CS|TAMS 0x000000008fd00000, 0x000000008fd00000| Complete 
| 254|0x000000008fe00000, 0x000000008ff00000, 0x000000008ff00000|100%| E|CS|TAMS 0x000000008fe00000, 0x000000008fe00000| Complete 
| 255|0x000000008ff00000, 0x0000000090000000, 0x0000000090000000|100%| E|CS|TAMS 0x000000008ff00000, 0x000000008ff00000| Complete 

Card table byte_map: [0x0000024cb57f0000,0x0000024cb5bf0000] _byte_map_base: 0x0000024cb53f0000

Marking Bits (Prev, Next): (CMBitMap*) 0x0000024ca294b808, (CMBitMap*) 0x0000024ca294b840
 Prev Bits: [0x0000024cb5ff0000, 0x0000024cb7ff0000)
 Next Bits: [0x0000024cb7ff0000, 0x0000024cb9ff0000)

Polling page: 0x0000024ca0890000

Metaspace:

Usage:
  Non-class:     32.35 MB capacity,    31.80 MB ( 98%) used,   490.05 KB (  1%) free+waste,    69.50 KB ( <1%) overhead. 
      Class:      4.98 MB capacity,     4.66 MB ( 94%) used,   294.70 KB (  6%) free+waste,    33.56 KB ( <1%) overhead. 
       Both:     37.33 MB capacity,    36.46 MB ( 98%) used,   784.75 KB (  2%) free+waste,   103.06 KB ( <1%) overhead. 

Virtual space:
  Non-class space:       38.00 MB reserved,      32.45 MB ( 85%) committed 
      Class space:        1.00 GB reserved,       5.00 MB ( <1%) committed 
             Both:        1.04 GB reserved,      37.45 MB (  4%) committed 

Chunk freelists:
   Non-Class:  38.00 KB
       Class:  21.00 KB
        Both:  59.00 KB

MaxMetaspaceSize: 17179869184.00 GB
CompressedClassSpaceSize: 1.00 GB

CodeHeap 'non-profiled nmethods': size=120064Kb used=1493Kb max_used=1493Kb free=118570Kb
 bounds [0x0000024cadeb0000, 0x0000024cae120000, 0x0000024cb53f0000]
CodeHeap 'profiled nmethods': size=120000Kb used=6334Kb max_used=6334Kb free=113665Kb
 bounds [0x0000024ca6980000, 0x0000024ca6fb0000, 0x0000024cadeb0000]
CodeHeap 'non-nmethods': size=5696Kb used=2180Kb max_used=2194Kb free=3516Kb
 bounds [0x0000024ca63f0000, 0x0000024ca6660000, 0x0000024ca6980000]
 total_blobs=3649 nmethods=2915 adapters=645
 compilation: enabled
              stopped_count=0, restarted_count=0
 full_count=0

Compilation events (20 events):
Event: 11.178 Thread 0x0000024cbcdbb000 nmethod 2902 0x0000024ca6fa3410 code [0x0000024ca6fa3600, 0x0000024ca6fa3868]
Event: 11.178 Thread 0x0000024cbcdb5000 2903       4       java.util.Collections$UnmodifiableCollection$1::hasNext (10 bytes)
Event: 11.179 Thread 0x0000024cbcdb5000 nmethod 2903 0x0000024cae023e90 code [0x0000024cae024020, 0x0000024cae0240b8]
Event: 11.179 Thread 0x0000024cbcdb5000 2904       4       java.util.LinkedHashMap$LinkedValueIterator::next (8 bytes)
Event: 11.180 Thread 0x0000024cbcdbb000 2905       3       java.lang.reflect.ProxyGenerator::getFieldType (65 bytes)
Event: 11.182 Thread 0x0000024cbcdbb000 nmethod 2905 0x0000024ca6fa3990 code [0x0000024ca6fa3c80, 0x0000024ca6fa4a38]
Event: 11.184 Thread 0x0000024cbcdb5000 nmethod 2904 0x0000024cae024190 code [0x0000024cae024320, 0x0000024cae024558]
Event: 11.184 Thread 0x0000024cbcdbb000 2906       3       java.lang.reflect.ProxyGenerator::addProxyMethod (233 bytes)
Event: 11.186 Thread 0x0000024cbcdb5000 2908       4       org.objectweb.asm.ByteVector::putByte (39 bytes)
Event: 11.188 Thread 0x0000024cbcdbb000 nmethod 2906 0x0000024ca6fa4f10 code [0x0000024ca6fa52e0, 0x0000024ca6fa6e28]
Event: 11.188 Thread 0x0000024cbcdbb000 2909       3       org.objectweb.asm.Label::addForwardReference (102 bytes)
Event: 11.188 Thread 0x0000024cbcdbb000 nmethod 2909 0x0000024ca6fa7710 code [0x0000024ca6fa7900, 0x0000024ca6fa7de8]
Event: 11.188 Thread 0x0000024cbcdbb000 2907       3       sun.reflect.annotation.AnnotationInvocationHandler::invoke (178 bytes)
Event: 11.189 Thread 0x0000024cbcdb5000 nmethod 2908 0x0000024cae024690 code [0x0000024cae024840, 0x0000024cae024968]
Event: 11.189 Thread 0x0000024cbcdb5000 2910       4       org.objectweb.asm.Symbol::<init> (38 bytes)
Event: 11.191 Thread 0x0000024cbcdbb000 nmethod 2907 0x0000024ca6fa8010 code [0x0000024ca6fa8320, 0x0000024ca6fa9388]
Event: 11.191 Thread 0x0000024cbcdbb000 2911       3       com.google.common.collect.AbstractMapBasedMultimap$WrappedCollection::refreshIfEmpty (78 bytes)
Event: 11.192 Thread 0x0000024cbcdbb000 nmethod 2911 0x0000024ca6fa9910 code [0x0000024ca6fa9b20, 0x0000024ca6faa238]
Event: 11.193 Thread 0x0000024cbcdbb000 2912       3       com.google.common.collect.ImmutableCollection::<init> (5 bytes)
Event: 11.194 Thread 0x0000024cbcdbb000 nmethod 2912 0x0000024ca6faa410 code [0x0000024ca6faa5c0, 0x0000024ca6faa778]

GC Heap History (14 events):
Event: 1.565 GC heap before
{Heap before GC invocations=0 (full 0):
 garbage-first heap   total 262144K, used 19456K [0x0000000080000000, 0x0000000100000000)
  region size 1024K, 14 young (14336K), 0 survivors (0K)
 Metaspace       used 7451K, capacity 7667K, committed 7936K, reserved 1056768K
  class space    used 683K, capacity 748K, committed 768K, reserved 1048576K
}
Event: 1.572 GC heap after
{Heap after GC invocations=1 (full 0):
 garbage-first heap   total 262144K, used 8010K [0x0000000080000000, 0x0000000100000000)
  region size 1024K, 2 young (2048K), 2 survivors (2048K)
 Metaspace       used 7451K, capacity 7667K, committed 7936K, reserved 1056768K
  class space    used 683K, capacity 748K, committed 768K, reserved 1048576K
}
Event: 2.257 GC heap before
{Heap before GC invocations=1 (full 0):
 garbage-first heap   total 262144K, used 19274K [0x0000000080000000, 0x0000000100000000)
  region size 1024K, 13 young (13312K), 2 survivors (2048K)
 Metaspace       used 10825K, capacity 11067K, committed 11264K, reserved 1058816K
  class space    used 1142K, capacity 1201K, committed 1280K, reserved 1048576K
}
Event: 2.263 GC heap after
{Heap after GC invocations=2 (full 0):
 garbage-first heap   total 262144K, used 8926K [0x0000000080000000, 0x0000000100000000)
  region size 1024K, 1 young (1024K), 1 survivors (1024K)
 Metaspace       used 10825K, capacity 11067K, committed 11264K, reserved 1058816K
  class space    used 1142K, capacity 1201K, committed 1280K, reserved 1048576K
}
Event: 2.827 GC heap before
{Heap before GC invocations=2 (full 0):
 garbage-first heap   total 262144K, used 34526K [0x0000000080000000, 0x0000000100000000)
  region size 1024K, 27 young (27648K), 1 survivors (1024K)
 Metaspace       used 10984K, capacity 11196K, committed 11520K, reserved 1058816K
  class space    used 1142K, capacity 1201K, committed 1280K, reserved 1048576K
}
Event: 2.833 GC heap after
{Heap after GC invocations=3 (full 0):
 garbage-first heap   total 262144K, used 12488K [0x0000000080000000, 0x0000000100000000)
  region size 1024K, 4 young (4096K), 4 survivors (4096K)
 Metaspace       used 10984K, capacity 11196K, committed 11520K, reserved 1058816K
  class space    used 1142K, capacity 1201K, committed 1280K, reserved 1048576K
}
Event: 5.925 GC heap before
{Heap before GC invocations=3 (full 0):
 garbage-first heap   total 262144K, used 51400K [0x0000000080000000, 0x0000000100000000)
  region size 1024K, 42 young (43008K), 4 survivors (4096K)
 Metaspace       used 17876K, capacity 18358K, committed 18432K, reserved 1064960K
  class space    used 2130K, capacity 2262K, committed 2304K, reserved 1048576K
}
Event: 5.936 GC heap after
{Heap after GC invocations=4 (full 0):
 garbage-first heap   total 262144K, used 15826K [0x0000000080000000, 0x0000000100000000)
  region size 1024K, 4 young (4096K), 4 survivors (4096K)
 Metaspace       used 17876K, capacity 18358K, committed 18432K, reserved 1064960K
  class space    used 2130K, capacity 2262K, committed 2304K, reserved 1048576K
}
Event: 6.545 GC heap before
{Heap before GC invocations=4 (full 0):
 garbage-first heap   total 262144K, used 33234K [0x0000000080000000, 0x0000000100000000)
  region size 1024K, 23 young (23552K), 4 survivors (4096K)
 Metaspace       used 20575K, capacity 21131K, committed 21296K, reserved 1069056K
  class space    used 2518K, capacity 2680K, committed 2688K, reserved 1048576K
}
Event: 6.555 GC heap after
{Heap after GC invocations=5 (full 0):
 garbage-first heap   total 262144K, used 16377K [0x0000000080000000, 0x0000000100000000)
  region size 1024K, 4 young (4096K), 4 survivors (4096K)
 Metaspace       used 20575K, capacity 21131K, committed 21296K, reserved 1069056K
  class space    used 2518K, capacity 2680K, committed 2688K, reserved 1048576K
}
Event: 8.020 GC heap before
{Heap before GC invocations=6 (full 0):
 garbage-first heap   total 262144K, used 73721K [0x0000000080000000, 0x0000000100000000)
  region size 1024K, 60 young (61440K), 4 survivors (4096K)
 Metaspace       used 26795K, capacity 27461K, committed 27648K, reserved 1073152K
  class space    used 3522K, capacity 3753K, committed 3840K, reserved 1048576K
}
Event: 8.034 GC heap after
{Heap after GC invocations=7 (full 0):
 garbage-first heap   total 262144K, used 18528K [0x0000000080000000, 0x0000000100000000)
  region size 1024K, 6 young (6144K), 6 survivors (6144K)
 Metaspace       used 26795K, capacity 27461K, committed 27648K, reserved 1073152K
  class space    used 3522K, capacity 3753K, committed 3840K, reserved 1048576K
}
Event: 10.249 GC heap before
{Heap before GC invocations=7 (full 0):
 garbage-first heap   total 262144K, used 65632K [0x0000000080000000, 0x0000000100000000)
  region size 1024K, 53 young (54272K), 6 survivors (6144K)
 Metaspace       used 35337K, capacity 36022K, committed 36048K, reserved 1081344K
  class space    used 4584K, capacity 4861K, committed 4864K, reserved 1048576K
}
Event: 10.273 GC heap after
{Heap after GC invocations=8 (full 0):
 garbage-first heap   total 262144K, used 21927K [0x0000000080000000, 0x0000000100000000)
  region size 1024K, 7 young (7168K), 7 survivors (7168K)
 Metaspace       used 35337K, capacity 36022K, committed 36048K, reserved 1081344K
  class space    used 4584K, capacity 4861K, committed 4864K, reserved 1048576K
}

Deoptimization events (20 events):
Event: 10.287 Thread 0x0000024cbefd5000 DEOPT PACKING pc=0x0000024cae005aec sp=0x000000eeb25f91c0
Event: 10.287 Thread 0x0000024cbefd5000 DEOPT UNPACKING pc=0x0000024ca64178af sp=0x000000eeb25f9178 mode 2
Event: 10.944 Thread 0x0000024cbefd5000 Uncommon trap: trap_request=0xffffff4d fr.pc=0x0000024cadff15b4 relative=0x0000000000000114
Event: 10.944 Thread 0x0000024cbefd5000 Uncommon trap: reason=unstable_if action=reinterpret pc=0x0000024cadff15b4 method=java.util.Arrays.hashCode([Ljava/lang/Object;)I @ 34 c2
Event: 10.944 Thread 0x0000024cbefd5000 DEOPT PACKING pc=0x0000024cadff15b4 sp=0x000000eeb25f94e0
Event: 10.944 Thread 0x0000024cbefd5000 DEOPT UNPACKING pc=0x0000024ca64178af sp=0x000000eeb25f9458 mode 2
Event: 10.945 Thread 0x0000024cbefd5000 Uncommon trap: trap_request=0xffffffde fr.pc=0x0000024cadf90760 relative=0x0000000000000320
Event: 10.945 Thread 0x0000024cbefd5000 Uncommon trap: reason=class_check action=maybe_recompile pc=0x0000024cadf90760 method=java.util.Collections$SetFromMap.remove(Ljava/lang/Object;)Z @ 5 c2
Event: 10.945 Thread 0x0000024cbefd5000 DEOPT PACKING pc=0x0000024cadf90760 sp=0x000000eeb25fab40
Event: 10.945 Thread 0x0000024cbefd5000 DEOPT UNPACKING pc=0x0000024ca64178af sp=0x000000eeb25fab28 mode 2
Event: 10.945 Thread 0x0000024cbefd5000 Uncommon trap: trap_request=0xffffffde fr.pc=0x0000024cadf90760 relative=0x0000000000000320
Event: 10.945 Thread 0x0000024cbefd5000 Uncommon trap: reason=class_check action=maybe_recompile pc=0x0000024cadf90760 method=java.util.Collections$SetFromMap.remove(Ljava/lang/Object;)Z @ 5 c2
Event: 10.945 Thread 0x0000024cbefd5000 DEOPT PACKING pc=0x0000024cadf90760 sp=0x000000eeb25faad0
Event: 10.945 Thread 0x0000024cbefd5000 DEOPT UNPACKING pc=0x0000024ca64178af sp=0x000000eeb25faab8 mode 2
Event: 11.028 Thread 0x0000024cbefd5000 DEOPT PACKING pc=0x0000024ca6ddfdd9 sp=0x000000eeb25fad90
Event: 11.028 Thread 0x0000024cbefd5000 DEOPT UNPACKING pc=0x0000024ca64176ce sp=0x000000eeb25fa2a0 mode 0
Event: 11.189 Thread 0x0000024cbefd5000 Uncommon trap: trap_request=0xffffff6e fr.pc=0x0000024cae01f1e4 relative=0x00000000000007a4
Event: 11.189 Thread 0x0000024cbefd5000 Uncommon trap: reason=speculate_class_check action=maybe_recompile pc=0x0000024cae01f1e4 method=java.lang.reflect.Executable.declaredAnnotations()Ljava/util/Map; @ 23 c2
Event: 11.189 Thread 0x0000024cbefd5000 DEOPT PACKING pc=0x0000024cae01f1e4 sp=0x000000eeb25f96d0
Event: 11.189 Thread 0x0000024cbefd5000 DEOPT UNPACKING pc=0x0000024ca64178af sp=0x000000eeb25f9610 mode 2

Classes redefined (0 events):
No events

Internal exceptions (20 events):
Event: 10.131 Thread 0x0000024cbefd5000 Exception <a 'java/lang/ClassNotFoundException'{0x000000008d3a41b8}: org/gradle/groovy/scripts/DefaultScriptBeanInfo> (0x000000008d3a41b8) thrown at [./src/hotspot/share/classfile/systemDictionary.cpp, line 231]
Event: 10.132 Thread 0x0000024cbefd5000 Exception <a 'java/lang/ClassNotFoundException'{0x000000008d3b3e10}: org/gradle/groovy/scripts/BasicScriptBeanInfo> (0x000000008d3b3e10) thrown at [./src/hotspot/share/classfile/systemDictionary.cpp, line 231]
Event: 10.134 Thread 0x0000024cbefd5000 Exception <a 'java/lang/ClassNotFoundException'{0x000000008d3c3a90}: org/gradle/groovy/scripts/ScriptBeanInfo> (0x000000008d3c3a90) thrown at [./src/hotspot/share/classfile/systemDictionary.cpp, line 231]
Event: 10.135 Thread 0x0000024cbefd5000 Exception <a 'java/lang/ClassNotFoundException'{0x000000008d3d2570}: groovy/lang/ScriptBeanInfo> (0x000000008d3d2570) thrown at [./src/hotspot/share/classfile/systemDictionary.cpp, line 231]
Event: 10.136 Thread 0x0000024cbefd5000 Exception <a 'java/lang/ClassNotFoundException'{0x000000008d3e1928}: groovy/lang/ScriptCustomizer> (0x000000008d3e1928) thrown at [./src/hotspot/share/classfile/systemDictionary.cpp, line 231]
Event: 10.145 Thread 0x0000024cbefd5000 Exception <a 'java/lang/ClassNotFoundException'{0x000000008d3f9318}: org/gradle/groovy/scripts/ScriptCustomizer> (0x000000008d3f9318) thrown at [./src/hotspot/share/classfile/systemDictionary.cpp, line 231]
Event: 10.147 Thread 0x0000024cbefd5000 Exception <a 'java/lang/ClassNotFoundException'{0x000000008d20fe70}: org/gradle/groovy/scripts/BasicScriptCustomizer> (0x000000008d20fe70) thrown at [./src/hotspot/share/classfile/systemDictionary.cpp, line 231]
Event: 10.149 Thread 0x0000024cbefd5000 Exception <a 'java/lang/ClassNotFoundException'{0x000000008d22c0a0}: org/gradle/groovy/scripts/DefaultScriptCustomizer> (0x000000008d22c0a0) thrown at [./src/hotspot/share/classfile/systemDictionary.cpp, line 231]
Event: 10.156 Thread 0x0000024cbefd5000 Exception <a 'java/lang/ClassNotFoundException'{0x000000008d274d80}: org/gradle/plugin/use/internal/PluginsAwareScriptCustomizer> (0x000000008d274d80) thrown at [./src/hotspot/share/classfile/systemDictionary.cpp, line 231]
Event: 10.158 Thread 0x0000024cbefd5000 Exception <a 'java/lang/ClassNotFoundException'{0x000000008d28d310}: org/gradle/initialization/SettingsScriptCustomizer> (0x000000008d28d310) thrown at [./src/hotspot/share/classfile/systemDictionary.cpp, line 231]
Event: 10.159 Thread 0x0000024cbefd5000 Exception <a 'java/lang/ClassNotFoundException'{0x000000008d29de40}: settings_47kz6wbc41y600d176bg2pfgvCustomizer> (0x000000008d29de40) thrown at [./src/hotspot/share/classfile/systemDictionary.cpp, line 231]
Event: 10.340 Thread 0x0000024cbefd5000 Exception <a 'java/lang/ClassNotFoundException'{0x000000008ffd7968}: org/gradle/initialization/DefaultSettings_DecoratedBeanInfo> (0x000000008ffd7968) thrown at [./src/hotspot/share/classfile/systemDictionary.cpp, line 231]
Event: 10.344 Thread 0x0000024cbefd5000 Exception <a 'java/lang/ClassNotFoundException'{0x000000008fff3d88}: org/gradle/initialization/DefaultSettingsBeanInfo> (0x000000008fff3d88) thrown at [./src/hotspot/share/classfile/systemDictionary.cpp, line 231]
Event: 10.346 Thread 0x0000024cbefd5000 Exception <a 'java/lang/ClassNotFoundException'{0x000000008fe13738}: org/gradle/api/internal/project/AbstractPluginAwareBeanInfo> (0x000000008fe13738) thrown at [./src/hotspot/share/classfile/systemDictionary.cpp, line 231]
Event: 10.347 Thread 0x0000024cbefd5000 Exception <a 'java/lang/ClassNotFoundException'{0x000000008fe32c68}: org/gradle/api/internal/project/AbstractPluginAwareCustomizer> (0x000000008fe32c68) thrown at [./src/hotspot/share/classfile/systemDictionary.cpp, line 231]
Event: 10.351 Thread 0x0000024cbefd5000 Exception <a 'java/lang/ClassNotFoundException'{0x000000008fe56850}: org/gradle/initialization/DefaultSettingsCustomizer> (0x000000008fe56850) thrown at [./src/hotspot/share/classfile/systemDictionary.cpp, line 231]
Event: 10.358 Thread 0x0000024cbefd5000 Exception <a 'java/lang/ClassNotFoundException'{0x000000008fe9f3b0}: org/gradle/initialization/DefaultSettings_DecoratedCustomizer> (0x000000008fe9f3b0) thrown at [./src/hotspot/share/classfile/systemDictionary.cpp, line 231]
Event: 10.404 Thread 0x0000024cbefd5000 Exception <a 'java/lang/ClassNotFoundException'{0x000000008fd419c8}: org/gradle/initialization/DefaultProjectDescriptorBeanInfo> (0x000000008fd419c8) thrown at [./src/hotspot/share/classfile/systemDictionary.cpp, line 231]
Event: 10.405 Thread 0x0000024cbefd5000 Exception <a 'java/lang/ClassNotFoundException'{0x000000008fd60328}: org/gradle/initialization/DefaultProjectDescriptorCustomizer> (0x000000008fd60328) thrown at [./src/hotspot/share/classfile/systemDictionary.cpp, line 231]
Event: 10.944 Thread 0x0000024cbefd5000 Implicit null exception at 0x0000024cadff14ef to 0x0000024cadff1598

Events (20 events):
Event: 11.149 loading class org/gradle/model/internal/core/MutableModelNode
Event: 11.149 loading class org/gradle/model/internal/core/MutableModelNode done
Event: 11.149 loading class org/gradle/model/internal/core/ModelNode
Event: 11.149 loading class org/gradle/model/internal/core/ModelNode done
Event: 11.151 loading class org/gradle/api/Task$Namer
Event: 11.151 loading class org/gradle/api/Task$Namer done
Event: 11.170 loading class org/gradle/api/NonNullApi
Event: 11.170 loading class org/gradle/api/NonNullApi done
Event: 11.171 loading class javax/annotation/meta/TypeQualifierDefault
Event: 11.171 loading class javax/annotation/meta/TypeQualifierDefault done
Event: 11.179 loading class javax/annotation/meta/When
Event: 11.179 loading class javax/annotation/meta/When done
Event: 11.180 loading class javax/annotation/meta/TypeQualifier
Event: 11.180 loading class javax/annotation/meta/TypeQualifier done
Event: 11.189 Executing VM operation: RevokeBias
Event: 11.189 Executing VM operation: RevokeBias done
Event: 11.194 loading class org/gradle/api/internal/tasks/DefaultTaskContainer$6
Event: 11.194 loading class org/gradle/api/internal/tasks/DefaultTaskContainer$6 done
Event: 11.194 loading class org/gradle/api/internal/tasks/DefaultTaskContainer$7
Event: 11.194 loading class org/gradle/api/internal/tasks/DefaultTaskContainer$7 done


Dynamic libraries:
0x00007ff798c30000 - 0x00007ff798c3a000 	C:\Program Files\Android\Android Studio\jre\bin\java.exe
0x00007ffaa9240000 - 0x00007ffaa9447000 	C:\WINDOWS\SYSTEM32\ntdll.dll
0x00007ffaa75d0000 - 0x00007ffaa768d000 	C:\WINDOWS\System32\KERNEL32.DLL
0x00007ffaa67c0000 - 0x00007ffaa6b34000 	C:\WINDOWS\System32\KERNELBASE.dll
0x00007ffaa36c0000 - 0x00007ffaa3751000 	C:\WINDOWS\SYSTEM32\apphelp.dll
0x00007ffaa6bf0000 - 0x00007ffaa6d01000 	C:\WINDOWS\System32\ucrtbase.dll
0x00007ffa805a0000 - 0x00007ffa805b7000 	C:\Program Files\Android\Android Studio\jre\bin\VCRUNTIME140.dll
0x00007ffa7ea50000 - 0x00007ffa7ea69000 	C:\Program Files\Android\Android Studio\jre\bin\jli.dll
0x00007ffaa8d50000 - 0x00007ffaa8efc000 	C:\WINDOWS\System32\USER32.dll
0x00007ffaa6bc0000 - 0x00007ffaa6be6000 	C:\WINDOWS\System32\win32u.dll
0x00007ffaa8d20000 - 0x00007ffaa8d49000 	C:\WINDOWS\System32\GDI32.dll
0x00007ffaa6d10000 - 0x00007ffaa6e22000 	C:\WINDOWS\System32\gdi32full.dll
0x00007ffaa6720000 - 0x00007ffaa67bd000 	C:\WINDOWS\System32\msvcp_win.dll
0x00007ffa95380000 - 0x00007ffa95625000 	C:\WINDOWS\WinSxS\amd64_microsoft.windows.common-controls_6595b64144ccf1df_6.0.22000.51_none_25c0e06ad7789dba\COMCTL32.dll
0x00007ffaa73a0000 - 0x00007ffaa7443000 	C:\WINDOWS\System32\msvcrt.dll
0x00007ffaa7130000 - 0x00007ffaa7161000 	C:\WINDOWS\System32\IMM32.DLL
0x00007ffa75910000 - 0x00007ffa759ad000 	C:\Program Files\Android\Android Studio\jre\bin\msvcp140.dll
0x00007ffa5ab30000 - 0x00007ffa5b5ff000 	C:\Program Files\Android\Android Studio\jre\bin\server\jvm.dll
0x00007ffaa8ff0000 - 0x00007ffaa909c000 	C:\WINDOWS\System32\ADVAPI32.dll
0x00007ffaa74c0000 - 0x00007ffaa755d000 	C:\WINDOWS\System32\sechost.dll
0x00007ffaa7690000 - 0x00007ffaa77b1000 	C:\WINDOWS\System32\RPCRT4.dll
0x00007ffaa8cf0000 - 0x00007ffaa8cf8000 	C:\WINDOWS\System32\PSAPI.DLL
0x00007ffa8f790000 - 0x00007ffa8f799000 	C:\WINDOWS\SYSTEM32\WSOCK32.dll
0x00007ffaa7560000 - 0x00007ffaa75cf000 	C:\WINDOWS\System32\WS2_32.dll
0x00007ffa96c60000 - 0x00007ffa96c93000 	C:\WINDOWS\SYSTEM32\WINMM.dll
0x00007ffa95b30000 - 0x00007ffa95b3a000 	C:\WINDOWS\SYSTEM32\VERSION.dll
0x00007ffaa5940000 - 0x00007ffaa5958000 	C:\WINDOWS\SYSTEM32\kernel.appcore.dll
0x00007ffa9d410000 - 0x00007ffa9d421000 	C:\Program Files\Android\Android Studio\jre\bin\verify.dll
0x00007ffaa4430000 - 0x00007ffaa4651000 	C:\WINDOWS\SYSTEM32\DBGHELP.DLL
0x00007ffa8b200000 - 0x00007ffa8b231000 	C:\WINDOWS\SYSTEM32\dbgcore.DLL
0x00007ffaa6b40000 - 0x00007ffaa6bc0000 	C:\WINDOWS\System32\bcryptPrimitives.dll
0x00007ffa75c20000 - 0x00007ffa75c49000 	C:\Program Files\Android\Android Studio\jre\bin\java.dll
0x00007ffa8d090000 - 0x00007ffa8d09b000 	C:\Program Files\Android\Android Studio\jre\bin\jimage.dll
0x00007ffa7de40000 - 0x00007ffa7de58000 	C:\Program Files\Android\Android Studio\jre\bin\zip.dll
0x00007ffaa7bb0000 - 0x00007ffaa8358000 	C:\WINDOWS\System32\SHELL32.dll
0x00007ffaa48d0000 - 0x00007ffaa5132000 	C:\WINDOWS\SYSTEM32\windows.storage.dll
0x00007ffaa8970000 - 0x00007ffaa8ce8000 	C:\WINDOWS\System32\combase.dll
0x00007ffaa4760000 - 0x00007ffaa48c6000 	C:\WINDOWS\SYSTEM32\wintypes.dll
0x00007ffaa8410000 - 0x00007ffaa84fa000 	C:\WINDOWS\System32\SHCORE.dll
0x00007ffaa9190000 - 0x00007ffaa91ed000 	C:\WINDOWS\System32\shlwapi.dll
0x00007ffaa6650000 - 0x00007ffaa6671000 	C:\WINDOWS\SYSTEM32\profapi.dll
0x00007ffa74010000 - 0x00007ffa7402a000 	C:\Program Files\Android\Android Studio\jre\bin\net.dll
0x00007ffa96340000 - 0x00007ffa9644c000 	C:\WINDOWS\SYSTEM32\WINHTTP.dll
0x00007ffaa5d50000 - 0x00007ffaa5db7000 	C:\WINDOWS\system32\mswsock.dll
0x00007ffa73ff0000 - 0x00007ffa74004000 	C:\Program Files\Android\Android Studio\jre\bin\nio.dll
0x00007ffa6c1f0000 - 0x00007ffa6c217000 	C:\Users\leand\.gradle\native\fdc75f09e3144964f2cf3f50f0aa648679c211496f362492102eb8c894070792\windows-amd64\native-platform.dll
0x00007ffa597b0000 - 0x00007ffa59946000 	C:\Users\leand\.gradle\native\12488b8bf47d2d4c9fbf2f6322a914ad602e24e48041cd04a747c6da556b65c4\windows-amd64\native-platform-file-events.dll
0x00007ffa8b3b0000 - 0x00007ffa8b3ba000 	C:\Program Files\Android\Android Studio\jre\bin\management.dll
0x00007ffa8b390000 - 0x00007ffa8b39c000 	C:\Program Files\Android\Android Studio\jre\bin\management_ext.dll
0x00007ffaa5fa0000 - 0x00007ffaa5fb8000 	C:\WINDOWS\SYSTEM32\CRYPTSP.dll
0x00007ffaa58a0000 - 0x00007ffaa58d5000 	C:\WINDOWS\system32\rsaenh.dll
0x00007ffaa5e40000 - 0x00007ffaa5e69000 	C:\WINDOWS\SYSTEM32\USERENV.dll
0x00007ffaa6110000 - 0x00007ffaa6137000 	C:\WINDOWS\SYSTEM32\bcrypt.dll
0x00007ffaa5f90000 - 0x00007ffaa5f9c000 	C:\WINDOWS\SYSTEM32\CRYPTBASE.dll
0x00007ffaa54c0000 - 0x00007ffaa54ed000 	C:\WINDOWS\SYSTEM32\IPHLPAPI.DLL
0x00007ffaa8f00000 - 0x00007ffaa8f09000 	C:\WINDOWS\System32\NSI.dll
0x00007ffa96090000 - 0x00007ffa960a9000 	C:\WINDOWS\SYSTEM32\dhcpcsvc6.DLL
0x00007ffa966f0000 - 0x00007ffa9670e000 	C:\WINDOWS\SYSTEM32\dhcpcsvc.DLL
0x00007ffaa54f0000 - 0x00007ffaa55d7000 	C:\WINDOWS\SYSTEM32\DNSAPI.dll
0x00007ffa95d60000 - 0x00007ffa95d6c000 	C:\WINDOWS\SYSTEM32\WINNSI.DLL

dbghelp: loaded successfully - version: 4.0.5 - missing functions: none
symbol engine: initialized successfully - sym options: 0x614 - pdb path: .;C:\Program Files\Android\Android Studio\jre\bin;C:\WINDOWS\SYSTEM32;C:\WINDOWS\WinSxS\amd64_microsoft.windows.common-controls_6595b64144ccf1df_6.0.22000.51_none_25c0e06ad7789dba;C:\Program Files\Android\Android Studio\jre\bin\server;C:\Users\leand\.gradle\native\fdc75f09e3144964f2cf3f50f0aa648679c211496f362492102eb8c894070792\windows-amd64;C:\Users\leand\.gradle\native\12488b8bf47d2d4c9fbf2f6322a914ad602e24e48041cd04a747c6da556b65c4\windows-amd64

VM Arguments:
jvm_args: --add-opens=java.base/java.util=ALL-UNNAMED --add-opens=java.base/java.lang=ALL-UNNAMED --add-opens=java.base/java.lang.invoke=ALL-UNNAMED --add-opens=java.prefs/java.util.prefs=ALL-UNNAMED -Xmx2048m -Dfile.encoding=UTF-8 -Duser.country=BR -Duser.language=pt -Duser.variant 
java_command: org.gradle.launcher.daemon.bootstrap.GradleDaemon 6.7.1
java_class_path (initial): C:\Users\leand\.gradle\wrapper\dists\gradle-6.7.1-bin\bwlcbys1h7rz3272sye1xwiv6\gradle-6.7.1\lib\gradle-launcher-6.7.1.jar
Launcher Type: SUN_STANDARD

[Global flags]
     intx CICompilerCount                          = 3                                         {product} {ergonomic}
     uint ConcGCThreads                            = 1                                         {product} {ergonomic}
     uint G1ConcRefinementThreads                  = 4                                         {product} {ergonomic}
   size_t G1HeapRegionSize                         = 1048576                                   {product} {ergonomic}
    uintx GCDrainStackTargetSize                   = 64                                        {product} {ergonomic}
   size_t InitialHeapSize                          = 268435456                                 {product} {ergonomic}
   size_t MarkStackSize                            = 4194304                                   {product} {ergonomic}
   size_t MaxHeapSize                              = 2147483648                                {product} {command line}
   size_t MaxNewSize                               = 1287651328                                {product} {ergonomic}
   size_t MinHeapDeltaBytes                        = 1048576                                   {product} {ergonomic}
    uintx NonNMethodCodeHeapSize                   = 5830732                                {pd product} {ergonomic}
    uintx NonProfiledCodeHeapSize                  = 122913754                              {pd product} {ergonomic}
    uintx ProfiledCodeHeapSize                     = 122913754                              {pd product} {ergonomic}
    uintx ReservedCodeCacheSize                    = 251658240                              {pd product} {ergonomic}
     bool SegmentedCodeCache                       = true                                      {product} {ergonomic}
     bool UseCompressedClassPointers               = true                                 {lp64_product} {ergonomic}
     bool UseCompressedOops                        = true                                 {lp64_product} {ergonomic}
     bool UseG1GC                                  = true                                      {product} {ergonomic}
     bool UseLargePagesIndividualAllocation        = false                                  {pd product} {ergonomic}

Logging:
Log output configuration:
 #0: stdout all=warning uptime,level,tags
 #1: stderr all=off uptime,level,tags

Environment Variables:
PATH=C:\WINDOWS\system32;C:\WINDOWS;C:\WINDOWS\System32\Wbem;C:\WINDOWS\System32\WindowsPowerShell\v1.0\;C:\WINDOWS\System32\OpenSSH\;C:\Program Files\NVIDIA Corporation\NVIDIA NvDLISR;C:\Program Files\Git\cmd;C:\WINDOWS\system32;C:\WINDOWS;C:\WINDOWS\System32\Wbem;C:\WINDOWS\System32\WindowsPowerShell\v1.0\;C:\WINDOWS\System32\OpenSSH\;C:\Program Files (x86)\Intel\Intel(R) Management Engine Components\DAL;C:\Program Files\Intel\Intel(R) Management Engine Components\DAL;C:\Program Files (x86)\NVIDIA Corporation\PhysX\Common;C:\Users\leand\AppData\Local\Microsoft\WindowsApps;C:\Users\leand\AppData\Local\Programs\Microsoft VS Code\bin;
USERNAME=leand
OS=Windows_NT
PROCESSOR_IDENTIFIER=Intel64 Family 6 Model 142 Stepping 9, GenuineIntel



---------------  S Y S T E M  ---------------

OS: Windows 10 , 64 bit Build 22000 (10.0.22000.37)
OS uptime: 5 days 13:31 hours

CPU:total 4 (initial active 4) (2 cores per cpu, 2 threads per core) family 6 model 142 stepping 9 microcode 0xde, cmov, cx8, fxsr, mmx, sse, sse2, sse3, ssse3, sse4.1, sse4.2, popcnt, avx, avx2, aes, clmul, erms, 3dnowpref, lzcnt, ht, tsc, tscinvbit, bmi1, bmi2, adx, fma

Memory: 4k page, system-wide physical 16282M (3698M free)
TotalPageFile size 31456M (AvailPageFile size 1M)
current process WorkingSet (physical memory assigned to process): 221M, peak: 241M
current process commit charge ("private bytes"): 421M, peak: 442M

vm_info: OpenJDK 64-Bit Server VM (11.0.10+0-b96-7249189) for windows-amd64 JRE (11.0.10+0-b96-7249189), built on Mar 31 2021 21:44:00 by "builder" with MS VC++ 14.0 (VS2015)

END.
