#
# There is insufficient memory for the Java Runtime Environment to continue.
# Native memory allocation (mmap) failed to map 60817408 bytes for Failed to commit area from 0x0000000711800000 to 0x0000000715200000 of length 60817408.
# Possible reasons:
#   The system is out of physical RAM or swap space
#   The process is running with CompressedOops enabled, and the Java Heap may be blocking the growth of the native heap
# Possible solutions:
#   Reduce memory load on the system
#   Increase physical memory or swap space
#   Check if swap backing store is full
#   Decrease Java heap size (-Xmx/-Xms)
#   Decrease number of Java threads
#   Decrease Java thread stack sizes (-Xss)
#   Set larger code cache with -XX:ReservedCodeCacheSize=
#   JVM is running with Zero Based Compressed Oops mode in which the Java heap is
#     placed in the first 32GB address space. The Java Heap base address is the
#     maximum limit for the native heap growth. Please use -XX:HeapBaseMinAddress
#     to set the Java Heap base and to place the Java Heap above 32GB virtual address.
# This output file may be truncated or incomplete.
#
#  Out of Memory Error (./src/hotspot/os/windows/os_windows.cpp:3301), pid=12228, tid=7624
#
# JRE version: OpenJDK Runtime Environment (11.0.10) (build 11.0.10+0-b96-7249189)
# Java VM: OpenJDK 64-Bit Server VM (11.0.10+0-b96-7249189, mixed mode, tiered, compressed oops, g1 gc, windows-amd64)
# No core dump will be written. Minidumps are not enabled by default on client versions of Windows
#

---------------  S U M M A R Y ------------

Command Line: org.jetbrains.kotlin.cli.jvm.K2JVMCompiler @C:\Users\leand\AndroidStudioProjects\CodeHero_OBJECTIVE\app\build\20210731_18254960796173168603.compiler.options

Host: Intel(R) Core(TM) i7-7500U CPU @ 2.70GHz, 4 cores, 15G,  Windows 10 , 64 bit Build 22000 (10.0.22000.37)
Time: Sat Jul 31 21:49:10 2021 Hora oficial do Brasil elapsed time: 6.861101 seconds (0d 0h 0m 6s)

---------------  T H R E A D  ---------------

Current thread (0x0000015d37f02800):  VMThread "VM Thread" [stack: 0x00000038ead00000,0x00000038eae00000] [id=7624]

Stack: [0x00000038ead00000,0x00000038eae00000]
[error occurred during error reporting (printing stack bounds), id 0xc0000005, EXCEPTION_ACCESS_VIOLATION (0xc0000005) at pc=0x0000015d1c220f2d]

Native frames: (J=compiled Java code, j=interpreted, Vv=VM code, C=native code)
V  [jvm.dll+0x5ecfaa]
V  [jvm.dll+0x722bd5]
V  [jvm.dll+0x72412d]
V  [jvm.dll+0x724745]
V  [jvm.dll+0x7246fb]
V  [jvm.dll+0x5ec348]
V  [jvm.dll+0x5ecad8]
C  [ntdll.dll+0xa800f]
C  [ntdll.dll+0x359ca]
C  [ntdll.dll+0xa701e]
C  0x0000015d1c220f2d

VM_Operation (0x00000038ea7f8ed0): G1CollectForAllocation, mode: safepoint, requested by thread 0x0000015d16f5c800


---------------  P R O C E S S  ---------------

Threads class SMR info:
_java_thread_list=0x0000015d3b69e8d0, length=11, elements={
0x0000015d16f5c800, 0x0000015d37639000, 0x0000015d3763a800, 0x0000015d37656800,
0x0000015d37658800, 0x0000015d3765a800, 0x0000015d3765e000, 0x0000015d37f06000,
0x0000015d37f07800, 0x0000015d380b6000, 0x0000015d380aa800
}

Java Threads: ( => current thread )
  0x0000015d16f5c800 JavaThread "main" [_thread_blocked, id=15584, stack(0x00000038ea700000,0x00000038ea800000)]
  0x0000015d37639000 JavaThread "Reference Handler" daemon [_thread_blocked, id=21000, stack(0x00000038eae00000,0x00000038eaf00000)]
  0x0000015d3763a800 JavaThread "Finalizer" daemon [_thread_blocked, id=14580, stack(0x00000038eaf00000,0x00000038eb000000)]
  0x0000015d37656800 JavaThread "Signal Dispatcher" daemon [_thread_blocked, id=17772, stack(0x00000038eb000000,0x00000038eb100000)]
  0x0000015d37658800 JavaThread "Attach Listener" daemon [_thread_blocked, id=18136, stack(0x00000038eb100000,0x00000038eb200000)]
  0x0000015d3765a800 JavaThread "Service Thread" daemon [_thread_blocked, id=17500, stack(0x00000038eb200000,0x00000038eb300000)]
  0x0000015d3765e000 JavaThread "C2 CompilerThread0" daemon [_thread_in_native, id=20120, stack(0x00000038eb300000,0x00000038eb400000)]
  0x0000015d37f06000 JavaThread "C1 CompilerThread0" daemon [_thread_blocked, id=25580, stack(0x00000038eb400000,0x00000038eb500000)]
  0x0000015d37f07800 JavaThread "Sweeper thread" daemon [_thread_blocked, id=22916, stack(0x00000038eb500000,0x00000038eb600000)]
  0x0000015d380b6000 JavaThread "Common-Cleaner" daemon [_thread_blocked, id=3856, stack(0x00000038eb700000,0x00000038eb800000)]
  0x0000015d380aa800 JavaThread "C2 CompilerThread1" daemon [_thread_blocked, id=12136, stack(0x00000038eb800000,0x00000038eb900000)]

Other Threads:
=>0x0000015d37f02800 VMThread "VM Thread" [stack: 0x00000038ead00000,0x00000038eae00000] [id=7624]
  0x0000015d380a8800 WatcherThread [stack: 0x00000038eb600000,0x00000038eb700000] [id=18476]
  0x0000015d16f75800 GCTaskThread "GC Thread#0" [stack: 0x00000038ea800000,0x00000038ea900000] [id=21572]
  0x0000015d38760800 GCTaskThread "GC Thread#1" [stack: 0x00000038eb900000,0x00000038eba00000] [id=11832]
  0x0000015d38761000 GCTaskThread "GC Thread#2" [stack: 0x00000038eba00000,0x00000038ebb00000] [id=7016]
  0x0000015d38764800 GCTaskThread "GC Thread#3" [stack: 0x00000038ebb00000,0x00000038ebc00000] [id=16612]
  0x0000015d16fd2800 ConcurrentGCThread "G1 Main Marker" [stack: 0x00000038ea900000,0x00000038eaa00000] [id=15372]
  0x0000015d16fd4800 ConcurrentGCThread "G1 Conc#0" [stack: 0x00000038eaa00000,0x00000038eab00000] [id=15560]
  0x0000015d3751b000 ConcurrentGCThread "G1 Refine#0" [stack: 0x00000038eab00000,0x00000038eac00000] [id=3832]
  0x0000015d3751c000 ConcurrentGCThread "G1 Young RemSet Sampling" [stack: 0x00000038eac00000,0x00000038ead00000] [id=14164]

Threads with active compile tasks:
C2 CompilerThread0   6897 3180       4       java.lang.ClassLoader::loadClass (7 bytes)
C2 CompilerThread1   6897 3509       4       org.jetbrains.kotlin.com.intellij.lang.impl.PsiBuilderImpl::eof (33 bytes)

VM state:at safepoint (normal execution)

VM Mutex/Monitor currently owned by a thread:  ([mutex/lock_event])
[0x0000015d16f59530] Threads_lock - owner thread: 0x0000015d37f02800
[0x0000015d16f5a3d0] Heap_lock - owner thread: 0x0000015d16f5c800

Heap address: 0x0000000701800000, size: 4072 MB, Compressed Oops mode: Zero based, Oop shift amount: 3
Narrow klass base: 0x0000000800000000, Narrow klass shift: 0
Compressed class space size: 1073741824 Address: 0x0000000800000000

Heap:
 garbage-first heap   total 321536K, used 32315K [0x0000000701800000, 0x0000000800000000)
  region size 1024K, 7 young (7168K), 7 survivors (7168K)
 Metaspace       used 46543K, capacity 47065K, committed 47232K, reserved 1091584K
  class space    used 5471K, capacity 5681K, committed 5760K, reserved 1048576K
Heap Regions: E=young(eden), S=young(survivor), O=old, HS=humongous(starts), HC=humongous(continues), CS=collection set, F=free, A=archive, TAMS=top-at-mark-start (previous, next)
|   0|0x0000000701800000, 0x0000000701900000, 0x0000000701900000|100%|HS|  |TAMS 0x0000000701900000, 0x0000000701900000| Complete 
|   1|0x0000000701900000, 0x0000000701a00000, 0x0000000701a00000|100%|HC|  |TAMS 0x0000000701a00000, 0x0000000701a00000| Complete 
|   2|0x0000000701a00000, 0x0000000701b00000, 0x0000000701b00000|100%|HC|  |TAMS 0x0000000701b00000, 0x0000000701b00000| Complete 
|   3|0x0000000701b00000, 0x0000000701c00000, 0x0000000701c00000|100%| O|  |TAMS 0x0000000701c00000, 0x0000000701c00000| Untracked 
|   4|0x0000000701c00000, 0x0000000701d00000, 0x0000000701d00000|100%| O|  |TAMS 0x0000000701d00000, 0x0000000701d00000| Untracked 
|   5|0x0000000701d00000, 0x0000000701e00000, 0x0000000701e00000|100%|HS|  |TAMS 0x0000000701e00000, 0x0000000701e00000| Complete 
|   6|0x0000000701e00000, 0x0000000701f00000, 0x0000000701f00000|100%|HC|  |TAMS 0x0000000701f00000, 0x0000000701f00000| Complete 
|   7|0x0000000701f00000, 0x0000000702000000, 0x0000000702000000|100%|HC|  |TAMS 0x0000000702000000, 0x0000000702000000| Complete 
|   8|0x0000000702000000, 0x0000000702100000, 0x0000000702100000|100%|HS|  |TAMS 0x0000000702100000, 0x0000000702100000| Complete 
|   9|0x0000000702100000, 0x0000000702200000, 0x0000000702200000|100%|HC|  |TAMS 0x0000000702200000, 0x0000000702200000| Complete 
|  10|0x0000000702200000, 0x0000000702300000, 0x0000000702300000|100%|HC|  |TAMS 0x0000000702300000, 0x0000000702300000| Complete 
|  11|0x0000000702300000, 0x0000000702400000, 0x0000000702400000|100%|HS|  |TAMS 0x0000000702300000, 0x0000000702400000| Complete 
|  12|0x0000000702400000, 0x0000000702500000, 0x0000000702500000|100%|HC|  |TAMS 0x0000000702400000, 0x0000000702500000| Complete 
|  13|0x0000000702500000, 0x0000000702600000, 0x0000000702600000|100%| O|  |TAMS 0x0000000702600000, 0x0000000702600000| Untracked 
|  14|0x0000000702600000, 0x0000000702700000, 0x0000000702700000|100%| O|  |TAMS 0x0000000702700000, 0x0000000702700000| Untracked 
|  15|0x0000000702700000, 0x0000000702800000, 0x0000000702800000|100%| O|  |TAMS 0x0000000702800000, 0x0000000702800000| Untracked 
|  16|0x0000000702800000, 0x0000000702900000, 0x0000000702900000|100%| O|  |TAMS 0x0000000702900000, 0x0000000702900000| Untracked 
|  17|0x0000000702900000, 0x0000000702a00000, 0x0000000702a00000|100%| O|  |TAMS 0x0000000702a00000, 0x0000000702a00000| Untracked 
|  18|0x0000000702a00000, 0x0000000702a8ee00, 0x0000000702b00000| 55%| O|  |TAMS 0x0000000702a00000, 0x0000000702a8ee00| Untracked 
|  19|0x0000000702b00000, 0x0000000702b00000, 0x0000000702c00000|  0%| F|  |TAMS 0x0000000702b00000, 0x0000000702b00000| Untracked 
|  20|0x0000000702c00000, 0x0000000702d00000, 0x0000000702d00000|100%| O|  |TAMS 0x0000000702d00000, 0x0000000702d00000| Untracked 
|  21|0x0000000702d00000, 0x0000000702e00000, 0x0000000702e00000|100%| O|  |TAMS 0x0000000702e00000, 0x0000000702e00000| Untracked 
|  22|0x0000000702e00000, 0x0000000702f00000, 0x0000000702f00000|100%| O|  |TAMS 0x0000000702f00000, 0x0000000702f00000| Untracked 
|  23|0x0000000702f00000, 0x0000000703000000, 0x0000000703000000|100%| O|  |TAMS 0x0000000703000000, 0x0000000703000000| Untracked 
|  24|0x0000000703000000, 0x0000000703100000, 0x0000000703100000|100%| O|  |TAMS 0x0000000703100000, 0x0000000703100000| Untracked 
|  25|0x0000000703100000, 0x0000000703200000, 0x0000000703200000|100%| O|  |TAMS 0x000000070318a400, 0x0000000703200000| Untracked 
|  26|0x0000000703200000, 0x0000000703200000, 0x0000000703300000|  0%| F|  |TAMS 0x0000000703200000, 0x0000000703200000| Untracked 
|  27|0x0000000703300000, 0x0000000703300000, 0x0000000703400000|  0%| F|  |TAMS 0x0000000703300000, 0x0000000703300000| Untracked 
|  28|0x0000000703400000, 0x0000000703400000, 0x0000000703500000|  0%| F|  |TAMS 0x0000000703400000, 0x0000000703400000| Untracked 
|  29|0x0000000703500000, 0x0000000703500000, 0x0000000703600000|  0%| F|  |TAMS 0x0000000703500000, 0x0000000703500000| Untracked 
|  30|0x0000000703600000, 0x0000000703600000, 0x0000000703700000|  0%| F|  |TAMS 0x0000000703600000, 0x0000000703600000| Untracked 
|  31|0x0000000703700000, 0x0000000703700000, 0x0000000703800000|  0%| F|  |TAMS 0x0000000703700000, 0x0000000703700000| Untracked 
|  32|0x0000000703800000, 0x0000000703800000, 0x0000000703900000|  0%| F|  |TAMS 0x0000000703800000, 0x0000000703800000| Untracked 
|  33|0x0000000703900000, 0x0000000703900000, 0x0000000703a00000|  0%| F|  |TAMS 0x0000000703900000, 0x0000000703900000| Untracked 
|  34|0x0000000703a00000, 0x0000000703a00000, 0x0000000703b00000|  0%| F|  |TAMS 0x0000000703a00000, 0x0000000703a00000| Untracked 
|  35|0x0000000703b00000, 0x0000000703b00000, 0x0000000703c00000|  0%| F|  |TAMS 0x0000000703b00000, 0x0000000703b00000| Untracked 
|  36|0x0000000703c00000, 0x0000000703c00000, 0x0000000703d00000|  0%| F|  |TAMS 0x0000000703c00000, 0x0000000703c00000| Untracked 
|  37|0x0000000703d00000, 0x0000000703d00000, 0x0000000703e00000|  0%| F|  |TAMS 0x0000000703d00000, 0x0000000703d00000| Untracked 
|  38|0x0000000703e00000, 0x0000000703e00000, 0x0000000703f00000|  0%| F|  |TAMS 0x0000000703e00000, 0x0000000703e00000| Untracked 
|  39|0x0000000703f00000, 0x0000000703f00000, 0x0000000704000000|  0%| F|  |TAMS 0x0000000703f00000, 0x0000000703f00000| Untracked 
|  40|0x0000000704000000, 0x0000000704000000, 0x0000000704100000|  0%| F|  |TAMS 0x0000000704000000, 0x0000000704000000| Untracked 
|  41|0x0000000704100000, 0x0000000704100000, 0x0000000704200000|  0%| F|  |TAMS 0x0000000704100000, 0x0000000704100000| Untracked 
|  42|0x0000000704200000, 0x0000000704200000, 0x0000000704300000|  0%| F|  |TAMS 0x0000000704200000, 0x0000000704200000| Untracked 
|  43|0x0000000704300000, 0x0000000704300000, 0x0000000704400000|  0%| F|  |TAMS 0x0000000704300000, 0x0000000704300000| Untracked 
|  44|0x0000000704400000, 0x0000000704400000, 0x0000000704500000|  0%| F|  |TAMS 0x0000000704400000, 0x0000000704400000| Untracked 
|  45|0x0000000704500000, 0x0000000704500000, 0x0000000704600000|  0%| F|  |TAMS 0x0000000704500000, 0x0000000704500000| Untracked 
|  46|0x0000000704600000, 0x0000000704600000, 0x0000000704700000|  0%| F|  |TAMS 0x0000000704600000, 0x0000000704600000| Untracked 
|  47|0x0000000704700000, 0x0000000704700000, 0x0000000704800000|  0%| F|  |TAMS 0x0000000704700000, 0x0000000704700000| Untracked 
|  48|0x0000000704800000, 0x0000000704800000, 0x0000000704900000|  0%| F|  |TAMS 0x0000000704800000, 0x0000000704800000| Untracked 
|  49|0x0000000704900000, 0x0000000704900000, 0x0000000704a00000|  0%| F|  |TAMS 0x0000000704900000, 0x0000000704900000| Untracked 
|  50|0x0000000704a00000, 0x0000000704a00000, 0x0000000704b00000|  0%| F|  |TAMS 0x0000000704a00000, 0x0000000704a00000| Untracked 
|  51|0x0000000704b00000, 0x0000000704b00000, 0x0000000704c00000|  0%| F|  |TAMS 0x0000000704b00000, 0x0000000704b00000| Untracked 
|  52|0x0000000704c00000, 0x0000000704c00000, 0x0000000704d00000|  0%| F|  |TAMS 0x0000000704c00000, 0x0000000704c00000| Untracked 
|  53|0x0000000704d00000, 0x0000000704d00000, 0x0000000704e00000|  0%| F|  |TAMS 0x0000000704d00000, 0x0000000704d00000| Untracked 
|  54|0x0000000704e00000, 0x0000000704e00000, 0x0000000704f00000|  0%| F|  |TAMS 0x0000000704e00000, 0x0000000704e00000| Untracked 
|  55|0x0000000704f00000, 0x0000000704f00000, 0x0000000705000000|  0%| F|  |TAMS 0x0000000704f00000, 0x0000000704f00000| Untracked 
|  56|0x0000000705000000, 0x0000000705000000, 0x0000000705100000|  0%| F|  |TAMS 0x0000000705000000, 0x0000000705000000| Untracked 
|  57|0x0000000705100000, 0x0000000705100000, 0x0000000705200000|  0%| F|  |TAMS 0x0000000705100000, 0x0000000705100000| Untracked 
|  58|0x0000000705200000, 0x0000000705200000, 0x0000000705300000|  0%| F|  |TAMS 0x0000000705200000, 0x0000000705200000| Untracked 
|  59|0x0000000705300000, 0x0000000705300000, 0x0000000705400000|  0%| F|  |TAMS 0x0000000705300000, 0x0000000705300000| Untracked 
|  60|0x0000000705400000, 0x0000000705400000, 0x0000000705500000|  0%| F|  |TAMS 0x0000000705400000, 0x0000000705400000| Untracked 
|  61|0x0000000705500000, 0x0000000705500000, 0x0000000705600000|  0%| F|  |TAMS 0x0000000705500000, 0x0000000705500000| Untracked 
|  62|0x0000000705600000, 0x0000000705600000, 0x0000000705700000|  0%| F|  |TAMS 0x0000000705600000, 0x0000000705600000| Untracked 
|  63|0x0000000705700000, 0x0000000705700000, 0x0000000705800000|  0%| F|  |TAMS 0x0000000705700000, 0x0000000705700000| Untracked 
|  64|0x0000000705800000, 0x0000000705800000, 0x0000000705900000|  0%| F|  |TAMS 0x0000000705800000, 0x0000000705800000| Untracked 
|  65|0x0000000705900000, 0x0000000705900000, 0x0000000705a00000|  0%| F|  |TAMS 0x0000000705900000, 0x0000000705900000| Untracked 
|  66|0x0000000705a00000, 0x0000000705a00000, 0x0000000705b00000|  0%| F|  |TAMS 0x0000000705a00000, 0x0000000705a00000| Untracked 
|  67|0x0000000705b00000, 0x0000000705b00000, 0x0000000705c00000|  0%| F|  |TAMS 0x0000000705b00000, 0x0000000705b00000| Untracked 
|  68|0x0000000705c00000, 0x0000000705c00000, 0x0000000705d00000|  0%| F|  |TAMS 0x0000000705c00000, 0x0000000705c00000| Untracked 
|  69|0x0000000705d00000, 0x0000000705d00000, 0x0000000705e00000|  0%| F|  |TAMS 0x0000000705d00000, 0x0000000705d00000| Untracked 
|  70|0x0000000705e00000, 0x0000000705e00000, 0x0000000705f00000|  0%| F|  |TAMS 0x0000000705e00000, 0x0000000705e00000| Untracked 
|  71|0x0000000705f00000, 0x0000000705f00000, 0x0000000706000000|  0%| F|  |TAMS 0x0000000705f00000, 0x0000000705f00000| Untracked 
|  72|0x0000000706000000, 0x0000000706000000, 0x0000000706100000|  0%| F|  |TAMS 0x0000000706000000, 0x0000000706000000| Untracked 
|  73|0x0000000706100000, 0x0000000706100000, 0x0000000706200000|  0%| F|  |TAMS 0x0000000706100000, 0x0000000706100000| Untracked 
|  74|0x0000000706200000, 0x0000000706200000, 0x0000000706300000|  0%| F|  |TAMS 0x0000000706200000, 0x0000000706200000| Untracked 
|  75|0x0000000706300000, 0x0000000706300000, 0x0000000706400000|  0%| F|  |TAMS 0x0000000706300000, 0x0000000706300000| Untracked 
|  76|0x0000000706400000, 0x0000000706400000, 0x0000000706500000|  0%| F|  |TAMS 0x0000000706400000, 0x0000000706400000| Untracked 
|  77|0x0000000706500000, 0x0000000706500000, 0x0000000706600000|  0%| F|  |TAMS 0x0000000706500000, 0x0000000706500000| Untracked 
|  78|0x0000000706600000, 0x0000000706600000, 0x0000000706700000|  0%| F|  |TAMS 0x0000000706600000, 0x0000000706600000| Untracked 
|  79|0x0000000706700000, 0x0000000706700000, 0x0000000706800000|  0%| F|  |TAMS 0x0000000706700000, 0x0000000706700000| Untracked 
|  80|0x0000000706800000, 0x0000000706800000, 0x0000000706900000|  0%| F|  |TAMS 0x0000000706800000, 0x0000000706800000| Untracked 
|  81|0x0000000706900000, 0x0000000706900000, 0x0000000706a00000|  0%| F|  |TAMS 0x0000000706900000, 0x0000000706900000| Untracked 
|  82|0x0000000706a00000, 0x0000000706a00000, 0x0000000706b00000|  0%| F|  |TAMS 0x0000000706a00000, 0x0000000706a00000| Untracked 
|  83|0x0000000706b00000, 0x0000000706b00000, 0x0000000706c00000|  0%| F|  |TAMS 0x0000000706b00000, 0x0000000706b00000| Untracked 
|  84|0x0000000706c00000, 0x0000000706c00000, 0x0000000706d00000|  0%| F|  |TAMS 0x0000000706c00000, 0x0000000706c00000| Untracked 
|  85|0x0000000706d00000, 0x0000000706d00000, 0x0000000706e00000|  0%| F|  |TAMS 0x0000000706d00000, 0x0000000706d00000| Untracked 
|  86|0x0000000706e00000, 0x0000000706e00000, 0x0000000706f00000|  0%| F|  |TAMS 0x0000000706e00000, 0x0000000706e00000| Untracked 
|  87|0x0000000706f00000, 0x0000000706f00000, 0x0000000707000000|  0%| F|  |TAMS 0x0000000706f00000, 0x0000000706f00000| Untracked 
|  88|0x0000000707000000, 0x0000000707000000, 0x0000000707100000|  0%| F|  |TAMS 0x0000000707000000, 0x0000000707000000| Untracked 
|  89|0x0000000707100000, 0x0000000707100000, 0x0000000707200000|  0%| F|  |TAMS 0x0000000707100000, 0x0000000707100000| Untracked 
|  90|0x0000000707200000, 0x0000000707200000, 0x0000000707300000|  0%| F|  |TAMS 0x0000000707200000, 0x0000000707200000| Untracked 
|  91|0x0000000707300000, 0x0000000707300000, 0x0000000707400000|  0%| F|  |TAMS 0x0000000707300000, 0x0000000707300000| Untracked 
|  92|0x0000000707400000, 0x0000000707400000, 0x0000000707500000|  0%| F|  |TAMS 0x0000000707400000, 0x0000000707400000| Untracked 
|  93|0x0000000707500000, 0x0000000707500000, 0x0000000707600000|  0%| F|  |TAMS 0x0000000707500000, 0x0000000707500000| Untracked 
|  94|0x0000000707600000, 0x0000000707600000, 0x0000000707700000|  0%| F|  |TAMS 0x0000000707600000, 0x0000000707600000| Untracked 
|  95|0x0000000707700000, 0x0000000707700000, 0x0000000707800000|  0%| F|  |TAMS 0x0000000707700000, 0x0000000707700000| Untracked 
|  96|0x0000000707800000, 0x0000000707800000, 0x0000000707900000|  0%| F|  |TAMS 0x0000000707800000, 0x0000000707800000| Untracked 
|  97|0x0000000707900000, 0x0000000707900000, 0x0000000707a00000|  0%| F|  |TAMS 0x0000000707900000, 0x0000000707900000| Untracked 
|  98|0x0000000707a00000, 0x0000000707a00000, 0x0000000707b00000|  0%| F|  |TAMS 0x0000000707a00000, 0x0000000707a00000| Untracked 
|  99|0x0000000707b00000, 0x0000000707b00000, 0x0000000707c00000|  0%| F|  |TAMS 0x0000000707b00000, 0x0000000707b00000| Untracked 
| 100|0x0000000707c00000, 0x0000000707c00000, 0x0000000707d00000|  0%| F|  |TAMS 0x0000000707c00000, 0x0000000707c00000| Untracked 
| 101|0x0000000707d00000, 0x0000000707d00000, 0x0000000707e00000|  0%| F|  |TAMS 0x0000000707d00000, 0x0000000707d00000| Untracked 
| 102|0x0000000707e00000, 0x0000000707e00000, 0x0000000707f00000|  0%| F|  |TAMS 0x0000000707e00000, 0x0000000707e00000| Untracked 
| 103|0x0000000707f00000, 0x0000000707f00000, 0x0000000708000000|  0%| F|  |TAMS 0x0000000707f00000, 0x0000000707f00000| Untracked 
| 104|0x0000000708000000, 0x0000000708000000, 0x0000000708100000|  0%| F|  |TAMS 0x0000000708000000, 0x0000000708000000| Untracked 
| 105|0x0000000708100000, 0x0000000708100000, 0x0000000708200000|  0%| F|  |TAMS 0x0000000708100000, 0x0000000708100000| Untracked 
| 106|0x0000000708200000, 0x0000000708200000, 0x0000000708300000|  0%| F|  |TAMS 0x0000000708200000, 0x0000000708200000| Untracked 
| 107|0x0000000708300000, 0x0000000708300000, 0x0000000708400000|  0%| F|  |TAMS 0x0000000708300000, 0x0000000708300000| Untracked 
| 108|0x0000000708400000, 0x0000000708400000, 0x0000000708500000|  0%| F|  |TAMS 0x0000000708400000, 0x0000000708400000| Untracked 
| 109|0x0000000708500000, 0x0000000708500000, 0x0000000708600000|  0%| F|  |TAMS 0x0000000708500000, 0x0000000708500000| Untracked 
| 110|0x0000000708600000, 0x0000000708600000, 0x0000000708700000|  0%| F|  |TAMS 0x0000000708600000, 0x0000000708600000| Untracked 
| 111|0x0000000708700000, 0x0000000708700000, 0x0000000708800000|  0%| F|  |TAMS 0x0000000708700000, 0x0000000708700000| Untracked 
| 112|0x0000000708800000, 0x0000000708800000, 0x0000000708900000|  0%| F|  |TAMS 0x0000000708800000, 0x0000000708800000| Untracked 
| 113|0x0000000708900000, 0x0000000708900000, 0x0000000708a00000|  0%| F|  |TAMS 0x0000000708900000, 0x0000000708900000| Untracked 
| 114|0x0000000708a00000, 0x0000000708a00000, 0x0000000708b00000|  0%| F|  |TAMS 0x0000000708a00000, 0x0000000708a00000| Untracked 
| 115|0x0000000708b00000, 0x0000000708b00000, 0x0000000708c00000|  0%| F|  |TAMS 0x0000000708b00000, 0x0000000708b00000| Untracked 
| 116|0x0000000708c00000, 0x0000000708c00000, 0x0000000708d00000|  0%| F|  |TAMS 0x0000000708c00000, 0x0000000708c00000| Untracked 
| 117|0x0000000708d00000, 0x0000000708d00000, 0x0000000708e00000|  0%| F|  |TAMS 0x0000000708d00000, 0x0000000708d00000| Untracked 
| 118|0x0000000708e00000, 0x0000000708e00000, 0x0000000708f00000|  0%| F|  |TAMS 0x0000000708e00000, 0x0000000708e00000| Untracked 
| 119|0x0000000708f00000, 0x0000000708f00000, 0x0000000709000000|  0%| F|  |TAMS 0x0000000708f00000, 0x0000000708f00000| Untracked 
| 120|0x0000000709000000, 0x0000000709000000, 0x0000000709100000|  0%| F|  |TAMS 0x0000000709000000, 0x0000000709000000| Untracked 
| 121|0x0000000709100000, 0x0000000709100000, 0x0000000709200000|  0%| F|  |TAMS 0x0000000709100000, 0x0000000709100000| Untracked 
| 122|0x0000000709200000, 0x0000000709200000, 0x0000000709300000|  0%| F|  |TAMS 0x0000000709200000, 0x0000000709200000| Untracked 
| 123|0x0000000709300000, 0x0000000709300000, 0x0000000709400000|  0%| F|  |TAMS 0x0000000709300000, 0x0000000709300000| Untracked 
| 124|0x0000000709400000, 0x0000000709400000, 0x0000000709500000|  0%| F|  |TAMS 0x0000000709400000, 0x0000000709400000| Untracked 
| 125|0x0000000709500000, 0x0000000709500000, 0x0000000709600000|  0%| F|  |TAMS 0x0000000709500000, 0x0000000709500000| Untracked 
| 126|0x0000000709600000, 0x0000000709600000, 0x0000000709700000|  0%| F|  |TAMS 0x0000000709600000, 0x0000000709600000| Untracked 
| 127|0x0000000709700000, 0x0000000709700000, 0x0000000709800000|  0%| F|  |TAMS 0x0000000709700000, 0x0000000709700000| Untracked 
| 128|0x0000000709800000, 0x0000000709800000, 0x0000000709900000|  0%| F|  |TAMS 0x0000000709800000, 0x0000000709800000| Untracked 
| 129|0x0000000709900000, 0x0000000709900000, 0x0000000709a00000|  0%| F|  |TAMS 0x0000000709900000, 0x0000000709900000| Untracked 
| 130|0x0000000709a00000, 0x0000000709a00000, 0x0000000709b00000|  0%| F|  |TAMS 0x0000000709a00000, 0x0000000709a00000| Untracked 
| 131|0x0000000709b00000, 0x0000000709b00000, 0x0000000709c00000|  0%| F|  |TAMS 0x0000000709b00000, 0x0000000709b00000| Untracked 
| 132|0x0000000709c00000, 0x0000000709c00000, 0x0000000709d00000|  0%| F|  |TAMS 0x0000000709c00000, 0x0000000709c00000| Untracked 
| 133|0x0000000709d00000, 0x0000000709d00000, 0x0000000709e00000|  0%| F|  |TAMS 0x0000000709d00000, 0x0000000709d00000| Untracked 
| 134|0x0000000709e00000, 0x0000000709e00000, 0x0000000709f00000|  0%| F|  |TAMS 0x0000000709e00000, 0x0000000709e00000| Untracked 
| 135|0x0000000709f00000, 0x0000000709f00000, 0x000000070a000000|  0%| F|  |TAMS 0x0000000709f00000, 0x0000000709f00000| Untracked 
| 136|0x000000070a000000, 0x000000070a000000, 0x000000070a100000|  0%| F|  |TAMS 0x000000070a000000, 0x000000070a000000| Untracked 
| 137|0x000000070a100000, 0x000000070a100000, 0x000000070a200000|  0%| F|  |TAMS 0x000000070a100000, 0x000000070a100000| Untracked 
| 138|0x000000070a200000, 0x000000070a200000, 0x000000070a300000|  0%| F|  |TAMS 0x000000070a200000, 0x000000070a200000| Untracked 
| 139|0x000000070a300000, 0x000000070a300000, 0x000000070a400000|  0%| F|  |TAMS 0x000000070a300000, 0x000000070a300000| Untracked 
| 140|0x000000070a400000, 0x000000070a400000, 0x000000070a500000|  0%| F|  |TAMS 0x000000070a400000, 0x000000070a400000| Untracked 
| 141|0x000000070a500000, 0x000000070a500000, 0x000000070a600000|  0%| F|  |TAMS 0x000000070a500000, 0x000000070a500000| Untracked 
| 142|0x000000070a600000, 0x000000070a600000, 0x000000070a700000|  0%| F|  |TAMS 0x000000070a600000, 0x000000070a600000| Untracked 
| 143|0x000000070a700000, 0x000000070a700000, 0x000000070a800000|  0%| F|  |TAMS 0x000000070a700000, 0x000000070a700000| Untracked 
| 144|0x000000070a800000, 0x000000070a800000, 0x000000070a900000|  0%| F|  |TAMS 0x000000070a800000, 0x000000070a800000| Untracked 
| 145|0x000000070a900000, 0x000000070a900000, 0x000000070aa00000|  0%| F|  |TAMS 0x000000070a900000, 0x000000070a900000| Untracked 
| 146|0x000000070aa00000, 0x000000070aa00000, 0x000000070ab00000|  0%| F|  |TAMS 0x000000070aa00000, 0x000000070aa00000| Untracked 
| 147|0x000000070ab00000, 0x000000070ab00000, 0x000000070ac00000|  0%| F|  |TAMS 0x000000070ab00000, 0x000000070ab00000| Untracked 
| 148|0x000000070ac00000, 0x000000070ac00000, 0x000000070ad00000|  0%| F|  |TAMS 0x000000070ac00000, 0x000000070ac00000| Untracked 
| 149|0x000000070ad00000, 0x000000070ad00000, 0x000000070ae00000|  0%| F|  |TAMS 0x000000070ad00000, 0x000000070ad00000| Untracked 
| 150|0x000000070ae00000, 0x000000070ae00000, 0x000000070af00000|  0%| F|  |TAMS 0x000000070ae00000, 0x000000070ae00000| Untracked 
| 151|0x000000070af00000, 0x000000070af00000, 0x000000070b000000|  0%| F|  |TAMS 0x000000070af00000, 0x000000070af00000| Untracked 
| 152|0x000000070b000000, 0x000000070b000000, 0x000000070b100000|  0%| F|  |TAMS 0x000000070b000000, 0x000000070b000000| Untracked 
| 153|0x000000070b100000, 0x000000070b100000, 0x000000070b200000|  0%| F|  |TAMS 0x000000070b100000, 0x000000070b100000| Untracked 
| 154|0x000000070b200000, 0x000000070b200000, 0x000000070b300000|  0%| F|  |TAMS 0x000000070b200000, 0x000000070b200000| Untracked 
| 155|0x000000070b300000, 0x000000070b300000, 0x000000070b400000|  0%| F|  |TAMS 0x000000070b300000, 0x000000070b300000| Untracked 
| 156|0x000000070b400000, 0x000000070b400000, 0x000000070b500000|  0%| F|  |TAMS 0x000000070b400000, 0x000000070b400000| Untracked 
| 157|0x000000070b500000, 0x000000070b500000, 0x000000070b600000|  0%| F|  |TAMS 0x000000070b500000, 0x000000070b500000| Untracked 
| 158|0x000000070b600000, 0x000000070b600000, 0x000000070b700000|  0%| F|  |TAMS 0x000000070b600000, 0x000000070b600000| Untracked 
| 159|0x000000070b700000, 0x000000070b700000, 0x000000070b800000|  0%| F|  |TAMS 0x000000070b700000, 0x000000070b700000| Untracked 
| 160|0x000000070b800000, 0x000000070b800000, 0x000000070b900000|  0%| F|  |TAMS 0x000000070b800000, 0x000000070b800000| Untracked 
| 161|0x000000070b900000, 0x000000070b900000, 0x000000070ba00000|  0%| F|  |TAMS 0x000000070b900000, 0x000000070b900000| Untracked 
| 162|0x000000070ba00000, 0x000000070ba00000, 0x000000070bb00000|  0%| F|  |TAMS 0x000000070ba00000, 0x000000070ba00000| Untracked 
| 163|0x000000070bb00000, 0x000000070bb00000, 0x000000070bc00000|  0%| F|  |TAMS 0x000000070bb00000, 0x000000070bb00000| Untracked 
| 164|0x000000070bc00000, 0x000000070bc00000, 0x000000070bd00000|  0%| F|  |TAMS 0x000000070bc00000, 0x000000070bc00000| Untracked 
| 165|0x000000070bd00000, 0x000000070bd00000, 0x000000070be00000|  0%| F|  |TAMS 0x000000070bd00000, 0x000000070bd00000| Untracked 
| 166|0x000000070be00000, 0x000000070be00000, 0x000000070bf00000|  0%| F|  |TAMS 0x000000070be00000, 0x000000070be00000| Untracked 
| 167|0x000000070bf00000, 0x000000070bf00000, 0x000000070c000000|  0%| F|  |TAMS 0x000000070bf00000, 0x000000070bf00000| Untracked 
| 168|0x000000070c000000, 0x000000070c000000, 0x000000070c100000|  0%| F|  |TAMS 0x000000070c000000, 0x000000070c000000| Untracked 
| 169|0x000000070c100000, 0x000000070c100000, 0x000000070c200000|  0%| F|  |TAMS 0x000000070c100000, 0x000000070c100000| Untracked 
| 170|0x000000070c200000, 0x000000070c200000, 0x000000070c300000|  0%| F|  |TAMS 0x000000070c200000, 0x000000070c200000| Untracked 
| 171|0x000000070c300000, 0x000000070c300000, 0x000000070c400000|  0%| F|  |TAMS 0x000000070c300000, 0x000000070c300000| Untracked 
| 172|0x000000070c400000, 0x000000070c400000, 0x000000070c500000|  0%| F|  |TAMS 0x000000070c400000, 0x000000070c400000| Untracked 
| 173|0x000000070c500000, 0x000000070c500000, 0x000000070c600000|  0%| F|  |TAMS 0x000000070c500000, 0x000000070c500000| Untracked 
| 174|0x000000070c600000, 0x000000070c600000, 0x000000070c700000|  0%| F|  |TAMS 0x000000070c600000, 0x000000070c600000| Untracked 
| 175|0x000000070c700000, 0x000000070c700000, 0x000000070c800000|  0%| F|  |TAMS 0x000000070c700000, 0x000000070c700000| Untracked 
| 176|0x000000070c800000, 0x000000070c800000, 0x000000070c900000|  0%| F|  |TAMS 0x000000070c800000, 0x000000070c800000| Untracked 
| 177|0x000000070c900000, 0x000000070c900000, 0x000000070ca00000|  0%| F|  |TAMS 0x000000070c900000, 0x000000070c900000| Untracked 
| 178|0x000000070ca00000, 0x000000070ca00000, 0x000000070cb00000|  0%| F|  |TAMS 0x000000070ca00000, 0x000000070ca00000| Untracked 
| 179|0x000000070cb00000, 0x000000070cb00000, 0x000000070cc00000|  0%| F|  |TAMS 0x000000070cb00000, 0x000000070cb00000| Untracked 
| 180|0x000000070cc00000, 0x000000070cc00000, 0x000000070cd00000|  0%| F|  |TAMS 0x000000070cc00000, 0x000000070cc00000| Untracked 
| 181|0x000000070cd00000, 0x000000070cd00000, 0x000000070ce00000|  0%| F|  |TAMS 0x000000070cd00000, 0x000000070cd00000| Untracked 
| 182|0x000000070ce00000, 0x000000070ce00000, 0x000000070cf00000|  0%| F|  |TAMS 0x000000070ce00000, 0x000000070ce00000| Untracked 
| 183|0x000000070cf00000, 0x000000070cf00000, 0x000000070d000000|  0%| F|  |TAMS 0x000000070cf00000, 0x000000070cf00000| Untracked 
| 184|0x000000070d000000, 0x000000070d000000, 0x000000070d100000|  0%| F|  |TAMS 0x000000070d000000, 0x000000070d000000| Untracked 
| 185|0x000000070d100000, 0x000000070d100000, 0x000000070d200000|  0%| F|  |TAMS 0x000000070d100000, 0x000000070d100000| Untracked 
| 186|0x000000070d200000, 0x000000070d200000, 0x000000070d300000|  0%| F|  |TAMS 0x000000070d200000, 0x000000070d200000| Untracked 
| 187|0x000000070d300000, 0x000000070d300000, 0x000000070d400000|  0%| F|  |TAMS 0x000000070d300000, 0x000000070d300000| Untracked 
| 188|0x000000070d400000, 0x000000070d400000, 0x000000070d500000|  0%| F|  |TAMS 0x000000070d400000, 0x000000070d400000| Untracked 
| 189|0x000000070d500000, 0x000000070d500000, 0x000000070d600000|  0%| F|  |TAMS 0x000000070d500000, 0x000000070d500000| Untracked 
| 190|0x000000070d600000, 0x000000070d600000, 0x000000070d700000|  0%| F|  |TAMS 0x000000070d600000, 0x000000070d600000| Untracked 
| 191|0x000000070d700000, 0x000000070d700000, 0x000000070d800000|  0%| F|  |TAMS 0x000000070d700000, 0x000000070d700000| Untracked 
| 192|0x000000070d800000, 0x000000070d800000, 0x000000070d900000|  0%| F|  |TAMS 0x000000070d800000, 0x000000070d800000| Untracked 
| 193|0x000000070d900000, 0x000000070d900000, 0x000000070da00000|  0%| F|  |TAMS 0x000000070d900000, 0x000000070d900000| Untracked 
| 194|0x000000070da00000, 0x000000070da00000, 0x000000070db00000|  0%| F|  |TAMS 0x000000070da00000, 0x000000070da00000| Untracked 
| 195|0x000000070db00000, 0x000000070dc00000, 0x000000070dc00000|100%| S|CS|TAMS 0x000000070db00000, 0x000000070db00000| Complete 
| 196|0x000000070dc00000, 0x000000070dd00000, 0x000000070dd00000|100%| S|CS|TAMS 0x000000070dc00000, 0x000000070dc00000| Complete 
| 197|0x000000070dd00000, 0x000000070de00000, 0x000000070de00000|100%| S|CS|TAMS 0x000000070dd00000, 0x000000070dd00000| Complete 
| 198|0x000000070de00000, 0x000000070df00000, 0x000000070df00000|100%| S|CS|TAMS 0x000000070de00000, 0x000000070de00000| Complete 
| 199|0x000000070df00000, 0x000000070e000000, 0x000000070e000000|100%| S|CS|TAMS 0x000000070df00000, 0x000000070df00000| Complete 
| 200|0x000000070e000000, 0x000000070e100000, 0x000000070e100000|100%| S|CS|TAMS 0x000000070e000000, 0x000000070e000000| Complete 
| 201|0x000000070e100000, 0x000000070e200000, 0x000000070e200000|100%| S|CS|TAMS 0x000000070e100000, 0x000000070e100000| Complete 
| 202|0x000000070e200000, 0x000000070e200000, 0x000000070e300000|  0%| F|  |TAMS 0x000000070e200000, 0x000000070e200000| Untracked 
| 203|0x000000070e300000, 0x000000070e300000, 0x000000070e400000|  0%| F|  |TAMS 0x000000070e300000, 0x000000070e300000| Untracked 
| 204|0x000000070e400000, 0x000000070e400000, 0x000000070e500000|  0%| F|  |TAMS 0x000000070e400000, 0x000000070e400000| Untracked 
| 205|0x000000070e500000, 0x000000070e500000, 0x000000070e600000|  0%| F|  |TAMS 0x000000070e500000, 0x000000070e500000| Untracked 
| 206|0x000000070e600000, 0x000000070e600000, 0x000000070e700000|  0%| F|  |TAMS 0x000000070e600000, 0x000000070e600000| Untracked 
| 207|0x000000070e700000, 0x000000070e700000, 0x000000070e800000|  0%| F|  |TAMS 0x000000070e700000, 0x000000070e700000| Untracked 
| 208|0x000000070e800000, 0x000000070e800000, 0x000000070e900000|  0%| F|  |TAMS 0x000000070e800000, 0x000000070e800000| Untracked 
| 209|0x000000070e900000, 0x000000070e900000, 0x000000070ea00000|  0%| F|  |TAMS 0x000000070e900000, 0x000000070e900000| Untracked 
| 210|0x000000070ea00000, 0x000000070ea00000, 0x000000070eb00000|  0%| F|  |TAMS 0x000000070ea00000, 0x000000070ea00000| Untracked 
| 211|0x000000070eb00000, 0x000000070eb00000, 0x000000070ec00000|  0%| F|  |TAMS 0x000000070eb00000, 0x000000070eb00000| Untracked 
| 212|0x000000070ec00000, 0x000000070ec00000, 0x000000070ed00000|  0%| F|  |TAMS 0x000000070ec00000, 0x000000070ec00000| Untracked 
| 213|0x000000070ed00000, 0x000000070ed00000, 0x000000070ee00000|  0%| F|  |TAMS 0x000000070ed00000, 0x000000070ed00000| Untracked 
| 214|0x000000070ee00000, 0x000000070ee00000, 0x000000070ef00000|  0%| F|  |TAMS 0x000000070ee00000, 0x000000070ee00000| Untracked 
| 215|0x000000070ef00000, 0x000000070ef00000, 0x000000070f000000|  0%| F|  |TAMS 0x000000070ef00000, 0x000000070ef00000| Untracked 
| 216|0x000000070f000000, 0x000000070f000000, 0x000000070f100000|  0%| F|  |TAMS 0x000000070f000000, 0x000000070f000000| Untracked 
| 217|0x000000070f100000, 0x000000070f100000, 0x000000070f200000|  0%| F|  |TAMS 0x000000070f100000, 0x000000070f100000| Untracked 
| 218|0x000000070f200000, 0x000000070f200000, 0x000000070f300000|  0%| F|  |TAMS 0x000000070f200000, 0x000000070f200000| Untracked 
| 219|0x000000070f300000, 0x000000070f300000, 0x000000070f400000|  0%| F|  |TAMS 0x000000070f300000, 0x000000070f300000| Untracked 
| 220|0x000000070f400000, 0x000000070f400000, 0x000000070f500000|  0%| F|  |TAMS 0x000000070f400000, 0x000000070f400000| Untracked 
| 221|0x000000070f500000, 0x000000070f500000, 0x000000070f600000|  0%| F|  |TAMS 0x000000070f500000, 0x000000070f500000| Untracked 
| 222|0x000000070f600000, 0x000000070f600000, 0x000000070f700000|  0%| F|  |TAMS 0x000000070f600000, 0x000000070f600000| Untracked 
| 223|0x000000070f700000, 0x000000070f700000, 0x000000070f800000|  0%| F|  |TAMS 0x000000070f700000, 0x000000070f700000| Untracked 
| 224|0x000000070f800000, 0x000000070f800000, 0x000000070f900000|  0%| F|  |TAMS 0x000000070f800000, 0x000000070f800000| Untracked 
| 225|0x000000070f900000, 0x000000070f900000, 0x000000070fa00000|  0%| F|  |TAMS 0x000000070f900000, 0x000000070f900000| Untracked 
| 226|0x000000070fa00000, 0x000000070fa00000, 0x000000070fb00000|  0%| F|  |TAMS 0x000000070fa00000, 0x000000070fa00000| Untracked 
| 227|0x000000070fb00000, 0x000000070fb00000, 0x000000070fc00000|  0%| F|  |TAMS 0x000000070fb00000, 0x000000070fb00000| Untracked 
| 228|0x000000070fc00000, 0x000000070fc00000, 0x000000070fd00000|  0%| F|  |TAMS 0x000000070fc00000, 0x000000070fc00000| Untracked 
| 229|0x000000070fd00000, 0x000000070fd00000, 0x000000070fe00000|  0%| F|  |TAMS 0x000000070fd00000, 0x000000070fd00000| Untracked 
| 230|0x000000070fe00000, 0x000000070fe00000, 0x000000070ff00000|  0%| F|  |TAMS 0x000000070fe00000, 0x000000070fe00000| Untracked 
| 231|0x000000070ff00000, 0x000000070ff00000, 0x0000000710000000|  0%| F|  |TAMS 0x000000070ff00000, 0x000000070ff00000| Untracked 
| 232|0x0000000710000000, 0x0000000710000000, 0x0000000710100000|  0%| F|  |TAMS 0x0000000710000000, 0x0000000710000000| Untracked 
| 233|0x0000000710100000, 0x0000000710100000, 0x0000000710200000|  0%| F|  |TAMS 0x0000000710100000, 0x0000000710100000| Untracked 
| 234|0x0000000710200000, 0x0000000710200000, 0x0000000710300000|  0%| F|  |TAMS 0x0000000710200000, 0x0000000710200000| Untracked 
| 235|0x0000000710300000, 0x0000000710300000, 0x0000000710400000|  0%| F|  |TAMS 0x0000000710300000, 0x0000000710300000| Untracked 
| 236|0x0000000710400000, 0x0000000710400000, 0x0000000710500000|  0%| F|  |TAMS 0x0000000710400000, 0x0000000710400000| Untracked 
| 237|0x0000000710500000, 0x0000000710500000, 0x0000000710600000|  0%| F|  |TAMS 0x0000000710500000, 0x0000000710500000| Untracked 
| 238|0x0000000710600000, 0x0000000710600000, 0x0000000710700000|  0%| F|  |TAMS 0x0000000710600000, 0x0000000710600000| Untracked 
| 239|0x0000000710700000, 0x0000000710700000, 0x0000000710800000|  0%| F|  |TAMS 0x0000000710700000, 0x0000000710700000| Untracked 
| 240|0x0000000710800000, 0x0000000710800000, 0x0000000710900000|  0%| F|  |TAMS 0x0000000710800000, 0x0000000710800000| Untracked 
| 241|0x0000000710900000, 0x0000000710900000, 0x0000000710a00000|  0%| F|  |TAMS 0x0000000710900000, 0x0000000710900000| Untracked 
| 242|0x0000000710a00000, 0x0000000710a00000, 0x0000000710b00000|  0%| F|  |TAMS 0x0000000710a00000, 0x0000000710a00000| Untracked 
| 243|0x0000000710b00000, 0x0000000710b00000, 0x0000000710c00000|  0%| F|  |TAMS 0x0000000710b00000, 0x0000000710b00000| Untracked 
| 244|0x0000000710c00000, 0x0000000710c00000, 0x0000000710d00000|  0%| F|  |TAMS 0x0000000710c00000, 0x0000000710c00000| Untracked 
| 245|0x0000000710d00000, 0x0000000710d00000, 0x0000000710e00000|  0%| F|  |TAMS 0x0000000710d00000, 0x0000000710d00000| Untracked 
| 246|0x0000000710e00000, 0x0000000710e00000, 0x0000000710f00000|  0%| F|  |TAMS 0x0000000710e00000, 0x0000000710e00000| Untracked 
| 247|0x0000000710f00000, 0x0000000710f00000, 0x0000000711000000|  0%| F|  |TAMS 0x0000000710f00000, 0x0000000710f00000| Untracked 
| 248|0x0000000711000000, 0x0000000711000000, 0x0000000711100000|  0%| F|  |TAMS 0x0000000711000000, 0x0000000711000000| Untracked 
| 249|0x0000000711100000, 0x0000000711100000, 0x0000000711200000|  0%| F|  |TAMS 0x0000000711100000, 0x0000000711100000| Untracked 
| 250|0x0000000711200000, 0x0000000711200000, 0x0000000711300000|  0%| F|  |TAMS 0x0000000711200000, 0x0000000711200000| Untracked 
| 251|0x0000000711300000, 0x0000000711300000, 0x0000000711400000|  0%| F|  |TAMS 0x0000000711300000, 0x0000000711300000| Untracked 
| 252|0x0000000711400000, 0x0000000711400000, 0x0000000711500000|  0%| F|  |TAMS 0x0000000711400000, 0x0000000711400000| Untracked 
| 253|0x0000000711500000, 0x0000000711500000, 0x0000000711600000|  0%| F|  |TAMS 0x0000000711500000, 0x0000000711500000| Untracked 
| 254|0x0000000711600000, 0x0000000711600000, 0x0000000711700000|  0%| F|  |TAMS 0x0000000711600000, 0x0000000711600000| Untracked 
| 255|0x0000000711700000, 0x0000000711700000, 0x0000000711800000|  0%| F|  |TAMS 0x0000000711700000, 0x0000000711700000| Untracked 

Card table byte_map: [0x0000015d2c050000,0x0000015d2c850000] _byte_map_base: 0x0000015d28844000

Marking Bits (Prev, Next): (CMBitMap*) 0x0000015d16fc1898, (CMBitMap*) 0x0000015d16fc18d0
 Prev Bits: [0x0000015d2d050000, 0x0000015d30ff0000)
 Next Bits: [0x0000015d30ff0000, 0x0000015d34f90000)

Polling page: 0x0000015d17030000

Metaspace:

Usage:
  Non-class:     40.41 MB capacity,    40.11 MB (>99%) used,   241.66 KB ( <1%) free+waste,    69.94 KB ( <1%) overhead. 
      Class:      5.55 MB capacity,     5.34 MB ( 96%) used,   178.16 KB (  3%) free+waste,    31.75 KB ( <1%) overhead. 
       Both:     45.96 MB capacity,    45.45 MB ( 99%) used,   419.81 KB ( <1%) free+waste,   101.69 KB ( <1%) overhead. 

Virtual space:
  Non-class space:       42.00 MB reserved,      40.50 MB ( 96%) committed 
      Class space:        1.00 GB reserved,       5.63 MB ( <1%) committed 
             Both:        1.04 GB reserved,      46.13 MB (  4%) committed 

Chunk freelists:
   Non-Class:  24.00 KB
       Class:  15.00 KB
        Both:  39.00 KB

MaxMetaspaceSize: 17179869184.00 GB
CompressedClassSpaceSize: 1.00 GB

CodeHeap 'non-profiled nmethods': size=120064Kb used=1344Kb max_used=1344Kb free=118719Kb
 bounds [0x0000015d23ce0000, 0x0000015d23f50000, 0x0000015d2b220000]
CodeHeap 'profiled nmethods': size=120000Kb used=7379Kb max_used=7379Kb free=112620Kb
 bounds [0x0000015d1c7b0000, 0x0000015d1cef0000, 0x0000015d23ce0000]
CodeHeap 'non-nmethods': size=5696Kb used=1185Kb max_used=1230Kb free=4510Kb
 bounds [0x0000015d1c220000, 0x0000015d1c490000, 0x0000015d1c7b0000]
 total_blobs=4009 nmethods=3478 adapters=441
 compilation: enabled
              stopped_count=0, restarted_count=0
 full_count=0

Compilation events (20 events):
Event: 6.783 Thread 0x0000015d37f06000 nmethod 3501 0x0000015d1ceddb10 code [0x0000015d1ceddd00, 0x0000015d1cede168]
Event: 6.783 Thread 0x0000015d37f06000 3502       3       org.jetbrains.kotlin.com.intellij.lang.impl.PsiBuilderAdapter::getCurrentOffset (10 bytes)
Event: 6.783 Thread 0x0000015d37f06000 nmethod 3502 0x0000015d1cede310 code [0x0000015d1cede4c0, 0x0000015d1cede688]
Event: 6.783 Thread 0x0000015d37f06000 3503       3       java.util.BitSet::set (58 bytes)
Event: 6.784 Thread 0x0000015d380aa800 3509       4       org.jetbrains.kotlin.com.intellij.lang.impl.PsiBuilderImpl::eof (33 bytes)
Event: 6.784 Thread 0x0000015d37f06000 nmethod 3503 0x0000015d1cede790 code [0x0000015d1cedea20, 0x0000015d1cedf4d8]
Event: 6.785 Thread 0x0000015d37f06000 3505       3       org.jetbrains.kotlin.com.intellij.lang.java.parser.JavaParserUtil$1::getTokenType (20 bytes)
Event: 6.785 Thread 0x0000015d37f06000 nmethod 3505 0x0000015d1cedf910 code [0x0000015d1cedfb00, 0x0000015d1cedff58]
Event: 6.785 Thread 0x0000015d37f06000 3507       3       org.jetbrains.kotlin.com.intellij.util.text.ImmutableText::subSequence (25 bytes)
Event: 6.785 Thread 0x0000015d37f06000 nmethod 3507 0x0000015d1cee0090 code [0x0000015d1cee0260, 0x0000015d1cee05f8]
Event: 6.785 Thread 0x0000015d37f06000 3508       3       org.jetbrains.kotlin.com.intellij.util.text.CharSequenceSubSequence::<init> (97 bytes)
Event: 6.787 Thread 0x0000015d37f06000 nmethod 3508 0x0000015d1cee0790 code [0x0000015d1cee0aa0, 0x0000015d1cee1988]
Event: 6.787 Thread 0x0000015d37f06000 3506       3       java.util.BitSet::expandTo (23 bytes)
Event: 6.788 Thread 0x0000015d37f06000 nmethod 3506 0x0000015d1cee1f10 code [0x0000015d1cee20c0, 0x0000015d1cee2248]
Event: 6.788 Thread 0x0000015d37f06000 3504       1       org.jetbrains.kotlin.com.intellij.psi.tree.java.IJavaElementType::isLeftBound (5 bytes)
Event: 6.788 Thread 0x0000015d37f06000 nmethod 3504 0x0000015d23e30090 code [0x0000015d23e30240, 0x0000015d23e302f8]
Event: 6.792 Thread 0x0000015d37f06000 3513       3       org.jetbrains.kotlin.com.intellij.psi.impl.source.CharTableImpl::createSequence (64 bytes)
Event: 6.793 Thread 0x0000015d37f06000 nmethod 3513 0x0000015d1cee2310 code [0x0000015d1cee2520, 0x0000015d1cee2b18]
Event: 6.805 Thread 0x0000015d37f06000 3515       3       org.jetbrains.kotlin.com.intellij.lang.ASTFactory::composite (72 bytes)
Event: 6.808 Thread 0x0000015d37f06000 nmethod 3515 0x0000015d1cee2c90 code [0x0000015d1cee3000, 0x0000015d1cee47a8]

GC Heap History (9 events):
Event: 0.780 GC heap before
{Heap before GC invocations=0 (full 0):
 garbage-first heap   total 262144K, used 17408K [0x0000000701800000, 0x0000000800000000)
  region size 1024K, 14 young (14336K), 0 survivors (0K)
 Metaspace       used 9777K, capacity 9871K, committed 10112K, reserved 1058816K
  class space    used 828K, capacity 884K, committed 896K, reserved 1048576K
}
Event: 0.786 GC heap after
{Heap after GC invocations=1 (full 0):
 garbage-first heap   total 262144K, used 5606K [0x0000000701800000, 0x0000000800000000)
  region size 1024K, 2 young (2048K), 2 survivors (2048K)
 Metaspace       used 9777K, capacity 9871K, committed 10112K, reserved 1058816K
  class space    used 828K, capacity 884K, committed 896K, reserved 1048576K
}
Event: 2.237 GC heap before
{Heap before GC invocations=1 (full 0):
 garbage-first heap   total 262144K, used 51686K [0x0000000701800000, 0x0000000800000000)
  region size 1024K, 48 young (49152K), 2 survivors (2048K)
 Metaspace       used 20962K, capacity 21182K, committed 21248K, reserved 1069056K
  class space    used 2216K, capacity 2289K, committed 2304K, reserved 1048576K
}
Event: 2.259 GC heap after
{Heap after GC invocations=2 (full 0):
 garbage-first heap   total 262144K, used 9347K [0x0000000701800000, 0x0000000800000000)
  region size 1024K, 6 young (6144K), 6 survivors (6144K)
 Metaspace       used 20962K, capacity 21182K, committed 21248K, reserved 1069056K
  class space    used 2216K, capacity 2289K, committed 2304K, reserved 1048576K
}
Event: 3.829 GC heap before
{Heap before GC invocations=3 (full 0):
 garbage-first heap   total 262144K, used 64643K [0x0000000701800000, 0x0000000800000000)
  region size 1024K, 52 young (53248K), 6 survivors (6144K)
 Metaspace       used 29667K, capacity 30134K, committed 30336K, reserved 1075200K
  class space    used 3496K, capacity 3670K, committed 3712K, reserved 1048576K
}
Event: 3.859 GC heap after
{Heap after GC invocations=4 (full 0):
 garbage-first heap   total 262144K, used 22324K [0x0000000701800000, 0x0000000800000000)
  region size 1024K, 7 young (7168K), 7 survivors (7168K)
 Metaspace       used 29667K, capacity 30134K, committed 30336K, reserved 1075200K
  class space    used 3496K, capacity 3670K, committed 3712K, reserved 1048576K
}
Event: 4.890 GC heap before
{Heap before GC invocations=4 (full 0):
 garbage-first heap   total 262144K, used 57140K [0x0000000701800000, 0x0000000800000000)
  region size 1024K, 38 young (38912K), 7 survivors (7168K)
 Metaspace       used 35379K, capacity 35779K, committed 35840K, reserved 1081344K
  class space    used 4138K, capacity 4291K, committed 4352K, reserved 1048576K
}
Event: 4.926 GC heap after
{Heap after GC invocations=5 (full 0):
 garbage-first heap   total 262144K, used 25710K [0x0000000701800000, 0x0000000800000000)
  region size 1024K, 4 young (4096K), 4 survivors (4096K)
 Metaspace       used 35379K, capacity 35779K, committed 35840K, reserved 1081344K
  class space    used 4138K, capacity 4291K, committed 4352K, reserved 1048576K
}
Event: 6.811 GC heap before
{Heap before GC invocations=6 (full 0):
 garbage-first heap   total 262144K, used 78958K [0x0000000701800000, 0x0000000800000000)
  region size 1024K, 54 young (55296K), 4 survivors (4096K)
 Metaspace       used 46543K, capacity 47065K, committed 47232K, reserved 1091584K
  class space    used 5471K, capacity 5681K, committed 5760K, reserved 1048576K
}

Deoptimization events (20 events):
Event: 6.283 Thread 0x0000015d16f5c800 Uncommon trap: trap_request=0xffffffc6 fr.pc=0x0000015d23dca4dc relative=0x000000000000009c
Event: 6.283 Thread 0x0000015d16f5c800 Uncommon trap: reason=bimorphic_or_optimized_type_check action=maybe_recompile pc=0x0000015d23dca4dc method=java.util.AbstractList$Itr.hasNext()Z @ 8 c2
Event: 6.283 Thread 0x0000015d16f5c800 DEOPT PACKING pc=0x0000015d23dca4dc sp=0x00000038ea7f9860
Event: 6.283 Thread 0x0000015d16f5c800 DEOPT UNPACKING pc=0x0000015d1c247b2f sp=0x00000038ea7f97f8 mode 2
Event: 6.329 Thread 0x0000015d16f5c800 Uncommon trap: trap_request=0xffffffc6 fr.pc=0x0000015d23d9ad80 relative=0x0000000000001460
Event: 6.329 Thread 0x0000015d16f5c800 Uncommon trap: reason=bimorphic_or_optimized_type_check action=maybe_recompile pc=0x0000015d23d9ad80 method=java.util.zip.ZipFile.getZipEntry(Ljava/lang/String;[BILjava/util/function/Function;)Ljava/util/zip/ZipEntry; @ 108 c2
Event: 6.329 Thread 0x0000015d16f5c800 DEOPT PACKING pc=0x0000015d23d9ad80 sp=0x00000038ea7f9590
Event: 6.329 Thread 0x0000015d16f5c800 DEOPT UNPACKING pc=0x0000015d1c247b2f sp=0x00000038ea7f9548 mode 2
Event: 6.332 Thread 0x0000015d16f5c800 Uncommon trap: trap_request=0xffffffc6 fr.pc=0x0000015d23d9ad80 relative=0x0000000000001460
Event: 6.332 Thread 0x0000015d16f5c800 Uncommon trap: reason=bimorphic_or_optimized_type_check action=maybe_recompile pc=0x0000015d23d9ad80 method=java.util.zip.ZipFile.getZipEntry(Ljava/lang/String;[BILjava/util/function/Function;)Ljava/util/zip/ZipEntry; @ 108 c2
Event: 6.332 Thread 0x0000015d16f5c800 DEOPT PACKING pc=0x0000015d23d9ad80 sp=0x00000038ea7f8a50
Event: 6.332 Thread 0x0000015d16f5c800 DEOPT UNPACKING pc=0x0000015d1c247b2f sp=0x00000038ea7f8a08 mode 2
Event: 6.363 Thread 0x0000015d16f5c800 Uncommon trap: trap_request=0xffffff4d fr.pc=0x0000015d23e19834 relative=0x0000000000000554
Event: 6.363 Thread 0x0000015d16f5c800 Uncommon trap: reason=unstable_if action=reinterpret pc=0x0000015d23e19834 method=org.jetbrains.org.objectweb.asm.ClassReader.readUtf(II[C)Ljava/lang/String; @ 41 c2
Event: 6.363 Thread 0x0000015d16f5c800 DEOPT PACKING pc=0x0000015d23e19834 sp=0x00000038ea7f8570
Event: 6.363 Thread 0x0000015d16f5c800 DEOPT UNPACKING pc=0x0000015d1c247b2f sp=0x00000038ea7f8518 mode 2
Event: 6.375 Thread 0x0000015d16f5c800 DEOPT PACKING pc=0x0000015d1cb8a324 sp=0x00000038ea7f8440
Event: 6.375 Thread 0x0000015d16f5c800 DEOPT UNPACKING pc=0x0000015d1c24794e sp=0x00000038ea7f79e0 mode 0
Event: 6.393 Thread 0x0000015d16f5c800 DEOPT PACKING pc=0x0000015d1cd3a5ff sp=0x00000038ea7f86b0
Event: 6.393 Thread 0x0000015d16f5c800 DEOPT UNPACKING pc=0x0000015d1c24794e sp=0x00000038ea7f7b00 mode 0

Classes redefined (0 events):
No events

Internal exceptions (20 events):
Event: 2.215 Thread 0x0000015d16f5c800 Exception <a 'java/lang/NoSuchMethodError'{0x000000070e9a03e8}: 'int java.lang.invoke.DirectMethodHandle$Holder.invokeStaticInit(java.lang.Object, java.lang.Object, java.lang.Object)'> (0x000000070e9a03e8) thrown at [./src/hotspot/share/interpreter/linkResolver.cpp, line 773]
Event: 2.220 Thread 0x0000015d16f5c800 Exception <a 'java/lang/NoSuchMethodError'{0x000000070e9cbaa8}: 'int java.lang.invoke.DirectMethodHandle$Holder.invokeStaticInit(java.lang.Object, java.lang.Object)'> (0x000000070e9cbaa8) thrown at [./src/hotspot/share/interpreter/linkResolver.cpp, line 773]
Event: 2.646 Thread 0x0000015d16f5c800 Exception <a 'java/lang/NoSuchMethodError'{0x0000000710e51450}: 'java.lang.Object java.lang.invoke.DirectMethodHandle$Holder.invokeStatic(java.lang.Object, java.lang.Object, java.lang.Object, java.lang.Object, java.lang.Object, java.lang.Object, java.lang.Object, java.lang.Object, java.lang.Object, java.lang.Object, java.lang.Object, java.lang.Object, java.lang.Object, java.lang.Object, java.lang.Object)'> (0x0000000710e51450) thrown at [./src/hotspot/share/interpreter/linkResolver.cpp, line 773]
Event: 2.649 Thread 0x0000015d16f5c800 Exception <a 'java/lang/NoSuchMethodError'{0x0000000710e5f458}: 'java.lang.Object java.lang.invoke.DirectMethodHandle$Holder.invokeStatic(java.lang.Object, java.lang.Object, java.lang.Object, java.lang.Object, java.lang.Object, java.lang.Object, java.lang.Object, java.lang.Object, java.lang.Object, java.lang.Object, java.lang.Object, java.lang.Object, java.lang.Object, java.lang.Object, java.lang.Object, java.lang.Object)'> (0x0000000710e5f458) thrown at [./src/hotspot/share/interpreter/linkResolver.cpp, l
Event: 2.653 Thread 0x0000015d16f5c800 Exception <a 'java/lang/NoSuchMethodError'{0x0000000710e6d370}: 'java.lang.Object java.lang.invoke.DirectMethodHandle$Holder.invokeSpecial(java.lang.Object, java.lang.Object, int, int, java.lang.Object, java.lang.Object, java.lang.Object)'> (0x0000000710e6d370) thrown at [./src/hotspot/share/interpreter/linkResolver.cpp, line 773]
Event: 2.653 Thread 0x0000015d16f5c800 Exception <a 'java/lang/NoSuchMethodError'{0x0000000710e70ba8}: 'java.lang.Object java.lang.invoke.DelegatingMethodHandle$Holder.reinvoke_L(java.lang.Object, int, int, java.lang.Object, java.lang.Object, java.lang.Object)'> (0x0000000710e70ba8) thrown at [./src/hotspot/share/interpreter/linkResolver.cpp, line 773]
Event: 2.654 Thread 0x0000015d16f5c800 Exception <a 'java/lang/NoSuchMethodError'{0x0000000710e74f30}: 'java.lang.Object java.lang.invoke.DirectMethodHandle$Holder.invokeStatic(java.lang.Object, java.lang.Object, java.lang.Object, java.lang.Object, int)'> (0x0000000710e74f30) thrown at [./src/hotspot/share/interpreter/linkResolver.cpp, line 773]
Event: 2.732 Thread 0x0000015d16f5c800 Implicit null exception at 0x0000015d23d6822c to 0x0000015d23d683da
Event: 2.779 Thread 0x0000015d16f5c800 Exception <a 'java/lang/NoSuchMethodError'{0x00000007109da360}: 'void java.lang.invoke.DirectMethodHandle$Holder.invokeStatic(java.lang.Object, java.lang.Object, java.lang.Object, java.lang.Object)'> (0x00000007109da360) thrown at [./src/hotspot/share/interpreter/linkResolver.cpp, line 773]
Event: 2.814 Thread 0x0000015d16f5c800 Exception <a 'java/lang/NoSuchMethodError'{0x00000007107298c8}: 'void java.lang.invoke.DirectMethodHandle$Holder.invokeSpecial(java.lang.Object, java.lang.Object)'> (0x00000007107298c8) thrown at [./src/hotspot/share/interpreter/linkResolver.cpp, line 773]
Event: 2.863 Thread 0x0000015d16f5c800 Exception <a 'java/lang/NoSuchMethodError'{0x00000007105ccde0}: 'void java.lang.invoke.DirectMethodHandle$Holder.invokeStaticInit(java.lang.Object, java.lang.Object)'> (0x00000007105ccde0) thrown at [./src/hotspot/share/interpreter/linkResolver.cpp, line 773]
Event: 2.879 Thread 0x0000015d16f5c800 Exception <a 'java/lang/NoSuchMethodError'{0x000000071040b6a0}: 'void java.lang.invoke.DirectMethodHandle$Holder.invokeInterface(java.lang.Object, java.lang.Object)'> (0x000000071040b6a0) thrown at [./src/hotspot/share/interpreter/linkResolver.cpp, line 773]
Event: 3.011 Thread 0x0000015d16f5c800 Exception <a 'java/lang/NoSuchMethodError'{0x00000007100a9ae8}: 'void java.lang.invoke.DirectMethodHandle$Holder.invokeVirtual(java.lang.Object, java.lang.Object)'> (0x00000007100a9ae8) thrown at [./src/hotspot/share/interpreter/linkResolver.cpp, line 773]
Event: 3.029 Thread 0x0000015d16f5c800 Exception <a 'java/lang/NoSuchMethodError'{0x000000070ff219b0}: 'int java.lang.invoke.DirectMethodHandle$Holder.invokeVirtual(java.lang.Object, java.lang.Object)'> (0x000000070ff219b0) thrown at [./src/hotspot/share/interpreter/linkResolver.cpp, line 773]
Event: 4.444 Thread 0x0000015d16f5c800 Exception <a 'java/lang/NoSuchMethodError'{0x00000007108bb230}: 'java.lang.Object java.lang.invoke.DirectMethodHandle$Holder.invokeVirtual(java.lang.Object, java.lang.Object, java.lang.Object)'> (0x00000007108bb230) thrown at [./src/hotspot/share/interpreter/linkResolver.cpp, line 773]
Event: 5.698 Thread 0x0000015d16f5c800 Exception <a 'java/lang/NoSuchMethodError'{0x000000070fd1d458}: 'java.lang.Object java.lang.invoke.Invokers$Holder.linkToTargetMethod(java.lang.Object, int, java.lang.Object)'> (0x000000070fd1d458) thrown at [./src/hotspot/share/interpreter/linkResolver.cpp, line 773]
Event: 5.837 Thread 0x0000015d16f5c800 Implicit null exception at 0x0000015d23e0484c to 0x0000015d23e04934
Event: 5.916 Thread 0x0000015d16f5c800 Exception <a 'java/lang/NoSuchMethodError'{0x000000070fa72ee0}: 'java.lang.Object java.lang.invoke.DirectMethodHandle$Holder.invokeStatic(java.lang.Object, java.lang.Object, java.lang.Object, int)'> (0x000000070fa72ee0) thrown at [./src/hotspot/share/interpreter/linkResolver.cpp, line 773]
Event: 5.917 Thread 0x0000015d16f5c800 Exception <a 'java/lang/NoSuchMethodError'{0x000000070fa76b50}: 'java.lang.Object java.lang.invoke.DirectMethodHandle$Holder.invokeSpecial(java.lang.Object, java.lang.Object, java.lang.Object, java.lang.Object, int)'> (0x000000070fa76b50) thrown at [./src/hotspot/share/interpreter/linkResolver.cpp, line 773]
Event: 5.917 Thread 0x0000015d16f5c800 Exception <a 'java/lang/NoSuchMethodError'{0x000000070fa79e60}: 'java.lang.Object java.lang.invoke.Invokers$Holder.linkToTargetMethod(java.lang.Object, java.lang.Object, int, java.lang.Object)'> (0x000000070fa79e60) thrown at [./src/hotspot/share/interpreter/linkResolver.cpp, line 773]

Events (20 events):
Event: 6.801 loading class org/jetbrains/kotlin/com/intellij/util/ArrayFactory done
Event: 6.801 loading class org/jetbrains/kotlin/com/intellij/psi/impl/source/PsiJavaCodeReferenceElementImpl$Kind
Event: 6.801 loading class org/jetbrains/kotlin/com/intellij/psi/impl/source/PsiJavaCodeReferenceElementImpl$Kind done
Event: 6.802 loading class org/jetbrains/kotlin/com/intellij/psi/impl/source/tree/java/PsiReferenceParameterListImpl
Event: 6.802 loading class org/jetbrains/kotlin/com/intellij/psi/impl/source/tree/java/PsiReferenceParameterListImpl done
Event: 6.802 loading class org/jetbrains/kotlin/com/intellij/psi/PsiReferenceParameterList
Event: 6.802 loading class org/jetbrains/kotlin/com/intellij/psi/PsiReferenceParameterList done
Event: 6.804 loading class org/jetbrains/kotlin/com/intellij/psi/impl/source/tree/java/ImportListElement
Event: 6.804 loading class org/jetbrains/kotlin/com/intellij/psi/impl/source/tree/java/ImportListElement done
Event: 6.804 loading class org/jetbrains/kotlin/com/intellij/psi/impl/source/tree/java/ImportStatementElement
Event: 6.804 loading class org/jetbrains/kotlin/com/intellij/psi/impl/source/tree/java/ImportStatementElement done
Event: 6.804 loading class org/jetbrains/kotlin/com/intellij/psi/impl/source/tree/java/ImportStatementBaseElement
Event: 6.804 loading class org/jetbrains/kotlin/com/intellij/psi/impl/source/tree/java/ImportStatementBaseElement done
Event: 6.806 loading class org/jetbrains/kotlin/com/intellij/psi/impl/source/tree/java/ClassElement
Event: 6.806 loading class org/jetbrains/kotlin/com/intellij/psi/impl/source/tree/java/ClassElement done
Event: 6.808 loading class org/jetbrains/kotlin/com/intellij/psi/impl/source/tree/java/ModifierListElement
Event: 6.808 loading class org/jetbrains/kotlin/com/intellij/psi/impl/source/tree/java/ModifierListElement done
Event: 6.809 loading class org/jetbrains/kotlin/com/intellij/psi/impl/source/tree/java/TypeParameterListElement
Event: 6.809 loading class org/jetbrains/kotlin/com/intellij/psi/impl/source/tree/java/TypeParameterListElement done
Event: 6.811 Executing VM operation: G1CollectForAllocation


Dynamic libraries:
0x00007ff798c30000 - 0x00007ff798c3a000 	C:\Program Files\Android\Android Studio\jre\bin\java.exe
0x00007ffaa9240000 - 0x00007ffaa9447000 	C:\WINDOWS\SYSTEM32\ntdll.dll
0x00007ffaa75d0000 - 0x00007ffaa768d000 	C:\WINDOWS\System32\KERNEL32.DLL
0x00007ffaa67c0000 - 0x00007ffaa6b34000 	C:\WINDOWS\System32\KERNELBASE.dll
0x00007ffaa36c0000 - 0x00007ffaa3751000 	C:\WINDOWS\SYSTEM32\apphelp.dll
0x00007ffaa6bf0000 - 0x00007ffaa6d01000 	C:\WINDOWS\System32\ucrtbase.dll
0x00007ffa79e70000 - 0x00007ffa79e87000 	C:\Program Files\Android\Android Studio\jre\bin\VCRUNTIME140.dll
0x00007ffa7a750000 - 0x00007ffa7a769000 	C:\Program Files\Android\Android Studio\jre\bin\jli.dll
0x00007ffaa8d50000 - 0x00007ffaa8efc000 	C:\WINDOWS\System32\USER32.dll
0x00007ffa95380000 - 0x00007ffa95625000 	C:\WINDOWS\WinSxS\amd64_microsoft.windows.common-controls_6595b64144ccf1df_6.0.22000.51_none_25c0e06ad7789dba\COMCTL32.dll
0x00007ffaa6bc0000 - 0x00007ffaa6be6000 	C:\WINDOWS\System32\win32u.dll
0x00007ffaa8d20000 - 0x00007ffaa8d49000 	C:\WINDOWS\System32\GDI32.dll
0x00007ffaa73a0000 - 0x00007ffaa7443000 	C:\WINDOWS\System32\msvcrt.dll
0x00007ffaa6d10000 - 0x00007ffaa6e22000 	C:\WINDOWS\System32\gdi32full.dll
0x00007ffaa6720000 - 0x00007ffaa67bd000 	C:\WINDOWS\System32\msvcp_win.dll
0x00007ffaa7130000 - 0x00007ffaa7161000 	C:\WINDOWS\System32\IMM32.DLL
0x00007ffa683a0000 - 0x00007ffa6843d000 	C:\Program Files\Android\Android Studio\jre\bin\msvcp140.dll
0x00007ffa5ab30000 - 0x00007ffa5b5ff000 	C:\Program Files\Android\Android Studio\jre\bin\server\jvm.dll
0x00007ffaa8ff0000 - 0x00007ffaa909c000 	C:\WINDOWS\System32\ADVAPI32.dll
0x00007ffaa74c0000 - 0x00007ffaa755d000 	C:\WINDOWS\System32\sechost.dll
0x00007ffaa7690000 - 0x00007ffaa77b1000 	C:\WINDOWS\System32\RPCRT4.dll
0x00007ffaa8cf0000 - 0x00007ffaa8cf8000 	C:\WINDOWS\System32\PSAPI.DLL
0x00007ffa8f790000 - 0x00007ffa8f799000 	C:\WINDOWS\SYSTEM32\WSOCK32.dll
0x00007ffa96c60000 - 0x00007ffa96c93000 	C:\WINDOWS\SYSTEM32\WINMM.dll
0x00007ffaa7560000 - 0x00007ffaa75cf000 	C:\WINDOWS\System32\WS2_32.dll
0x00007ffa95b30000 - 0x00007ffa95b3a000 	C:\WINDOWS\SYSTEM32\VERSION.dll
0x00007ffaa5940000 - 0x00007ffaa5958000 	C:\WINDOWS\SYSTEM32\kernel.appcore.dll
0x00007ffa9d410000 - 0x00007ffa9d421000 	C:\Program Files\Android\Android Studio\jre\bin\verify.dll
0x00007ffaa4430000 - 0x00007ffaa4651000 	C:\WINDOWS\SYSTEM32\DBGHELP.DLL
0x00007ffa8b200000 - 0x00007ffa8b231000 	C:\WINDOWS\SYSTEM32\dbgcore.DLL
0x00007ffaa6b40000 - 0x00007ffaa6bc0000 	C:\WINDOWS\System32\bcryptPrimitives.dll
0x00007ffa75c20000 - 0x00007ffa75c49000 	C:\Program Files\Android\Android Studio\jre\bin\java.dll
0x00007ffa8d090000 - 0x00007ffa8d09b000 	C:\Program Files\Android\Android Studio\jre\bin\jimage.dll
0x00007ffa7de40000 - 0x00007ffa7de58000 	C:\Program Files\Android\Android Studio\jre\bin\zip.dll
0x00007ffaa7bb0000 - 0x00007ffaa8358000 	C:\WINDOWS\System32\SHELL32.dll
0x00007ffaa48d0000 - 0x00007ffaa5132000 	C:\WINDOWS\SYSTEM32\windows.storage.dll
0x00007ffaa8970000 - 0x00007ffaa8ce8000 	C:\WINDOWS\System32\combase.dll
0x00007ffaa4760000 - 0x00007ffaa48c6000 	C:\WINDOWS\SYSTEM32\wintypes.dll
0x00007ffaa8410000 - 0x00007ffaa84fa000 	C:\WINDOWS\System32\SHCORE.dll
0x00007ffaa9190000 - 0x00007ffaa91ed000 	C:\WINDOWS\System32\shlwapi.dll
0x00007ffaa6650000 - 0x00007ffaa6671000 	C:\WINDOWS\SYSTEM32\profapi.dll
0x00007ffa74010000 - 0x00007ffa7402a000 	C:\Program Files\Android\Android Studio\jre\bin\net.dll
0x00007ffa96340000 - 0x00007ffa9644c000 	C:\WINDOWS\SYSTEM32\WINHTTP.dll
0x00007ffaa5d50000 - 0x00007ffaa5db7000 	C:\WINDOWS\system32\mswsock.dll
0x00007ffa73ff0000 - 0x00007ffa74004000 	C:\Program Files\Android\Android Studio\jre\bin\nio.dll

dbghelp: loaded successfully - version: 4.0.5 - missing functions: none
symbol engine: initialized successfully - sym options: 0x614 - pdb path: .;C:\Program Files\Android\Android Studio\jre\bin;C:\WINDOWS\SYSTEM32;C:\WINDOWS\WinSxS\amd64_microsoft.windows.common-controls_6595b64144ccf1df_6.0.22000.51_none_25c0e06ad7789dba;C:\Program Files\Android\Android Studio\jre\bin\server

VM Arguments:
java_command: org.jetbrains.kotlin.cli.jvm.K2JVMCompiler @C:\Users\leand\AndroidStudioProjects\CodeHero_OBJECTIVE\app\build\20210731_18254960796173168603.compiler.options
java_class_path (initial): C:\Users\leand\.gradle\caches\modules-2\files-2.1\org.jetbrains.kotlin\kotlin-compiler-embeddable\1.5.10\9c35134a025cab7a1e6eee0d87d241c2f30c1218\kotlin-compiler-embeddable-1.5.10.jar;C:\Users\leand\.gradle\caches\modules-2\files-2.1\org.jetbrains.kotlin\kotlin-reflect\1.5.10\d6c70f3c0df2457ea0095c61c1fc1188017dc3bc\kotlin-reflect-1.5.10.jar;C:\Users\leand\.gradle\caches\modules-2\files-2.1\org.jetbrains.kotlin\kotlin-stdlib\1.5.10\da6a904b132f0402fa4d79169a3c1770598d4702\kotlin-stdlib-1.5.10.jar;C:\Users\leand\.gradle\caches\modules-2\files-2.1\org.jetbrains.kotlin\kotlin-script-runtime\1.5.10\69bad0ece91b0797055aeadbd44dc742c458398b\kotlin-script-runtime-1.5.10.jar;C:\Users\leand\.gradle\caches\modules-2\files-2.1\org.jetbrains.kotlin\kotlin-daemon-embeddable\1.5.10\d06ad33b62b041dae0609f830c3b48135d53b8bc\kotlin-daemon-embeddable-1.5.10.jar;C:\Users\leand\.gradle\caches\modules-2\files-2.1\org.jetbrains.intellij.deps\trove4j\1.0.20181211\216c2e14b070f334479d800987affe4054cd563f\trove4j-1.0.20181211.jar;C:\Users\leand\.gradle\caches\modules-2\files-2.1\org.jetbrains\annotations\13.0\919f0dfe192fb4e063e7dacadee7f8bb9a2672a9\annotations-13.0.jar;C:\Users\leand\.gradle\caches\modules-2\files-2.1\org.jetbrains.kotlin\kotlin-stdlib-common\1.5.10\6b84d926e28493be69daf673e40076f89492ef7\kotlin-stdlib-common-1.5.10.jar
Launcher Type: SUN_STANDARD

[Global flags]
     intx CICompilerCount                          = 3                                         {product} {ergonomic}
     uint ConcGCThreads                            = 1                                         {product} {ergonomic}
     uint G1ConcRefinementThreads                  = 4                                         {product} {ergonomic}
   size_t G1HeapRegionSize                         = 1048576                                   {product} {ergonomic}
    uintx GCDrainStackTargetSize                   = 64                                        {product} {ergonomic}
   size_t InitialHeapSize                          = 268435456                                 {product} {ergonomic}
   size_t MarkStackSize                            = 4194304                                   {product} {ergonomic}
   size_t MaxHeapSize                              = 4269801472                                {product} {ergonomic}
   size_t MaxNewSize                               = 2561671168                                {product} {ergonomic}
   size_t MinHeapDeltaBytes                        = 1048576                                   {product} {ergonomic}
    uintx NonNMethodCodeHeapSize                   = 5830732                                {pd product} {ergonomic}
    uintx NonProfiledCodeHeapSize                  = 122913754                              {pd product} {ergonomic}
    uintx ProfiledCodeHeapSize                     = 122913754                              {pd product} {ergonomic}
    uintx ReservedCodeCacheSize                    = 251658240                              {pd product} {ergonomic}
     bool SegmentedCodeCache                       = true                                      {product} {ergonomic}
     bool UseCompressedClassPointers               = true                                 {lp64_product} {ergonomic}
     bool UseCompressedOops                        = true                                 {lp64_product} {ergonomic}
     bool UseG1GC                                  = true                                      {product} {ergonomic}
     bool UseLargePagesIndividualAllocation        = false                                  {pd product} {ergonomic}

Logging:
Log output configuration:
 #0: stdout all=warning uptime,level,tags
 #1: stderr all=off uptime,level,tags

Environment Variables:
PATH=C:\WINDOWS\system32;C:\WINDOWS;C:\WINDOWS\System32\Wbem;C:\WINDOWS\System32\WindowsPowerShell\v1.0\;C:\WINDOWS\System32\OpenSSH\;C:\Program Files\NVIDIA Corporation\NVIDIA NvDLISR;C:\Program Files\Git\cmd;C:\WINDOWS\system32;C:\WINDOWS;C:\WINDOWS\System32\Wbem;C:\WINDOWS\System32\WindowsPowerShell\v1.0\;C:\WINDOWS\System32\OpenSSH\;C:\Program Files (x86)\Intel\Intel(R) Management Engine Components\DAL;C:\Program Files\Intel\Intel(R) Management Engine Components\DAL;C:\Program Files (x86)\NVIDIA Corporation\PhysX\Common;C:\Users\leand\AppData\Local\Microsoft\WindowsApps;C:\Users\leand\AppData\Local\Programs\Microsoft VS Code\bin;
USERNAME=leand
OS=Windows_NT
PROCESSOR_IDENTIFIER=Intel64 Family 6 Model 142 Stepping 9, GenuineIntel



---------------  S Y S T E M  ---------------

OS: Windows 10 , 64 bit Build 22000 (10.0.22000.37)
OS uptime: 5 days 11:57 hours

CPU:total 4 (initial active 4) (2 cores per cpu, 2 threads per core) family 6 model 142 stepping 9 microcode 0xde, cmov, cx8, fxsr, mmx, sse, sse2, sse3, ssse3, sse4.1, sse4.2, popcnt, avx, avx2, aes, clmul, erms, 3dnowpref, lzcnt, ht, tsc, tscinvbit, bmi1, bmi2, adx, fma

Memory: 4k page, system-wide physical 16282M (3474M free)
TotalPageFile size 31456M (AvailPageFile size 47M)
current process WorkingSet (physical memory assigned to process): 235M, peak: 235M
current process commit charge ("private bytes"): 433M, peak: 491M

vm_info: OpenJDK 64-Bit Server VM (11.0.10+0-b96-7249189) for windows-amd64 JRE (11.0.10+0-b96-7249189), built on Mar 31 2021 21:44:00 by "builder" with MS VC++ 14.0 (VS2015)

END.
